2025-08-21 16:48:33,769 INFO [28/240] Processing Agave  https://www.polytec.com.au/colour/agave/
2025-08-21 16:48:33,769 INFO run start colour=https://www.polytec.com.au/colour/agave/
2025-08-21 16:48:34,226 INFO colour name: Agave
2025-08-21 16:48:34,230 INFO finish tabs: 1
2025-08-21 16:48:34,251 INFO tab 1/1 -> Smooth
2025-08-21 16:48:34,278 INFO items in finish 'Smooth': 7
2025-08-21 16:48:34,278 INFO range -> Board Decorative
2025-08-21 16:48:35,378 INFO row 1: sku=51419 title='MDF 162412 DS Agave Smooth MR E0 Film' stock=OK price=OK qty_used=1 moq_min=1 step=1 time=1.10s
2025-08-21 16:48:35,379 INFO range -> Edgetape Decorative
2025-08-21 16:48:36,447 INFO row 2: sku=51440 title='ABS 1mm x 21mm UG 100m Agave Smooth' stock=OK price=OK qty_used=1 moq_min=1 step=1 time=1.07s
2025-08-21 16:48:37,486 INFO row 3: sku=51426 title='ABS 1mm x 21mm UG 20m Agave Smooth' stock=OK price=OK qty_used=1 moq_min=1 step=1 time=1.04s
2025-08-21 16:48:38,512 INFO row 4: sku=51453 title='ABS 1mm x 29mm UG 100m Agave Smooth' stock=OK price=OK qty_used=1 moq_min=1 step=1 time=1.03s
2025-08-21 16:48:38,513 INFO range -> Laminate
2025-08-21 16:48:39,564 INFO row 5: sku=52115 title='Laminate Agave Smooth 0.7mm 3650 x 1220' stock=OK price=OK qty_used=1 moq_min=1 step=1 time=1.05s
2025-08-21 16:48:39,564 INFO range -> Compact
2025-08-21 16:48:40,328 INFO row 6: sku=52504 title='Compact Laminate Agave Smooth BC 3660x1830 13mm' stock=OK price=OK qty_used=1 moq_min=1 step=1 time=0.76s
2025-08-21 16:48:40,328 INFO range -> Thermolaminated Doors and Panels
2025-08-21 16:48:44,760 INFO row 7: sku= title='Style 1 - 6' stock=EMPTY price=EMPTY qty_used=1 moq_min=1 step=1 time=4.43s
2025-08-21 16:48:44,760 INFO run end rows=7
2025-08-21 16:48:44,761 INFO csv write: board_decorative.csv sku=51419 colour='Agave'
2025-08-21 16:48:44,761 INFO csv write: edgetape_decorative.csv sku=51440 colour='Agave'
2025-08-21 16:48:44,761 INFO csv write: edgetape_decorative.csv sku=51426 colour='Agave'
2025-08-21 16:48:44,762 INFO csv write: edgetape_decorative.csv sku=51453 colour='Agave'
2025-08-21 16:48:44,762 INFO csv write: laminate.csv sku=52115 colour='Agave'
2025-08-21 16:48:44,763 INFO csv write: compact.csv sku=52504 colour='Agave'
2025-08-21 16:48:44,763 INFO csv write: thermolaminated_doors_and_panels.csv sku= colour='Agave'
2025-08-21 16:48:44,763 INFO [28/240] Done Agave, rows=7, ranges=['Board Decorative', 'Compact', 'Edgetape Decorative', 'Laminate', 'Thermolaminated Doors and Panels']
