2025-08-21 15:58:30,903 INFO [3/240] Processing Agave  https://www.polytec.com.au/colour/agave/
2025-08-21 15:58:30,904 INFO run start colour=https://www.polytec.com.au/colour/agave/
2025-08-21 15:58:31,206 INFO colour name: Agave
2025-08-21 15:58:31,213 INFO finish tabs: 1
2025-08-21 15:58:31,241 INFO tab 1/1 -> Smooth
2025-08-21 15:58:31,268 INFO items in finish 'Smooth': 7
2025-08-21 15:58:31,268 INFO range -> Board Decorative
2025-08-21 15:58:34,352 INFO row 1: sku=51419 title='MDF 162412 DS Agave Smooth MR E0 Film' stock=OK price=OK time=3.08s
2025-08-21 15:58:34,362 INFO range -> Edgetape Decorative
2025-08-21 15:58:37,016 INFO row 2: sku=51440 title='ABS 1mm x 21mm UG 100m Agave Smooth' stock=OK price=OK time=2.65s
2025-08-21 15:58:39,693 INFO row 3: sku=51426 title='ABS 1mm x 21mm UG 20m Agave Smooth' stock=OK price=OK time=2.67s
2025-08-21 15:58:42,362 INFO row 4: sku=51453 title='ABS 1mm x 29mm UG 100m Agave Smooth' stock=OK price=OK time=2.66s
2025-08-21 15:58:42,373 INFO range -> Laminate
2025-08-21 15:58:45,024 INFO row 5: sku=52115 title='Laminate Agave Smooth 0.7mm 3650 x 1220' stock=OK price=OK time=2.65s
2025-08-21 15:58:45,035 INFO range -> Compact
2025-08-21 15:58:47,292 INFO row 6: sku=52504 title='Compact Laminate Agave Smooth BC 3660x1830 13mm' stock=OK price=OK time=2.26s
2025-08-21 15:58:47,302 INFO range -> Thermolaminated Doors and Panels
2025-08-21 15:58:53,068 INFO row 7: sku= title='Style 1 - 6' stock=EMPTY price=EMPTY time=5.77s
2025-08-21 15:58:53,080 INFO run end rows=7
2025-08-21 15:58:53,080 INFO csv new: board_decorative.csv
2025-08-21 15:58:53,081 INFO csv write: board_decorative.csv sku=51419 colour='Agave'
2025-08-21 15:58:53,081 INFO csv new: edgetape_decorative.csv
2025-08-21 15:58:53,081 INFO csv write: edgetape_decorative.csv sku=51440 colour='Agave'
2025-08-21 15:58:53,082 INFO csv write: edgetape_decorative.csv sku=51426 colour='Agave'
2025-08-21 15:58:53,082 INFO csv write: edgetape_decorative.csv sku=51453 colour='Agave'
2025-08-21 15:58:53,082 INFO csv write: laminate.csv sku=52115 colour='Agave'
2025-08-21 15:58:53,082 INFO csv new: compact.csv
2025-08-21 15:58:53,083 INFO csv write: compact.csv sku=52504 colour='Agave'
2025-08-21 15:58:53,083 INFO csv new: thermolaminated_doors_and_panels.csv
2025-08-21 15:58:53,083 INFO csv write: thermolaminated_doors_and_panels.csv sku= colour='Agave'
2025-08-21 15:58:53,084 INFO [3/240] Done Agave, rows=7, ranges=['Board Decorative', 'Compact', 'Edgetape Decorative', 'Laminate', 'Thermolaminated Doors and Panels']
