2025-08-21 17:12:45,744 INFO [125/240] Processing Alabaster  https://www.polytec.com.au/colour/alabaster/
2025-08-21 17:12:45,744 INFO run start colour=https://www.polytec.com.au/colour/alabaster/
2025-08-21 17:12:46,226 INFO colour name: Alabaster
2025-08-21 17:12:46,240 INFO finish tabs: 4
2025-08-21 17:12:46,259 INFO tab 1/4 -> Gloss
2025-08-21 17:12:46,264 INFO items in finish 'Gloss': 1
2025-08-21 17:12:46,264 INFO range -> Thermolaminated Doors and Panels
2025-08-21 17:12:50,705 INFO row 1: sku= title='Style 1 - 3' stock=EMPTY price=EMPTY qty_used=1 moq_min=1 step=1 time=4.44s
2025-08-21 17:12:50,728 INFO tab 2/4 -> Matt
2025-08-21 17:12:50,751 INFO items in finish 'Matt': 5
2025-08-21 17:12:50,751 INFO range -> Board Decorative
2025-08-21 17:12:51,494 INFO row 1: sku=8417 title='MDF 162412 DS Alabaster Matt MR E0' stock=OK price=OK qty_used=1 moq_min=1 step=1 time=0.74s
2025-08-21 17:12:51,495 INFO range -> Edgetape Decorative
2025-08-21 17:12:52,251 INFO row 2: sku=43484 title='Rigid 1mm x 21mm UG 100m Alabaster Matt' stock=OK price=OK qty_used=1 moq_min=1 step=1 time=0.76s
2025-08-21 17:12:53,016 INFO row 3: sku=43485 title='Rigid 1mm x 21mm UG 20m Alabaster Matt' stock=OK price=OK qty_used=1 moq_min=1 step=1 time=0.76s
2025-08-21 17:12:54,064 INFO row 4: sku=44335 title='ABS 1mm x 29mm UG 100m Alabaster Matt' stock=OK price=OK qty_used=1 moq_min=1 step=1 time=1.05s
2025-08-21 17:12:54,064 INFO range -> Laminate
2025-08-21 17:12:55,128 INFO row 5: sku=9116 title='Laminate Alabaster Matt 0.7mm 3650x1220' stock=OK price=OK qty_used=1 moq_min=1 step=1 time=1.06s
2025-08-21 17:12:55,155 INFO tab 3/4 -> Sheen
2025-08-21 17:12:55,171 INFO items in finish 'Sheen': 4
2025-08-21 17:12:55,171 INFO range -> Board Decorative
2025-08-21 17:12:56,293 INFO row 1: sku=7972 title='MDF 162412 DS Alabaster Sheen LMG E0 No Film' stock=OK price=OK qty_used=1 moq_min=1 step=1 time=1.12s
2025-08-21 17:12:56,293 INFO range -> Edgetape Decorative
2025-08-21 17:12:57,328 INFO row 2: sku=8157 title='Rigid 1mm x 21mm UG 100m Alabaster Sheen' stock=OK price=OK qty_used=1 moq_min=1 step=1 time=1.03s
2025-08-21 17:12:58,377 INFO row 3: sku=17655 title='Rigid 1mm x 21mm UG 20m Alabaster Sheen' stock=OK price=OK qty_used=1 moq_min=1 step=1 time=1.05s
2025-08-21 17:12:59,427 INFO row 4: sku=44272 title='Rigid 1mm x 29mm UG 100m Alabaster Sheen' stock=OK price=OK qty_used=1 moq_min=1 step=1 time=1.05s
2025-08-21 17:12:59,455 INFO tab 4/4 -> Smooth
2025-08-21 17:12:59,460 INFO items in finish 'Smooth': 1
2025-08-21 17:12:59,460 INFO range -> Thermolaminated Doors and Panels
2025-08-21 17:13:03,894 INFO row 1: sku= title='Style 1 - 6' stock=EMPTY price=EMPTY qty_used=1 moq_min=1 step=1 time=4.43s
2025-08-21 17:13:03,896 INFO run end rows=11
2025-08-21 17:13:03,896 INFO csv write: thermolaminated_doors_and_panels.csv sku= colour='Alabaster'
2025-08-21 17:13:03,901 INFO csv write: board_decorative.csv sku=8417 colour='Alabaster'
2025-08-21 17:13:03,902 INFO csv write: edgetape_decorative.csv sku=43484 colour='Alabaster'
2025-08-21 17:13:03,902 INFO csv write: edgetape_decorative.csv sku=43485 colour='Alabaster'
2025-08-21 17:13:03,903 INFO csv write: edgetape_decorative.csv sku=44335 colour='Alabaster'
2025-08-21 17:13:03,907 INFO csv write: laminate.csv sku=9116 colour='Alabaster'
2025-08-21 17:13:03,907 INFO csv write: board_decorative.csv sku=7972 colour='Alabaster'
2025-08-21 17:13:03,907 INFO csv write: edgetape_decorative.csv sku=8157 colour='Alabaster'
2025-08-21 17:13:03,908 INFO csv write: edgetape_decorative.csv sku=17655 colour='Alabaster'
2025-08-21 17:13:03,908 INFO csv write: edgetape_decorative.csv sku=44272 colour='Alabaster'
2025-08-21 17:13:03,908 INFO csv write: thermolaminated_doors_and_panels.csv sku= colour='Alabaster'
2025-08-21 17:13:03,909 INFO [125/240] Done Alabaster, rows=11, ranges=['Board Decorative', 'Edgetape Decorative', 'Laminate', 'Thermolaminated Doors and Panels']
