2025-08-21 15:58:53,209 INFO [4/240] Processing Alabaster  https://www.polytec.com.au/colour/alabaster/
2025-08-21 15:58:53,209 INFO run start colour=https://www.polytec.com.au/colour/alabaster/
2025-08-21 15:58:53,594 INFO colour name: Alabaster
2025-08-21 15:58:53,695 INFO finish tabs: 4
2025-08-21 15:58:53,723 INFO tab 1/4 -> Gloss
2025-08-21 15:58:53,735 INFO items in finish 'Gloss': 1
2025-08-21 15:58:53,736 INFO range -> Thermolaminated Doors and Panels
2025-08-21 15:59:00,365 INFO row 1: sku= title='Style 1 - 3' stock=EMPTY price=EMPTY time=6.63s
2025-08-21 15:59:02,192 ERROR [4/240] Error on Alabaster: Locator.click: Timeout 1800ms exceeded.
Call log:
  - waiting for locator("#product-tabs li.tabs-title a").nth(1)
    - locator resolved to <a role="tab" aria-selected="false" href="#finish-alabaster-matt" id="finish-alabaster-matt-label" aria-controls="finish-alabaster-matt">Matt</a>
  - attempting click action
    2 × waiting for element to be visible, enabled and stable
      - element is visible, enabled and stable
      - scrolling into view if needed
      - done scrolling
      - <div class="reveal-overlay">…</div> intercepts pointer events
    - retrying click action
    - waiting 20ms
    2 × waiting for element to be visible, enabled and stable
      - element is visible, enabled and stable
      - scrolling into view if needed
      - done scrolling
      - <div class="reveal-overlay">…</div> intercepts pointer events
    - retrying click action
      - waiting 100ms
    3 × waiting for element to be visible, enabled and stable
      - element is visible, enabled and stable
      - scrolling into view if needed
      - done scrolling
      - <div class="reveal-overlay">…</div> intercepts pointer events
    - retrying click action
      - waiting 500ms

