2025-08-21 17:18:25,005 INFO [153/240] Processing Amaro  https://www.polytec.com.au/colour/amaro/
2025-08-21 17:18:25,005 INFO run start colour=https://www.polytec.com.au/colour/amaro/
2025-08-21 17:18:25,486 INFO colour name: Amaro
2025-08-21 17:18:25,502 INFO finish tabs: 4
2025-08-21 17:18:25,523 INFO tab 1/4 -> Gloss
2025-08-21 17:18:25,528 INFO items in finish 'Gloss': 1
2025-08-21 17:18:25,529 INFO range -> Thermolaminated Doors and Panels
2025-08-21 17:18:29,961 INFO row 1: sku= title='Style 1 - 3' stock=EMPTY price=EMPTY qty_used=1 moq_min=1 step=1 time=4.43s
2025-08-21 17:18:29,993 INFO tab 2/4 -> Matt
2025-08-21 17:18:30,015 INFO items in finish 'Matt': 5
2025-08-21 17:18:30,016 INFO range -> Board Decorative
2025-08-21 17:18:31,132 INFO row 1: sku=25619 title='MDF 162412 DS Amaro Matt MR E0' stock=OK price=OK qty_used=1 moq_min=1 step=1 time=1.12s
2025-08-21 17:18:31,132 INFO range -> Edgetape Decorative
2025-08-21 17:18:31,890 INFO row 2: sku=19344 title='Rigid 1mm x 21mm UG 100m Amaro Matt' stock=OK price=OK qty_used=1 moq_min=1 step=1 time=0.76s
2025-08-21 17:18:32,635 INFO row 3: sku=19480 title='Rigid 1mm x 21mm UG 20m Amaro Matt' stock=OK price=OK qty_used=1 moq_min=1 step=1 time=0.74s
2025-08-21 17:18:33,669 INFO row 4: sku=44336 title='ABS 1mm x 29mm UG 100m Amaro Matt' stock=OK price=OK qty_used=1 moq_min=1 step=1 time=1.03s
2025-08-21 17:18:33,669 INFO range -> Laminate
2025-08-21 17:18:34,732 INFO row 5: sku=26187 title='Laminate Amaro Matt 0.7mm 3650x1220' stock=OK price=OK qty_used=1 moq_min=1 step=1 time=1.06s
2025-08-21 17:18:34,761 INFO tab 3/4 -> Sheen
2025-08-21 17:18:34,777 INFO items in finish 'Sheen': 4
2025-08-21 17:18:34,777 INFO range -> Board Decorative
2025-08-21 17:18:36,409 INFO row 1: sku=25636 title='MDF 162412 DS Amaro Sheen LMG E0 No Film' stock=OK price=OK qty_used=1 moq_min=1 step=1 time=1.63s
2025-08-21 17:18:36,410 INFO range -> Edgetape Decorative
2025-08-21 17:18:37,184 INFO row 2: sku=19376 title='Rigid 1mm x 21mm UG 100m Amaro Sheen' stock=OK price=OK qty_used=1 moq_min=1 step=1 time=0.77s
2025-08-21 17:18:37,938 INFO row 3: sku=19533 title='Rigid 1mm x 21mm UG 20m Amaro Sheen' stock=OK price=OK qty_used=1 moq_min=1 step=1 time=0.75s
2025-08-21 17:18:39,003 INFO row 4: sku=44273 title='ABS 1mm x 29mm UG 100m Amaro Sheen' stock=OK price=OK qty_used=1 moq_min=1 step=1 time=1.07s
2025-08-21 17:18:39,032 INFO tab 4/4 -> Smooth
2025-08-21 17:18:39,037 INFO items in finish 'Smooth': 1
2025-08-21 17:18:39,037 INFO range -> Thermolaminated Doors and Panels
2025-08-21 17:18:43,474 INFO row 1: sku= title='Style 1 - 6' stock=EMPTY price=EMPTY qty_used=1 moq_min=1 step=1 time=4.44s
2025-08-21 17:18:43,475 INFO run end rows=11
2025-08-21 17:18:43,475 INFO csv write: thermolaminated_doors_and_panels.csv sku= colour='Amaro'
2025-08-21 17:18:43,476 INFO csv write: board_decorative.csv sku=25619 colour='Amaro'
2025-08-21 17:18:43,476 INFO csv write: edgetape_decorative.csv sku=19344 colour='Amaro'
2025-08-21 17:18:43,476 INFO csv write: edgetape_decorative.csv sku=19480 colour='Amaro'
2025-08-21 17:18:43,476 INFO csv write: edgetape_decorative.csv sku=44336 colour='Amaro'
2025-08-21 17:18:43,477 INFO csv write: laminate.csv sku=26187 colour='Amaro'
2025-08-21 17:18:43,477 INFO csv write: board_decorative.csv sku=25636 colour='Amaro'
2025-08-21 17:18:43,477 INFO csv write: edgetape_decorative.csv sku=19376 colour='Amaro'
2025-08-21 17:18:43,477 INFO csv write: edgetape_decorative.csv sku=19533 colour='Amaro'
2025-08-21 17:18:43,478 INFO csv write: edgetape_decorative.csv sku=44273 colour='Amaro'
2025-08-21 17:18:43,478 INFO csv write: thermolaminated_doors_and_panels.csv sku= colour='Amaro'
2025-08-21 17:18:43,479 INFO [153/240] Done Amaro, rows=11, ranges=['Board Decorative', 'Edgetape Decorative', 'Laminate', 'Thermolaminated Doors and Panels']
