2025-08-21 17:13:59,645 INFO [129/240] Processing Antique  https://www.polytec.com.au/colour/antique/
2025-08-21 17:13:59,646 INFO run start colour=https://www.polytec.com.au/colour/antique/
2025-08-21 17:14:00,082 INFO colour name: Antique
2025-08-21 17:14:00,087 INFO finish tabs: 1
2025-08-21 17:14:00,107 INFO tab 1/1 -> Matt
2025-08-21 17:14:00,162 INFO items in finish 'Matt': 12
2025-08-21 17:14:00,163 INFO range -> Board Decorative
2025-08-21 17:14:01,275 INFO row 1: sku=1055 title='MDF 162412 DS Antique Matt MR E0' stock=OK price=OK qty_used=1 moq_min=1 step=1 time=1.11s
2025-08-21 17:14:02,043 INFO row 2: sku=2840 title='MDF 163112 DS Antique Matt MR E0' stock=OK price=OK qty_used=1 moq_min=1 step=1 time=0.77s
2025-08-21 17:14:02,798 INFO row 3: sku=49980 title='MDF 092412 DS Antique Matt STD' stock=OK price=OK qty_used=1 moq_min=1 step=1 time=0.76s
2025-08-21 17:14:03,568 INFO row 4: sku=49979 title='MDF 092712 DS Antique Matt STD' stock=OK price=OK qty_used=1 moq_min=1 step=1 time=0.77s
2025-08-21 17:14:03,568 INFO range -> Edgetape Decorative
2025-08-21 17:14:04,612 INFO row 5: sku=43494 title='Rigid 1mm x 21mm UG 100m Antique Matt' stock=OK price=OK qty_used=1 moq_min=1 step=1 time=1.04s
2025-08-21 17:14:05,660 INFO row 6: sku=43495 title='Rigid 1mm x 21mm UG 20m Antique Matt' stock=OK price=OK qty_used=1 moq_min=1 step=1 time=1.05s
2025-08-21 17:14:06,713 INFO row 7: sku=44337 title='ABS 1mm x 29mm UG 100m Antique Matt' stock=OK price=OK qty_used=1 moq_min=1 step=1 time=1.05s
2025-08-21 17:14:06,714 INFO range -> Laminate
2025-08-21 17:14:07,764 INFO row 8: sku=9402 title='Laminate Antique Matt HL 0.7mm 3650x680' stock=OK price=OK qty_used=1 moq_min=1 step=1 time=1.05s
2025-08-21 17:14:08,812 INFO row 9: sku=9404 title='Laminate Antique Matt Q 0.7mm 1825x680' stock=OK price=OK qty_used=1 moq_min=1 step=1 time=1.05s
2025-08-21 17:14:09,858 INFO row 10: sku=2059 title='Laminate Antique Matt 0.7mm 3650x1360' stock=OK price=OK qty_used=1 moq_min=1 step=1 time=1.05s
2025-08-21 17:14:10,918 INFO row 11: sku=9403 title='Laminate Antique Matt HS 1825 x 1360' stock=OK price=OK qty_used=1 moq_min=1 step=1 time=1.06s
2025-08-21 17:14:10,918 INFO range -> Thermolaminated Doors and Panels
2025-08-21 17:14:15,353 INFO row 12: sku= title='Style 1 - 6' stock=EMPTY price=EMPTY qty_used=1 moq_min=1 step=1 time=4.43s
2025-08-21 17:14:15,354 INFO run end rows=12
2025-08-21 17:14:15,354 INFO csv write: board_decorative.csv sku=1055 colour='Antique'
2025-08-21 17:14:15,355 INFO csv write: board_decorative.csv sku=2840 colour='Antique'
2025-08-21 17:14:15,355 INFO csv write: board_decorative.csv sku=49980 colour='Antique'
2025-08-21 17:14:15,355 INFO csv write: board_decorative.csv sku=49979 colour='Antique'
2025-08-21 17:14:15,356 INFO csv write: edgetape_decorative.csv sku=43494 colour='Antique'
2025-08-21 17:14:15,356 INFO csv write: edgetape_decorative.csv sku=43495 colour='Antique'
2025-08-21 17:14:15,356 INFO csv write: edgetape_decorative.csv sku=44337 colour='Antique'
2025-08-21 17:14:15,357 INFO csv write: laminate.csv sku=9402 colour='Antique'
2025-08-21 17:14:15,357 INFO csv write: laminate.csv sku=9404 colour='Antique'
2025-08-21 17:14:15,357 INFO csv write: laminate.csv sku=2059 colour='Antique'
2025-08-21 17:14:15,357 INFO csv write: laminate.csv sku=9403 colour='Antique'
2025-08-21 17:14:15,358 INFO csv write: thermolaminated_doors_and_panels.csv sku= colour='Antique'
2025-08-21 17:14:15,358 INFO [129/240] Done Antique, rows=12, ranges=['Board Decorative', 'Edgetape Decorative', 'Laminate', 'Thermolaminated Doors and Panels']
