2025-08-21 17:03:07,691 INFO [88/240] Processing Antico Oak  https://www.polytec.com.au/colour/antico-oak/
2025-08-21 17:03:07,691 INFO run start colour=https://www.polytec.com.au/colour/antico-oak/
2025-08-21 17:03:08,188 INFO colour name: Antico Oak
2025-08-21 17:03:08,193 INFO finish tabs: 1
2025-08-21 17:03:08,220 INFO tab 1/1 -> Woodmatt
2025-08-21 17:03:08,319 INFO items in finish 'Woodmatt': 19
2025-08-21 17:03:08,319 INFO range -> Board Decorative
2025-08-21 17:03:09,451 INFO row 1: sku=46825 title='MDF 162412 DS Antico Oak Woodmatt MR E0' stock=OK price=OK qty_used=1 moq_min=1 step=1 time=1.13s
2025-08-21 17:03:10,225 INFO row 2: sku=47238 title='MDF 163112 DS Antico Oak Woodmatt MR E0' stock=OK price=OK qty_used=1 moq_min=1 step=1 time=0.77s
2025-08-21 17:03:10,985 INFO row 3: sku=47437 title='MDF 183618 DS Antico Oak Woodmatt MR E0' stock=OK price=OK qty_used=1 moq_min=1 step=1 time=0.76s
2025-08-21 17:03:11,757 INFO row 4: sku=47252 title='MDF 252412 DS Antico Oak Woodmatt MR E0' stock=OK price=OK qty_used=1 moq_min=1 step=1 time=0.77s
2025-08-21 17:03:12,530 INFO row 5: sku=47267 title='MDF 322412 DS Antico Oak Woodmatt MR E0' stock=OK price=OK qty_used=1 moq_min=1 step=1 time=0.77s
2025-08-21 17:03:13,310 INFO row 6: sku=48411 title='MDF 092712 DS Antico Oak Woodmatt MR E0' stock=OK price=OK qty_used=1 moq_min=1 step=1 time=0.78s
2025-08-21 17:03:14,075 INFO row 7: sku=47451 title='LDF 253618 DS Antico Oak Woodmatt STD E0' stock=OK price=OK qty_used=1 moq_min=1 step=1 time=0.76s
2025-08-21 17:03:14,839 INFO row 8: sku=47465 title='LDF 333618 DS Antico Oak Woodmatt MR E0' stock=OK price=OK qty_used=1 moq_min=1 step=1 time=0.76s
2025-08-21 17:03:14,839 INFO range -> Edgetape Decorative
2025-08-21 17:03:15,603 INFO row 9: sku=46768 title='ABS 1mm x 21mm UG 100m Antico Oak Woodmatt' stock=OK price=OK qty_used=1 moq_min=1 step=1 time=0.76s
2025-08-21 17:03:16,374 INFO row 10: sku=46804 title='ABS 1mm x 21mm UG 20m Antico Oak Woodmatt' stock=OK price=OK qty_used=1 moq_min=1 step=1 time=0.77s
2025-08-21 17:03:17,420 INFO row 11: sku=47215 title='ABS 1mm x 29mm UG 100m Antico Oak Woodmatt' stock=OK price=OK qty_used=1 moq_min=1 step=1 time=1.05s
2025-08-21 17:03:18,471 INFO row 12: sku=47388 title='ABS 1mm x 38mm UG 100m Antico Oak Woodmatt' stock=OK price=OK qty_used=1 moq_min=1 step=1 time=1.05s
2025-08-21 17:03:18,471 INFO range -> Laminate
2025-08-21 17:03:19,536 INFO row 13: sku=48521 title='Laminate Antico Oak Woodmatt 0.7mm 3650x1360' stock=OK price=OK qty_used=1 moq_min=1 step=1 time=1.06s
2025-08-21 17:03:20,603 INFO row 14: sku=48641 title='Laminate Antico Oak Woodmatt HL 0.7mm 3650x680' stock=OK price=OK qty_used=1 moq_min=1 step=1 time=1.07s
2025-08-21 17:03:21,674 INFO row 15: sku=48655 title='Laminate Antico Oak Woodmatt Q 0.7mm 1825x680' stock=OK price=OK qty_used=1 moq_min=1 step=1 time=1.07s
2025-08-21 17:03:22,736 INFO row 16: sku=48620 title='Laminate Antico Oak Woodmatt HS 0.7mm 1825x1360' stock=OK price=OK qty_used=1 moq_min=1 step=1 time=1.06s
2025-08-21 17:03:22,736 INFO range -> Compact
2025-08-21 17:03:23,506 INFO row 17: sku=55428 title='Compact Laminate Antico Oak Woodmatt BC 3660x1830 5mm' stock=OK price=OK qty_used=1 moq_min=1 step=1 time=0.77s
2025-08-21 17:03:24,272 INFO row 18: sku=47188 title='Compact Laminate Antico Oak Woodmatt BC 3660x1830 13mm' stock=OK price=OK qty_used=1 moq_min=1 step=1 time=0.77s
2025-08-21 17:03:24,272 INFO range -> Alfresco Doors
2025-08-21 17:03:28,701 INFO row 19: sku= title='5mm Compact Laminate Insert' stock=EMPTY price=EMPTY qty_used=1 moq_min=1 step=1 time=4.43s
2025-08-21 17:03:28,702 INFO run end rows=19
2025-08-21 17:03:28,702 INFO csv write: board_decorative.csv sku=46825 colour='Antico Oak'
2025-08-21 17:03:28,703 INFO csv write: board_decorative.csv sku=47238 colour='Antico Oak'
2025-08-21 17:03:28,703 INFO csv write: board_decorative.csv sku=47437 colour='Antico Oak'
2025-08-21 17:03:28,703 INFO csv write: board_decorative.csv sku=47252 colour='Antico Oak'
2025-08-21 17:03:28,704 INFO csv write: board_decorative.csv sku=47267 colour='Antico Oak'
2025-08-21 17:03:28,704 INFO csv write: board_decorative.csv sku=48411 colour='Antico Oak'
2025-08-21 17:03:28,704 INFO csv write: board_decorative.csv sku=47451 colour='Antico Oak'
2025-08-21 17:03:28,705 INFO csv write: board_decorative.csv sku=47465 colour='Antico Oak'
2025-08-21 17:03:28,705 INFO csv write: edgetape_decorative.csv sku=46768 colour='Antico Oak'
2025-08-21 17:03:28,705 INFO csv write: edgetape_decorative.csv sku=46804 colour='Antico Oak'
2025-08-21 17:03:28,705 INFO csv write: edgetape_decorative.csv sku=47215 colour='Antico Oak'
2025-08-21 17:03:28,706 INFO csv write: edgetape_decorative.csv sku=47388 colour='Antico Oak'
2025-08-21 17:03:28,706 INFO csv write: laminate.csv sku=48521 colour='Antico Oak'
2025-08-21 17:03:28,706 INFO csv write: laminate.csv sku=48641 colour='Antico Oak'
2025-08-21 17:03:28,706 INFO csv write: laminate.csv sku=48655 colour='Antico Oak'
2025-08-21 17:03:28,707 INFO csv write: laminate.csv sku=48620 colour='Antico Oak'
2025-08-21 17:03:28,707 INFO csv write: compact.csv sku=55428 colour='Antico Oak'
2025-08-21 17:03:28,707 INFO csv write: compact.csv sku=47188 colour='Antico Oak'
2025-08-21 17:03:28,707 INFO csv write: alfresco_doors.csv sku= colour='Antico Oak'
2025-08-21 17:03:28,708 INFO [88/240] Done Antico Oak, rows=19, ranges=['Alfresco Doors', 'Board Decorative', 'Compact', 'Edgetape Decorative', 'Laminate']
