2025-08-21 16:51:01,880 INFO [37/240] Processing Arabica  https://www.polytec.com.au/colour/arabica/
2025-08-21 16:51:01,880 INFO run start colour=https://www.polytec.com.au/colour/arabica/
2025-08-21 16:51:02,327 INFO colour name: Arabica
2025-08-21 16:51:02,335 INFO finish tabs: 2
2025-08-21 16:51:02,354 INFO tab 1/2 -> Smooth
2025-08-21 16:51:02,376 INFO items in finish 'Smooth': 5
2025-08-21 16:51:02,376 INFO range -> Board Decorative
2025-08-21 16:51:03,481 INFO row 1: sku=52227 title='MDF 162412 DS Arabica Smooth MR E0 Film' stock=OK price=OK qty_used=1 moq_min=1 step=1 time=1.10s
2025-08-21 16:51:03,481 INFO range -> Edgetape Decorative
2025-08-21 16:51:04,524 INFO row 2: sku=52511 title='ABS 1mm x 21mm UG 100m Arabica Smooth' stock=OK price=OK qty_used=1 moq_min=1 step=1 time=1.04s
2025-08-21 16:51:05,550 INFO row 3: sku=52509 title='ABS 1mm x 21mm UG 20m Arabica Smooth' stock=OK price=OK qty_used=1 moq_min=1 step=1 time=1.03s
2025-08-21 16:51:06,586 INFO row 4: sku=52512 title='ABS 1mm x 29mm UG 100m Arabica Smooth' stock=OK price=OK qty_used=1 moq_min=1 step=1 time=1.04s
2025-08-21 16:51:06,587 INFO range -> Laminate
2025-08-21 16:51:07,681 INFO row 5: sku=52120 title='Laminate Arabica Smooth 0.7mm 3650 x 1220' stock=OK price=OK qty_used=1 moq_min=1 step=1 time=1.09s
2025-08-21 16:51:07,704 INFO tab 2/2 -> Venette
2025-08-21 16:51:07,722 INFO items in finish 'Venette': 5
2025-08-21 16:51:07,722 INFO range -> Board Decorative
2025-08-21 16:51:08,822 INFO row 1: sku=54734 title='MDF 182412 SS Arabica Venette LMG E0' stock=OK price=OK qty_used=1 moq_min=1 step=1 time=1.10s
2025-08-21 16:51:09,729 INFO row 2: sku=54735 title='MDF 182412 DS Arabica Venette LMG E0' stock=OK price=OK qty_used=1 moq_min=1 step=1 time=0.91s
2025-08-21 16:51:09,729 INFO range -> Edgetape Decorative
2025-08-21 16:51:11,035 INFO row 3: sku=54736 title='ABS 1mm x 21mm UG 100m Arabica Venette' stock=OK price=OK qty_used=1 moq_min=1 step=1 time=1.31s
2025-08-21 16:51:12,164 INFO row 4: sku=54739 title='ABS 1mm x 29mm UG 100m Arabica Venette' stock=OK price=OK qty_used=1 moq_min=1 step=1 time=1.13s
2025-08-21 16:51:13,486 INFO row 5: sku=54737 title='ABS 1mm x 21mm UG 20m Arabica Venette' stock=OK price=OK qty_used=1 moq_min=1 step=1 time=1.32s
2025-08-21 16:51:13,486 INFO run end rows=10
2025-08-21 16:51:13,487 INFO csv write: board_decorative.csv sku=52227 colour='Arabica'
2025-08-21 16:51:13,488 INFO csv write: edgetape_decorative.csv sku=52511 colour='Arabica'
2025-08-21 16:51:13,488 INFO csv write: edgetape_decorative.csv sku=52509 colour='Arabica'
2025-08-21 16:51:13,488 INFO csv write: edgetape_decorative.csv sku=52512 colour='Arabica'
2025-08-21 16:51:13,488 INFO csv write: laminate.csv sku=52120 colour='Arabica'
2025-08-21 16:51:13,489 INFO csv write: board_decorative.csv sku=54734 colour='Arabica'
2025-08-21 16:51:13,489 INFO csv write: board_decorative.csv sku=54735 colour='Arabica'
2025-08-21 16:51:13,489 INFO csv write: edgetape_decorative.csv sku=54736 colour='Arabica'
2025-08-21 16:51:13,490 INFO csv write: edgetape_decorative.csv sku=54739 colour='Arabica'
2025-08-21 16:51:13,490 INFO csv write: edgetape_decorative.csv sku=54737 colour='Arabica'
2025-08-21 16:51:13,490 INFO [37/240] Done Arabica, rows=10, ranges=['Board Decorative', 'Edgetape Decorative', 'Laminate']
