2025-08-21 16:53:05,357 INFO [46/240] Processing Arcadia Oak  https://www.polytec.com.au/colour/arcadia-oak/
2025-08-21 16:53:05,358 INFO run start colour=https://www.polytec.com.au/colour/arcadia-oak/
2025-08-21 16:53:05,746 INFO colour name: Arcadia Oak
2025-08-21 16:53:05,750 INFO finish tabs: 1
2025-08-21 16:53:05,781 INFO tab 1/1 -> Woodmatt
2025-08-21 16:53:05,833 INFO items in finish 'Woodmatt': 15
2025-08-21 16:53:05,833 INFO range -> Board Decorative
2025-08-21 16:53:06,946 INFO row 1: sku=52098 title='MDF 162412 DS Arcadia Oak Woodmatt MR E0' stock=OK price=OK qty_used=1 moq_min=1 step=1 time=1.11s
2025-08-21 16:53:07,707 INFO row 2: sku=54307 title='MDF 163112 DS Arcadia Oak Woodmatt MR E0' stock=OK price=OK qty_used=1 moq_min=1 step=1 time=0.76s
2025-08-21 16:53:08,479 INFO row 3: sku=52094 title='MDF 183618 DS Arcadia Oak Woodmatt MR E0' stock=OK price=OK qty_used=1 moq_min=1 step=1 time=0.77s
2025-08-21 16:53:09,248 INFO row 4: sku=52095 title='LDF 253618 DS Arcadia Oak Woodmatt STD E0' stock=OK price=OK qty_used=1 moq_min=1 step=1 time=0.77s
2025-08-21 16:53:10,011 INFO row 5: sku=52099 title='MDF 252412 DS Arcadia Oak Woodmatt MR E0' stock=OK price=OK qty_used=1 moq_min=1 step=1 time=0.76s
2025-08-21 16:53:10,773 INFO row 6: sku=52096 title='LDF 333618 DS Arcadia Oak Woodmatt MR E0' stock=OK price=OK qty_used=1 moq_min=1 step=1 time=0.76s
2025-08-21 16:53:11,531 INFO row 7: sku=52513 title='MDF 322412 DS Arcadia Oak Woodmatt MR E0' stock=OK price=OK qty_used=1 moq_min=1 step=1 time=0.76s
2025-08-21 16:53:11,531 INFO range -> Edgetape Decorative
2025-08-21 16:53:12,572 INFO row 8: sku=52516 title='ABS 1mm x 21mm UG 100m Arcadia Oak Woodmatt' stock=OK price=OK qty_used=1 moq_min=1 step=1 time=1.04s
2025-08-21 16:53:13,614 INFO row 9: sku=52514 title='ABS 1mm x 21mm UG 20m Arcadia Oak Woodmatt' stock=OK price=OK qty_used=1 moq_min=1 step=1 time=1.04s
2025-08-21 16:53:14,660 INFO row 10: sku=52517 title='ABS 1mm x 29mm UG 100m Arcadia Oak Woodmatt' stock=OK price=OK qty_used=1 moq_min=1 step=1 time=1.05s
2025-08-21 16:53:15,694 INFO row 11: sku=52518 title='ABS 1mm x 38mm UG 100m Arcadia Oak Woodmatt' stock=OK price=OK qty_used=1 moq_min=1 step=1 time=1.03s
2025-08-21 16:53:15,694 INFO range -> Laminate
2025-08-21 16:53:16,754 INFO row 12: sku=52143 title='Laminate Arcadia Oak Woodmatt 0.7mm 3650x1360' stock=OK price=OK qty_used=1 moq_min=1 step=1 time=1.06s
2025-08-21 16:53:17,804 INFO row 13: sku=52519 title='Laminate Arcadia Oak Woodmatt HL 0.7mm 3650 x 680' stock=OK price=OK qty_used=1 moq_min=1 step=1 time=1.05s
2025-08-21 16:53:18,856 INFO row 14: sku=52521 title='Laminate Arcadia Oak Woodmatt Q 0.7mm 1825x680' stock=OK price=OK qty_used=1 moq_min=1 step=1 time=1.05s
2025-08-21 16:53:19,912 INFO row 15: sku=52520 title='Laminate Arcadia Oak Woodmatt HS 0.7mm 1825x1360' stock=OK price=OK qty_used=1 moq_min=1 step=1 time=1.06s
2025-08-21 16:53:19,912 INFO run end rows=15
2025-08-21 16:53:19,913 INFO csv write: board_decorative.csv sku=52098 colour='Arcadia Oak'
2025-08-21 16:53:19,913 INFO csv write: board_decorative.csv sku=54307 colour='Arcadia Oak'
2025-08-21 16:53:19,913 INFO csv write: board_decorative.csv sku=52094 colour='Arcadia Oak'
2025-08-21 16:53:19,914 INFO csv write: board_decorative.csv sku=52095 colour='Arcadia Oak'
2025-08-21 16:53:19,914 INFO csv write: board_decorative.csv sku=52099 colour='Arcadia Oak'
2025-08-21 16:53:19,914 INFO csv write: board_decorative.csv sku=52096 colour='Arcadia Oak'
2025-08-21 16:53:19,914 INFO csv write: board_decorative.csv sku=52513 colour='Arcadia Oak'
2025-08-21 16:53:19,914 INFO csv write: edgetape_decorative.csv sku=52516 colour='Arcadia Oak'
2025-08-21 16:53:19,915 INFO csv write: edgetape_decorative.csv sku=52514 colour='Arcadia Oak'
2025-08-21 16:53:19,915 INFO csv write: edgetape_decorative.csv sku=52517 colour='Arcadia Oak'
2025-08-21 16:53:19,915 INFO csv write: edgetape_decorative.csv sku=52518 colour='Arcadia Oak'
2025-08-21 16:53:19,915 INFO csv write: laminate.csv sku=52143 colour='Arcadia Oak'
2025-08-21 16:53:19,915 INFO csv write: laminate.csv sku=52519 colour='Arcadia Oak'
2025-08-21 16:53:19,915 INFO csv write: laminate.csv sku=52521 colour='Arcadia Oak'
2025-08-21 16:53:19,915 INFO csv write: laminate.csv sku=52520 colour='Arcadia Oak'
2025-08-21 16:53:19,916 INFO [46/240] Done Arcadia Oak, rows=15, ranges=['Board Decorative', 'Edgetape Decorative', 'Laminate']
