2025-08-21 17:10:05,304 INFO [106/240] Processing Arctic Ice  https://www.polytec.com.au/colour/arctic-ice/
2025-08-21 17:10:05,304 INFO run start colour=https://www.polytec.com.au/colour/arctic-ice/
2025-08-21 17:10:05,796 INFO colour name: Arctic Ice
2025-08-21 17:10:05,800 INFO finish tabs: 1
2025-08-21 17:10:05,818 INFO tab 1/1 -> Gloss
2025-08-21 17:10:05,844 INFO items in finish 'Gloss': 6
2025-08-21 17:10:05,844 INFO range -> Board Decorative
2025-08-21 17:10:06,966 INFO row 1: sku=45313 title='Ultraglaze MDF 182412 SS Arctic Ice Gloss MR E0' stock=OK price=OK qty_used=1 moq_min=1 step=1 time=1.12s
2025-08-21 17:10:07,723 INFO row 2: sku=45311 title='Ultraglaze MDF 182412 DS Arctic Ice Gloss MR E0' stock=OK price=OK qty_used=1 moq_min=1 step=1 time=0.76s
2025-08-21 17:10:08,488 INFO row 3: sku=45915 title='Ultraglaze MDF 183112 SS Arctic Ice Gloss MR E0' stock=OK price=OK qty_used=1 moq_min=1 step=1 time=0.76s
2025-08-21 17:10:09,254 INFO row 4: sku=45996 title='Ultraglaze MDF 183112 DS Arctic Ice Gloss MR E0' stock=OK price=OK qty_used=1 moq_min=1 step=1 time=0.77s
2025-08-21 17:10:09,254 INFO range -> Edgetape Decorative
2025-08-21 17:10:10,021 INFO row 5: sku=45766 title='ABS 1mm x 23mm UG 100m Ultraglaze Arctic Ice Gloss' stock=OK price=OK qty_used=1 moq_min=1 step=1 time=0.77s
2025-08-21 17:10:11,067 INFO row 6: sku=51717 title='ABS 1mm x 29mm UG 100m Ultraglaze Arctic Ice Gloss' stock=OK price=OK qty_used=1 moq_min=1 step=1 time=1.05s
2025-08-21 17:10:11,068 INFO run end rows=6
2025-08-21 17:10:11,068 INFO csv write: board_decorative.csv sku=45313 colour='Arctic Ice'
2025-08-21 17:10:11,068 INFO csv write: board_decorative.csv sku=45311 colour='Arctic Ice'
2025-08-21 17:10:11,068 INFO csv write: board_decorative.csv sku=45915 colour='Arctic Ice'
2025-08-21 17:10:11,069 INFO csv write: board_decorative.csv sku=45996 colour='Arctic Ice'
2025-08-21 17:10:11,069 INFO csv write: edgetape_decorative.csv sku=45766 colour='Arctic Ice'
2025-08-21 17:10:11,069 INFO csv write: edgetape_decorative.csv sku=51717 colour='Arctic Ice'
2025-08-21 17:10:11,069 INFO [106/240] Done Arctic Ice, rows=6, ranges=['Board Decorative', 'Edgetape Decorative']
