2025-08-21 17:36:14,901 INFO [181/240] Processing Artisan Oak  https://www.polytec.com.au/colour/artisan-oak/
2025-08-21 17:36:14,901 INFO run start colour=https://www.polytec.com.au/colour/artisan-oak/
2025-08-21 17:36:15,274 INFO colour name: Artisan Oak
2025-08-21 17:36:15,283 INFO finish tabs: 2
2025-08-21 17:36:15,306 INFO tab 1/2 -> Matt
2025-08-21 17:36:15,371 INFO items in finish 'Matt': 13
2025-08-21 17:36:15,371 INFO range -> Board Decorative
2025-08-21 17:36:16,489 INFO row 1: sku=12921 title='MDF 162412 DS Artisan Oak Matt MR E0' stock=OK price=OK qty_used=1 moq_min=1 step=1 time=1.12s
2025-08-21 17:36:17,247 INFO row 2: sku=15729 title='Particle 163618 DS Artisan Oak Matt MR' stock=OK price=OK qty_used=1 moq_min=1 step=1 time=0.76s
2025-08-21 17:36:18,017 INFO row 3: sku=14159 title='Particle 183618 DS Artisan Oak Matt MR' stock=OK price=OK qty_used=1 moq_min=1 step=1 time=0.77s
2025-08-21 17:36:18,795 INFO row 4: sku=26506 title='LDF 333618 DS Artisan Oak Matt MR E0' stock=OK price=OK qty_used=1 moq_min=1 step=1 time=0.78s
2025-08-21 17:36:19,570 INFO row 5: sku=26463 title='LDF 253618  DS Artisan Oak Matt STD E0' stock=OK price=OK qty_used=1 moq_min=1 step=1 time=0.77s
2025-08-21 17:36:19,570 INFO range -> Edgetape Decorative
2025-08-21 17:36:20,627 INFO row 6: sku=12707 title='Rigid 1mm x 21mm UG 100m Artisan Oak Matt' stock=OK price=OK qty_used=1 moq_min=1 step=1 time=1.06s
2025-08-21 17:36:21,676 INFO row 7: sku=17683 title='Rigid 1mm x 21mm UG 20m Artisan Oak Matt' stock=OK price=OK qty_used=1 moq_min=1 step=1 time=1.05s
2025-08-21 17:36:22,727 INFO row 8: sku=44338 title='ABS 1mm x 29mm UG 100m Artisan Oak Matt' stock=OK price=OK qty_used=1 moq_min=1 step=1 time=1.05s
2025-08-21 17:36:23,779 INFO row 9: sku=53996 title='ABS 1mm x 38mm UG 100m Artisan Oak Matt' stock=OK price=OK qty_used=1 moq_min=1 step=1 time=1.05s
2025-08-21 17:36:23,779 INFO range -> Laminate
2025-08-21 17:36:24,843 INFO row 10: sku=12483 title='Laminate Artisan Oak Matt 0.7mm 3650x1360' stock=OK price=OK qty_used=1 moq_min=1 step=1 time=1.06s
2025-08-21 17:36:25,892 INFO row 11: sku=13045 title='Laminate Artisan Oak Matt Q 0.7mm 1830x680' stock=OK price=OK qty_used=1 moq_min=1 step=1 time=1.05s
2025-08-21 17:36:26,944 INFO row 12: sku=13043 title='Laminate Artisan Oak Matt HL 0.7mm 3650x680' stock=OK price=OK qty_used=1 moq_min=1 step=1 time=1.05s
2025-08-21 17:36:27,992 INFO row 13: sku=13044 title='Laminate Artisan Oak Matt HS 0.7mm 1830x1360' stock=OK price=OK qty_used=1 moq_min=1 step=1 time=1.05s
2025-08-21 17:36:28,025 INFO tab 2/2 -> Ravine
2025-08-21 17:36:28,056 INFO items in finish 'Ravine': 9
2025-08-21 17:36:28,057 INFO range -> Board Decorative
2025-08-21 17:36:29,185 INFO row 1: sku=55492 title='MDF 182412 DS Artisan Oak Ravine MR E0' stock=OK price=OK qty_used=1 moq_min=1 step=1 time=1.13s
2025-08-21 17:36:29,946 INFO row 2: sku=55493 title='MDF 183112 DS Artisan Oak Ravine MR E0' stock=OK price=OK qty_used=1 moq_min=1 step=1 time=0.76s
2025-08-21 17:36:30,713 INFO row 3: sku=55494 title='MDF 252412 DS Artisan Oak Ravine MR E0' stock=OK price=OK qty_used=1 moq_min=1 step=1 time=0.77s
2025-08-21 17:36:31,474 INFO row 4: sku=55662 title='MDF 322412 DS Artisan Oak Ravine MR E0' stock=OK price=OK qty_used=1 moq_min=1 step=1 time=0.76s
2025-08-21 17:36:31,475 INFO range -> Edgetape Decorative
2025-08-21 17:36:32,518 INFO row 5: sku=55496 title='ABS 1mm x 22mm UG 100m Artisan Oak Ravine' stock=OK price=OK qty_used=1 moq_min=1 step=1 time=1.04s
2025-08-21 17:36:33,547 INFO row 6: sku=55498 title='ABS 1mm x 22mm UG 20m Artisan Oak Ravine' stock=OK price=OK qty_used=1 moq_min=1 step=1 time=1.03s
2025-08-21 17:36:34,577 INFO row 7: sku=55499 title='ABS 1mm x 29mm UG 100m Artisan Oak Ravine' stock=OK price=OK qty_used=1 moq_min=1 step=1 time=1.03s
2025-08-21 17:36:35,625 INFO row 8: sku=55663 title='ABS 1mm x 38mm UG 100m Artisan Oak Ravine' stock=OK price=OK qty_used=1 moq_min=1 step=1 time=1.05s
2025-08-21 17:36:35,626 INFO range -> Laminate
2025-08-21 17:36:36,672 INFO row 9: sku=55500 title='Laminate Artisan Oak Ravine 0.7mm 3650x1220' stock=OK price=OK qty_used=1 moq_min=1 step=1 time=1.05s
2025-08-21 17:36:36,672 INFO run end rows=22
2025-08-21 17:36:36,672 INFO csv write: board_decorative.csv sku=12921 colour='Artisan Oak'
2025-08-21 17:36:36,673 INFO csv write: board_decorative.csv sku=15729 colour='Artisan Oak'
2025-08-21 17:36:36,673 INFO csv write: board_decorative.csv sku=14159 colour='Artisan Oak'
2025-08-21 17:36:36,673 INFO csv write: board_decorative.csv sku=26506 colour='Artisan Oak'
2025-08-21 17:36:36,673 INFO csv write: board_decorative.csv sku=26463 colour='Artisan Oak'
2025-08-21 17:36:36,673 INFO csv write: edgetape_decorative.csv sku=12707 colour='Artisan Oak'
2025-08-21 17:36:36,674 INFO csv write: edgetape_decorative.csv sku=17683 colour='Artisan Oak'
2025-08-21 17:36:36,674 INFO csv write: edgetape_decorative.csv sku=44338 colour='Artisan Oak'
2025-08-21 17:36:36,674 INFO csv write: edgetape_decorative.csv sku=53996 colour='Artisan Oak'
2025-08-21 17:36:36,674 INFO csv write: laminate.csv sku=12483 colour='Artisan Oak'
2025-08-21 17:36:36,674 INFO csv write: laminate.csv sku=13045 colour='Artisan Oak'
2025-08-21 17:36:36,674 INFO csv write: laminate.csv sku=13043 colour='Artisan Oak'
2025-08-21 17:36:36,675 INFO csv write: laminate.csv sku=13044 colour='Artisan Oak'
2025-08-21 17:36:36,675 INFO csv write: board_decorative.csv sku=55492 colour='Artisan Oak'
2025-08-21 17:36:36,675 INFO csv write: board_decorative.csv sku=55493 colour='Artisan Oak'
2025-08-21 17:36:36,675 INFO csv write: board_decorative.csv sku=55494 colour='Artisan Oak'
2025-08-21 17:36:36,675 INFO csv write: board_decorative.csv sku=55662 colour='Artisan Oak'
2025-08-21 17:36:36,675 INFO csv write: edgetape_decorative.csv sku=55496 colour='Artisan Oak'
2025-08-21 17:36:36,676 INFO csv write: edgetape_decorative.csv sku=55498 colour='Artisan Oak'
2025-08-21 17:36:36,676 INFO csv write: edgetape_decorative.csv sku=55499 colour='Artisan Oak'
2025-08-21 17:36:36,676 INFO csv write: edgetape_decorative.csv sku=55663 colour='Artisan Oak'
2025-08-21 17:36:36,676 INFO csv write: laminate.csv sku=55500 colour='Artisan Oak'
2025-08-21 17:36:36,676 INFO [181/240] Done Artisan Oak, rows=22, ranges=['Board Decorative', 'Edgetape Decorative', 'Laminate']
