2025-08-21 16:46:58,207 INFO [23/240] Processing Aston White  https://www.polytec.com.au/colour/aston-white/
2025-08-21 16:46:58,208 INFO run start colour=https://www.polytec.com.au/colour/aston-white/
2025-08-21 16:46:58,537 INFO colour name: Aston White
2025-08-21 16:46:58,545 INFO finish tabs: 2
2025-08-21 16:46:58,568 INFO tab 1/2 -> Matt
2025-08-21 16:46:58,593 INFO items in finish 'Matt': 6
2025-08-21 16:46:58,593 INFO range -> Board Decorative
2025-08-21 16:46:59,717 INFO row 1: sku=53258 title='Particle 183618 DS Aston White Matt MR' stock=OK price=OK qty_used=1 moq_min=1 step=1 time=1.12s
2025-08-21 16:47:00,483 INFO row 2: sku=57071 title='LDF 333618 DS Aston White Matt MR E0' stock=OK price=OK qty_used=1 moq_min=1 step=1 time=0.77s
2025-08-21 16:47:01,250 INFO row 3: sku=57070 title='LDF 253618 DS Aston White Matt STD E0' stock=OK price=OK qty_used=1 moq_min=1 step=1 time=0.77s
2025-08-21 16:47:01,250 INFO range -> Edgetape Decorative
2025-08-21 16:47:02,291 INFO row 4: sku=57072 title='ABS 1mm x 21mm UG 100m Aston White Matt' stock=OK price=OK qty_used=1 moq_min=1 step=1 time=1.04s
2025-08-21 16:47:03,322 INFO row 5: sku=57073 title='ABS 1mm x 29mm UG 100m Aston White Matt' stock=OK price=OK qty_used=1 moq_min=1 step=1 time=1.03s
2025-08-21 16:47:04,359 INFO row 6: sku=57074 title='ABS 1mm x 38mm UG 100m Aston White Matt' stock=OK price=OK qty_used=1 moq_min=1 step=1 time=1.04s
2025-08-21 16:47:04,388 INFO tab 2/2 -> Smooth
2025-08-21 16:47:04,428 INFO items in finish 'Smooth': 11
2025-08-21 16:47:04,428 INFO range -> Board Decorative
2025-08-21 16:47:05,552 INFO row 1: sku=51420 title='MDF 162412 DS Aston White Smooth MR E0 Film' stock=OK price=OK qty_used=1 moq_min=1 step=1 time=1.12s
2025-08-21 16:47:06,331 INFO row 2: sku=56245 title='MDF 183112 DS Aston White Smooth MR E0 Film Down' stock=OK price=OK qty_used=1 moq_min=1 step=1 time=0.78s
2025-08-21 16:47:07,104 INFO row 3: sku=56673 title='MDF 253112 DS Aston White Smooth MR E0 Film Down' stock=OK price=OK qty_used=1 moq_min=1 step=1 time=0.77s
2025-08-21 16:47:07,867 INFO row 4: sku=56674 title='MDF 323112 DS Aston White Smooth MR E0 Film Down' stock=OK price=OK qty_used=1 moq_min=1 step=1 time=0.76s
2025-08-21 16:47:07,867 INFO range -> Edgetape Decorative
2025-08-21 16:47:08,916 INFO row 5: sku=51441 title='ABS 1mm x 21mm UG 100m Aston White Smooth' stock=OK price=OK qty_used=1 moq_min=1 step=1 time=1.05s
2025-08-21 16:47:09,986 INFO row 6: sku=51429 title='ABS 1mm x 21mm UG 20m Aston White Smooth' stock=OK price=OK qty_used=1 moq_min=1 step=1 time=1.07s
2025-08-21 16:47:11,026 INFO row 7: sku=51454 title='ABS 1mm x 29mm UG 100m Aston White Smooth' stock=OK price=OK qty_used=1 moq_min=1 step=1 time=1.04s
2025-08-21 16:47:12,060 INFO row 8: sku=53486 title='ABS 1mm x 38mm UG 100m Aston White Smooth' stock=OK price=OK qty_used=1 moq_min=1 step=1 time=1.03s
2025-08-21 16:47:12,060 INFO range -> Laminate
2025-08-21 16:47:13,111 INFO row 9: sku=52113 title='Laminate Aston White Smooth 0.7mm 3650 x 1220' stock=OK price=OK qty_used=1 moq_min=1 step=1 time=1.05s
2025-08-21 16:47:13,111 INFO range -> Compact
2025-08-21 16:47:13,866 INFO row 10: sku=52501 title='Compact Laminate Aston White Smooth BC 3660x1830 13mm' stock=OK price=OK qty_used=1 moq_min=1 step=1 time=0.75s
2025-08-21 16:47:13,867 INFO range -> Thermolaminated Doors and Panels
2025-08-21 16:47:18,303 INFO row 11: sku= title='Style 1 - 6' stock=EMPTY price=EMPTY qty_used=1 moq_min=1 step=1 time=4.44s
2025-08-21 16:47:18,303 INFO run end rows=17
2025-08-21 16:47:18,304 INFO csv write: board_decorative.csv sku=53258 colour='Aston White'
2025-08-21 16:47:18,305 INFO csv write: board_decorative.csv sku=57071 colour='Aston White'
2025-08-21 16:47:18,305 INFO csv write: board_decorative.csv sku=57070 colour='Aston White'
2025-08-21 16:47:18,306 INFO csv write: edgetape_decorative.csv sku=57072 colour='Aston White'
2025-08-21 16:47:18,306 INFO csv write: edgetape_decorative.csv sku=57073 colour='Aston White'
2025-08-21 16:47:18,306 INFO csv write: edgetape_decorative.csv sku=57074 colour='Aston White'
2025-08-21 16:47:18,306 INFO csv write: board_decorative.csv sku=51420 colour='Aston White'
2025-08-21 16:47:18,307 INFO csv write: board_decorative.csv sku=56245 colour='Aston White'
2025-08-21 16:47:18,307 INFO csv write: board_decorative.csv sku=56673 colour='Aston White'
2025-08-21 16:47:18,307 INFO csv write: board_decorative.csv sku=56674 colour='Aston White'
2025-08-21 16:47:18,307 INFO csv write: edgetape_decorative.csv sku=51441 colour='Aston White'
2025-08-21 16:47:18,308 INFO csv write: edgetape_decorative.csv sku=51429 colour='Aston White'
2025-08-21 16:47:18,308 INFO csv write: edgetape_decorative.csv sku=51454 colour='Aston White'
2025-08-21 16:47:18,308 INFO csv write: edgetape_decorative.csv sku=53486 colour='Aston White'
2025-08-21 16:47:18,309 INFO csv write: laminate.csv sku=52113 colour='Aston White'
2025-08-21 16:47:18,309 INFO csv write: compact.csv sku=52501 colour='Aston White'
2025-08-21 16:47:18,309 INFO csv write: thermolaminated_doors_and_panels.csv sku= colour='Aston White'
2025-08-21 16:47:18,310 INFO [23/240] Done Aston White, rows=17, ranges=['Board Decorative', 'Compact', 'Edgetape Decorative', 'Laminate', 'Thermolaminated Doors and Panels']
