2025-08-21 16:59:04,848 INFO [80/240] Processing Athena Stone  https://www.polytec.com.au/colour/athena-stone/
2025-08-21 16:59:04,849 INFO run start colour=https://www.polytec.com.au/colour/athena-stone/
2025-08-21 16:59:05,240 INFO colour name: Athena Stone
2025-08-21 16:59:05,245 INFO finish tabs: 1
2025-08-21 16:59:05,271 INFO tab 1/1 -> Smooth
2025-08-21 16:59:05,324 INFO items in finish 'Smooth': 14
2025-08-21 16:59:05,324 INFO range -> Laminate
2025-08-21 16:59:06,395 INFO row 1: sku=57511 title='Laminate Athena Stone Smooth 0.7mm 3650x1360 - Film' stock=OK price=OK qty_used=1 moq_min=1 step=1 time=1.07s
2025-08-21 16:59:07,446 INFO row 2: sku=57512 title='Laminate Athena Stone Smooth HL 0.7mm 3650x680 - Film' stock=OK price=OK qty_used=1 moq_min=1 step=1 time=1.05s
2025-08-21 16:59:08,513 INFO row 3: sku=57513 title='Laminate Athena Stone Smooth HS 0.7mm 1825x1360 - Film' stock=OK price=OK qty_used=1 moq_min=1 step=1 time=1.07s
2025-08-21 16:59:09,560 INFO row 4: sku=57514 title='Laminate Athena Stone Smooth Q 1825 x 680 - Film' stock=OK price=OK qty_used=1 moq_min=1 step=1 time=1.05s
2025-08-21 16:59:09,560 INFO range -> Compact
2025-08-21 16:59:10,321 INFO row 5: sku=47647 title='Compact Laminate Athena Stone Smooth BC 3660x1830 13mm' stock=OK price=OK qty_used=1 moq_min=1 step=1 time=0.76s
2025-08-21 16:59:11,077 INFO row 6: sku=51876 title='Compact Laminate Athena Stone Smooth BC 2730x1830 5mm' stock=OK price=OK qty_used=1 moq_min=1 step=1 time=0.76s
2025-08-21 16:59:11,078 INFO range -> Architectural
2025-08-21 16:59:11,145 INFO MOQ for SKU 56953 min=5 step=1 qty 1 -> 5
2025-08-21 16:59:11,145 INFO MOQ hint: Ordering details .
2025-08-21 16:59:11,145 INFO MOQ hint: Minimum qty 5
2025-08-21 16:59:11,847 INFO row 7: sku=56953 title='Steccawood 24x34x3600 MDF MR E0 Athena Stone Peak' stock=OK price=OK qty_used=5 moq_min=5 step=1 time=0.77s
2025-08-21 16:59:12,204 INFO MOQ for SKU 56386 min=5 step=1 qty 1 -> 5
2025-08-21 16:59:12,204 INFO MOQ hint: Minimum qty 5
2025-08-21 16:59:12,912 INFO row 8: sku=56386 title='Steccawood 24x48x3600 MDF MR E0 Athena Stone Half Round' stock=OK price=OK qty_used=5 moq_min=5 step=1 time=1.06s
2025-08-21 16:59:13,250 INFO MOQ for SKU 56376 min=5 step=1 qty 1 -> 5
2025-08-21 16:59:13,250 INFO MOQ hint: Minimum qty 5
2025-08-21 16:59:13,955 INFO row 9: sku=56376 title='Steccawood 31x31x3600 MDF MR E0 Athena Stone' stock=OK price=OK qty_used=5 moq_min=5 step=1 time=1.04s
2025-08-21 16:59:14,300 INFO MOQ for SKU 56383 min=5 step=1 qty 1 -> 5
2025-08-21 16:59:14,300 INFO MOQ hint: Minimum qty 5
2025-08-21 16:59:15,011 INFO row 10: sku=56383 title='Steccawood 17x34x3600 MDF MR E0 Athena Stone Half Round' stock=OK price=OK qty_used=5 moq_min=5 step=1 time=1.05s
2025-08-21 16:59:15,353 INFO MOQ for SKU 56375 min=5 step=1 qty 1 -> 5
2025-08-21 16:59:15,353 INFO MOQ hint: Minimum qty 5
2025-08-21 16:59:16,064 INFO row 11: sku=56375 title='Steccawood 17x38x3600 MDF MR E0 Athena Stone' stock=OK price=OK qty_used=5 moq_min=5 step=1 time=1.05s
2025-08-21 16:59:16,401 INFO MOQ for SKU 56387 min=5 step=1 qty 1 -> 5
2025-08-21 16:59:16,401 INFO MOQ hint: Minimum qty 5
2025-08-21 16:59:17,109 INFO row 12: sku=56387 title='Steccawood 17x34x3600 MDF MR E0 Athena Stone Cove' stock=OK price=OK qty_used=5 moq_min=5 step=1 time=1.04s
2025-08-21 16:59:17,452 INFO MOQ for SKU 56385 min=5 step=1 qty 1 -> 5
2025-08-21 16:59:17,452 INFO MOQ hint: Minimum qty 5
2025-08-21 16:59:18,161 INFO row 13: sku=56385 title='Steccawood 31x62x3600 MDF MR E0 Athena Stone Half Round' stock=OK price=OK qty_used=5 moq_min=5 step=1 time=1.05s
2025-08-21 16:59:18,161 INFO range -> Alfresco Doors
2025-08-21 16:59:22,589 INFO row 14: sku= title='5mm Compact Laminate Insert' stock=EMPTY price=EMPTY qty_used=1 moq_min=1 step=1 time=4.43s
2025-08-21 16:59:22,589 INFO run end rows=14
2025-08-21 16:59:22,590 INFO csv write: laminate.csv sku=57511 colour='Athena Stone'
2025-08-21 16:59:22,590 INFO csv write: laminate.csv sku=57512 colour='Athena Stone'
2025-08-21 16:59:22,591 INFO csv write: laminate.csv sku=57513 colour='Athena Stone'
2025-08-21 16:59:22,591 INFO csv write: laminate.csv sku=57514 colour='Athena Stone'
2025-08-21 16:59:22,591 INFO csv write: compact.csv sku=47647 colour='Athena Stone'
2025-08-21 16:59:22,592 INFO csv write: compact.csv sku=51876 colour='Athena Stone'
2025-08-21 16:59:22,592 INFO csv write: architectural.csv sku=56953 colour='Athena Stone'
2025-08-21 16:59:22,592 INFO csv write: architectural.csv sku=56386 colour='Athena Stone'
2025-08-21 16:59:22,593 INFO csv write: architectural.csv sku=56376 colour='Athena Stone'
2025-08-21 16:59:22,593 INFO csv write: architectural.csv sku=56383 colour='Athena Stone'
2025-08-21 16:59:22,593 INFO csv write: architectural.csv sku=56375 colour='Athena Stone'
2025-08-21 16:59:22,593 INFO csv write: architectural.csv sku=56387 colour='Athena Stone'
2025-08-21 16:59:22,594 INFO csv write: architectural.csv sku=56385 colour='Athena Stone'
2025-08-21 16:59:22,594 INFO csv write: alfresco_doors.csv sku= colour='Athena Stone'
2025-08-21 16:59:22,595 INFO [80/240] Done Athena Stone, rows=14, ranges=['Alfresco Doors', 'Architectural', 'Compact', 'Laminate']
