2025-08-21 14:45:03,087 INFO Processing first colour: Australian Native  https://www.polytec.com.au/colour/australian-native/
2025-08-21 14:45:04,027 INFO run start colour=https://www.polytec.com.au/colour/australian-native/
2025-08-21 14:45:04,598 INFO colour name: Australian Native
2025-08-21 14:45:04,601 INFO finish tabs: 1
2025-08-21 14:45:04,603 INFO tab 1/1 -> Woodmatt NEW
2025-08-21 14:45:04,727 INFO items in finish 'Woodmatt': 12
2025-08-21 14:45:04,727 INFO range -> Board Decorative
2025-08-21 14:45:07,605 INFO row 1: sku=57479 title='MDF 162412 DS Australian Native Woodmatt MR E0' stock=OK price=OK time=2.88s
2025-08-21 14:45:10,192 INFO row 2: sku=57482 title='MDF 183618 DS Australian Native Woodmatt MR E0' stock=OK price=OK time=2.58s
2025-08-21 14:45:12,769 INFO row 3: sku=57480 title='MDF 252412 DS Australian Native Woodmatt MR E0' stock=OK price=OK time=2.57s
2025-08-21 14:45:15,344 INFO row 4: sku=57481 title='MDF 322412 DS Australian Native Woodmatt MR E0' stock=OK price=OK time=2.56s
2025-08-21 14:45:17,919 INFO row 5: sku=57484 title='LDF 333618 DS Australian Native Woodmatt MR E0' stock=OK price=OK time=2.56s
2025-08-21 14:45:20,498 INFO row 6: sku=57483 title='LDF 253618 DS Australian Native Woodmatt STD E0' stock=OK price=OK time=2.57s
2025-08-21 14:45:20,511 INFO range -> Edgetape Decorative
2025-08-21 14:45:23,588 INFO row 7: sku=57474 title='ABS 1mm x 21mm UG 100m Australian Native Woodmatt' stock=OK price=OK time=3.08s
2025-08-21 14:45:26,685 INFO row 8: sku=57475 title='ABS 1mm x 21mm UG 20m Australian Native Woodmatt' stock=OK price=OK time=3.09s
2025-08-21 14:45:29,777 INFO row 9: sku=57478 title='ABS 1mm x 38mm UG 100m Australian Native Woodmatt' stock=OK price=OK time=3.08s
2025-08-21 14:45:32,881 INFO row 10: sku=57477 title='ABS 1mm x 29mm UG 100m Australian Native Woodmatt' stock=OK price=OK time=3.09s
2025-08-21 14:45:32,893 INFO range -> Laminate
2025-08-21 14:45:35,985 INFO row 11: sku=57473 title='Laminate Australian Native Woodmatt 0.7mm 3650x1220' stock=OK price=OK time=3.09s
2025-08-21 14:45:35,996 INFO range -> Compact
2025-08-21 14:45:38,552 INFO row 12: sku=57889 title='Compact Laminate Australian Native Woodmatt BC 3660x1830 13m' stock=OK price=OK time=2.56s
2025-08-21 14:45:38,564 INFO run end rows=12
2025-08-21 14:45:38,565 INFO csv open existing: board_decorative.csv
2025-08-21 14:45:38,565 INFO csv write: board_decorative.csv sku=57479 colour='Australian Native'
2025-08-21 14:45:38,565 INFO csv write: board_decorative.csv sku=57482 colour='Australian Native'
2025-08-21 14:45:38,565 INFO csv write: board_decorative.csv sku=57480 colour='Australian Native'
2025-08-21 14:45:38,566 INFO csv write: board_decorative.csv sku=57481 colour='Australian Native'
2025-08-21 14:45:38,566 INFO csv write: board_decorative.csv sku=57484 colour='Australian Native'
2025-08-21 14:45:38,566 INFO csv write: board_decorative.csv sku=57483 colour='Australian Native'
2025-08-21 14:45:38,566 INFO csv open existing: edgetape_decorative.csv
2025-08-21 14:45:38,567 INFO csv write: edgetape_decorative.csv sku=57474 colour='Australian Native'
2025-08-21 14:45:38,567 INFO csv write: edgetape_decorative.csv sku=57475 colour='Australian Native'
2025-08-21 14:45:38,567 INFO csv write: edgetape_decorative.csv sku=57478 colour='Australian Native'
2025-08-21 14:45:38,567 INFO csv write: edgetape_decorative.csv sku=57477 colour='Australian Native'
2025-08-21 14:45:38,567 INFO csv open existing: laminate.csv
2025-08-21 14:45:38,567 INFO csv write: laminate.csv sku=57473 colour='Australian Native'
2025-08-21 14:45:38,568 INFO csv open existing: compact.csv
2025-08-21 14:45:38,568 INFO csv write: compact.csv sku=57889 colour='Australian Native'
2025-08-21 14:45:38,673 INFO Run complete. Rows written=12. CSVs touched=['Board Decorative', 'Compact', 'Edgetape Decorative', 'Laminate']. Output dir=/Users/jaymorris/Desktop/poly_scraper_v1/csv
