2025-08-21 14:40:42,366 INFO Processing first colour: Australian Native  https://www.polytec.com.au/colour/australian-native/
2025-08-21 14:40:43,340 INFO run start colour=https://www.polytec.com.au/colour/australian-native/
2025-08-21 14:40:43,892 INFO colour name: Australian Native
2025-08-21 14:40:43,894 INFO finish tabs: 1
2025-08-21 14:40:43,897 INFO tab 1/1 -> Woodmatt NEW
2025-08-21 14:40:44,023 INFO items in finish 'Woodmatt': 12
2025-08-21 14:40:44,023 INFO range -> Board Decorative
2025-08-21 14:40:45,317 INFO row 1: sku=57479 title='MDF 162412 DS Australian Native Woodmatt MR E0' stock=OK price=OK time=1.29s
2025-08-21 14:40:45,951 INFO row 2: sku=57482 title='MDF 183618 DS Australian Native Woodmatt MR E0' stock=OK price=OK time=0.62s
2025-08-21 14:40:46,671 INFO row 3: sku=57480 title='MDF 252412 DS Australian Native Woodmatt MR E0' stock=OK price=OK time=0.70s
2025-08-21 14:40:47,394 INFO row 4: sku=57481 title='MDF 322412 DS Australian Native Woodmatt MR E0' stock=OK price=OK time=0.70s
2025-08-21 14:40:48,187 INFO row 5: sku=57484 title='LDF 333618 DS Australian Native Woodmatt MR E0' stock=OK price=OK time=0.78s
2025-08-21 14:40:48,868 INFO row 6: sku=57483 title='LDF 253618 DS Australian Native Woodmatt STD E0' stock=OK price=OK time=0.66s
2025-08-21 14:40:48,884 INFO range -> Edgetape Decorative
2025-08-21 14:41:19,469 INFO row 7: sku=57474 title='ABS 1mm x 21mm UG 100m Australian Native Woodmatt' stock=OK price=OK time=30.58s
2025-08-21 14:41:50,188 INFO row 8: sku=57475 title='ABS 1mm x 21mm UG 20m Australian Native Woodmatt' stock=OK price=OK time=30.70s
2025-08-21 14:42:21,061 INFO row 9: sku=57478 title='ABS 1mm x 38mm UG 100m Australian Native Woodmatt' stock=OK price=OK time=30.85s
2025-08-21 14:42:52,411 INFO row 10: sku=57477 title='ABS 1mm x 29mm UG 100m Australian Native Woodmatt' stock=OK price=OK time=31.33s
2025-08-21 14:42:52,429 INFO range -> Laminate
2025-08-21 14:43:23,441 INFO row 11: sku=57473 title='Laminate Australian Native Woodmatt 0.7mm 3650x1220' stock=OK price=OK time=31.01s
2025-08-21 14:43:23,459 INFO range -> Compact
2025-08-21 14:43:24,184 INFO row 12: sku=57889 title='Compact Laminate Australian Native Woodmatt BC 3660x1830 13m' stock=OK price=OK time=0.73s
2025-08-21 14:43:24,202 INFO run end rows=12
2025-08-21 14:43:24,203 INFO csv open existing: board_decorative.csv
2025-08-21 14:43:24,204 INFO csv write: board_decorative.csv sku=57479 colour='Australian Native'
2025-08-21 14:43:24,204 INFO csv write: board_decorative.csv sku=57482 colour='Australian Native'
2025-08-21 14:43:24,204 INFO csv write: board_decorative.csv sku=57480 colour='Australian Native'
2025-08-21 14:43:24,205 INFO csv write: board_decorative.csv sku=57481 colour='Australian Native'
2025-08-21 14:43:24,205 INFO csv write: board_decorative.csv sku=57484 colour='Australian Native'
2025-08-21 14:43:24,205 INFO csv write: board_decorative.csv sku=57483 colour='Australian Native'
2025-08-21 14:43:24,205 INFO csv open existing: edgetape_decorative.csv
2025-08-21 14:43:24,205 INFO csv write: edgetape_decorative.csv sku=57474 colour='Australian Native'
2025-08-21 14:43:24,206 INFO csv write: edgetape_decorative.csv sku=57475 colour='Australian Native'
2025-08-21 14:43:24,206 INFO csv write: edgetape_decorative.csv sku=57478 colour='Australian Native'
2025-08-21 14:43:24,206 INFO csv write: edgetape_decorative.csv sku=57477 colour='Australian Native'
2025-08-21 14:43:24,206 INFO csv open existing: laminate.csv
2025-08-21 14:43:24,207 INFO csv write: laminate.csv sku=57473 colour='Australian Native'
2025-08-21 14:43:24,207 INFO csv open existing: compact.csv
2025-08-21 14:43:24,207 INFO csv write: compact.csv sku=57889 colour='Australian Native'
2025-08-21 14:43:24,313 INFO Run complete. Rows written=12. CSVs touched=['Board Decorative', 'Compact', 'Edgetape Decorative', 'Laminate']. Output dir=/Users/jaymorris/Desktop/poly_scraper_v1/csv
