2025-08-21 16:41:40,502 INFO [1/240] Processing Australian Native  https://www.polytec.com.au/colour/australian-native/
2025-08-21 16:41:40,502 INFO run start colour=https://www.polytec.com.au/colour/australian-native/
2025-08-21 16:41:41,156 INFO colour name: Australian Native
2025-08-21 16:41:41,162 INFO finish tabs: 1
2025-08-21 16:41:41,232 INFO tab 1/1 -> Woodmatt
2025-08-21 16:41:41,285 INFO items in finish 'Woodmatt': 12
2025-08-21 16:41:41,285 INFO range -> Board Decorative
2025-08-21 16:41:42,433 INFO row 1: sku=57479 title='MDF 162412 DS Australian Native Woodmatt MR E0' stock=OK price=OK qty_used=1 moq_min=1 step=1 time=1.15s
2025-08-21 16:41:43,195 INFO row 2: sku=57482 title='MDF 183618 DS Australian Native Woodmatt MR E0' stock=OK price=OK qty_used=1 moq_min=1 step=1 time=0.76s
2025-08-21 16:41:43,962 INFO row 3: sku=57480 title='MDF 252412 DS Australian Native Woodmatt MR E0' stock=OK price=OK qty_used=1 moq_min=1 step=1 time=0.77s
2025-08-21 16:41:44,732 INFO row 4: sku=57481 title='MDF 322412 DS Australian Native Woodmatt MR E0' stock=OK price=OK qty_used=1 moq_min=1 step=1 time=0.77s
2025-08-21 16:41:45,502 INFO row 5: sku=57484 title='LDF 333618 DS Australian Native Woodmatt MR E0' stock=OK price=OK qty_used=1 moq_min=1 step=1 time=0.77s
2025-08-21 16:41:46,262 INFO row 6: sku=57483 title='LDF 253618 DS Australian Native Woodmatt STD E0' stock=OK price=OK qty_used=1 moq_min=1 step=1 time=0.76s
2025-08-21 16:41:46,262 INFO range -> Edgetape Decorative
2025-08-21 16:41:47,303 INFO row 7: sku=57474 title='ABS 1mm x 21mm UG 100m Australian Native Woodmatt' stock=OK price=OK qty_used=1 moq_min=1 step=1 time=1.04s
2025-08-21 16:41:48,344 INFO row 8: sku=57475 title='ABS 1mm x 21mm UG 20m Australian Native Woodmatt' stock=OK price=OK qty_used=1 moq_min=1 step=1 time=1.04s
2025-08-21 16:41:49,400 INFO row 9: sku=57478 title='ABS 1mm x 38mm UG 100m Australian Native Woodmatt' stock=OK price=OK qty_used=1 moq_min=1 step=1 time=1.06s
2025-08-21 16:41:50,441 INFO row 10: sku=57477 title='ABS 1mm x 29mm UG 100m Australian Native Woodmatt' stock=OK price=OK qty_used=1 moq_min=1 step=1 time=1.04s
2025-08-21 16:41:50,442 INFO range -> Laminate
2025-08-21 16:41:51,493 INFO row 11: sku=57473 title='Laminate Australian Native Woodmatt 0.7mm 3650x1220' stock=OK price=OK qty_used=1 moq_min=1 step=1 time=1.05s
2025-08-21 16:41:51,493 INFO range -> Compact
2025-08-21 16:41:52,262 INFO row 12: sku=57889 title='Compact Laminate Australian Native Woodmatt BC 3660x1830 13m' stock=OK price=OK qty_used=1 moq_min=1 step=1 time=0.77s
2025-08-21 16:41:52,262 INFO run end rows=12
2025-08-21 16:41:52,263 INFO csv new: board_decorative.csv
2025-08-21 16:41:52,263 INFO csv write: board_decorative.csv sku=57479 colour='Australian Native'
2025-08-21 16:41:52,264 INFO csv write: board_decorative.csv sku=57482 colour='Australian Native'
2025-08-21 16:41:52,264 INFO csv write: board_decorative.csv sku=57480 colour='Australian Native'
2025-08-21 16:41:52,264 INFO csv write: board_decorative.csv sku=57481 colour='Australian Native'
2025-08-21 16:41:52,264 INFO csv write: board_decorative.csv sku=57484 colour='Australian Native'
2025-08-21 16:41:52,264 INFO csv write: board_decorative.csv sku=57483 colour='Australian Native'
2025-08-21 16:41:52,264 INFO csv new: edgetape_decorative.csv
2025-08-21 16:41:52,265 INFO csv write: edgetape_decorative.csv sku=57474 colour='Australian Native'
2025-08-21 16:41:52,265 INFO csv write: edgetape_decorative.csv sku=57475 colour='Australian Native'
2025-08-21 16:41:52,265 INFO csv write: edgetape_decorative.csv sku=57478 colour='Australian Native'
2025-08-21 16:41:52,265 INFO csv write: edgetape_decorative.csv sku=57477 colour='Australian Native'
2025-08-21 16:41:52,265 INFO csv new: laminate.csv
2025-08-21 16:41:52,266 INFO csv write: laminate.csv sku=57473 colour='Australian Native'
2025-08-21 16:41:52,266 INFO csv new: compact.csv
2025-08-21 16:41:52,266 INFO csv write: compact.csv sku=57889 colour='Australian Native'
2025-08-21 16:41:52,266 INFO [1/240] Done Australian Native, rows=12, ranges=['Board Decorative', 'Compact', 'Edgetape Decorative', 'Laminate']
