2025-08-21 17:15:56,630 INFO [142/240] Processing Avion Grey  https://www.polytec.com.au/colour/avion-grey/
2025-08-21 17:15:56,630 INFO run start colour=https://www.polytec.com.au/colour/avion-grey/
2025-08-21 17:15:56,991 INFO colour name: Avion Grey
2025-08-21 17:15:57,002 INFO finish tabs: 3
2025-08-21 17:15:57,025 INFO tab 1/3 -> Matt
2025-08-21 17:15:57,042 INFO items in finish 'Matt': 5
2025-08-21 17:15:57,043 INFO range -> Board Decorative
2025-08-21 17:15:58,182 INFO row 1: sku=50334 title='MDF 162412 DS Avion Grey Matt MR E0' stock=OK price=OK qty_used=1 moq_min=1 step=1 time=1.14s
2025-08-21 17:15:58,182 INFO range -> Edgetape Decorative
2025-08-21 17:15:59,223 INFO row 2: sku=50509 title='ABS 1mm x 21mm UG 100m Avion Grey Matt' stock=OK price=OK qty_used=1 moq_min=1 step=1 time=1.04s
2025-08-21 17:16:00,279 INFO row 3: sku=50498 title='ABS 1mm x 21mm UG 20m Avion Grey Matt' stock=OK price=OK qty_used=1 moq_min=1 step=1 time=1.05s
2025-08-21 17:16:01,326 INFO row 4: sku=50529 title='ABS 1mm x 29mm UG 100m Avion Grey Matt' stock=OK price=OK qty_used=1 moq_min=1 step=1 time=1.05s
2025-08-21 17:16:01,326 INFO range -> Laminate
2025-08-21 17:16:02,393 INFO row 5: sku=50532 title='Laminate Avion Grey Matt 0.7mm 3650x1220' stock=OK price=OK qty_used=1 moq_min=1 step=1 time=1.07s
2025-08-21 17:16:02,423 INFO tab 2/3 -> Ravine
2025-08-21 17:16:02,455 INFO items in finish 'Ravine': 9
2025-08-21 17:16:02,456 INFO range -> Board Decorative
2025-08-21 17:16:03,580 INFO row 1: sku=55483 title='MDF 182412 DS Avion Grey Ravine MR E0' stock=OK price=OK qty_used=1 moq_min=1 step=1 time=1.12s
2025-08-21 17:16:04,345 INFO row 2: sku=55484 title='MDF 183112 DS Avion Grey Ravine MR E0' stock=OK price=OK qty_used=1 moq_min=1 step=1 time=0.76s
2025-08-21 17:16:05,118 INFO row 3: sku=55485 title='MDF 252412 DS Avion Grey Ravine MR E0' stock=OK price=OK qty_used=1 moq_min=1 step=1 time=0.77s
2025-08-21 17:16:05,871 INFO row 4: sku=55655 title='MDF 322412 DS Avion Grey Ravine MR E0' stock=OK price=OK qty_used=1 moq_min=1 step=1 time=0.75s
2025-08-21 17:16:05,871 INFO range -> Edgetape Decorative
2025-08-21 17:16:06,930 INFO row 5: sku=55487 title='ABS 1mm x 22mm UG 100m Avion Grey Ravine' stock=OK price=OK qty_used=1 moq_min=1 step=1 time=1.06s
2025-08-21 17:16:07,994 INFO row 6: sku=55489 title='ABS 1mm x 22mm UG 20m Avion Grey Ravine' stock=OK price=OK qty_used=1 moq_min=1 step=1 time=1.06s
2025-08-21 17:16:09,065 INFO row 7: sku=55490 title='ABS 1mm x 29mm UG 100m Avion Grey Ravine' stock=OK price=OK qty_used=1 moq_min=1 step=1 time=1.07s
2025-08-21 17:16:10,132 INFO row 8: sku=55656 title='ABS 1mm x 38mm UG 100m Avion Grey Ravine' stock=OK price=OK qty_used=1 moq_min=1 step=1 time=1.07s
2025-08-21 17:16:10,132 INFO range -> Laminate
2025-08-21 17:16:11,169 INFO row 9: sku=55491 title='Laminate Avion Grey Ravine 0.7mm 3650x1220' stock=OK price=OK qty_used=1 moq_min=1 step=1 time=1.04s
2025-08-21 17:16:11,197 INFO tab 3/3 -> Venette
2025-08-21 17:16:11,218 INFO items in finish 'Venette': 5
2025-08-21 17:16:11,218 INFO range -> Board Decorative
2025-08-21 17:16:12,352 INFO row 1: sku=50339 title='MDF 182412 SS Avion Grey Venette LMG E0' stock=OK price=OK qty_used=1 moq_min=1 step=1 time=1.13s
2025-08-21 17:16:13,111 INFO row 2: sku=50338 title='MDF 182412 DS Avion Grey Venette LMG E0' stock=OK price=OK qty_used=1 moq_min=1 step=1 time=0.76s
2025-08-21 17:16:13,111 INFO range -> Edgetape Decorative
2025-08-21 17:16:14,180 INFO row 3: sku=50513 title='ABS 1mm x 21mm UG 100m Avion Grey Venette' stock=OK price=OK qty_used=1 moq_min=1 step=1 time=1.07s
2025-08-21 17:16:15,226 INFO row 4: sku=50511 title='ABS 1mm x 21mm UG 20m Avion Grey Venette' stock=OK price=OK qty_used=1 moq_min=1 step=1 time=1.05s
2025-08-21 17:16:16,265 INFO row 5: sku=50530 title='ABS 1mm x 29mm UG 100m Avion Grey Venette' stock=OK price=OK qty_used=1 moq_min=1 step=1 time=1.04s
2025-08-21 17:16:16,265 INFO run end rows=19
2025-08-21 17:16:16,266 INFO csv write: board_decorative.csv sku=50334 colour='Avion Grey'
2025-08-21 17:16:16,267 INFO csv write: edgetape_decorative.csv sku=50509 colour='Avion Grey'
2025-08-21 17:16:16,267 INFO csv write: edgetape_decorative.csv sku=50498 colour='Avion Grey'
2025-08-21 17:16:16,267 INFO csv write: edgetape_decorative.csv sku=50529 colour='Avion Grey'
2025-08-21 17:16:16,267 INFO csv write: laminate.csv sku=50532 colour='Avion Grey'
2025-08-21 17:16:16,268 INFO csv write: board_decorative.csv sku=55483 colour='Avion Grey'
2025-08-21 17:16:16,268 INFO csv write: board_decorative.csv sku=55484 colour='Avion Grey'
2025-08-21 17:16:16,268 INFO csv write: board_decorative.csv sku=55485 colour='Avion Grey'
2025-08-21 17:16:16,268 INFO csv write: board_decorative.csv sku=55655 colour='Avion Grey'
2025-08-21 17:16:16,268 INFO csv write: edgetape_decorative.csv sku=55487 colour='Avion Grey'
2025-08-21 17:16:16,268 INFO csv write: edgetape_decorative.csv sku=55489 colour='Avion Grey'
2025-08-21 17:16:16,268 INFO csv write: edgetape_decorative.csv sku=55490 colour='Avion Grey'
2025-08-21 17:16:16,268 INFO csv write: edgetape_decorative.csv sku=55656 colour='Avion Grey'
2025-08-21 17:16:16,269 INFO csv write: laminate.csv sku=55491 colour='Avion Grey'
2025-08-21 17:16:16,269 INFO csv write: board_decorative.csv sku=50339 colour='Avion Grey'
2025-08-21 17:16:16,269 INFO csv write: board_decorative.csv sku=50338 colour='Avion Grey'
2025-08-21 17:16:16,269 INFO csv write: edgetape_decorative.csv sku=50513 colour='Avion Grey'
2025-08-21 17:16:16,269 INFO csv write: edgetape_decorative.csv sku=50511 colour='Avion Grey'
2025-08-21 17:16:16,269 INFO csv write: edgetape_decorative.csv sku=50530 colour='Avion Grey'
2025-08-21 17:16:16,269 INFO [142/240] Done Avion Grey, rows=19, ranges=['Board Decorative', 'Edgetape Decorative', 'Laminate']
