2025-08-21 16:46:30,764 INFO [18/240] Processing Batten Oak  https://www.polytec.com.au/colour/batten-oak/
2025-08-21 16:46:30,764 INFO run start colour=https://www.polytec.com.au/colour/batten-oak/
2025-08-21 16:46:31,200 INFO colour name: Batten Oak
2025-08-21 16:46:31,207 INFO finish tabs: 1
2025-08-21 16:46:31,227 INFO tab 1/1 -> Woodmatt
2025-08-21 16:46:31,265 INFO items in finish 'Woodmatt': 11
2025-08-21 16:46:31,265 INFO range -> Board Decorative
2025-08-21 16:46:32,392 INFO row 1: sku=56254 title='MDF 182412 DS Batten Oak Woodmatt MR E0' stock=OK price=OK qty_used=1 moq_min=1 step=1 time=1.13s
2025-08-21 16:46:33,152 INFO row 2: sku=56255 title='MDF 183112 DS Batten Oak Woodmatt MR E0' stock=OK price=OK qty_used=1 moq_min=1 step=1 time=0.76s
2025-08-21 16:46:33,919 INFO row 3: sku=56493 title='MDF 092412 DS Batten Oak Woodmatt MR E0' stock=OK price=OK qty_used=1 moq_min=1 step=1 time=0.77s
2025-08-21 16:46:33,919 INFO range -> Edgetape Decorative
2025-08-21 16:46:34,688 INFO row 4: sku=56256 title='ABS 1mm x 21mm UG 100m Batten Oak Woodmatt' stock=OK price=OK qty_used=1 moq_min=1 step=1 time=0.77s
2025-08-21 16:46:35,454 INFO row 5: sku=56257 title='ABS 1mm x 21mm UG 20m Batten Oak Woodmatt' stock=OK price=OK qty_used=1 moq_min=1 step=1 time=0.77s
2025-08-21 16:46:36,496 INFO row 6: sku=56258 title='ABS 1mm x 29mm UG 100m Batten Oak Woodmatt' stock=OK price=OK qty_used=1 moq_min=1 step=1 time=1.04s
2025-08-21 16:46:37,544 INFO row 7: sku=56724 title='ABS 1mm x 29mm UG 100m Batten Oak Woodmatt (Cross Cut)' stock=OK price=OK qty_used=1 moq_min=1 step=1 time=1.05s
2025-08-21 16:46:37,544 INFO range -> Laminate
2025-08-21 16:46:38,609 INFO row 8: sku=56261 title='Laminate Batten Oak Woodmatt 0.7mm 3650x1220' stock=OK price=OK qty_used=1 moq_min=1 step=1 time=1.06s
2025-08-21 16:46:38,609 INFO range -> Compact
2025-08-21 16:46:39,368 INFO row 9: sku=56260 title='Compact Laminate Batten Oak Woodmatt BC 3660x1830 13mm' stock=OK price=OK qty_used=1 moq_min=1 step=1 time=0.76s
2025-08-21 16:46:40,137 INFO row 10: sku=56715 title='Compact Laminate Batten Oak Woodmatt BC 3660x1830 5mm' stock=OK price=OK qty_used=1 moq_min=1 step=1 time=0.77s
2025-08-21 16:46:40,137 INFO range -> Edgetape Decorative WIP
2025-08-21 16:46:41,201 INFO row 11: sku=56723 title='ABS 1mm x 21mm UG 100m Batten Oak Woodmatt (Cross Cut)' stock=OK price=OK qty_used=1 moq_min=1 step=1 time=1.06s
2025-08-21 16:46:41,201 INFO run end rows=11
2025-08-21 16:46:41,202 INFO csv write: board_decorative.csv sku=56254 colour='Batten Oak'
2025-08-21 16:46:41,202 INFO csv write: board_decorative.csv sku=56255 colour='Batten Oak'
2025-08-21 16:46:41,202 INFO csv write: board_decorative.csv sku=56493 colour='Batten Oak'
2025-08-21 16:46:41,202 INFO csv write: edgetape_decorative.csv sku=56256 colour='Batten Oak'
2025-08-21 16:46:41,203 INFO csv write: edgetape_decorative.csv sku=56257 colour='Batten Oak'
2025-08-21 16:46:41,203 INFO csv write: edgetape_decorative.csv sku=56258 colour='Batten Oak'
2025-08-21 16:46:41,203 INFO csv write: edgetape_decorative.csv sku=56724 colour='Batten Oak'
2025-08-21 16:46:41,203 INFO csv write: laminate.csv sku=56261 colour='Batten Oak'
2025-08-21 16:46:41,203 INFO csv write: compact.csv sku=56260 colour='Batten Oak'
2025-08-21 16:46:41,203 INFO csv write: compact.csv sku=56715 colour='Batten Oak'
2025-08-21 16:46:41,204 INFO csv new: edgetape_decorative_wip.csv
2025-08-21 16:46:41,204 INFO csv write: edgetape_decorative_wip.csv sku=56723 colour='Batten Oak'
2025-08-21 16:46:41,204 INFO [18/240] Done Batten Oak, rows=11, ranges=['Board Decorative', 'Compact', 'Edgetape Decorative', 'Edgetape Decorative WIP', 'Laminate']
