2025-08-21 17:37:03,787 INFO [185/240] Processing Belgian Oak  https://www.polytec.com.au/colour/belgian-oak/
2025-08-21 17:37:03,787 INFO run start colour=https://www.polytec.com.au/colour/belgian-oak/
2025-08-21 17:37:04,204 INFO colour name: Belgian Oak
2025-08-21 17:37:04,209 INFO finish tabs: 1
2025-08-21 17:37:04,268 INFO tab 1/1 -> Matt
2025-08-21 17:37:04,324 INFO items in finish 'Matt': 12
2025-08-21 17:37:04,324 INFO range -> Board Decorative
2025-08-21 17:37:05,425 INFO row 1: sku=12924 title='MDF 162412 DS Belgian Oak Matt MR E0' stock=OK price=OK qty_used=1 moq_min=1 step=1 time=1.10s
2025-08-21 17:37:06,199 INFO row 2: sku=14160 title='Particle 183618 DS Belgian Oak Matt MR' stock=OK price=OK qty_used=1 moq_min=1 step=1 time=0.77s
2025-08-21 17:37:06,962 INFO row 3: sku=45423 title='LDF 253618 DS Belgian Oak Matt STD E0' stock=OK price=OK qty_used=1 moq_min=1 step=1 time=0.76s
2025-08-21 17:37:07,727 INFO row 4: sku=26507 title='LDF 333618 DS Belgian Oak Matt MR E0' stock=OK price=OK qty_used=1 moq_min=1 step=1 time=0.76s
2025-08-21 17:37:07,727 INFO range -> Edgetape Decorative
2025-08-21 17:37:08,775 INFO row 5: sku=12709 title='Rigid 1mm x 21mm UG 100m Belgian Oak Matt' stock=OK price=OK qty_used=1 moq_min=1 step=1 time=1.05s
2025-08-21 17:37:09,820 INFO row 6: sku=17686 title='Rigid 1mm x 21mm UG 20m Belgian Oak Matt' stock=OK price=OK qty_used=1 moq_min=1 step=1 time=1.04s
2025-08-21 17:37:10,875 INFO row 7: sku=51699 title='ABS 1mm x 29mm UG 100m Belgian Oak Matt' stock=OK price=OK qty_used=1 moq_min=1 step=1 time=1.05s
2025-08-21 17:37:11,943 INFO row 8: sku=53997 title='ABS 1mm x 38mm UG 100m Belgian Oak Matt' stock=OK price=OK qty_used=1 moq_min=1 step=1 time=1.07s
2025-08-21 17:37:11,943 INFO range -> Laminate
2025-08-21 17:37:12,992 INFO row 9: sku=12485 title='Laminate Belgian Oak Matt 0.7mm 3650x1360' stock=OK price=OK qty_used=1 moq_min=1 step=1 time=1.05s
2025-08-21 17:37:14,054 INFO row 10: sku=13046 title='Laminate Belgian Oak Matt HL 0.7mm 3650x680' stock=OK price=OK qty_used=1 moq_min=1 step=1 time=1.06s
2025-08-21 17:37:15,107 INFO row 11: sku=13048 title='Laminate Belgian Oak Matt Q 0.7mm 1830x680' stock=OK price=OK qty_used=1 moq_min=1 step=1 time=1.05s
2025-08-21 17:37:16,159 INFO row 12: sku=13047 title='Laminate Belgian Oak Matt HS 0.7mm 1830x1360' stock=OK price=OK qty_used=1 moq_min=1 step=1 time=1.05s
2025-08-21 17:37:16,159 INFO run end rows=12
2025-08-21 17:37:16,159 INFO csv write: board_decorative.csv sku=12924 colour='Belgian Oak'
2025-08-21 17:37:16,160 INFO csv write: board_decorative.csv sku=14160 colour='Belgian Oak'
2025-08-21 17:37:16,160 INFO csv write: board_decorative.csv sku=45423 colour='Belgian Oak'
2025-08-21 17:37:16,160 INFO csv write: board_decorative.csv sku=26507 colour='Belgian Oak'
2025-08-21 17:37:16,160 INFO csv write: edgetape_decorative.csv sku=12709 colour='Belgian Oak'
2025-08-21 17:37:16,160 INFO csv write: edgetape_decorative.csv sku=17686 colour='Belgian Oak'
2025-08-21 17:37:16,161 INFO csv write: edgetape_decorative.csv sku=51699 colour='Belgian Oak'
2025-08-21 17:37:16,161 INFO csv write: edgetape_decorative.csv sku=53997 colour='Belgian Oak'
2025-08-21 17:37:16,161 INFO csv write: laminate.csv sku=12485 colour='Belgian Oak'
2025-08-21 17:37:16,161 INFO csv write: laminate.csv sku=13046 colour='Belgian Oak'
2025-08-21 17:37:16,161 INFO csv write: laminate.csv sku=13048 colour='Belgian Oak'
2025-08-21 17:37:16,161 INFO csv write: laminate.csv sku=13047 colour='Belgian Oak'
2025-08-21 17:37:16,162 INFO [185/240] Done Belgian Oak, rows=12, ranges=['Board Decorative', 'Edgetape Decorative', 'Laminate']
