2025-08-21 16:53:19,977 INFO [47/240] Processing Black Ply  https://www.polytec.com.au/colour/black-ply/
2025-08-21 16:53:19,977 INFO run start colour=https://www.polytec.com.au/colour/black-ply/
2025-08-21 16:53:20,401 INFO colour name: Black Ply
2025-08-21 16:53:20,405 INFO finish tabs: 1
2025-08-21 16:53:20,432 INFO tab 1/1 -> Woodmatt
2025-08-21 16:53:20,512 INFO items in finish 'Woodmatt': 17
2025-08-21 16:53:20,512 INFO range -> Board Decorative
2025-08-21 16:53:21,649 INFO row 1: sku=52640 title='MDF 162412 DS Black Ply Woodmatt MR E0' stock=OK price=OK qty_used=1 moq_min=1 step=1 time=1.14s
2025-08-21 16:53:22,411 INFO row 2: sku=54308 title='MDF 163112 DS Black Ply Woodmatt MR E0' stock=OK price=OK qty_used=1 moq_min=1 step=1 time=0.76s
2025-08-21 16:53:23,180 INFO row 3: sku=52620 title='MDF 183618 DS Black Ply Woodmatt MR E0' stock=OK price=OK qty_used=1 moq_min=1 step=1 time=0.77s
2025-08-21 16:53:23,962 INFO row 4: sku=52641 title='MDF 252412 DS Black Ply Woodmatt MR E0' stock=OK price=OK qty_used=1 moq_min=1 step=1 time=0.78s
2025-08-21 16:53:24,725 INFO row 5: sku=52621 title='LDF 253618 DS Black Ply Woodmatt STD E0' stock=OK price=OK qty_used=1 moq_min=1 step=1 time=0.76s
2025-08-21 16:53:25,488 INFO row 6: sku=52642 title='MDF 322412 DS Black Ply Woodmatt MR E0' stock=OK price=OK qty_used=1 moq_min=1 step=1 time=0.76s
2025-08-21 16:53:26,259 INFO row 7: sku=58060 title='MDF 092712 DS Black Ply Woodmatt MR E0' stock=OK price=OK qty_used=1 moq_min=1 step=1 time=0.77s
2025-08-21 16:53:27,026 INFO row 8: sku=52622 title='LDF 333618 DS Black Ply Woodmatt MR E0' stock=OK price=OK qty_used=1 moq_min=1 step=1 time=0.77s
2025-08-21 16:53:27,027 INFO range -> Edgetape Decorative
2025-08-21 16:53:28,072 INFO row 9: sku=52645 title='ABS 1mm x 21mm UG 100m Black Ply Woodmatt' stock=OK price=OK qty_used=1 moq_min=1 step=1 time=1.04s
2025-08-21 16:53:29,118 INFO row 10: sku=52643 title='ABS 1mm x 21mm UG 20m Black Ply Woodmatt' stock=OK price=OK qty_used=1 moq_min=1 step=1 time=1.05s
2025-08-21 16:53:30,175 INFO row 11: sku=52646 title='ABS 1mm x 29mm UG 100m Black Ply Woodmatt' stock=OK price=OK qty_used=1 moq_min=1 step=1 time=1.06s
2025-08-21 16:53:31,243 INFO row 12: sku=52647 title='ABS 1mm x 38mm UG 100m Black Ply Woodmatt' stock=OK price=OK qty_used=1 moq_min=1 step=1 time=1.07s
2025-08-21 16:53:31,243 INFO range -> Laminate
2025-08-21 16:53:32,302 INFO row 13: sku=52136 title='Laminate Black Ply Woodmatt 0.7mm 3650x1360' stock=OK price=OK qty_used=1 moq_min=1 step=1 time=1.06s
2025-08-21 16:53:33,324 INFO row 14: sku=52648 title='Laminate Black Ply Woodmatt HL 0.7mm 3650x680' stock=OK price=OK qty_used=1 moq_min=1 step=1 time=1.02s
2025-08-21 16:53:34,368 INFO row 15: sku=52650 title='Laminate Black Ply Woodmatt Q 0.7mm 1825x680' stock=OK price=OK qty_used=1 moq_min=1 step=1 time=1.04s
2025-08-21 16:53:35,392 INFO row 16: sku=52649 title='Laminate Black Ply Woodmatt HS 0.7mm 1825x1360' stock=OK price=OK qty_used=1 moq_min=1 step=1 time=1.02s
2025-08-21 16:53:35,392 INFO range -> Compact
2025-08-21 16:53:36,147 INFO row 17: sku=52965 title='Compact Laminate Black Ply Woodmatt BC 3660x1830 13mm' stock=OK price=OK qty_used=1 moq_min=1 step=1 time=0.75s
2025-08-21 16:53:36,147 INFO run end rows=17
2025-08-21 16:53:36,147 INFO csv write: board_decorative.csv sku=52640 colour='Black Ply'
2025-08-21 16:53:36,148 INFO csv write: board_decorative.csv sku=54308 colour='Black Ply'
2025-08-21 16:53:36,148 INFO csv write: board_decorative.csv sku=52620 colour='Black Ply'
2025-08-21 16:53:36,148 INFO csv write: board_decorative.csv sku=52641 colour='Black Ply'
2025-08-21 16:53:36,148 INFO csv write: board_decorative.csv sku=52621 colour='Black Ply'
2025-08-21 16:53:36,148 INFO csv write: board_decorative.csv sku=52642 colour='Black Ply'
2025-08-21 16:53:36,148 INFO csv write: board_decorative.csv sku=58060 colour='Black Ply'
2025-08-21 16:53:36,149 INFO csv write: board_decorative.csv sku=52622 colour='Black Ply'
2025-08-21 16:53:36,149 INFO csv write: edgetape_decorative.csv sku=52645 colour='Black Ply'
2025-08-21 16:53:36,149 INFO csv write: edgetape_decorative.csv sku=52643 colour='Black Ply'
2025-08-21 16:53:36,149 INFO csv write: edgetape_decorative.csv sku=52646 colour='Black Ply'
2025-08-21 16:53:36,149 INFO csv write: edgetape_decorative.csv sku=52647 colour='Black Ply'
2025-08-21 16:53:36,149 INFO csv write: laminate.csv sku=52136 colour='Black Ply'
2025-08-21 16:53:36,149 INFO csv write: laminate.csv sku=52648 colour='Black Ply'
2025-08-21 16:53:36,150 INFO csv write: laminate.csv sku=52650 colour='Black Ply'
2025-08-21 16:53:36,150 INFO csv write: laminate.csv sku=52649 colour='Black Ply'
2025-08-21 16:53:36,150 INFO csv write: compact.csv sku=52965 colour='Black Ply'
2025-08-21 16:53:36,150 INFO [47/240] Done Black Ply, rows=17, ranges=['Board Decorative', 'Compact', 'Edgetape Decorative', 'Laminate']
