2025-08-21 16:14:24,949 INFO [15/240] Processing Blackened Oak  https://www.polytec.com.au/colour/blackened-oak/
2025-08-21 16:14:24,950 INFO run start colour=https://www.polytec.com.au/colour/blackened-oak/
2025-08-21 16:14:25,261 INFO colour name: Blackened Oak
2025-08-21 16:14:25,351 INFO finish tabs: 1
2025-08-21 16:14:25,380 INFO tab 1/1 -> Woodmatt
2025-08-21 16:14:25,441 INFO items in finish 'Woodmatt': 16
2025-08-21 16:14:25,441 INFO range -> Board Decorative
2025-08-21 16:14:28,542 INFO row 1: sku=57175 title='MDF 182412 DS Blackened Oak Woodmatt MR E0' stock=OK price=OK time=3.10s
2025-08-21 16:14:30,818 INFO row 2: sku=57176 title='MDF 183112 DS Blackened Oak Woodmatt MR E0' stock=OK price=OK time=2.27s
2025-08-21 16:14:33,097 INFO row 3: sku=57177 title='MDF 252412 DS Blackened Oak Woodmatt MR E0' stock=OK price=OK time=2.27s
2025-08-21 16:14:35,366 INFO row 4: sku=58450 title='MDF 183618 DS Blackened Oak Woodmatt MR E0' stock=OK price=OK time=2.26s
2025-08-21 16:14:37,647 INFO row 5: sku=58452 title='LDF 333618 DS Blackened Oak Woodmatt MR E0' stock=OK price=OK time=2.27s
2025-08-21 16:14:39,931 INFO row 6: sku=58062 title='MDF 092712 DS Blackened Oak Woodmatt MR E0' stock=OK price=OK time=2.27s
2025-08-21 16:14:42,208 INFO row 7: sku=58451 title='LDF 253618 DS Blackened Oak Woodmatt STD E0' stock=OK price=OK time=2.27s
2025-08-21 16:14:42,218 INFO range -> Edgetape Decorative
2025-08-21 16:14:44,892 INFO row 8: sku=56904 title='ABS 1mm x 21mm UG 100m Blackened Oak Woodmatt' stock=OK price=OK time=2.67s
2025-08-21 16:14:47,563 INFO row 9: sku=56905 title='ABS 1mm x 21mm UG 20m Blackened Oak Woodmatt' stock=OK price=OK time=2.66s
2025-08-21 16:14:50,249 INFO row 10: sku=56907 title='ABS 1mm x 29mm UG 100m Blackened Oak Woodmatt' stock=OK price=OK time=2.68s
2025-08-21 16:14:52,922 INFO row 11: sku=57421 title='ABS 1mm x 38mm UG 100m Blackened Oak Woodmatt' stock=OK price=OK time=2.66s
2025-08-21 16:14:52,932 INFO range -> Laminate
2025-08-21 16:14:55,607 INFO row 12: sku=56860 title='Laminate Blackened Oak Woodmatt 0.7mm 3650x1360' stock=OK price=OK time=2.67s
2025-08-21 16:14:58,289 INFO row 13: sku=56861 title='Laminate Blackened Oak Woodmatt HL 0.7mm 3650x680' stock=OK price=OK time=2.67s
2025-08-21 16:15:00,972 INFO row 14: sku=56863 title='Laminate Blackened Oak Woodmatt Q 0.7mm 1825x680' stock=OK price=OK time=2.67s
2025-08-21 16:15:03,664 INFO row 15: sku=56862 title='Laminate Blackened Oak Woodmatt HS 0.7mm 1825x1360' stock=OK price=OK time=2.68s
2025-08-21 16:15:03,676 INFO range -> Thermolaminated Doors and Panels
2025-08-21 16:15:09,465 INFO row 16: sku= title='Style 1 - 6' stock=EMPTY price=EMPTY time=5.79s
2025-08-21 16:15:09,478 INFO run end rows=16
2025-08-21 16:15:09,479 INFO csv write: board_decorative.csv sku=57175 colour='Blackened Oak'
2025-08-21 16:15:09,479 INFO csv write: board_decorative.csv sku=57176 colour='Blackened Oak'
2025-08-21 16:15:09,479 INFO csv write: board_decorative.csv sku=57177 colour='Blackened Oak'
2025-08-21 16:15:09,480 INFO csv write: board_decorative.csv sku=58450 colour='Blackened Oak'
2025-08-21 16:15:09,480 INFO csv write: board_decorative.csv sku=58452 colour='Blackened Oak'
2025-08-21 16:15:09,480 INFO csv write: board_decorative.csv sku=58062 colour='Blackened Oak'
2025-08-21 16:15:09,481 INFO csv write: board_decorative.csv sku=58451 colour='Blackened Oak'
2025-08-21 16:15:09,481 INFO csv write: edgetape_decorative.csv sku=56904 colour='Blackened Oak'
2025-08-21 16:15:09,481 INFO csv write: edgetape_decorative.csv sku=56905 colour='Blackened Oak'
2025-08-21 16:15:09,482 INFO csv write: edgetape_decorative.csv sku=56907 colour='Blackened Oak'
2025-08-21 16:15:09,482 INFO csv write: edgetape_decorative.csv sku=57421 colour='Blackened Oak'
2025-08-21 16:15:09,482 INFO csv write: laminate.csv sku=56860 colour='Blackened Oak'
2025-08-21 16:15:09,482 INFO csv write: laminate.csv sku=56861 colour='Blackened Oak'
2025-08-21 16:15:09,483 INFO csv write: laminate.csv sku=56863 colour='Blackened Oak'
2025-08-21 16:15:09,483 INFO csv write: laminate.csv sku=56862 colour='Blackened Oak'
2025-08-21 16:15:09,483 INFO csv write: thermolaminated_doors_and_panels.csv sku= colour='Blackened Oak'
2025-08-21 16:15:09,484 INFO [15/240] Done Blackened Oak, rows=16, ranges=['Board Decorative', 'Edgetape Decorative', 'Laminate', 'Thermolaminated Doors and Panels']
