2025-08-21 17:43:04,647 INFO [222/240] Processing Black Wenge  https://www.polytec.com.au/colour/black-wenge/
2025-08-21 17:43:04,647 INFO run start colour=https://www.polytec.com.au/colour/black-wenge/
2025-08-21 17:43:05,060 INFO colour name: Black Wenge
2025-08-21 17:43:05,080 INFO finish tabs: 4
2025-08-21 17:43:05,103 INFO tab 1/4 -> Gloss
2025-08-21 17:43:05,123 INFO items in finish 'Gloss': 5
2025-08-21 17:43:05,123 INFO range -> Board Decorative
2025-08-21 17:43:06,257 INFO row 1: sku=25864 title='MDF 182412 SS Black Wenge Gloss LMG E0' stock=OK price=OK qty_used=1 moq_min=1 step=1 time=1.13s
2025-08-21 17:43:07,021 INFO row 2: sku=26269 title='MDF 182412 DS Black Wenge Gloss LMG E0' stock=OK price=OK qty_used=1 moq_min=1 step=1 time=0.76s
2025-08-21 17:43:07,022 INFO range -> Edgetape Decorative
2025-08-21 17:43:08,087 INFO row 3: sku=26294 title='ABS 1mm x 21mm UG 100m Black Wenge Gloss' stock=OK price=OK qty_used=1 moq_min=1 step=1 time=1.06s
2025-08-21 17:43:09,128 INFO row 4: sku=26296 title='ABS 1mm x 21mm UG 20m Black Wenge Gloss' stock=OK price=OK qty_used=1 moq_min=1 step=1 time=1.04s
2025-08-21 17:43:10,182 INFO row 5: sku=44554 title='ABS 1mm x 29mm UG 100m Black Wenge Gloss' stock=OK price=OK qty_used=1 moq_min=1 step=1 time=1.05s
2025-08-21 17:43:10,220 INFO tab 2/4 -> Matt
2025-08-21 17:43:10,241 INFO items in finish 'Matt': 5
2025-08-21 17:43:10,241 INFO range -> Board Decorative
2025-08-21 17:43:11,373 INFO row 1: sku=25806 title='MDF 162412 DS Black Wenge Matt MR E0' stock=OK price=OK qty_used=1 moq_min=1 step=1 time=1.13s
2025-08-21 17:43:11,373 INFO range -> Edgetape Decorative
2025-08-21 17:43:12,141 INFO row 2: sku=19545 title='Rigid 1mm x 21mm UG 100m Black Wenge Matt' stock=OK price=OK qty_used=1 moq_min=1 step=1 time=0.77s
2025-08-21 17:43:12,913 INFO row 3: sku=19548 title='Rigid 1mm x 21mm UG 20m Black Wenge Matt' stock=OK price=OK qty_used=1 moq_min=1 step=1 time=0.77s
2025-08-21 17:43:13,964 INFO row 4: sku=44339 title='ABS 1mm x 29mm UG 100m Black Wenge Matt' stock=OK price=OK qty_used=1 moq_min=1 step=1 time=1.05s
2025-08-21 17:43:13,964 INFO range -> Laminate
2025-08-21 17:43:15,018 INFO row 5: sku=26178 title='Laminate Black Wenge Matt 0.7mm 3650x1220 - Film' stock=OK price=OK qty_used=1 moq_min=1 step=1 time=1.05s
2025-08-21 17:43:15,049 INFO tab 3/4 -> Ravine
2025-08-21 17:43:15,097 INFO items in finish 'Ravine': 12
2025-08-21 17:43:15,097 INFO range -> Board Decorative
2025-08-21 17:43:16,225 INFO row 1: sku=26401 title='MDF 182412 DS Black Wenge Ravine MR E0' stock=OK price=OK qty_used=1 moq_min=1 step=1 time=1.13s
2025-08-21 17:43:16,992 INFO row 2: sku=26413 title='MDF 183112 DS Black Wenge Ravine MR E0' stock=OK price=OK qty_used=1 moq_min=1 step=1 time=0.77s
2025-08-21 17:43:17,755 INFO row 3: sku=43024 title='MDF 183618 DS Black Wenge Ravine MR E0' stock=OK price=OK qty_used=1 moq_min=1 step=1 time=0.76s
2025-08-21 17:43:18,523 INFO row 4: sku=42801 title='MDF 322412 DS Black Wenge Ravine MR E0' stock=OK price=OK qty_used=1 moq_min=1 step=1 time=0.77s
2025-08-21 17:43:19,294 INFO row 5: sku=42788 title='MDF 252412 DS Black Wenge Ravine MR E0' stock=OK price=OK qty_used=1 moq_min=1 step=1 time=0.77s
2025-08-21 17:43:20,055 INFO row 6: sku=43048 title='LDF 333618 DS Black Wenge Ravine MR E0' stock=OK price=OK qty_used=1 moq_min=1 step=1 time=0.76s
2025-08-21 17:43:20,824 INFO row 7: sku=43036 title='LDF 253618 DS Black Wenge Ravine STD E0' stock=OK price=OK qty_used=1 moq_min=1 step=1 time=0.77s
2025-08-21 17:43:20,824 INFO range -> Edgetape Decorative
2025-08-21 17:43:21,876 INFO row 8: sku=26425 title='ABS 1mm x 21mm UG 100m Black Wenge Ravine' stock=OK price=OK qty_used=1 moq_min=1 step=1 time=1.05s
2025-08-21 17:43:22,916 INFO row 9: sku=26427 title='ABS 1mm x 21mm UG 20m Black Wenge Ravine' stock=OK price=OK qty_used=1 moq_min=1 step=1 time=1.04s
2025-08-21 17:43:23,972 INFO row 10: sku=42774 title='ABS 1mm x 38mm UG 100m Black Wenge Ravine' stock=OK price=OK qty_used=1 moq_min=1 step=1 time=1.06s
2025-08-21 17:43:25,033 INFO row 11: sku=42705 title='ABS 1mm x 29mm UG 100m Black Wenge Ravine' stock=OK price=OK qty_used=1 moq_min=1 step=1 time=1.06s
2025-08-21 17:43:25,033 INFO range -> Laminate
2025-08-21 17:43:26,082 INFO row 12: sku=42707 title='Laminate Black Wenge Ravine 0.7mm 3650x1220' stock=OK price=OK qty_used=1 moq_min=1 step=1 time=1.05s
2025-08-21 17:43:26,109 INFO tab 4/4 -> Venette
2025-08-21 17:43:26,128 INFO items in finish 'Venette': 5
2025-08-21 17:43:26,128 INFO range -> Board Decorative
2025-08-21 17:43:27,248 INFO row 1: sku=48792 title='MDF 182412 SS Black Wenge Venette LMG E0' stock=OK price=OK qty_used=1 moq_min=1 step=1 time=1.12s
2025-08-21 17:43:27,998 INFO row 2: sku=47482 title='MDF 182412 DS Black Wenge Venette LMG E0' stock=OK price=OK qty_used=1 moq_min=1 step=1 time=0.75s
2025-08-21 17:43:27,999 INFO range -> Edgetape Decorative
2025-08-21 17:43:29,048 INFO row 3: sku=47221 title='ABS 1mm x 21mm UG 100m Black Wenge Venette' stock=OK price=OK qty_used=1 moq_min=1 step=1 time=1.05s
2025-08-21 17:43:30,111 INFO row 4: sku=47223 title='ABS 1mm x 21mm UG 20m Black Wenge Venette' stock=OK price=OK qty_used=1 moq_min=1 step=1 time=1.06s
2025-08-21 17:43:31,169 INFO row 5: sku=49326 title='ABS 1mm x 29mm UG 100m Black Wenge Venette' stock=OK price=OK qty_used=1 moq_min=1 step=1 time=1.06s
2025-08-21 17:43:31,169 INFO run end rows=27
2025-08-21 17:43:31,171 INFO csv write: board_decorative.csv sku=25864 colour='Black Wenge'
2025-08-21 17:43:31,171 INFO csv write: board_decorative.csv sku=26269 colour='Black Wenge'
2025-08-21 17:43:31,172 INFO csv write: edgetape_decorative.csv sku=26294 colour='Black Wenge'
2025-08-21 17:43:31,172 INFO csv write: edgetape_decorative.csv sku=26296 colour='Black Wenge'
2025-08-21 17:43:31,172 INFO csv write: edgetape_decorative.csv sku=44554 colour='Black Wenge'
2025-08-21 17:43:31,173 INFO csv write: board_decorative.csv sku=25806 colour='Black Wenge'
2025-08-21 17:43:31,173 INFO csv write: edgetape_decorative.csv sku=19545 colour='Black Wenge'
2025-08-21 17:43:31,173 INFO csv write: edgetape_decorative.csv sku=19548 colour='Black Wenge'
2025-08-21 17:43:31,173 INFO csv write: edgetape_decorative.csv sku=44339 colour='Black Wenge'
2025-08-21 17:43:31,173 INFO csv write: laminate.csv sku=26178 colour='Black Wenge'
2025-08-21 17:43:31,174 INFO csv write: board_decorative.csv sku=26401 colour='Black Wenge'
2025-08-21 17:43:31,174 INFO csv write: board_decorative.csv sku=26413 colour='Black Wenge'
2025-08-21 17:43:31,174 INFO csv write: board_decorative.csv sku=43024 colour='Black Wenge'
2025-08-21 17:43:31,174 INFO csv write: board_decorative.csv sku=42801 colour='Black Wenge'
2025-08-21 17:43:31,175 INFO csv write: board_decorative.csv sku=42788 colour='Black Wenge'
2025-08-21 17:43:31,175 INFO csv write: board_decorative.csv sku=43048 colour='Black Wenge'
2025-08-21 17:43:31,175 INFO csv write: board_decorative.csv sku=43036 colour='Black Wenge'
2025-08-21 17:43:31,175 INFO csv write: edgetape_decorative.csv sku=26425 colour='Black Wenge'
2025-08-21 17:43:31,175 INFO csv write: edgetape_decorative.csv sku=26427 colour='Black Wenge'
2025-08-21 17:43:31,176 INFO csv write: edgetape_decorative.csv sku=42774 colour='Black Wenge'
2025-08-21 17:43:31,176 INFO csv write: edgetape_decorative.csv sku=42705 colour='Black Wenge'
2025-08-21 17:43:31,176 INFO csv write: laminate.csv sku=42707 colour='Black Wenge'
2025-08-21 17:43:31,176 INFO csv write: board_decorative.csv sku=48792 colour='Black Wenge'
2025-08-21 17:43:31,176 INFO csv write: board_decorative.csv sku=47482 colour='Black Wenge'
2025-08-21 17:43:31,176 INFO csv write: edgetape_decorative.csv sku=47221 colour='Black Wenge'
2025-08-21 17:43:31,177 INFO csv write: edgetape_decorative.csv sku=47223 colour='Black Wenge'
2025-08-21 17:43:31,177 INFO csv write: edgetape_decorative.csv sku=49326 colour='Black Wenge'
2025-08-21 17:43:31,177 INFO [222/240] Done Black Wenge, rows=27, ranges=['Board Decorative', 'Edgetape Decorative', 'Laminate']
