2025-08-21 17:18:07,945 INFO [152/240] Processing Bleached Walnut  https://www.polytec.com.au/colour/bleached-walnut/
2025-08-21 17:18:07,945 INFO run start colour=https://www.polytec.com.au/colour/bleached-walnut/
2025-08-21 17:18:08,457 INFO colour name: Bleached Walnut
2025-08-21 17:18:08,464 INFO finish tabs: 2
2025-08-21 17:18:08,482 INFO tab 1/2 -> Legato
2025-08-21 17:18:08,508 INFO items in finish 'Legato': 5
2025-08-21 17:18:08,508 INFO range -> Board Decorative
2025-08-21 17:18:09,682 INFO row 1: sku=26746 title='MDF 182412 DS Bleached Walnut Legato MR E0 Film' stock=OK price=OK qty_used=1 moq_min=1 step=1 time=1.17s
2025-08-21 17:18:10,444 INFO row 2: sku=26747 title='MDF 183112 DS Bleached Walnut Legato MR E0 Film' stock=OK price=OK qty_used=1 moq_min=1 step=1 time=0.76s
2025-08-21 17:18:10,444 INFO range -> Edgetape Decorative
2025-08-21 17:18:11,705 INFO row 3: sku=26754 title='ABS 1mm x 21mm UG 100m Bleached Walnut Legato' stock=OK price=OK qty_used=1 moq_min=1 step=1 time=1.26s
2025-08-21 17:18:12,777 INFO row 4: sku=26756 title='ABS 1mm x 21mm UG 20m Bleached Walnut Legato' stock=OK price=OK qty_used=1 moq_min=1 step=1 time=1.07s
2025-08-21 17:18:13,840 INFO row 5: sku=44245 title='ABS 1mm x 29mm UG 100m Bleached Walnut Legato' stock=OK price=OK qty_used=1 moq_min=1 step=1 time=1.06s
2025-08-21 17:18:13,869 INFO tab 2/2 -> Ravine
2025-08-21 17:18:13,910 INFO items in finish 'Ravine': 12
2025-08-21 17:18:13,910 INFO range -> Board Decorative
2025-08-21 17:18:15,028 INFO row 1: sku=26403 title='MDF 182412 DS Bleached Walnut Ravine MR E0' stock=OK price=OK qty_used=1 moq_min=1 step=1 time=1.12s
2025-08-21 17:18:15,799 INFO row 2: sku=43037 title='LDF 253618 DS Bleached Walnut Ravine STD E0' stock=OK price=OK qty_used=1 moq_min=1 step=1 time=0.77s
2025-08-21 17:18:16,565 INFO row 3: sku=26415 title='MDF 183112 DS Bleached Walnut Ravine MR E0' stock=OK price=OK qty_used=1 moq_min=1 step=1 time=0.77s
2025-08-21 17:18:17,347 INFO row 4: sku=43025 title='MDF 183618 DS Bleached Walnut Ravine MR E0' stock=OK price=OK qty_used=1 moq_min=1 step=1 time=0.78s
2025-08-21 17:18:18,114 INFO row 5: sku=42802 title='MDF 322412 DS Bleached Walnut Ravine MR E0' stock=OK price=OK qty_used=1 moq_min=1 step=1 time=0.77s
2025-08-21 17:18:18,887 INFO row 6: sku=42789 title='MDF 252412 DS Bleached Walnut Ravine MR E0' stock=OK price=OK qty_used=1 moq_min=1 step=1 time=0.77s
2025-08-21 17:18:19,650 INFO row 7: sku=43049 title='LDF 333618 DS Bleached Walnut Ravine MR E0' stock=OK price=OK qty_used=1 moq_min=1 step=1 time=0.76s
2025-08-21 17:18:19,651 INFO range -> Edgetape Decorative
2025-08-21 17:18:20,710 INFO row 8: sku=26433 title='ABS 1mm x 21mm UG 100m Bleached Walnut Ravine' stock=OK price=OK qty_used=1 moq_min=1 step=1 time=1.06s
2025-08-21 17:18:21,759 INFO row 9: sku=26435 title='ABS 1mm x 21mm UG 20m Bleached Walnut Ravine' stock=OK price=OK qty_used=1 moq_min=1 step=1 time=1.05s
2025-08-21 17:18:22,826 INFO row 10: sku=42698 title='ABS 1mm x 29mm UG 100m Bleached Walnut Ravine' stock=OK price=OK qty_used=1 moq_min=1 step=1 time=1.07s
2025-08-21 17:18:23,875 INFO row 11: sku=42775 title='ABS 1mm x 38mm UG 100m Bleached Walnut Ravine' stock=OK price=OK qty_used=1 moq_min=1 step=1 time=1.05s
2025-08-21 17:18:23,875 INFO range -> Laminate
2025-08-21 17:18:24,937 INFO row 12: sku=42708 title='Laminate Bleached Walnut Ravine 0.7mm 3650x1220' stock=OK price=OK qty_used=1 moq_min=1 step=1 time=1.06s
2025-08-21 17:18:24,938 INFO run end rows=17
2025-08-21 17:18:24,938 INFO csv write: board_decorative.csv sku=26746 colour='Bleached Walnut'
2025-08-21 17:18:24,938 INFO csv write: board_decorative.csv sku=26747 colour='Bleached Walnut'
2025-08-21 17:18:24,939 INFO csv write: edgetape_decorative.csv sku=26754 colour='Bleached Walnut'
2025-08-21 17:18:24,939 INFO csv write: edgetape_decorative.csv sku=26756 colour='Bleached Walnut'
2025-08-21 17:18:24,939 INFO csv write: edgetape_decorative.csv sku=44245 colour='Bleached Walnut'
2025-08-21 17:18:24,939 INFO csv write: board_decorative.csv sku=26403 colour='Bleached Walnut'
2025-08-21 17:18:24,940 INFO csv write: board_decorative.csv sku=43037 colour='Bleached Walnut'
2025-08-21 17:18:24,940 INFO csv write: board_decorative.csv sku=26415 colour='Bleached Walnut'
2025-08-21 17:18:24,940 INFO csv write: board_decorative.csv sku=43025 colour='Bleached Walnut'
2025-08-21 17:18:24,940 INFO csv write: board_decorative.csv sku=42802 colour='Bleached Walnut'
2025-08-21 17:18:24,940 INFO csv write: board_decorative.csv sku=42789 colour='Bleached Walnut'
2025-08-21 17:18:24,940 INFO csv write: board_decorative.csv sku=43049 colour='Bleached Walnut'
2025-08-21 17:18:24,941 INFO csv write: edgetape_decorative.csv sku=26433 colour='Bleached Walnut'
2025-08-21 17:18:24,941 INFO csv write: edgetape_decorative.csv sku=26435 colour='Bleached Walnut'
2025-08-21 17:18:24,941 INFO csv write: edgetape_decorative.csv sku=42698 colour='Bleached Walnut'
2025-08-21 17:18:24,941 INFO csv write: edgetape_decorative.csv sku=42775 colour='Bleached Walnut'
2025-08-21 17:18:24,941 INFO csv write: laminate.csv sku=42708 colour='Bleached Walnut'
2025-08-21 17:18:24,942 INFO [152/240] Done Bleached Walnut, rows=17, ranges=['Board Decorative', 'Edgetape Decorative', 'Laminate']
