2025-08-21 16:04:55,111 INFO [4/240] Processing Blonde Oak  https://www.polytec.com.au/colour/blonde-oak/
2025-08-21 16:04:55,111 INFO run start colour=https://www.polytec.com.au/colour/blonde-oak/
2025-08-21 16:04:55,473 INFO colour name: Blonde Oak
2025-08-21 16:04:55,480 INFO finish tabs: 1
2025-08-21 16:04:55,509 INFO tab 1/1 -> Woodmatt
2025-08-21 16:04:55,578 INFO items in finish 'Woodmatt': 16
2025-08-21 16:04:55,579 INFO range -> Board Decorative
2025-08-21 16:04:58,651 INFO row 1: sku=57143 title='MDF 182412 DS Blonde Oak Woodmatt MR E0' stock=OK price=OK time=3.07s
2025-08-21 16:05:00,936 INFO row 2: sku=57144 title='MDF 183112 DS Blonde Oak Woodmatt MR E0' stock=OK price=OK time=2.27s
2025-08-21 16:05:03,222 INFO row 3: sku=57145 title='MDF 252412 DS Blonde Oak Woodmatt MR E0' stock=OK price=OK time=2.28s
2025-08-21 16:05:05,503 INFO row 4: sku=58453 title='MDF 183618 DS Blonde Oak Woodmatt MR E0' stock=OK price=OK time=2.27s
2025-08-21 16:05:07,798 INFO row 5: sku=58064 title='MDF 092712 DS Blonde Oak Woodmatt MR E0' stock=OK price=OK time=2.28s
2025-08-21 16:05:10,089 INFO row 6: sku=58455 title='LDF 333618 DS Blonde Oak Woodmatt MR E0' stock=OK price=OK time=2.28s
2025-08-21 16:05:12,364 INFO row 7: sku=58454 title='LDF 253618 DS Blonde Oak Woodmatt STD E0' stock=OK price=OK time=2.27s
2025-08-21 16:05:12,375 INFO range -> Edgetape Decorative
2025-08-21 16:05:15,052 INFO row 8: sku=56872 title='ABS 1mm x 21mm UG 100m Blonde Oak Woodmatt' stock=OK price=OK time=2.68s
2025-08-21 16:05:17,735 INFO row 9: sku=56873 title='ABS 1mm x 21mm UG 20m Blonde Oak Woodmatt' stock=OK price=OK time=2.67s
2025-08-21 16:05:20,409 INFO row 10: sku=56875 title='ABS 1mm x 29mm UG 100m Blonde Oak Woodmatt' stock=OK price=OK time=2.66s
2025-08-21 16:05:23,090 INFO row 11: sku=57413 title='ABS 1mm x 38mm UG 100m Blonde Oak Woodmatt' stock=OK price=OK time=2.67s
2025-08-21 16:05:23,100 INFO range -> Laminate
2025-08-21 16:05:25,765 INFO row 12: sku=56805 title='Laminate Blonde Oak Woodmatt 0.7mm 3650x1360' stock=OK price=OK time=2.66s
2025-08-21 16:05:28,432 INFO row 13: sku=56806 title='Laminate Blonde Oak Woodmatt HL 0.7mm 3650x680' stock=OK price=OK time=2.66s
2025-08-21 16:05:31,106 INFO row 14: sku=56808 title='Laminate Blonde Oak Woodmatt Q 0.7mm 1825x680' stock=OK price=OK time=2.67s
2025-08-21 16:05:33,780 INFO row 15: sku=56807 title='Laminate Blonde Oak Woodmatt HS 0.7mm 1825x1360' stock=OK price=OK time=2.66s
2025-08-21 16:05:33,791 INFO range -> Thermolaminated Doors and Panels
2025-08-21 16:05:39,561 INFO row 16: sku= title='Style 1 - 6' stock=EMPTY price=EMPTY time=5.77s
2025-08-21 16:05:39,573 INFO run end rows=16
2025-08-21 16:05:39,574 INFO csv write: board_decorative.csv sku=57143 colour='Blonde Oak'
2025-08-21 16:05:39,574 INFO csv write: board_decorative.csv sku=57144 colour='Blonde Oak'
2025-08-21 16:05:39,575 INFO csv write: board_decorative.csv sku=57145 colour='Blonde Oak'
2025-08-21 16:05:39,575 INFO csv write: board_decorative.csv sku=58453 colour='Blonde Oak'
2025-08-21 16:05:39,576 INFO csv write: board_decorative.csv sku=58064 colour='Blonde Oak'
2025-08-21 16:05:39,576 INFO csv write: board_decorative.csv sku=58455 colour='Blonde Oak'
2025-08-21 16:05:39,576 INFO csv write: board_decorative.csv sku=58454 colour='Blonde Oak'
2025-08-21 16:05:39,576 INFO csv write: edgetape_decorative.csv sku=56872 colour='Blonde Oak'
2025-08-21 16:05:39,577 INFO csv write: edgetape_decorative.csv sku=56873 colour='Blonde Oak'
2025-08-21 16:05:39,577 INFO csv write: edgetape_decorative.csv sku=56875 colour='Blonde Oak'
2025-08-21 16:05:39,577 INFO csv write: edgetape_decorative.csv sku=57413 colour='Blonde Oak'
2025-08-21 16:05:39,577 INFO csv write: laminate.csv sku=56805 colour='Blonde Oak'
2025-08-21 16:05:39,578 INFO csv write: laminate.csv sku=56806 colour='Blonde Oak'
2025-08-21 16:05:39,578 INFO csv write: laminate.csv sku=56808 colour='Blonde Oak'
2025-08-21 16:05:39,578 INFO csv write: laminate.csv sku=56807 colour='Blonde Oak'
2025-08-21 16:05:39,578 INFO csv new: thermolaminated_doors_and_panels.csv
2025-08-21 16:05:39,579 INFO csv write: thermolaminated_doors_and_panels.csv sku= colour='Blonde Oak'
2025-08-21 16:05:39,579 INFO [4/240] Done Blonde Oak, rows=16, ranges=['Board Decorative', 'Edgetape Decorative', 'Laminate', 'Thermolaminated Doors and Panels']
