2025-08-21 16:06:24,280 INFO [6/240] Processing Boston Oak  https://www.polytec.com.au/colour/boston-oak/
2025-08-21 16:06:24,280 INFO run start colour=https://www.polytec.com.au/colour/boston-oak/
2025-08-21 16:06:24,647 INFO colour name: Boston Oak
2025-08-21 16:06:24,661 INFO finish tabs: 1
2025-08-21 16:06:24,809 INFO tab 1/1 -> Woodmatt
2025-08-21 16:06:24,976 INFO items in finish 'Woodmatt': 37
2025-08-21 16:06:24,976 INFO range -> Board Decorative
2025-08-21 16:06:27,456 INFO row 1: sku=51913 title='MDF 162412 DS Boston Oak Woodmatt MR E0' stock=OK price=OK time=2.48s
2025-08-21 16:06:29,769 INFO row 2: sku=54309 title='MDF 163112 DS Boston Oak Woodmatt MR E0' stock=OK price=OK time=2.30s
2025-08-21 16:06:32,074 INFO row 3: sku=56472 title='MDF 182412 DS Boston Oak Woodmatt MR E0' stock=OK price=OK time=2.30s
2025-08-21 16:06:34,357 INFO row 4: sku=51909 title='MDF 183618 DS Boston Oak Woodmatt MR E0' stock=OK price=OK time=2.27s
2025-08-21 16:06:36,633 INFO row 5: sku=51916 title='MDF 322412 DS Boston Oak Woodmatt MR E0' stock=OK price=OK time=2.27s
2025-08-21 16:06:38,912 INFO row 6: sku=56912 title='MDF 183112 DS Boston Oak Woodmatt MR E0' stock=OK price=OK time=2.27s
2025-08-21 16:06:41,207 INFO row 7: sku=51915 title='MDF 252412 DS Boston Oak Woodmatt MR E0' stock=OK price=OK time=2.28s
2025-08-21 16:06:43,497 INFO row 8: sku=51911 title='LDF 333618 DS Boston Oak Woodmatt MR E0' stock=OK price=OK time=2.28s
2025-08-21 16:06:45,801 INFO row 9: sku=51910 title='LDF 253618 DS Boston Oak Woodmatt STD E0' stock=OK price=OK time=2.29s
2025-08-21 16:06:48,106 INFO row 10: sku=58066 title='MDF 092712 DS Boston Oak Woodmatt MR E0' stock=OK price=OK time=2.29s
2025-08-21 16:06:48,116 INFO range -> Edgetape Decorative
2025-08-21 16:06:50,807 INFO row 11: sku=52531 title='ABS 1mm x 21mm UG 100m Boston Oak Woodmatt' stock=OK price=OK time=2.69s
2025-08-21 16:06:53,499 INFO row 12: sku=52529 title='ABS 1mm x 21mm UG 20m Boston Oak Woodmatt' stock=OK price=OK time=2.68s
2025-08-21 16:06:56,204 INFO row 13: sku=52534 title='ABS 1mm x 38mm UG 100m Boston Oak Woodmatt' stock=OK price=OK time=2.69s
2025-08-21 16:06:58,902 INFO row 14: sku=52533 title='ABS 1mm x 29mm UG 100m Boston Oak Woodmatt' stock=OK price=OK time=2.69s
2025-08-21 16:07:01,593 INFO row 15: sku=57561 title='ABS 1mm x 55mm UG 100m Boston Oak Woodmatt' stock=OK price=OK time=2.68s
2025-08-21 16:07:04,289 INFO row 16: sku=52532 title='ABS 1mm x 21mm UG 100m Boston Oak Woodmatt (Cross Cut)' stock=OK price=OK time=2.69s
2025-08-21 16:07:06,977 INFO row 17: sku=54611 title='ABS 1mm x 29mm UG 100m Boston Oak Woodmatt (Cross Cut)' stock=OK price=OK time=2.68s
2025-08-21 16:07:06,987 INFO range -> Laminate
2025-08-21 16:07:09,670 INFO row 18: sku=52133 title='Laminate Boston Oak Woodmatt 0.7mm 3650x1360' stock=OK price=OK time=2.68s
2025-08-21 16:07:12,351 INFO row 19: sku=52535 title='Laminate Boston Oak Woodmatt HL 0.7mm 3650x680' stock=OK price=OK time=2.67s
2025-08-21 16:07:15,029 INFO row 20: sku=52536 title='Laminate Boston Oak Woodmatt HS 0.7mm 1825x1360' stock=OK price=OK time=2.67s
2025-08-21 16:07:17,716 INFO row 21: sku=52537 title='Laminate Boston Oak Woodmatt Q 0.7mm 1825x680' stock=OK price=OK time=2.68s
2025-08-21 16:07:17,726 INFO range -> Compact
2025-08-21 16:07:20,020 INFO row 22: sku=55215 title='Compact Laminate Boston Oak Woodmatt BC 3660x1830 13mm' stock=OK price=OK time=2.29s
2025-08-21 16:07:22,320 INFO row 23: sku=55439 title='Compact Laminate Boston Oak Woodmatt BC 3660x1830 5mm' stock=OK price=OK time=2.29s
2025-08-21 16:07:22,331 INFO range -> Architectural
2025-08-21 16:07:26,816 INFO row 24: sku=57296 title='Steccawood 17x34x3600 MDF MR E0 Boston Oak Half Round' stock=EMPTY price=EMPTY time=4.49s
2025-08-21 16:07:31,302 INFO row 25: sku=57299 title='Steccawood 17x34x3600 MDF MR E0 Boston Oak Cove' stock=EMPTY price=EMPTY time=4.48s
2025-08-21 16:07:35,815 INFO row 26: sku=57290 title='Steccawood 17x38x3600 MDF MR E0 Boston Oak' stock=EMPTY price=EMPTY time=4.50s
2025-08-21 16:07:40,330 INFO row 27: sku=57291 title='Steccawood 31x31x3600 MDF MR E0 Boston Oak' stock=EMPTY price=EMPTY time=4.50s
2025-08-21 16:07:44,792 INFO row 28: sku=57298 title='Steccawood 24x48x3600 MDF MR E0 Boston Oak Half Round' stock=EMPTY price=EMPTY time=4.51s
2025-08-21 16:07:49,297 INFO row 29: sku=57294 title='Steccawood 50x100x3600 LDF MR E0 Boston Oak' stock=EMPTY price=EMPTY time=4.49s
2025-08-21 16:07:53,813 INFO row 30: sku=57292 title='Steccawood 31x65x3600 MDF MR E0 Boston Oak' stock=EMPTY price=EMPTY time=4.51s
2025-08-21 16:07:58,341 INFO row 31: sku=57295 title='Steccawood 40x100x3600 LDF MR E0 Boston Oak' stock=EMPTY price=EMPTY time=4.52s
2025-08-21 16:08:02,850 INFO row 32: sku=57293 title='Steccawood 50x70x3600 LDF MR E0 Boston Oak' stock=EMPTY price=EMPTY time=4.50s
2025-08-21 16:08:07,365 INFO row 33: sku=57297 title='Steccawood 31x62x3600 MDF MR E0 Boston Oak Half Round' stock=EMPTY price=EMPTY time=4.50s
2025-08-21 16:08:11,873 INFO row 34: sku=57300 title='Steccawood 24x34x3600 MDF MR E0 Boston Oak Peak' stock=EMPTY price=EMPTY time=4.50s
2025-08-21 16:08:11,885 INFO range -> Thermolaminated Doors and Panels
2025-08-21 16:08:17,692 INFO row 35: sku= title='Style 1 - 6' stock=EMPTY price=EMPTY time=5.81s
2025-08-21 16:08:17,703 INFO range -> Architectural Internal Doors
2025-08-21 16:08:23,485 INFO row 36: sku= title='35mm STD LDF E-Zero' stock=EMPTY price=EMPTY time=5.78s
2025-08-21 16:08:23,500 INFO range -> Alfresco Doors
2025-08-21 16:08:29,272 INFO row 37: sku= title='5mm Compact Laminate Insert' stock=EMPTY price=EMPTY time=5.77s
2025-08-21 16:08:29,282 INFO run end rows=37
2025-08-21 16:08:29,284 INFO csv write: board_decorative.csv sku=51913 colour='Boston Oak'
2025-08-21 16:08:29,284 INFO csv write: board_decorative.csv sku=54309 colour='Boston Oak'
2025-08-21 16:08:29,285 INFO csv write: board_decorative.csv sku=56472 colour='Boston Oak'
2025-08-21 16:08:29,285 INFO csv write: board_decorative.csv sku=51909 colour='Boston Oak'
2025-08-21 16:08:29,285 INFO csv write: board_decorative.csv sku=51916 colour='Boston Oak'
2025-08-21 16:08:29,285 INFO csv write: board_decorative.csv sku=56912 colour='Boston Oak'
2025-08-21 16:08:29,285 INFO csv write: board_decorative.csv sku=51915 colour='Boston Oak'
2025-08-21 16:08:29,285 INFO csv write: board_decorative.csv sku=51911 colour='Boston Oak'
2025-08-21 16:08:29,286 INFO csv write: board_decorative.csv sku=51910 colour='Boston Oak'
2025-08-21 16:08:29,286 INFO csv write: board_decorative.csv sku=58066 colour='Boston Oak'
2025-08-21 16:08:29,286 INFO csv write: edgetape_decorative.csv sku=52531 colour='Boston Oak'
2025-08-21 16:08:29,286 INFO csv write: edgetape_decorative.csv sku=52529 colour='Boston Oak'
2025-08-21 16:08:29,287 INFO csv write: edgetape_decorative.csv sku=52534 colour='Boston Oak'
2025-08-21 16:08:29,287 INFO csv write: edgetape_decorative.csv sku=52533 colour='Boston Oak'
2025-08-21 16:08:29,287 INFO csv write: edgetape_decorative.csv sku=57561 colour='Boston Oak'
2025-08-21 16:08:29,287 INFO csv write: edgetape_decorative.csv sku=52532 colour='Boston Oak'
2025-08-21 16:08:29,287 INFO csv write: edgetape_decorative.csv sku=54611 colour='Boston Oak'
2025-08-21 16:08:29,288 INFO csv write: laminate.csv sku=52133 colour='Boston Oak'
2025-08-21 16:08:29,288 INFO csv write: laminate.csv sku=52535 colour='Boston Oak'
2025-08-21 16:08:29,288 INFO csv write: laminate.csv sku=52536 colour='Boston Oak'
2025-08-21 16:08:29,288 INFO csv write: laminate.csv sku=52537 colour='Boston Oak'
2025-08-21 16:08:29,288 INFO csv write: compact.csv sku=55215 colour='Boston Oak'
2025-08-21 16:08:29,289 INFO csv write: compact.csv sku=55439 colour='Boston Oak'
2025-08-21 16:08:29,289 INFO csv new: architectural.csv
2025-08-21 16:08:29,289 INFO csv write: architectural.csv sku=57296 colour='Boston Oak'
2025-08-21 16:08:29,289 INFO csv write: architectural.csv sku=57299 colour='Boston Oak'
2025-08-21 16:08:29,289 INFO csv write: architectural.csv sku=57290 colour='Boston Oak'
2025-08-21 16:08:29,289 INFO csv write: architectural.csv sku=57291 colour='Boston Oak'
2025-08-21 16:08:29,290 INFO csv write: architectural.csv sku=57298 colour='Boston Oak'
2025-08-21 16:08:29,290 INFO csv write: architectural.csv sku=57294 colour='Boston Oak'
2025-08-21 16:08:29,290 INFO csv write: architectural.csv sku=57292 colour='Boston Oak'
2025-08-21 16:08:29,290 INFO csv write: architectural.csv sku=57295 colour='Boston Oak'
2025-08-21 16:08:29,290 INFO csv write: architectural.csv sku=57293 colour='Boston Oak'
2025-08-21 16:08:29,290 INFO csv write: architectural.csv sku=57297 colour='Boston Oak'
2025-08-21 16:08:29,290 INFO csv write: architectural.csv sku=57300 colour='Boston Oak'
2025-08-21 16:08:29,291 INFO csv write: thermolaminated_doors_and_panels.csv sku= colour='Boston Oak'
2025-08-21 16:08:29,291 INFO csv new: architectural_internal_doors.csv
2025-08-21 16:08:29,291 INFO csv write: architectural_internal_doors.csv sku= colour='Boston Oak'
2025-08-21 16:08:29,291 INFO csv new: alfresco_doors.csv
2025-08-21 16:08:29,292 INFO csv write: alfresco_doors.csv sku= colour='Boston Oak'
2025-08-21 16:08:29,292 INFO [6/240] Done Boston Oak, rows=37, ranges=['Alfresco Doors', 'Architectural', 'Architectural Internal Doors', 'Board Decorative', 'Compact', 'Edgetape Decorative', 'Laminate', 'Thermolaminated Doors and Panels']
