2025-08-21 16:09:14,340 INFO [8/240] Processing Botany Oak  https://www.polytec.com.au/colour/botany-oak/
2025-08-21 16:09:14,341 INFO run start colour=https://www.polytec.com.au/colour/botany-oak/
2025-08-21 16:09:14,678 INFO colour name: Botany Oak
2025-08-21 16:09:14,771 INFO finish tabs: 1
2025-08-21 16:09:14,799 INFO tab 1/1 -> Woodmatt
2025-08-21 16:09:14,858 INFO items in finish 'Woodmatt': 16
2025-08-21 16:09:14,858 INFO range -> Board Decorative
2025-08-21 16:09:17,950 INFO row 1: sku=57151 title='MDF 182412 DS Botany Oak Woodmatt MR E0' stock=OK price=OK time=3.09s
2025-08-21 16:09:20,236 INFO row 2: sku=57152 title='MDF 183112 DS Botany Oak Woodmatt MR E0' stock=OK price=OK time=2.28s
2025-08-21 16:09:22,519 INFO row 3: sku=57153 title='MDF 252412 DS Botany Oak Woodmatt MR E0' stock=OK price=OK time=2.27s
2025-08-21 16:09:24,810 INFO row 4: sku=58456 title='MDF 183618 DS Botany Oak Woodmatt MR E0' stock=OK price=OK time=2.28s
2025-08-21 16:09:27,083 INFO row 5: sku=58068 title='MDF 092712 DS Botany Oak Woodmatt MR E0' stock=OK price=OK time=2.26s
2025-08-21 16:09:29,368 INFO row 6: sku=58457 title='LDF 253618 DS Botany Oak Woodmatt STD E0' stock=OK price=OK time=2.27s
2025-08-21 16:09:31,642 INFO row 7: sku=58458 title='LDF 333618 DS Botany Oak Woodmatt MR E0' stock=OK price=OK time=2.26s
2025-08-21 16:09:31,652 INFO range -> Edgetape Decorative
2025-08-21 16:09:34,322 INFO row 8: sku=56880 title='ABS 1mm x 21mm UG 100m Botany Oak Woodmatt' stock=OK price=OK time=2.67s
2025-08-21 16:09:37,004 INFO row 9: sku=56881 title='ABS 1mm x 21mm UG 20m Botany Oak Woodmatt' stock=OK price=OK time=2.67s
2025-08-21 16:09:39,700 INFO row 10: sku=56883 title='ABS 1mm x 29mm UG 100m Botany Oak Woodmatt' stock=OK price=OK time=2.69s
2025-08-21 16:09:42,383 INFO row 11: sku=57415 title='ABS 1mm x 38mm UG 100m Botany Oak Woodmatt' stock=OK price=OK time=2.67s
2025-08-21 16:09:42,393 INFO range -> Laminate
2025-08-21 16:09:45,040 INFO row 12: sku=56836 title='Laminate Botany Oak Woodmatt 0.7mm 3650x1360' stock=OK price=OK time=2.65s
2025-08-21 16:09:47,695 INFO row 13: sku=56837 title='Laminate Botany Oak Woodmatt HL 0.7mm 3650x680' stock=OK price=OK time=2.64s
2025-08-21 16:09:50,392 INFO row 14: sku=56838 title='Laminate Botany Oak Woodmatt HS 0.7mm 1825x1360' stock=OK price=OK time=2.69s
2025-08-21 16:09:53,071 INFO row 15: sku=56839 title='Laminate Botany Oak Woodmatt Q 0.7mm 1825x680' stock=OK price=OK time=2.67s
2025-08-21 16:09:53,081 INFO range -> Thermolaminated Doors and Panels
2025-08-21 16:09:58,859 INFO row 16: sku= title='Style 1 - 6' stock=EMPTY price=EMPTY time=5.78s
2025-08-21 16:09:58,869 INFO run end rows=16
2025-08-21 16:09:58,870 INFO csv write: board_decorative.csv sku=57151 colour='Botany Oak'
2025-08-21 16:09:58,870 INFO csv write: board_decorative.csv sku=57152 colour='Botany Oak'
2025-08-21 16:09:58,870 INFO csv write: board_decorative.csv sku=57153 colour='Botany Oak'
2025-08-21 16:09:58,871 INFO csv write: board_decorative.csv sku=58456 colour='Botany Oak'
2025-08-21 16:09:58,871 INFO csv write: board_decorative.csv sku=58068 colour='Botany Oak'
2025-08-21 16:09:58,871 INFO csv write: board_decorative.csv sku=58457 colour='Botany Oak'
2025-08-21 16:09:58,871 INFO csv write: board_decorative.csv sku=58458 colour='Botany Oak'
2025-08-21 16:09:58,871 INFO csv write: edgetape_decorative.csv sku=56880 colour='Botany Oak'
2025-08-21 16:09:58,871 INFO csv write: edgetape_decorative.csv sku=56881 colour='Botany Oak'
2025-08-21 16:09:58,872 INFO csv write: edgetape_decorative.csv sku=56883 colour='Botany Oak'
2025-08-21 16:09:58,872 INFO csv write: edgetape_decorative.csv sku=57415 colour='Botany Oak'
2025-08-21 16:09:58,872 INFO csv write: laminate.csv sku=56836 colour='Botany Oak'
2025-08-21 16:09:58,872 INFO csv write: laminate.csv sku=56837 colour='Botany Oak'
2025-08-21 16:09:58,872 INFO csv write: laminate.csv sku=56838 colour='Botany Oak'
2025-08-21 16:09:58,872 INFO csv write: laminate.csv sku=56839 colour='Botany Oak'
2025-08-21 16:09:58,872 INFO csv write: thermolaminated_doors_and_panels.csv sku= colour='Botany Oak'
2025-08-21 16:09:58,873 INFO [8/240] Done Botany Oak, rows=16, ranges=['Board Decorative', 'Edgetape Decorative', 'Laminate', 'Thermolaminated Doors and Panels']
