2025-08-21 16:12:55,798 INFO [13/240] Processing Bronzed Oak  https://www.polytec.com.au/colour/bronzed-oak/
2025-08-21 16:12:55,799 INFO run start colour=https://www.polytec.com.au/colour/bronzed-oak/
2025-08-21 16:12:56,112 INFO colour name: Bronzed Oak
2025-08-21 16:12:56,205 INFO finish tabs: 1
2025-08-21 16:12:56,231 INFO tab 1/1 -> Woodmatt
2025-08-21 16:12:56,296 INFO items in finish 'Woodmatt': 16
2025-08-21 16:12:56,296 INFO range -> Board Decorative
2025-08-21 16:12:59,373 INFO row 1: sku=57171 title='MDF 182412 DS Bronzed Oak Woodmatt MR E0' stock=OK price=OK time=3.08s
2025-08-21 16:13:01,630 INFO row 2: sku=58460 title='LDF 253618 DS Bronzed Oak Woodmatt STD E0' stock=OK price=OK time=2.25s
2025-08-21 16:13:03,885 INFO row 3: sku=57172 title='MDF 183112 DS Bronzed Oak Woodmatt MR E0' stock=OK price=OK time=2.25s
2025-08-21 16:13:06,141 INFO row 4: sku=57173 title='MDF 252412 DS Bronzed Oak Woodmatt MR E0' stock=OK price=OK time=2.25s
2025-08-21 16:13:08,405 INFO row 5: sku=58072 title='MDF 092712 DS Bronzed Oak Woodmatt MR E0' stock=OK price=OK time=2.25s
2025-08-21 16:13:10,671 INFO row 6: sku=58459 title='MDF 183618 DS Bronzed Oak Woodmatt MR E0' stock=OK price=OK time=2.26s
2025-08-21 16:13:12,920 INFO row 7: sku=58461 title='LDF 333618 DS Bronzed Oak Woodmatt MR E0' stock=OK price=OK time=2.24s
2025-08-21 16:13:12,930 INFO range -> Edgetape Decorative
2025-08-21 16:13:15,583 INFO row 8: sku=56900 title='ABS 1mm x 21mm UG 100m Bronzed Oak Woodmatt' stock=OK price=OK time=2.65s
2025-08-21 16:13:18,244 INFO row 9: sku=56901 title='ABS 1mm x 21mm UG 20m Bronzed Oak Woodmatt' stock=OK price=OK time=2.65s
2025-08-21 16:13:20,918 INFO row 10: sku=56903 title='ABS 1mm x 29mm UG 100m Bronzed Oak Woodmatt' stock=OK price=OK time=2.66s
2025-08-21 16:13:23,603 INFO row 11: sku=57420 title='ABS 1mm x 38mm UG 100m Bronzed Oak Woodmatt' stock=OK price=OK time=2.67s
2025-08-21 16:13:23,613 INFO range -> Laminate
2025-08-21 16:13:26,282 INFO row 12: sku=56856 title='Laminate Bronzed Oak Woodmatt 0.7mm 3650x1360' stock=OK price=OK time=2.67s
2025-08-21 16:13:28,973 INFO row 13: sku=56858 title='Laminate Bronzed Oak Woodmatt HS 0.7mm 1825x1360' stock=OK price=OK time=2.68s
2025-08-21 16:13:31,660 INFO row 14: sku=56857 title='Laminate Bronzed Oak Woodmatt HL 0.7mm 3650x680' stock=OK price=OK time=2.68s
2025-08-21 16:13:34,334 INFO row 15: sku=56859 title='Laminate Bronzed Oak Woodmatt Q 0.7mm 1825x680' stock=OK price=OK time=2.66s
2025-08-21 16:13:34,345 INFO range -> Thermolaminated Doors and Panels
2025-08-21 16:13:40,126 INFO row 16: sku= title='Style 1 - 6' stock=EMPTY price=EMPTY time=5.78s
2025-08-21 16:13:40,136 INFO run end rows=16
2025-08-21 16:13:40,137 INFO csv write: board_decorative.csv sku=57171 colour='Bronzed Oak'
2025-08-21 16:13:40,138 INFO csv write: board_decorative.csv sku=58460 colour='Bronzed Oak'
2025-08-21 16:13:40,138 INFO csv write: board_decorative.csv sku=57172 colour='Bronzed Oak'
2025-08-21 16:13:40,139 INFO csv write: board_decorative.csv sku=57173 colour='Bronzed Oak'
2025-08-21 16:13:40,139 INFO csv write: board_decorative.csv sku=58072 colour='Bronzed Oak'
2025-08-21 16:13:40,139 INFO csv write: board_decorative.csv sku=58459 colour='Bronzed Oak'
2025-08-21 16:13:40,139 INFO csv write: board_decorative.csv sku=58461 colour='Bronzed Oak'
2025-08-21 16:13:40,140 INFO csv write: edgetape_decorative.csv sku=56900 colour='Bronzed Oak'
2025-08-21 16:13:40,140 INFO csv write: edgetape_decorative.csv sku=56901 colour='Bronzed Oak'
2025-08-21 16:13:40,140 INFO csv write: edgetape_decorative.csv sku=56903 colour='Bronzed Oak'
2025-08-21 16:13:40,141 INFO csv write: edgetape_decorative.csv sku=57420 colour='Bronzed Oak'
2025-08-21 16:13:40,141 INFO csv write: laminate.csv sku=56856 colour='Bronzed Oak'
2025-08-21 16:13:40,141 INFO csv write: laminate.csv sku=56858 colour='Bronzed Oak'
2025-08-21 16:13:40,141 INFO csv write: laminate.csv sku=56857 colour='Bronzed Oak'
2025-08-21 16:13:40,142 INFO csv write: laminate.csv sku=56859 colour='Bronzed Oak'
2025-08-21 16:13:40,142 INFO csv write: thermolaminated_doors_and_panels.csv sku= colour='Bronzed Oak'
2025-08-21 16:13:40,142 INFO [13/240] Done Bronzed Oak, rows=16, ranges=['Board Decorative', 'Edgetape Decorative', 'Laminate', 'Thermolaminated Doors and Panels']
