2025-08-21 17:41:01,682 INFO [208/240] Processing Cafe Oak  https://www.polytec.com.au/colour/cafe-oak/
2025-08-21 17:41:01,682 INFO run start colour=https://www.polytec.com.au/colour/cafe-oak/
2025-08-21 17:41:02,102 INFO colour name: Cafe Oak
2025-08-21 17:41:02,151 INFO finish tabs: 1
2025-08-21 17:41:02,176 INFO tab 1/1 -> Ravine
2025-08-21 17:41:02,229 INFO items in finish 'Ravine': 12
2025-08-21 17:41:02,229 INFO range -> Board Decorative
2025-08-21 17:41:03,351 INFO row 1: sku=26410 title='MDF 182412 DS Cafe Oak Ravine MR E0' stock=OK price=OK qty_used=1 moq_min=1 step=1 time=1.12s
2025-08-21 17:41:04,108 INFO row 2: sku=26422 title='MDF 183112 DS Cafe Oak Ravine MR E0' stock=OK price=OK qty_used=1 moq_min=1 step=1 time=0.76s
2025-08-21 17:41:04,873 INFO row 3: sku=43026 title='MDF 183618 DS Cafe Oak Ravine MR E0' stock=OK price=OK qty_used=1 moq_min=1 step=1 time=0.76s
2025-08-21 17:41:05,649 INFO row 4: sku=42790 title='MDF 252412 DS Cafe Oak Ravine MR E0' stock=OK price=OK qty_used=1 moq_min=1 step=1 time=0.78s
2025-08-21 17:41:06,406 INFO row 5: sku=42804 title='MDF 322412 DS Cafe Oak Ravine MR E0' stock=OK price=OK qty_used=1 moq_min=1 step=1 time=0.76s
2025-08-21 17:41:07,173 INFO row 6: sku=43050 title='LDF 333618 DS Cafe Oak Ravine MR E0' stock=OK price=OK qty_used=1 moq_min=1 step=1 time=0.77s
2025-08-21 17:41:07,938 INFO row 7: sku=43038 title='LDF 253618 DS Cafe Oak Ravine STD E0' stock=OK price=OK qty_used=1 moq_min=1 step=1 time=0.77s
2025-08-21 17:41:07,938 INFO range -> Edgetape Decorative
2025-08-21 17:41:09,006 INFO row 8: sku=26454 title='ABS 1mm x 21mm UG 100m Cafe Oak Ravine' stock=OK price=OK qty_used=1 moq_min=1 step=1 time=1.07s
2025-08-21 17:41:10,051 INFO row 9: sku=26456 title='ABS 1mm x 21mm UG 20m Cafe Oak Ravine' stock=OK price=OK qty_used=1 moq_min=1 step=1 time=1.04s
2025-08-21 17:41:11,100 INFO row 10: sku=42695 title='ABS 1mm x 29mm UG 100m Cafe Oak Ravine' stock=OK price=OK qty_used=1 moq_min=1 step=1 time=1.05s
2025-08-21 17:41:12,149 INFO row 11: sku=42776 title='ABS 1mm x 38mm UG 100m Cafe Oak Ravine' stock=OK price=OK qty_used=1 moq_min=1 step=1 time=1.05s
2025-08-21 17:41:12,150 INFO range -> Laminate
2025-08-21 17:41:13,208 INFO row 12: sku=42709 title='Laminate Cafe Oak Ravine 0.7mm 3650x1220' stock=OK price=OK qty_used=1 moq_min=1 step=1 time=1.06s
2025-08-21 17:41:13,208 INFO run end rows=12
2025-08-21 17:41:13,210 INFO csv write: board_decorative.csv sku=26410 colour='Cafe Oak'
2025-08-21 17:41:13,210 INFO csv write: board_decorative.csv sku=26422 colour='Cafe Oak'
2025-08-21 17:41:13,210 INFO csv write: board_decorative.csv sku=43026 colour='Cafe Oak'
2025-08-21 17:41:13,210 INFO csv write: board_decorative.csv sku=42790 colour='Cafe Oak'
2025-08-21 17:41:13,211 INFO csv write: board_decorative.csv sku=42804 colour='Cafe Oak'
2025-08-21 17:41:13,211 INFO csv write: board_decorative.csv sku=43050 colour='Cafe Oak'
2025-08-21 17:41:13,211 INFO csv write: board_decorative.csv sku=43038 colour='Cafe Oak'
2025-08-21 17:41:13,212 INFO csv write: edgetape_decorative.csv sku=26454 colour='Cafe Oak'
2025-08-21 17:41:13,212 INFO csv write: edgetape_decorative.csv sku=26456 colour='Cafe Oak'
2025-08-21 17:41:13,212 INFO csv write: edgetape_decorative.csv sku=42695 colour='Cafe Oak'
2025-08-21 17:41:13,212 INFO csv write: edgetape_decorative.csv sku=42776 colour='Cafe Oak'
2025-08-21 17:41:13,212 INFO csv write: laminate.csv sku=42709 colour='Cafe Oak'
2025-08-21 17:41:13,213 INFO [208/240] Done Cafe Oak, rows=12, ranges=['Board Decorative', 'Edgetape Decorative', 'Laminate']
