2025-08-21 17:14:15,422 INFO [130/240] Processing Cafe Cream  https://www.polytec.com.au/colour/cafe-cream/
2025-08-21 17:14:15,423 INFO run start colour=https://www.polytec.com.au/colour/cafe-cream/
2025-08-21 17:14:15,900 INFO colour name: Cafe Cream
2025-08-21 17:14:15,906 INFO finish tabs: 2
2025-08-21 17:14:15,923 INFO tab 1/2 -> Matt
2025-08-21 17:14:15,945 INFO items in finish 'Matt': 5
2025-08-21 17:14:15,945 INFO range -> Board Decorative
2025-08-21 17:14:17,070 INFO row 1: sku=8419 title='MDF 162412 DS Cafe Cream Matt MR E0' stock=OK price=OK qty_used=1 moq_min=1 step=1 time=1.12s
2025-08-21 17:14:17,070 INFO range -> Edgetape Decorative
2025-08-21 17:14:18,108 INFO row 2: sku=7633 title='Rigid 1mm x 21mm UG 100m Cafe Cream Matt' stock=OK price=OK qty_used=1 moq_min=1 step=1 time=1.04s
2025-08-21 17:14:19,141 INFO row 3: sku=17689 title='Rigid 1mm x 21mm UG 20m Cafe Cream Matt' stock=OK price=OK qty_used=1 moq_min=1 step=1 time=1.03s
2025-08-21 17:14:20,167 INFO row 4: sku=44340 title='ABS 1mm x 29mm UG 100m Cafe Cream Matt' stock=OK price=OK qty_used=1 moq_min=1 step=1 time=1.03s
2025-08-21 17:14:20,167 INFO range -> Laminate
2025-08-21 17:14:21,228 INFO row 5: sku=8560 title='Laminate Cafe Cream Matt 0.7mm 3650x1220' stock=OK price=OK qty_used=1 moq_min=1 step=1 time=1.06s
2025-08-21 17:14:21,256 INFO tab 2/2 -> Smooth
2025-08-21 17:14:21,261 INFO items in finish 'Smooth': 1
2025-08-21 17:14:21,261 INFO range -> Thermolaminated Doors and Panels
2025-08-21 17:14:25,677 INFO row 1: sku= title='Style 1 - 6' stock=EMPTY price=EMPTY qty_used=1 moq_min=1 step=1 time=4.42s
2025-08-21 17:14:25,678 INFO run end rows=6
2025-08-21 17:14:25,678 INFO csv write: board_decorative.csv sku=8419 colour='Cafe Cream'
2025-08-21 17:14:25,679 INFO csv write: edgetape_decorative.csv sku=7633 colour='Cafe Cream'
2025-08-21 17:14:25,679 INFO csv write: edgetape_decorative.csv sku=17689 colour='Cafe Cream'
2025-08-21 17:14:25,679 INFO csv write: edgetape_decorative.csv sku=44340 colour='Cafe Cream'
2025-08-21 17:14:25,679 INFO csv write: laminate.csv sku=8560 colour='Cafe Cream'
2025-08-21 17:14:25,679 INFO csv write: thermolaminated_doors_and_panels.csv sku= colour='Cafe Cream'
2025-08-21 17:14:25,680 INFO [130/240] Done Cafe Cream, rows=6, ranges=['Board Decorative', 'Edgetape Decorative', 'Laminate', 'Thermolaminated Doors and Panels']
