2025-08-21 17:33:42,253 INFO [166/240] Processing Castel  https://www.polytec.com.au/colour/castel/
2025-08-21 17:33:42,253 INFO run start colour=https://www.polytec.com.au/colour/castel/
2025-08-21 17:33:42,734 INFO colour name: Castel
2025-08-21 17:33:42,739 INFO finish tabs: 1
2025-08-21 17:33:42,758 INFO tab 1/1 -> Legato
2025-08-21 17:33:42,778 INFO items in finish 'Legato': 5
2025-08-21 17:33:42,778 INFO range -> Board Decorative
2025-08-21 17:33:46,132 INFO row 1: sku=26761 title='MDF 182412 DS Castel Legato MR E0 Film' stock=EMPTY price=EMPTY qty_used=1 moq_min=1 step=1 time=3.35s
2025-08-21 17:33:46,892 INFO row 2: sku=26762 title='MDF 183112 DS Castel Legato MR E0 Film' stock=OK price=OK qty_used=1 moq_min=1 step=1 time=0.76s
2025-08-21 17:33:46,892 INFO range -> Edgetape Decorative
2025-08-21 17:33:47,943 INFO row 3: sku=26779 title='ABS 1mm x 21mm UG 100m Castel Legato' stock=OK price=OK qty_used=1 moq_min=1 step=1 time=1.05s
2025-08-21 17:33:49,024 INFO row 4: sku=26781 title='ABS 1mm x 21mm UG 20m Castel Legato' stock=OK price=OK qty_used=1 moq_min=1 step=1 time=1.08s
2025-08-21 17:33:50,059 INFO row 5: sku=44240 title='ABS 1mm x 29mm UG 100m Castel Legato' stock=OK price=OK qty_used=1 moq_min=1 step=1 time=1.03s
2025-08-21 17:33:50,059 INFO run end rows=5
2025-08-21 17:33:50,060 INFO csv write: board_decorative.csv sku=26761 colour='Castel'
2025-08-21 17:33:50,060 INFO csv write: board_decorative.csv sku=26762 colour='Castel'
2025-08-21 17:33:50,060 INFO csv write: edgetape_decorative.csv sku=26779 colour='Castel'
2025-08-21 17:33:50,060 INFO csv write: edgetape_decorative.csv sku=26781 colour='Castel'
2025-08-21 17:33:50,060 INFO csv write: edgetape_decorative.csv sku=44240 colour='Castel'
2025-08-21 17:33:50,061 INFO [166/240] Done Castel, rows=5, ranges=['Board Decorative', 'Edgetape Decorative']
