2025-08-21 16:58:54,149 INFO [79/240] Processing Catalina Marble  https://www.polytec.com.au/colour/catalina-marble/
2025-08-21 16:58:54,150 INFO run start colour=https://www.polytec.com.au/colour/catalina-marble/
2025-08-21 16:58:54,553 INFO colour name: Catalina Marble
2025-08-21 16:58:54,558 INFO finish tabs: 1
2025-08-21 16:58:54,579 INFO tab 1/1 -> Smooth
2025-08-21 16:58:54,607 INFO items in finish 'Smooth': 7
2025-08-21 16:58:54,607 INFO range -> Laminate
2025-08-21 16:58:55,714 INFO row 1: sku=57539 title='Laminate Catalina Marble Smooth 0.7mm 3650x1360 - Film' stock=OK price=OK qty_used=1 moq_min=1 step=1 time=1.11s
2025-08-21 16:58:56,758 INFO row 2: sku=57540 title='Laminate Catalina Marble Smooth HL 0.7mm 3650x680 - Film' stock=OK price=OK qty_used=1 moq_min=1 step=1 time=1.04s
2025-08-21 16:58:57,804 INFO row 3: sku=57541 title='Laminate Catalina Marble Smooth HS 0.7mm 1825x1360 - Film' stock=OK price=OK qty_used=1 moq_min=1 step=1 time=1.05s
2025-08-21 16:58:58,834 INFO row 4: sku=57542 title='Laminate Catalina Marble Smooth Q 1825 x 680 - Film' stock=OK price=OK qty_used=1 moq_min=1 step=1 time=1.03s
2025-08-21 16:58:58,834 INFO range -> Compact
2025-08-21 16:58:59,593 INFO row 5: sku=50314 title='Compact Laminate Catalina Marble Smooth BC 3660x1830 13mm' stock=OK price=OK qty_used=1 moq_min=1 step=1 time=0.76s
2025-08-21 16:59:00,360 INFO row 6: sku=51882 title='Compact Laminate Catalina Marble Smooth BC 2730x1830 5mm' stock=OK price=OK qty_used=1 moq_min=1 step=1 time=0.77s
2025-08-21 16:59:00,360 INFO range -> Alfresco Doors
2025-08-21 16:59:04,779 INFO row 7: sku= title='5mm Compact Laminate Insert' stock=EMPTY price=EMPTY qty_used=1 moq_min=1 step=1 time=4.42s
2025-08-21 16:59:04,780 INFO run end rows=7
2025-08-21 16:59:04,781 INFO csv write: laminate.csv sku=57539 colour='Catalina Marble'
2025-08-21 16:59:04,781 INFO csv write: laminate.csv sku=57540 colour='Catalina Marble'
2025-08-21 16:59:04,782 INFO csv write: laminate.csv sku=57541 colour='Catalina Marble'
2025-08-21 16:59:04,782 INFO csv write: laminate.csv sku=57542 colour='Catalina Marble'
2025-08-21 16:59:04,782 INFO csv write: compact.csv sku=50314 colour='Catalina Marble'
2025-08-21 16:59:04,783 INFO csv write: compact.csv sku=51882 colour='Catalina Marble'
2025-08-21 16:59:04,783 INFO csv write: alfresco_doors.csv sku= colour='Catalina Marble'
2025-08-21 16:59:04,784 INFO [79/240] Done Catalina Marble, rows=7, ranges=['Alfresco Doors', 'Compact', 'Laminate']
