2025-08-21 17:40:05,738 INFO [202/240] Processing Cavia Lini  https://www.polytec.com.au/colour/cavia-lini/
2025-08-21 17:40:05,739 INFO run start colour=https://www.polytec.com.au/colour/cavia-lini/
2025-08-21 17:40:06,254 INFO colour name: Cavia Lini
2025-08-21 17:40:06,269 INFO finish tabs: 4
2025-08-21 17:40:06,296 INFO tab 1/4 -> Finegrain
2025-08-21 17:40:06,301 INFO items in finish 'Finegrain': 1
2025-08-21 17:40:06,301 INFO range -> Edgetape Decorative
2025-08-21 17:40:07,412 INFO row 1: sku=20145 title='Rigid 1mm x 21mm UG 100m Cavia Lini Finegrain' stock=OK price=OK qty_used=1 moq_min=1 step=1 time=1.11s
2025-08-21 17:40:07,448 INFO tab 2/4 -> Gloss
2025-08-21 17:40:07,711 INFO items in finish 'Gloss': 4
2025-08-21 17:40:07,711 INFO range -> Board Decorative
2025-08-21 17:40:08,468 INFO row 1: sku=25871 title='MDF 182412 SS Cavia Lini Gloss LMG E0' stock=OK price=OK qty_used=1 moq_min=1 step=1 time=0.76s
2025-08-21 17:40:09,222 INFO row 2: sku=26276 title='MDF 182412 DS Cavia Lini Gloss LMG E0' stock=OK price=OK qty_used=1 moq_min=1 step=1 time=0.75s
2025-08-21 17:40:09,222 INFO range -> Edgetape Decorative
2025-08-21 17:40:10,265 INFO row 3: sku=26320 title='ABS 1mm x 21mm UG 100m Cavia Lini Gloss' stock=OK price=OK qty_used=1 moq_min=1 step=1 time=1.04s
2025-08-21 17:40:11,306 INFO row 4: sku=26322 title='ABS 1mm x 21mm UG 20m Cavia Lini Gloss' stock=OK price=OK qty_used=1 moq_min=1 step=1 time=1.04s
2025-08-21 17:40:11,338 INFO tab 3/4 -> Matt
2025-08-21 17:40:11,373 INFO items in finish 'Matt': 9
2025-08-21 17:40:11,373 INFO range -> Board Decorative
2025-08-21 17:40:12,498 INFO row 1: sku=25736 title='MDF 162412 DS Cavia Lini Matt MR E0' stock=OK price=OK qty_used=1 moq_min=1 step=1 time=1.12s
2025-08-21 17:40:13,258 INFO row 2: sku=46703 title='LDF 333618 DS Cavia Lini Matt MR E0' stock=OK price=OK qty_used=1 moq_min=1 step=1 time=0.76s
2025-08-21 17:40:14,031 INFO row 3: sku=46697 title='Particle 183618 DS Cavia Lini Matt MR' stock=OK price=OK qty_used=1 moq_min=1 step=1 time=0.77s
2025-08-21 17:40:14,789 INFO row 4: sku=46700 title='LDF 253618  DS Cavia Lini Matt STD E0' stock=OK price=OK qty_used=1 moq_min=1 step=1 time=0.76s
2025-08-21 17:40:14,790 INFO range -> Edgetape Decorative
2025-08-21 17:40:15,834 INFO row 5: sku=19196 title='Rigid 1mm x 21mm UG 100m Cavia Lini Matt' stock=OK price=OK qty_used=1 moq_min=1 step=1 time=1.04s
2025-08-21 17:40:16,891 INFO row 6: sku=19505 title='Rigid 1mm x 21mm UG 20m Cavia Lini Matt' stock=OK price=OK qty_used=1 moq_min=1 step=1 time=1.06s
2025-08-21 17:40:17,937 INFO row 7: sku=44342 title='ABS 1mm x 29mm UG 100m Cavia Lini Matt' stock=OK price=OK qty_used=1 moq_min=1 step=1 time=1.05s
2025-08-21 17:40:19,006 INFO row 8: sku=53998 title='ABS 1mm x 38mm UG 100m Cavia Lini Matt' stock=OK price=OK qty_used=1 moq_min=1 step=1 time=1.07s
2025-08-21 17:40:19,007 INFO range -> Laminate
2025-08-21 17:40:20,051 INFO row 9: sku=26173 title='Laminate Cavia Lini Matt 0.7mm 3650x1220 - Film' stock=OK price=OK qty_used=1 moq_min=1 step=1 time=1.04s
2025-08-21 17:40:20,081 INFO tab 4/4 -> Sheen
2025-08-21 17:40:20,095 INFO items in finish 'Sheen': 4
2025-08-21 17:40:20,095 INFO range -> Board Decorative
2025-08-21 17:40:21,223 INFO row 1: sku=25741 title='MDF 162412 DS Cavia Lini Sheen LMG E0 Film' stock=OK price=OK qty_used=1 moq_min=1 step=1 time=1.13s
2025-08-21 17:40:21,223 INFO range -> Edgetape Decorative
2025-08-21 17:40:22,253 INFO row 2: sku=19195 title='Rigid 1mm x 21mm UG 100m Cavia Lini Sheen' stock=OK price=OK qty_used=1 moq_min=1 step=1 time=1.03s
2025-08-21 17:40:23,314 INFO row 3: sku=19539 title='Rigid 1mm x 21mm UG 20m Cavia Lini Sheen' stock=OK price=OK qty_used=1 moq_min=1 step=1 time=1.06s
2025-08-21 17:40:24,368 INFO row 4: sku=44276 title='ABS 1mm x 29mm UG 100m Cavia Lini Sheen' stock=OK price=OK qty_used=1 moq_min=1 step=1 time=1.05s
2025-08-21 17:40:24,368 INFO run end rows=18
2025-08-21 17:40:24,369 INFO csv write: edgetape_decorative.csv sku=20145 colour='Cavia Lini'
2025-08-21 17:40:24,369 INFO csv write: board_decorative.csv sku=25871 colour='Cavia Lini'
2025-08-21 17:40:24,369 INFO csv write: board_decorative.csv sku=26276 colour='Cavia Lini'
2025-08-21 17:40:24,369 INFO csv write: edgetape_decorative.csv sku=26320 colour='Cavia Lini'
2025-08-21 17:40:24,369 INFO csv write: edgetape_decorative.csv sku=26322 colour='Cavia Lini'
2025-08-21 17:40:24,370 INFO csv write: board_decorative.csv sku=25736 colour='Cavia Lini'
2025-08-21 17:40:24,370 INFO csv write: board_decorative.csv sku=46703 colour='Cavia Lini'
2025-08-21 17:40:24,370 INFO csv write: board_decorative.csv sku=46697 colour='Cavia Lini'
2025-08-21 17:40:24,370 INFO csv write: board_decorative.csv sku=46700 colour='Cavia Lini'
2025-08-21 17:40:24,370 INFO csv write: edgetape_decorative.csv sku=19196 colour='Cavia Lini'
2025-08-21 17:40:24,370 INFO csv write: edgetape_decorative.csv sku=19505 colour='Cavia Lini'
2025-08-21 17:40:24,370 INFO csv write: edgetape_decorative.csv sku=44342 colour='Cavia Lini'
2025-08-21 17:40:24,371 INFO csv write: edgetape_decorative.csv sku=53998 colour='Cavia Lini'
2025-08-21 17:40:24,371 INFO csv write: laminate.csv sku=26173 colour='Cavia Lini'
2025-08-21 17:40:24,371 INFO csv write: board_decorative.csv sku=25741 colour='Cavia Lini'
2025-08-21 17:40:24,371 INFO csv write: edgetape_decorative.csv sku=19195 colour='Cavia Lini'
2025-08-21 17:40:24,371 INFO csv write: edgetape_decorative.csv sku=19539 colour='Cavia Lini'
2025-08-21 17:40:24,371 INFO csv write: edgetape_decorative.csv sku=44276 colour='Cavia Lini'
2025-08-21 17:40:24,372 INFO [202/240] Done Cavia Lini, rows=18, ranges=['Board Decorative', 'Edgetape Decorative', 'Laminate']
