2025-08-21 17:39:48,934 INFO [201/240] Processing Char Oak  https://www.polytec.com.au/colour/char-oak/
2025-08-21 17:39:48,934 INFO run start colour=https://www.polytec.com.au/colour/char-oak/
2025-08-21 17:39:49,310 INFO colour name: Char Oak
2025-08-21 17:39:49,319 INFO finish tabs: 2
2025-08-21 17:39:49,342 INFO tab 1/2 -> Matt
2025-08-21 17:39:49,361 INFO items in finish 'Matt': 5
2025-08-21 17:39:49,361 INFO range -> Board Decorative
2025-08-21 17:39:50,489 INFO row 1: sku=25807 title='MDF 162412 DS Char Oak Matt MR E0' stock=OK price=OK qty_used=1 moq_min=1 step=1 time=1.13s
2025-08-21 17:39:50,489 INFO range -> Edgetape Decorative
2025-08-21 17:39:51,541 INFO row 2: sku=19546 title='Rigid 1mm x 21mm UG 100m Char Oak Matt' stock=OK price=OK qty_used=1 moq_min=1 step=1 time=1.05s
2025-08-21 17:39:52,585 INFO row 3: sku=19549 title='Rigid 1mm x 21mm UG 20m Char Oak Matt' stock=OK price=OK qty_used=1 moq_min=1 step=1 time=1.04s
2025-08-21 17:39:53,630 INFO row 4: sku=44343 title='ABS 1mm x 29mm UG 100m Char Oak Matt' stock=OK price=OK qty_used=1 moq_min=1 step=1 time=1.04s
2025-08-21 17:39:53,630 INFO range -> Laminate
2025-08-21 17:39:54,663 INFO row 5: sku=26181 title='Laminate Char Oak Matt 0.7mm 3650x1220 - Film' stock=OK price=OK qty_used=1 moq_min=1 step=1 time=1.03s
2025-08-21 17:39:54,693 INFO tab 2/2 -> Ravine
2025-08-21 17:39:54,734 INFO items in finish 'Ravine': 12
2025-08-21 17:39:54,734 INFO range -> Board Decorative
2025-08-21 17:39:55,858 INFO row 1: sku=43051 title='LDF 333618 DS Char Oak Ravine MR E0' stock=OK price=OK qty_used=1 moq_min=1 step=1 time=1.12s
2025-08-21 17:39:56,623 INFO row 2: sku=26405 title='MDF 182412 DS Char Oak Ravine MR E0' stock=OK price=OK qty_used=1 moq_min=1 step=1 time=0.76s
2025-08-21 17:39:57,394 INFO row 3: sku=26417 title='MDF 183112 DS Char Oak Ravine MR E0' stock=OK price=OK qty_used=1 moq_min=1 step=1 time=0.77s
2025-08-21 17:39:58,160 INFO row 4: sku=43027 title='MDF 183618 DS Char Oak Ravine MR E0' stock=OK price=OK qty_used=1 moq_min=1 step=1 time=0.77s
2025-08-21 17:39:58,928 INFO row 5: sku=42791 title='MDF 252412 DS Char Oak Ravine MR E0' stock=OK price=OK qty_used=1 moq_min=1 step=1 time=0.77s
2025-08-21 17:39:59,696 INFO row 6: sku=42805 title='MDF 322412 DS Char Oak Ravine MR E0' stock=OK price=OK qty_used=1 moq_min=1 step=1 time=0.77s
2025-08-21 17:40:00,458 INFO row 7: sku=43039 title='LDF 253618 DS Char Oak Ravine STD E0' stock=OK price=OK qty_used=1 moq_min=1 step=1 time=0.76s
2025-08-21 17:40:00,458 INFO range -> Edgetape Decorative
2025-08-21 17:40:01,484 INFO row 8: sku=26439 title='ABS 1mm x 21mm UG 100m Char Oak Ravine' stock=OK price=OK qty_used=1 moq_min=1 step=1 time=1.03s
2025-08-21 17:40:02,517 INFO row 9: sku=26441 title='ABS 1mm x 21mm UG 20m Char Oak Ravine' stock=OK price=OK qty_used=1 moq_min=1 step=1 time=1.03s
2025-08-21 17:40:03,573 INFO row 10: sku=42697 title='ABS 1mm x 29mm UG 100m Char Oak Ravine' stock=OK price=OK qty_used=1 moq_min=1 step=1 time=1.06s
2025-08-21 17:40:04,619 INFO row 11: sku=42777 title='ABS 1mm x 38mm UG 100m Char Oak Ravine' stock=OK price=OK qty_used=1 moq_min=1 step=1 time=1.05s
2025-08-21 17:40:04,619 INFO range -> Laminate
2025-08-21 17:40:05,671 INFO row 12: sku=42710 title='Laminate Char Oak Ravine 0.7mm 3650x1220' stock=OK price=OK qty_used=1 moq_min=1 step=1 time=1.05s
2025-08-21 17:40:05,672 INFO run end rows=17
2025-08-21 17:40:05,672 INFO csv write: board_decorative.csv sku=25807 colour='Char Oak'
2025-08-21 17:40:05,672 INFO csv write: edgetape_decorative.csv sku=19546 colour='Char Oak'
2025-08-21 17:40:05,672 INFO csv write: edgetape_decorative.csv sku=19549 colour='Char Oak'
2025-08-21 17:40:05,673 INFO csv write: edgetape_decorative.csv sku=44343 colour='Char Oak'
2025-08-21 17:40:05,673 INFO csv write: laminate.csv sku=26181 colour='Char Oak'
2025-08-21 17:40:05,673 INFO csv write: board_decorative.csv sku=43051 colour='Char Oak'
2025-08-21 17:40:05,673 INFO csv write: board_decorative.csv sku=26405 colour='Char Oak'
2025-08-21 17:40:05,673 INFO csv write: board_decorative.csv sku=26417 colour='Char Oak'
2025-08-21 17:40:05,674 INFO csv write: board_decorative.csv sku=43027 colour='Char Oak'
2025-08-21 17:40:05,674 INFO csv write: board_decorative.csv sku=42791 colour='Char Oak'
2025-08-21 17:40:05,674 INFO csv write: board_decorative.csv sku=42805 colour='Char Oak'
2025-08-21 17:40:05,674 INFO csv write: board_decorative.csv sku=43039 colour='Char Oak'
2025-08-21 17:40:05,674 INFO csv write: edgetape_decorative.csv sku=26439 colour='Char Oak'
2025-08-21 17:40:05,674 INFO csv write: edgetape_decorative.csv sku=26441 colour='Char Oak'
2025-08-21 17:40:05,675 INFO csv write: edgetape_decorative.csv sku=42697 colour='Char Oak'
2025-08-21 17:40:05,675 INFO csv write: edgetape_decorative.csv sku=42777 colour='Char Oak'
2025-08-21 17:40:05,675 INFO csv write: laminate.csv sku=42710 colour='Char Oak'
2025-08-21 17:40:05,675 INFO [201/240] Done Char Oak, rows=17, ranges=['Board Decorative', 'Edgetape Decorative', 'Laminate']
