2025-08-21 17:41:13,277 INFO [209/240] Processing Cinder  https://www.polytec.com.au/colour/cinder/
2025-08-21 17:41:13,277 INFO run start colour=https://www.polytec.com.au/colour/cinder/
2025-08-21 17:41:13,808 INFO colour name: Cinder
2025-08-21 17:41:13,829 INFO finish tabs: 5
2025-08-21 17:41:13,856 INFO tab 1/5 -> Gloss
2025-08-21 17:41:13,876 INFO items in finish 'Gloss': 5
2025-08-21 17:41:13,876 INFO range -> Board Decorative
2025-08-21 17:41:15,063 INFO row 1: sku=44957 title='MDF 182412 SS Cinder Gloss LMG E0' stock=OK price=OK qty_used=1 moq_min=1 step=1 time=1.19s
2025-08-21 17:41:15,828 INFO row 2: sku=44964 title='MDF 182412 DS Cinder Gloss LMG E0' stock=OK price=OK qty_used=1 moq_min=1 step=1 time=0.77s
2025-08-21 17:41:15,828 INFO range -> Edgetape Decorative
2025-08-21 17:41:16,890 INFO row 3: sku=44950 title='ABS 1mm x 29mm UG 100m Cinder Gloss' stock=OK price=OK qty_used=1 moq_min=1 step=1 time=1.06s
2025-08-21 17:41:17,935 INFO row 4: sku=44929 title='ABS 1mm x 21mm UG 100m Cinder Gloss' stock=OK price=OK qty_used=1 moq_min=1 step=1 time=1.04s
2025-08-21 17:41:19,004 INFO row 5: sku=44936 title='ABS 1mm x 21mm UG 20m Cinder Gloss' stock=OK price=OK qty_used=1 moq_min=1 step=1 time=1.07s
2025-08-21 17:41:19,035 INFO tab 2/5 -> Matt
2025-08-21 17:41:19,090 INFO items in finish 'Matt': 14
2025-08-21 17:41:19,090 INFO range -> Board Decorative
2025-08-21 17:41:20,236 INFO row 1: sku=25615 title='MDF 162412 DS Cinder Matt MR E0' stock=OK price=OK qty_used=1 moq_min=1 step=1 time=1.15s
2025-08-21 17:41:21,029 INFO row 2: sku=41971 title='Particle 162412 DS Cinder Matt MR' stock=OK price=OK qty_used=1 moq_min=1 step=1 time=0.79s
2025-08-21 17:41:21,795 INFO row 3: sku=48426 title='MDF 163112 DS Cinder Matt MR E0' stock=OK price=OK qty_used=1 moq_min=1 step=1 time=0.76s
2025-08-21 17:41:22,561 INFO row 4: sku=46696 title='Particle 183618 DS Cinder Matt MR' stock=OK price=OK qty_used=1 moq_min=1 step=1 time=0.77s
2025-08-21 17:41:23,328 INFO row 5: sku=46699 title='LDF 253618  DS Cinder Matt STD E0' stock=OK price=OK qty_used=1 moq_min=1 step=1 time=0.77s
2025-08-21 17:41:24,095 INFO row 6: sku=46702 title='LDF 333618 DS Cinder Matt MR E0' stock=OK price=OK qty_used=1 moq_min=1 step=1 time=0.77s
2025-08-21 17:41:24,095 INFO range -> Edgetape Decorative
2025-08-21 17:41:25,156 INFO row 7: sku=52015 title='ABS 1mm x 21mm UG 100m Cinder Matt' stock=OK price=OK qty_used=1 moq_min=1 step=1 time=1.06s
2025-08-21 17:41:25,931 INFO row 8: sku=52014 title='ABS 1mm x 21mm UG 20m Cinder Matt' stock=OK price=OK qty_used=1 moq_min=1 step=1 time=0.77s
2025-08-21 17:41:27,012 INFO row 9: sku=51661 title='ABS 1mm x 29mm UG 100m Cinder Matt' stock=OK price=OK qty_used=1 moq_min=1 step=1 time=1.08s
2025-08-21 17:41:28,074 INFO row 10: sku=44102 title='ABS 1mm x 38mm UG 100m Cinder Matt' stock=OK price=OK qty_used=1 moq_min=1 step=1 time=1.06s
2025-08-21 17:41:28,074 INFO range -> Laminate
2025-08-21 17:41:29,138 INFO row 11: sku=26301 title='Laminate Cinder Matt 0.7mm 3650x1220 - Film' stock=OK price=OK qty_used=1 moq_min=1 step=1 time=1.06s
2025-08-21 17:41:29,138 INFO range -> Compact
2025-08-21 17:41:29,899 INFO row 12: sku=47182 title='Compact Laminate Cinder Matt BC 3660x1830 13mm' stock=OK price=OK qty_used=1 moq_min=1 step=1 time=0.76s
2025-08-21 17:41:30,665 INFO row 13: sku=55432 title='Compact Laminate Cinder Matt BC 3660x1830 5mm' stock=OK price=OK qty_used=1 moq_min=1 step=1 time=0.77s
2025-08-21 17:41:30,665 INFO range -> Alfresco Doors
2025-08-21 17:41:35,107 INFO row 14: sku= title='5mm Compact Laminate Insert' stock=EMPTY price=EMPTY qty_used=1 moq_min=1 step=1 time=4.44s
2025-08-21 17:41:35,145 INFO tab 3/5 -> Smooth
2025-08-21 17:41:35,151 INFO items in finish 'Smooth': 1
2025-08-21 17:41:35,151 INFO range -> Thermolaminated Doors and Panels
2025-08-21 17:41:39,600 INFO row 1: sku= title='Style 1 - 6' stock=EMPTY price=EMPTY qty_used=1 moq_min=1 step=1 time=4.45s
2025-08-21 17:41:39,638 INFO tab 4/5 -> Venette
2025-08-21 17:41:39,661 INFO items in finish 'Venette': 5
2025-08-21 17:41:39,661 INFO range -> Board Decorative
2025-08-21 17:41:40,780 INFO row 1: sku=48355 title='MDF 182412 SS Cinder Venette LMG E0' stock=OK price=OK qty_used=1 moq_min=1 step=1 time=1.12s
2025-08-21 17:41:41,540 INFO row 2: sku=47479 title='MDF 182412 DS Cinder Venette LMG E0' stock=OK price=OK qty_used=1 moq_min=1 step=1 time=0.76s
2025-08-21 17:41:41,540 INFO range -> Edgetape Decorative
2025-08-21 17:41:42,597 INFO row 3: sku=46662 title='ABS 1mm x 21mm UG 100m Cinder Venette' stock=OK price=OK qty_used=1 moq_min=1 step=1 time=1.06s
2025-08-21 17:41:43,652 INFO row 4: sku=46902 title='ABS 1mm x 21mm UG 20m Cinder Venette' stock=OK price=OK qty_used=1 moq_min=1 step=1 time=1.05s
2025-08-21 17:41:44,703 INFO row 5: sku=48584 title='ABS 1mm x 29mm UG 100m Cinder Venette' stock=OK price=OK qty_used=1 moq_min=1 step=1 time=1.05s
2025-08-21 17:41:44,742 INFO tab 5/5 -> Woodmatt
2025-08-21 17:41:44,760 INFO items in finish 'Woodmatt': 5
2025-08-21 17:41:44,760 INFO range -> Board Decorative
2025-08-21 17:41:45,891 INFO row 1: sku=51161 title='MDF 162412 DS Cinder Woodmatt MR E0' stock=OK price=OK qty_used=1 moq_min=1 step=1 time=1.13s
2025-08-21 17:41:45,891 INFO range -> Edgetape Decorative
2025-08-21 17:41:46,932 INFO row 2: sku=51181 title='ABS 1mm x 21mm UG 100m Cinder Woodmatt' stock=OK price=OK qty_used=1 moq_min=1 step=1 time=1.04s
2025-08-21 17:41:47,990 INFO row 3: sku=51166 title='ABS 1mm x 21mm UG 20m Cinder Woodmatt' stock=OK price=OK qty_used=1 moq_min=1 step=1 time=1.06s
2025-08-21 17:41:49,049 INFO row 4: sku=51199 title='ABS 1mm x 29mm UG 100m Cinder Woodmatt' stock=OK price=OK qty_used=1 moq_min=1 step=1 time=1.06s
2025-08-21 17:41:49,050 INFO range -> Laminate
2025-08-21 17:41:50,108 INFO row 5: sku=51204 title='Laminate Cinder Woodmatt 0.7mm 3650x1220' stock=OK price=OK qty_used=1 moq_min=1 step=1 time=1.06s
2025-08-21 17:41:50,108 INFO run end rows=30
2025-08-21 17:41:50,108 INFO csv write: board_decorative.csv sku=44957 colour='Cinder'
2025-08-21 17:41:50,109 INFO csv write: board_decorative.csv sku=44964 colour='Cinder'
2025-08-21 17:41:50,109 INFO csv write: edgetape_decorative.csv sku=44950 colour='Cinder'
2025-08-21 17:41:50,109 INFO csv write: edgetape_decorative.csv sku=44929 colour='Cinder'
2025-08-21 17:41:50,109 INFO csv write: edgetape_decorative.csv sku=44936 colour='Cinder'
2025-08-21 17:41:50,109 INFO csv write: board_decorative.csv sku=25615 colour='Cinder'
2025-08-21 17:41:50,110 INFO csv write: board_decorative.csv sku=41971 colour='Cinder'
2025-08-21 17:41:50,110 INFO csv write: board_decorative.csv sku=48426 colour='Cinder'
2025-08-21 17:41:50,110 INFO csv write: board_decorative.csv sku=46696 colour='Cinder'
2025-08-21 17:41:50,110 INFO csv write: board_decorative.csv sku=46699 colour='Cinder'
2025-08-21 17:41:50,110 INFO csv write: board_decorative.csv sku=46702 colour='Cinder'
2025-08-21 17:41:50,110 INFO csv write: edgetape_decorative.csv sku=52015 colour='Cinder'
2025-08-21 17:41:50,111 INFO csv write: edgetape_decorative.csv sku=52014 colour='Cinder'
2025-08-21 17:41:50,111 INFO csv write: edgetape_decorative.csv sku=51661 colour='Cinder'
2025-08-21 17:41:50,111 INFO csv write: edgetape_decorative.csv sku=44102 colour='Cinder'
2025-08-21 17:41:50,111 INFO csv write: laminate.csv sku=26301 colour='Cinder'
2025-08-21 17:41:50,112 INFO csv write: compact.csv sku=47182 colour='Cinder'
2025-08-21 17:41:50,112 INFO csv write: compact.csv sku=55432 colour='Cinder'
2025-08-21 17:41:50,113 INFO csv write: alfresco_doors.csv sku= colour='Cinder'
2025-08-21 17:41:50,113 INFO csv write: thermolaminated_doors_and_panels.csv sku= colour='Cinder'
2025-08-21 17:41:50,113 INFO csv write: board_decorative.csv sku=48355 colour='Cinder'
2025-08-21 17:41:50,113 INFO csv write: board_decorative.csv sku=47479 colour='Cinder'
2025-08-21 17:41:50,114 INFO csv write: edgetape_decorative.csv sku=46662 colour='Cinder'
2025-08-21 17:41:50,114 INFO csv write: edgetape_decorative.csv sku=46902 colour='Cinder'
2025-08-21 17:41:50,114 INFO csv write: edgetape_decorative.csv sku=48584 colour='Cinder'
2025-08-21 17:41:50,114 INFO csv write: board_decorative.csv sku=51161 colour='Cinder'
2025-08-21 17:41:50,114 INFO csv write: edgetape_decorative.csv sku=51181 colour='Cinder'
2025-08-21 17:41:50,115 INFO csv write: edgetape_decorative.csv sku=51166 colour='Cinder'
2025-08-21 17:41:50,115 INFO csv write: edgetape_decorative.csv sku=51199 colour='Cinder'
2025-08-21 17:41:50,115 INFO csv write: laminate.csv sku=51204 colour='Cinder'
2025-08-21 17:41:50,115 INFO [209/240] Done Cinder, rows=30, ranges=['Alfresco Doors', 'Board Decorative', 'Compact', 'Edgetape Decorative', 'Laminate', 'Thermolaminated Doors and Panels']
