2025-08-21 17:00:20,764 INFO [83/240] Processing Coastal Oak  https://www.polytec.com.au/colour/coastal-oak/
2025-08-21 17:00:20,765 INFO run start colour=https://www.polytec.com.au/colour/coastal-oak/
2025-08-21 17:00:21,230 INFO colour name: Coastal Oak
2025-08-21 17:00:21,240 INFO finish tabs: 1
2025-08-21 17:00:21,263 INFO tab 1/1 -> Woodmatt
2025-08-21 17:00:21,355 INFO items in finish 'Woodmatt': 18
2025-08-21 17:00:21,355 INFO range -> Board Decorative
2025-08-21 17:00:22,492 INFO row 1: sku=46824 title='MDF 162412 DS Coastal Oak Woodmatt MR E0' stock=OK price=OK qty_used=1 moq_min=1 step=1 time=1.14s
2025-08-21 17:00:23,256 INFO row 2: sku=47241 title='MDF 163112 DS Coastal Oak Woodmatt MR E0' stock=OK price=OK qty_used=1 moq_min=1 step=1 time=0.76s
2025-08-21 17:00:24,197 INFO row 3: sku=47440 title='MDF 183618 DS Coastal Oak Woodmatt MR E0' stock=OK price=OK qty_used=1 moq_min=1 step=1 time=0.94s
2025-08-21 17:00:24,971 INFO row 4: sku=47270 title='MDF 322412 DS Coastal Oak Woodmatt MR E0' stock=OK price=OK qty_used=1 moq_min=1 step=1 time=0.77s
2025-08-21 17:00:25,743 INFO row 5: sku=47254 title='MDF 252412 DS Coastal Oak Woodmatt MR E0' stock=OK price=OK qty_used=1 moq_min=1 step=1 time=0.77s
2025-08-21 17:00:26,502 INFO row 6: sku=47468 title='LDF 333618 DS Coastal Oak Woodmatt MR E0' stock=OK price=OK qty_used=1 moq_min=1 step=1 time=0.76s
2025-08-21 17:00:27,279 INFO row 7: sku=47454 title='LDF 253618 DS Coastal Oak Woodmatt STD E0' stock=OK price=OK qty_used=1 moq_min=1 step=1 time=0.78s
2025-08-21 17:00:28,058 INFO row 8: sku=48413 title='MDF 092712 DS Coastal Oak Woodmatt MR E0' stock=OK price=OK qty_used=1 moq_min=1 step=1 time=0.78s
2025-08-21 17:00:28,058 INFO range -> Edgetape Decorative
2025-08-21 17:00:29,107 INFO row 9: sku=46767 title='ABS 1mm x 21mm UG 100m Coastal Oak Woodmatt' stock=OK price=OK qty_used=1 moq_min=1 step=1 time=1.05s
2025-08-21 17:00:30,135 INFO row 10: sku=46803 title='ABS 1mm x 21mm UG 20m Coastal Oak Woodmatt' stock=OK price=OK qty_used=1 moq_min=1 step=1 time=1.03s
2025-08-21 17:00:31,188 INFO row 11: sku=47386 title='ABS 1mm x 38mm UG 100m Coastal Oak Woodmatt' stock=OK price=OK qty_used=1 moq_min=1 step=1 time=1.05s
2025-08-21 17:00:32,237 INFO row 12: sku=47214 title='ABS 1mm x 29mm UG 100m Coastal Oak Woodmatt' stock=OK price=OK qty_used=1 moq_min=1 step=1 time=1.05s
2025-08-21 17:00:32,237 INFO range -> Laminate
2025-08-21 17:00:33,287 INFO row 13: sku=48519 title='Laminate Coastal Oak Woodmatt 0.7mm 3650x1360' stock=OK price=OK qty_used=1 moq_min=1 step=1 time=1.05s
2025-08-21 17:00:34,334 INFO row 14: sku=48640 title='Laminate Coastal Oak Woodmatt HL 0.7mm 3650x680' stock=OK price=OK qty_used=1 moq_min=1 step=1 time=1.05s
2025-08-21 17:00:35,388 INFO row 15: sku=48654 title='Laminate Coastal Oak Woodmatt Q 0.7mm 1830x680' stock=OK price=OK qty_used=1 moq_min=1 step=1 time=1.05s
2025-08-21 17:00:36,437 INFO row 16: sku=48619 title='Laminate Coastal Oak Woodmatt HS 0.7mm 1830x1360' stock=OK price=OK qty_used=1 moq_min=1 step=1 time=1.05s
2025-08-21 17:00:36,438 INFO range -> Thermolaminated Doors and Panels
2025-08-21 17:00:40,875 INFO row 17: sku= title='Style 1 - 6' stock=EMPTY price=EMPTY qty_used=1 moq_min=1 step=1 time=4.44s
2025-08-21 17:00:40,875 INFO range -> Alfresco Doors
2025-08-21 17:00:45,318 INFO row 18: sku= title='5mm Compact Laminate Insert' stock=EMPTY price=EMPTY qty_used=1 moq_min=1 step=1 time=4.44s
2025-08-21 17:00:45,318 INFO run end rows=18
2025-08-21 17:00:45,318 INFO csv write: board_decorative.csv sku=46824 colour='Coastal Oak'
2025-08-21 17:00:45,318 INFO csv write: board_decorative.csv sku=47241 colour='Coastal Oak'
2025-08-21 17:00:45,319 INFO csv write: board_decorative.csv sku=47440 colour='Coastal Oak'
2025-08-21 17:00:45,319 INFO csv write: board_decorative.csv sku=47270 colour='Coastal Oak'
2025-08-21 17:00:45,319 INFO csv write: board_decorative.csv sku=47254 colour='Coastal Oak'
2025-08-21 17:00:45,319 INFO csv write: board_decorative.csv sku=47468 colour='Coastal Oak'
2025-08-21 17:00:45,319 INFO csv write: board_decorative.csv sku=47454 colour='Coastal Oak'
2025-08-21 17:00:45,319 INFO csv write: board_decorative.csv sku=48413 colour='Coastal Oak'
2025-08-21 17:00:45,320 INFO csv write: edgetape_decorative.csv sku=46767 colour='Coastal Oak'
2025-08-21 17:00:45,320 INFO csv write: edgetape_decorative.csv sku=46803 colour='Coastal Oak'
2025-08-21 17:00:45,320 INFO csv write: edgetape_decorative.csv sku=47386 colour='Coastal Oak'
2025-08-21 17:00:45,320 INFO csv write: edgetape_decorative.csv sku=47214 colour='Coastal Oak'
2025-08-21 17:00:45,320 INFO csv write: laminate.csv sku=48519 colour='Coastal Oak'
2025-08-21 17:00:45,320 INFO csv write: laminate.csv sku=48640 colour='Coastal Oak'
2025-08-21 17:00:45,320 INFO csv write: laminate.csv sku=48654 colour='Coastal Oak'
2025-08-21 17:00:45,320 INFO csv write: laminate.csv sku=48619 colour='Coastal Oak'
2025-08-21 17:00:45,321 INFO csv write: thermolaminated_doors_and_panels.csv sku= colour='Coastal Oak'
2025-08-21 17:00:45,321 INFO csv write: alfresco_doors.csv sku= colour='Coastal Oak'
2025-08-21 17:00:45,321 INFO [83/240] Done Coastal Oak, rows=18, ranges=['Alfresco Doors', 'Board Decorative', 'Edgetape Decorative', 'Laminate', 'Thermolaminated Doors and Panels']
