2025-08-21 16:55:07,748 INFO [58/240] Processing Cosmic Granite  https://www.polytec.com.au/colour/cosmic-granite/
2025-08-21 16:55:07,748 INFO run start colour=https://www.polytec.com.au/colour/cosmic-granite/
2025-08-21 16:55:08,143 INFO colour name: Cosmic Granite
2025-08-21 16:55:08,147 INFO finish tabs: 1
2025-08-21 16:55:08,168 INFO tab 1/1 -> Smooth
2025-08-21 16:55:08,189 INFO items in finish 'Smooth': 5
2025-08-21 16:55:08,189 INFO range -> Laminate
2025-08-21 16:55:09,300 INFO row 1: sku=51786 title='Laminate Cosmic Granite Smooth 0.7mm 3650x1360 - Film' stock=OK price=OK qty_used=1 moq_min=1 step=1 time=1.11s
2025-08-21 16:55:10,344 INFO row 2: sku=51792 title='Laminate Cosmic Granite Smooth HL 0.7mm 3650 x 680' stock=OK price=OK qty_used=1 moq_min=1 step=1 time=1.04s
2025-08-21 16:55:11,394 INFO row 3: sku=51793 title='Laminate Cosmic Granite Smooth HS 0.7mm 1825x1360' stock=OK price=OK qty_used=1 moq_min=1 step=1 time=1.05s
2025-08-21 16:55:12,447 INFO row 4: sku=51794 title='Laminate Cosmic Granite Smooth Q 0.7mm 1825x680' stock=OK price=OK qty_used=1 moq_min=1 step=1 time=1.05s
2025-08-21 16:55:12,447 INFO range -> Compact
2025-08-21 16:55:13,208 INFO row 5: sku=55205 title='Compact Laminate Cosmic Granite Smooth BC 3660x1830 13mm' stock=OK price=OK qty_used=1 moq_min=1 step=1 time=0.76s
2025-08-21 16:55:13,208 INFO run end rows=5
2025-08-21 16:55:13,209 INFO csv write: laminate.csv sku=51786 colour='Cosmic Granite'
2025-08-21 16:55:13,209 INFO csv write: laminate.csv sku=51792 colour='Cosmic Granite'
2025-08-21 16:55:13,209 INFO csv write: laminate.csv sku=51793 colour='Cosmic Granite'
2025-08-21 16:55:13,210 INFO csv write: laminate.csv sku=51794 colour='Cosmic Granite'
2025-08-21 16:55:13,210 INFO csv write: compact.csv sku=55205 colour='Cosmic Granite'
2025-08-21 16:55:13,210 INFO [58/240] Done Cosmic Granite, rows=5, ranges=['Compact', 'Laminate']
