2025-08-21 16:46:22,692 INFO [17/240] Processing Dark Batten Oak  https://www.polytec.com.au/colour/dark-batten-oak/
2025-08-21 16:46:22,693 INFO run start colour=https://www.polytec.com.au/colour/dark-batten-oak/
2025-08-21 16:46:23,031 INFO colour name: Dark Batten Oak
2025-08-21 16:46:23,065 INFO finish tabs: 1
2025-08-21 16:46:23,083 INFO tab 1/1 -> Woodmatt
2025-08-21 16:46:23,111 INFO items in finish 'Woodmatt': 8
2025-08-21 16:46:23,112 INFO range -> Board Decorative
2025-08-21 16:46:24,232 INFO row 1: sku=57264 title='MDF 092412 DS Dark Batten Oak Woodmatt MR E0' stock=OK price=OK qty_used=1 moq_min=1 step=1 time=1.12s
2025-08-21 16:46:25,000 INFO row 2: sku=57262 title='MDF 182412 DS Dark Batten Oak Woodmatt MR E0' stock=OK price=OK qty_used=1 moq_min=1 step=1 time=0.77s
2025-08-21 16:46:25,766 INFO row 3: sku=57263 title='MDF 183112 DS Dark Batten Oak Woodmatt MR E0' stock=OK price=OK qty_used=1 moq_min=1 step=1 time=0.77s
2025-08-21 16:46:25,766 INFO range -> Edgetape Decorative
2025-08-21 16:46:26,813 INFO row 4: sku=57270 title='ABS 1mm x 29mm UG 100m Dark Batten Oak Woodmatt' stock=OK price=OK qty_used=1 moq_min=1 step=1 time=1.05s
2025-08-21 16:46:27,860 INFO row 5: sku=57267 title='ABS 1mm x 21mm UG 100m Dark Batten Oak Woodmatt' stock=OK price=OK qty_used=1 moq_min=1 step=1 time=1.05s
2025-08-21 16:46:28,893 INFO row 6: sku=57268 title='ABS 1mm x 21mm UG 20m Dark Batten Oak Woodmatt' stock=OK price=OK qty_used=1 moq_min=1 step=1 time=1.03s
2025-08-21 16:46:28,893 INFO range -> Laminate
2025-08-21 16:46:29,948 INFO row 7: sku=57273 title='Laminate Dark Batten Oak Woodmatt 0.7mm 3650x1220' stock=OK price=OK qty_used=1 moq_min=1 step=1 time=1.06s
2025-08-21 16:46:29,949 INFO range -> Compact
2025-08-21 16:46:30,698 INFO row 8: sku=57457 title='Compact Laminate Dark Batten Oak Woodmatt BC 3660x1830 5mm' stock=OK price=OK qty_used=1 moq_min=1 step=1 time=0.75s
2025-08-21 16:46:30,699 INFO run end rows=8
2025-08-21 16:46:30,699 INFO csv write: board_decorative.csv sku=57264 colour='Dark Batten Oak'
2025-08-21 16:46:30,699 INFO csv write: board_decorative.csv sku=57262 colour='Dark Batten Oak'
2025-08-21 16:46:30,700 INFO csv write: board_decorative.csv sku=57263 colour='Dark Batten Oak'
2025-08-21 16:46:30,700 INFO csv write: edgetape_decorative.csv sku=57270 colour='Dark Batten Oak'
2025-08-21 16:46:30,700 INFO csv write: edgetape_decorative.csv sku=57267 colour='Dark Batten Oak'
2025-08-21 16:46:30,700 INFO csv write: edgetape_decorative.csv sku=57268 colour='Dark Batten Oak'
2025-08-21 16:46:30,701 INFO csv write: laminate.csv sku=57273 colour='Dark Batten Oak'
2025-08-21 16:46:30,701 INFO csv write: compact.csv sku=57457 colour='Dark Batten Oak'
2025-08-21 16:46:30,701 INFO [17/240] Done Dark Batten Oak, rows=8, ranges=['Board Decorative', 'Compact', 'Edgetape Decorative', 'Laminate']
