2025-08-21 16:58:43,533 INFO [78/240] Processing Dark Cement  https://www.polytec.com.au/colour/dark-cement/
2025-08-21 16:58:43,533 INFO run start colour=https://www.polytec.com.au/colour/dark-cement/
2025-08-21 16:58:43,834 INFO colour name: Dark Cement
2025-08-21 16:58:43,839 INFO finish tabs: 1
2025-08-21 16:58:43,863 INFO tab 1/1 -> Smooth
2025-08-21 16:58:43,889 INFO items in finish 'Smooth': 7
2025-08-21 16:58:43,889 INFO range -> Laminate
2025-08-21 16:58:45,014 INFO row 1: sku=57527 title='Laminate Dark Cement Smooth 0.7mm 3650x1360 - Film' stock=OK price=OK qty_used=1 moq_min=1 step=1 time=1.13s
2025-08-21 16:58:46,057 INFO row 2: sku=57528 title='Laminate Dark Cement Smooth HL 0.7mm 3650x680 - Film' stock=OK price=OK qty_used=1 moq_min=1 step=1 time=1.04s
2025-08-21 16:58:47,097 INFO row 3: sku=57529 title='Laminate Dark Cement Smooth HS 0.7mm 1825x1360 - Film' stock=OK price=OK qty_used=1 moq_min=1 step=1 time=1.04s
2025-08-21 16:58:48,140 INFO row 4: sku=57530 title='Laminate Dark Cement Smooth Q 1825 x 680 - Film' stock=OK price=OK qty_used=1 moq_min=1 step=1 time=1.04s
2025-08-21 16:58:48,140 INFO range -> Compact
2025-08-21 16:58:48,896 INFO row 5: sku=50316 title='Compact Laminate Dark Cement Smooth BC 3660x1830 13mm' stock=OK price=OK qty_used=1 moq_min=1 step=1 time=0.76s
2025-08-21 16:58:49,662 INFO row 6: sku=51880 title='Compact Laminate Dark Cement Smooth BC 2730x1830 5mm' stock=OK price=OK qty_used=1 moq_min=1 step=1 time=0.77s
2025-08-21 16:58:49,662 INFO range -> Alfresco Doors
2025-08-21 16:58:54,085 INFO row 7: sku= title='5mm Compact Laminate Insert' stock=EMPTY price=EMPTY qty_used=1 moq_min=1 step=1 time=4.42s
2025-08-21 16:58:54,085 INFO run end rows=7
2025-08-21 16:58:54,086 INFO csv write: laminate.csv sku=57527 colour='Dark Cement'
2025-08-21 16:58:54,086 INFO csv write: laminate.csv sku=57528 colour='Dark Cement'
2025-08-21 16:58:54,086 INFO csv write: laminate.csv sku=57529 colour='Dark Cement'
2025-08-21 16:58:54,086 INFO csv write: laminate.csv sku=57530 colour='Dark Cement'
2025-08-21 16:58:54,087 INFO csv write: compact.csv sku=50316 colour='Dark Cement'
2025-08-21 16:58:54,087 INFO csv write: compact.csv sku=51880 colour='Dark Cement'
2025-08-21 16:58:54,087 INFO csv write: alfresco_doors.csv sku= colour='Dark Cement'
2025-08-21 16:58:54,087 INFO [78/240] Done Dark Cement, rows=7, ranges=['Alfresco Doors', 'Compact', 'Laminate']
