2025-08-21 17:08:09,840 INFO [99/240] Processing Designer White  https://www.polytec.com.au/colour/designer-white/
2025-08-21 17:08:09,840 INFO run start colour=https://www.polytec.com.au/colour/designer-white/
2025-08-21 17:08:10,236 INFO colour name: Designer White
2025-08-21 17:08:10,241 INFO finish tabs: 1
2025-08-21 17:08:10,260 INFO tab 1/1 -> Texture
2025-08-21 17:08:10,293 INFO items in finish 'Texture': 9
2025-08-21 17:08:10,293 INFO range -> Board Decorative
2025-08-21 17:08:11,415 INFO row 1: sku=926 title='MDF 162412 DS Designer White Texture MR E0' stock=OK price=OK qty_used=1 moq_min=1 step=1 time=1.12s
2025-08-21 17:08:12,175 INFO row 2: sku=58100 title='MDF 092412 DS Designer White Texture STD' stock=OK price=OK qty_used=1 moq_min=1 step=1 time=0.76s
2025-08-21 17:08:12,175 INFO range -> Edgetape Decorative
2025-08-21 17:08:12,942 INFO row 3: sku=8030 title='Rigid 1mm x 21mm UG 100m Designer White Texture' stock=OK price=OK qty_used=1 moq_min=1 step=1 time=0.77s
2025-08-21 17:08:13,710 INFO row 4: sku=17644 title='Rigid 1mm x 21mm UG 20m Designer White Texture' stock=OK price=OK qty_used=1 moq_min=1 step=1 time=0.77s
2025-08-21 17:08:13,711 INFO range -> Laminate
2025-08-21 17:08:14,775 INFO row 5: sku=2389 title='Laminate Designer White Texture 0.7mm 3650x1360' stock=OK price=OK qty_used=1 moq_min=1 step=1 time=1.06s
2025-08-21 17:08:15,810 INFO row 6: sku=8775 title='Laminate Designer White Texture HL 0.7mm 3650x680' stock=OK price=OK qty_used=1 moq_min=1 step=1 time=1.03s
2025-08-21 17:08:16,840 INFO row 7: sku=8915 title='Laminate Designer White Texture Q 0.7mm 1830x680' stock=OK price=OK qty_used=1 moq_min=1 step=1 time=1.03s
2025-08-21 17:08:17,878 INFO row 8: sku=8845 title='Laminate Designer White Texture HS 0.7mm 1830x1360' stock=OK price=OK qty_used=1 moq_min=1 step=1 time=1.04s
2025-08-21 17:08:17,878 INFO range -> Thermolaminated Doors and Panels
2025-08-21 17:08:22,290 INFO row 9: sku= title='Style 1 - 6' stock=EMPTY price=EMPTY qty_used=1 moq_min=1 step=1 time=4.41s
2025-08-21 17:08:22,290 INFO run end rows=9
2025-08-21 17:08:22,291 INFO csv write: board_decorative.csv sku=926 colour='Designer White'
2025-08-21 17:08:22,291 INFO csv write: board_decorative.csv sku=58100 colour='Designer White'
2025-08-21 17:08:22,292 INFO csv write: edgetape_decorative.csv sku=8030 colour='Designer White'
2025-08-21 17:08:22,292 INFO csv write: edgetape_decorative.csv sku=17644 colour='Designer White'
2025-08-21 17:08:22,292 INFO csv write: laminate.csv sku=2389 colour='Designer White'
2025-08-21 17:08:22,293 INFO csv write: laminate.csv sku=8775 colour='Designer White'
2025-08-21 17:08:22,293 INFO csv write: laminate.csv sku=8915 colour='Designer White'
2025-08-21 17:08:22,293 INFO csv write: laminate.csv sku=8845 colour='Designer White'
2025-08-21 17:08:22,293 INFO csv write: thermolaminated_doors_and_panels.csv sku= colour='Designer White'
2025-08-21 17:08:22,294 INFO [99/240] Done Designer White, rows=9, ranges=['Board Decorative', 'Edgetape Decorative', 'Laminate', 'Thermolaminated Doors and Panels']
