2025-08-21 16:45:00,159 INFO [12/240] Processing District Oak  https://www.polytec.com.au/colour/district-oak/
2025-08-21 16:45:00,160 INFO run start colour=https://www.polytec.com.au/colour/district-oak/
2025-08-21 16:45:00,559 INFO colour name: District Oak
2025-08-21 16:45:00,563 INFO finish tabs: 1
2025-08-21 16:45:00,583 INFO tab 1/1 -> Woodmatt
2025-08-21 16:45:00,643 INFO items in finish 'Woodmatt': 16
2025-08-21 16:45:00,643 INFO range -> Board Decorative
2025-08-21 16:45:01,777 INFO row 1: sku=57167 title='MDF 182412 DS District Oak Woodmatt MR E0' stock=OK price=OK qty_used=1 moq_min=1 step=1 time=1.13s
2025-08-21 16:45:02,539 INFO row 2: sku=58463 title='LDF 253618 DS District Oak Woodmatt STD E0' stock=OK price=OK qty_used=1 moq_min=1 step=1 time=0.76s
2025-08-21 16:45:03,309 INFO row 3: sku=58464 title='LDF 333618 DS District Oak Woodmatt MR E0' stock=OK price=OK qty_used=1 moq_min=1 step=1 time=0.77s
2025-08-21 16:45:04,087 INFO row 4: sku=57168 title='MDF 183112 DS District Oak Woodmatt MR E0' stock=OK price=OK qty_used=1 moq_min=1 step=1 time=0.78s
2025-08-21 16:45:04,847 INFO row 5: sku=57169 title='MDF 252412 DS District Oak Woodmatt MR E0' stock=OK price=OK qty_used=1 moq_min=1 step=1 time=0.76s
2025-08-21 16:45:05,603 INFO row 6: sku=58462 title='MDF 183618 DS District Oak Woodmatt MR E0' stock=OK price=OK qty_used=1 moq_min=1 step=1 time=0.76s
2025-08-21 16:45:06,377 INFO row 7: sku=58074 title='MDF 092712 DS District Oak Woodmatt MR E0' stock=OK price=OK qty_used=1 moq_min=1 step=1 time=0.77s
2025-08-21 16:45:06,378 INFO range -> Edgetape Decorative
2025-08-21 16:45:07,444 INFO row 8: sku=56896 title='ABS 1mm x 21mm UG 100m District Oak Woodmatt' stock=OK price=OK qty_used=1 moq_min=1 step=1 time=1.06s
2025-08-21 16:45:08,486 INFO row 9: sku=56899 title='ABS 1mm x 29mm UG 100m District Oak Woodmatt' stock=OK price=OK qty_used=1 moq_min=1 step=1 time=1.04s
2025-08-21 16:45:09,525 INFO row 10: sku=56897 title='ABS 1mm x 21mm UG 20m District Oak Woodmatt' stock=OK price=OK qty_used=1 moq_min=1 step=1 time=1.04s
2025-08-21 16:45:10,570 INFO row 11: sku=57419 title='ABS 1mm x 38mm UG 100m District Oak Woodmatt' stock=OK price=OK qty_used=1 moq_min=1 step=1 time=1.04s
2025-08-21 16:45:10,570 INFO range -> Laminate
2025-08-21 16:45:11,619 INFO row 12: sku=56852 title='Laminate District Oak Woodmatt 0.7mm 3650x1360' stock=OK price=OK qty_used=1 moq_min=1 step=1 time=1.05s
2025-08-21 16:45:12,670 INFO row 13: sku=56853 title='Laminate District Oak Woodmatt HL 0.7mm 3650x680' stock=OK price=OK qty_used=1 moq_min=1 step=1 time=1.05s
2025-08-21 16:45:13,721 INFO row 14: sku=56855 title='Laminate District Oak Woodmatt Q 0.7mm 1825x680' stock=OK price=OK qty_used=1 moq_min=1 step=1 time=1.05s
2025-08-21 16:45:14,770 INFO row 15: sku=56854 title='Laminate District Oak Woodmatt HS 0.7mm 1825x1360' stock=OK price=OK qty_used=1 moq_min=1 step=1 time=1.05s
2025-08-21 16:45:14,770 INFO range -> Thermolaminated Doors and Panels
2025-08-21 16:45:19,208 INFO row 16: sku= title='Style 1 - 6' stock=EMPTY price=EMPTY qty_used=1 moq_min=1 step=1 time=4.44s
2025-08-21 16:45:19,208 INFO run end rows=16
2025-08-21 16:45:19,209 INFO csv write: board_decorative.csv sku=57167 colour='District Oak'
2025-08-21 16:45:19,209 INFO csv write: board_decorative.csv sku=58463 colour='District Oak'
2025-08-21 16:45:19,210 INFO csv write: board_decorative.csv sku=58464 colour='District Oak'
2025-08-21 16:45:19,210 INFO csv write: board_decorative.csv sku=57168 colour='District Oak'
2025-08-21 16:45:19,210 INFO csv write: board_decorative.csv sku=57169 colour='District Oak'
2025-08-21 16:45:19,211 INFO csv write: board_decorative.csv sku=58462 colour='District Oak'
2025-08-21 16:45:19,211 INFO csv write: board_decorative.csv sku=58074 colour='District Oak'
2025-08-21 16:45:19,211 INFO csv write: edgetape_decorative.csv sku=56896 colour='District Oak'
2025-08-21 16:45:19,212 INFO csv write: edgetape_decorative.csv sku=56899 colour='District Oak'
2025-08-21 16:45:19,212 INFO csv write: edgetape_decorative.csv sku=56897 colour='District Oak'
2025-08-21 16:45:19,212 INFO csv write: edgetape_decorative.csv sku=57419 colour='District Oak'
2025-08-21 16:45:19,212 INFO csv write: laminate.csv sku=56852 colour='District Oak'
2025-08-21 16:45:19,213 INFO csv write: laminate.csv sku=56853 colour='District Oak'
2025-08-21 16:45:19,213 INFO csv write: laminate.csv sku=56855 colour='District Oak'
2025-08-21 16:45:19,213 INFO csv write: laminate.csv sku=56854 colour='District Oak'
2025-08-21 16:45:19,214 INFO csv write: thermolaminated_doors_and_panels.csv sku= colour='District Oak'
2025-08-21 16:45:19,214 INFO [12/240] Done District Oak, rows=16, ranges=['Board Decorative', 'Edgetape Decorative', 'Laminate', 'Thermolaminated Doors and Panels']
