2025-08-21 17:20:12,994 INFO [163/240] Processing Distressed Wood  https://www.polytec.com.au/colour/distressed-wood/
2025-08-21 17:20:12,994 INFO run start colour=https://www.polytec.com.au/colour/distressed-wood/
2025-08-21 17:20:13,452 INFO colour name: Distressed Wood
2025-08-21 17:20:13,457 INFO finish tabs: 1
2025-08-21 17:20:13,479 INFO tab 1/1 -> Ravine
2025-08-21 17:20:13,554 INFO items in finish 'Ravine': 16
2025-08-21 17:20:13,554 INFO range -> Board Decorative
2025-08-21 17:20:14,694 INFO row 1: sku=46287 title='MDF 182412 DS Distressed Wood Ravine MR E0' stock=OK price=OK qty_used=1 moq_min=1 step=1 time=1.14s
2025-08-21 17:20:14,694 INFO range -> Edgetape Decorative
2025-08-21 17:20:15,469 INFO row 2: sku=46291 title='ABS 1mm x 21mm UG 100m Distressed Wood Ravine' stock=OK price=OK qty_used=1 moq_min=1 step=1 time=0.77s
2025-08-21 17:20:16,516 INFO row 3: sku=46335 title='ABS 1mm x 38mm UG 100m Distressed Wood Ravine' stock=OK price=OK qty_used=1 moq_min=1 step=1 time=1.05s
2025-08-21 17:20:17,575 INFO row 4: sku=46334 title='ABS 1mm x 29mm UG 100m Distressed Wood Ravine' stock=OK price=OK qty_used=1 moq_min=1 step=1 time=1.06s
2025-08-21 17:20:17,576 INFO range -> Laminate
2025-08-21 17:20:18,649 INFO row 5: sku=46772 title='Laminate Distressed Wood Ravine 0.7mm 3650x1220' stock=OK price=OK qty_used=1 moq_min=1 step=1 time=1.07s
2025-08-21 17:20:18,649 INFO range -> Architectural
2025-08-21 17:20:19,423 INFO row 6: sku=55186 title='Steccawood 17x34x3600 MDF MR E0 Distressed Wood Cove' stock=OK price=OK qty_used=1 moq_min=1 step=1 time=0.77s
2025-08-21 17:20:20,181 INFO row 7: sku=56948 title='Steccawood 24x34x3600 MDF MR E0 Distressed Wood Peak' stock=OK price=OK qty_used=1 moq_min=1 step=1 time=0.76s
2025-08-21 17:20:20,537 INFO MOQ for SKU 53005 min=5 step=1 qty 1 -> 5
2025-08-21 17:20:20,537 INFO MOQ hint: Minimum qty 5
2025-08-21 17:20:21,227 INFO row 8: sku=53005 title='Steccawood 24x48x3600 MDF MR E0 Distressed Wood Half Round' stock=OK price=OK qty_used=5 moq_min=5 step=1 time=1.05s
2025-08-21 17:20:21,292 INFO MOQ for SKU 47833 min=5 step=1 qty 1 -> 5
2025-08-21 17:20:21,292 INFO MOQ hint: Pack Size: 15 .
2025-08-21 17:20:21,292 INFO MOQ hint: Minimum qty 5
2025-08-21 17:20:21,993 INFO row 9: sku=47833 title='Steccawood 31x31x3600 MDF MR E0 Distressed Wood' stock=OK price=OK qty_used=5 moq_min=5 step=1 time=0.77s
2025-08-21 17:20:22,353 INFO MOQ for SKU 51570 min=5 step=1 qty 1 -> 5
2025-08-21 17:20:22,353 INFO MOQ hint: Minimum qty 5
2025-08-21 17:20:23,063 INFO row 10: sku=51570 title='Steccawood 31x62x3600 MDF MR E0 Distressed Wood Half Round' stock=OK price=OK qty_used=5 moq_min=5 step=1 time=1.07s
2025-08-21 17:20:23,420 INFO MOQ for SKU 47846 min=5 step=1 qty 1 -> 5
2025-08-21 17:20:23,420 INFO MOQ hint: Minimum qty 5
2025-08-21 17:20:24,128 INFO row 11: sku=47846 title='Steccawood 31x65x3600 MDF MR E0 Distressed Wood' stock=OK price=OK qty_used=5 moq_min=5 step=1 time=1.06s
2025-08-21 17:20:24,483 INFO MOQ for SKU 48910 min=5 step=1 qty 1 -> 5
2025-08-21 17:20:24,483 INFO MOQ hint: Minimum qty 5
2025-08-21 17:20:25,187 INFO row 12: sku=48910 title='Steccawood 40x100x3600 LDF MR E0 Distressed Wood Ravine' stock=OK price=OK qty_used=5 moq_min=5 step=1 time=1.06s
2025-08-21 17:20:25,533 INFO MOQ for SKU 47880 min=5 step=1 qty 1 -> 5
2025-08-21 17:20:25,533 INFO MOQ hint: Minimum qty 5
2025-08-21 17:20:26,221 INFO row 13: sku=47880 title='Steccawood 50x100x3600 LDF MR E0 Distressed Wood' stock=OK price=OK qty_used=5 moq_min=5 step=1 time=1.03s
2025-08-21 17:20:26,572 INFO MOQ for SKU 47864 min=5 step=1 qty 1 -> 5
2025-08-21 17:20:26,572 INFO MOQ hint: Minimum qty 5
2025-08-21 17:20:27,281 INFO row 14: sku=47864 title='Steccawood 50x70x3600 LDF MR E0 Distressed Wood' stock=OK price=OK qty_used=5 moq_min=5 step=1 time=1.06s
2025-08-21 17:20:27,618 INFO MOQ for SKU 47793 min=5 step=1 qty 1 -> 5
2025-08-21 17:20:27,618 INFO MOQ hint: Minimum qty 5
2025-08-21 17:20:28,326 INFO row 15: sku=47793 title='Steccawood 17x38x3600 MDF MR E0 Distressed Wood' stock=OK price=OK qty_used=5 moq_min=5 step=1 time=1.04s
2025-08-21 17:20:29,099 INFO row 16: sku=51569 title='Steccawood 17x34x3600 MDF MR E0 Distressed Wood Half Round' stock=OK price=OK qty_used=1 moq_min=1 step=1 time=0.77s
2025-08-21 17:20:29,099 INFO run end rows=16
2025-08-21 17:20:29,099 INFO csv write: board_decorative.csv sku=46287 colour='Distressed Wood'
2025-08-21 17:20:29,100 INFO csv write: edgetape_decorative.csv sku=46291 colour='Distressed Wood'
2025-08-21 17:20:29,100 INFO csv write: edgetape_decorative.csv sku=46335 colour='Distressed Wood'
2025-08-21 17:20:29,100 INFO csv write: edgetape_decorative.csv sku=46334 colour='Distressed Wood'
2025-08-21 17:20:29,100 INFO csv write: laminate.csv sku=46772 colour='Distressed Wood'
2025-08-21 17:20:29,101 INFO csv write: architectural.csv sku=55186 colour='Distressed Wood'
2025-08-21 17:20:29,101 INFO csv write: architectural.csv sku=56948 colour='Distressed Wood'
2025-08-21 17:20:29,101 INFO csv write: architectural.csv sku=53005 colour='Distressed Wood'
2025-08-21 17:20:29,102 INFO csv write: architectural.csv sku=47833 colour='Distressed Wood'
2025-08-21 17:20:29,102 INFO csv write: architectural.csv sku=51570 colour='Distressed Wood'
2025-08-21 17:20:29,102 INFO csv write: architectural.csv sku=47846 colour='Distressed Wood'
2025-08-21 17:20:29,102 INFO csv write: architectural.csv sku=48910 colour='Distressed Wood'
2025-08-21 17:20:29,102 INFO csv write: architectural.csv sku=47880 colour='Distressed Wood'
2025-08-21 17:20:29,102 INFO csv write: architectural.csv sku=47864 colour='Distressed Wood'
2025-08-21 17:20:29,103 INFO csv write: architectural.csv sku=47793 colour='Distressed Wood'
2025-08-21 17:20:29,103 INFO csv write: architectural.csv sku=51569 colour='Distressed Wood'
2025-08-21 17:20:29,103 INFO [163/240] Done Distressed Wood, rows=16, ranges=['Architectural', 'Board Decorative', 'Edgetape Decorative', 'Laminate']
