2025-08-21 17:19:56,405 INFO [162/240] Processing Drifted Oak  https://www.polytec.com.au/colour/drifted-oak/
2025-08-21 17:19:56,406 INFO run start colour=https://www.polytec.com.au/colour/drifted-oak/
2025-08-21 17:19:56,850 INFO colour name: Drifted Oak
2025-08-21 17:19:56,859 INFO finish tabs: 2
2025-08-21 17:19:56,880 INFO tab 1/2 -> Legato
2025-08-21 17:19:56,903 INFO items in finish 'Legato': 5
2025-08-21 17:19:56,903 INFO range -> Board Decorative
2025-08-21 17:19:58,018 INFO row 1: sku=33240 title='MDF 182412 DS Drifted Oak Legato MR E0 Film' stock=OK price=OK qty_used=1 moq_min=1 step=1 time=1.11s
2025-08-21 17:19:58,791 INFO row 2: sku=26738 title='MDF 183112 DS Drifted Oak Legato MR E0 Film' stock=OK price=OK qty_used=1 moq_min=1 step=1 time=0.77s
2025-08-21 17:19:58,791 INFO range -> Edgetape Decorative
2025-08-21 17:19:59,827 INFO row 3: sku=26739 title='ABS 1mm x 21mm UG 100m Drifted Oak Legato' stock=OK price=OK qty_used=1 moq_min=1 step=1 time=1.04s
2025-08-21 17:20:00,867 INFO row 4: sku=26741 title='ABS 1mm x 21mm UG 20m Drifted Oak Legato' stock=OK price=OK qty_used=1 moq_min=1 step=1 time=1.04s
2025-08-21 17:20:01,887 INFO row 5: sku=44248 title='ABS 1mm x 29mm UG 100m Drifted Oak Legato' stock=OK price=OK qty_used=1 moq_min=1 step=1 time=1.02s
2025-08-21 17:20:01,913 INFO tab 2/2 -> Ravine
2025-08-21 17:20:01,955 INFO items in finish 'Ravine': 12
2025-08-21 17:20:01,955 INFO range -> Board Decorative
2025-08-21 17:20:03,078 INFO row 1: sku=26411 title='MDF 182412 DS Drifted Oak Ravine MR E0' stock=OK price=OK qty_used=1 moq_min=1 step=1 time=1.12s
2025-08-21 17:20:03,841 INFO row 2: sku=43040 title='LDF 253618 DS Drifted Oak Ravine STD E0' stock=OK price=OK qty_used=1 moq_min=1 step=1 time=0.76s
2025-08-21 17:20:04,611 INFO row 3: sku=26423 title='MDF 183112 DS Drifted Oak Ravine MR E0' stock=OK price=OK qty_used=1 moq_min=1 step=1 time=0.77s
2025-08-21 17:20:05,377 INFO row 4: sku=43028 title='MDF 183618 DS Drifted Oak Ravine MR E0' stock=OK price=OK qty_used=1 moq_min=1 step=1 time=0.77s
2025-08-21 17:20:06,150 INFO row 5: sku=42794 title='MDF 252412 DS Drifted Oak Ravine MR E0' stock=OK price=OK qty_used=1 moq_min=1 step=1 time=0.77s
2025-08-21 17:20:06,903 INFO row 6: sku=42806 title='MDF 322412 DS Drifted Oak Ravine MR E0' stock=OK price=OK qty_used=1 moq_min=1 step=1 time=0.75s
2025-08-21 17:20:07,660 INFO row 7: sku=44150 title='LDF 333618 DS Drifted Oak Ravine MR E0' stock=OK price=OK qty_used=1 moq_min=1 step=1 time=0.76s
2025-08-21 17:20:07,660 INFO range -> Edgetape Decorative
2025-08-21 17:20:08,709 INFO row 8: sku=26457 title='ABS 1mm x 21mm UG 100m Drifted Oak Ravine' stock=OK price=OK qty_used=1 moq_min=1 step=1 time=1.05s
2025-08-21 17:20:09,751 INFO row 9: sku=26459 title='ABS 1mm x 21mm UG 20m Drifted Oak Ravine' stock=OK price=OK qty_used=1 moq_min=1 step=1 time=1.04s
2025-08-21 17:20:10,811 INFO row 10: sku=42778 title='ABS 1mm x 38mm UG 100m Drifted Oak Ravine' stock=OK price=OK qty_used=1 moq_min=1 step=1 time=1.06s
2025-08-21 17:20:11,869 INFO row 11: sku=42696 title='ABS 1mm x 29mm UG 100m Drifted Oak Ravine' stock=OK price=OK qty_used=1 moq_min=1 step=1 time=1.06s
2025-08-21 17:20:11,869 INFO range -> Laminate
2025-08-21 17:20:12,923 INFO row 12: sku=42711 title='Laminate Drifted Oak Ravine 0.7mm 3650x1220' stock=OK price=OK qty_used=1 moq_min=1 step=1 time=1.05s
2025-08-21 17:20:12,923 INFO run end rows=17
2025-08-21 17:20:12,926 INFO csv write: board_decorative.csv sku=33240 colour='Drifted Oak'
2025-08-21 17:20:12,926 INFO csv write: board_decorative.csv sku=26738 colour='Drifted Oak'
2025-08-21 17:20:12,927 INFO csv write: edgetape_decorative.csv sku=26739 colour='Drifted Oak'
2025-08-21 17:20:12,927 INFO csv write: edgetape_decorative.csv sku=26741 colour='Drifted Oak'
2025-08-21 17:20:12,927 INFO csv write: edgetape_decorative.csv sku=44248 colour='Drifted Oak'
2025-08-21 17:20:12,927 INFO csv write: board_decorative.csv sku=26411 colour='Drifted Oak'
2025-08-21 17:20:12,928 INFO csv write: board_decorative.csv sku=43040 colour='Drifted Oak'
2025-08-21 17:20:12,928 INFO csv write: board_decorative.csv sku=26423 colour='Drifted Oak'
2025-08-21 17:20:12,928 INFO csv write: board_decorative.csv sku=43028 colour='Drifted Oak'
2025-08-21 17:20:12,928 INFO csv write: board_decorative.csv sku=42794 colour='Drifted Oak'
2025-08-21 17:20:12,928 INFO csv write: board_decorative.csv sku=42806 colour='Drifted Oak'
2025-08-21 17:20:12,929 INFO csv write: board_decorative.csv sku=44150 colour='Drifted Oak'
2025-08-21 17:20:12,929 INFO csv write: edgetape_decorative.csv sku=26457 colour='Drifted Oak'
2025-08-21 17:20:12,929 INFO csv write: edgetape_decorative.csv sku=26459 colour='Drifted Oak'
2025-08-21 17:20:12,929 INFO csv write: edgetape_decorative.csv sku=42778 colour='Drifted Oak'
2025-08-21 17:20:12,929 INFO csv write: edgetape_decorative.csv sku=42696 colour='Drifted Oak'
2025-08-21 17:20:12,930 INFO csv write: laminate.csv sku=42711 colour='Drifted Oak'
2025-08-21 17:20:12,930 INFO [162/240] Done Drifted Oak, rows=17, ranges=['Board Decorative', 'Edgetape Decorative', 'Laminate']
