2025-08-21 16:05:39,703 INFO [5/240] Processing Ecru Oak  https://www.polytec.com.au/colour/ecru-oak/
2025-08-21 16:05:39,704 INFO run start colour=https://www.polytec.com.au/colour/ecru-oak/
2025-08-21 16:05:40,021 INFO colour name: Ecru Oak
2025-08-21 16:05:40,042 INFO finish tabs: 1
2025-08-21 16:05:40,147 INFO tab 1/1 -> Woodmatt
2025-08-21 16:05:40,214 INFO items in finish 'Woodmatt': 16
2025-08-21 16:05:40,214 INFO range -> Board Decorative
2025-08-21 16:05:43,310 INFO row 1: sku=57099 title='MDF 182412 DS Ecru Oak Woodmatt MR E0' stock=OK price=OK time=3.10s
2025-08-21 16:05:45,586 INFO row 2: sku=57140 title='MDF 183112 DS Ecru Oak Woodmatt MR E0' stock=OK price=OK time=2.27s
2025-08-21 16:05:47,859 INFO row 3: sku=57141 title='MDF 252412 DS Ecru Oak Woodmatt MR E0' stock=OK price=OK time=2.26s
2025-08-21 16:05:50,148 INFO row 4: sku=58465 title='MDF 183618 DS Ecru Oak Woodmatt MR E0' stock=OK price=OK time=2.28s
2025-08-21 16:05:52,435 INFO row 5: sku=58467 title='LDF 333618 DS Ecru Oak Woodmatt MR E0' stock=OK price=OK time=2.28s
2025-08-21 16:05:54,718 INFO row 6: sku=58076 title='MDF 092712 DS Ecru Oak Woodmatt MR E0' stock=OK price=OK time=2.27s
2025-08-21 16:05:57,017 INFO row 7: sku=58466 title='LDF 253618 DS Ecru Oak Woodmatt STD E0' stock=OK price=OK time=2.29s
2025-08-21 16:05:57,027 INFO range -> Edgetape Decorative
2025-08-21 16:05:59,676 INFO row 8: sku=56868 title='ABS 1mm x 21mm UG 100m Ecru Oak Woodmatt' stock=OK price=OK time=2.65s
2025-08-21 16:06:02,340 INFO row 9: sku=56869 title='ABS 1mm x 21mm UG 20m Ecru Oak Woodmatt' stock=OK price=OK time=2.65s
2025-08-21 16:06:05,002 INFO row 10: sku=56871 title='ABS 1mm x 29mm UG 100m Ecru Oak Woodmatt' stock=OK price=OK time=2.65s
2025-08-21 16:06:07,660 INFO row 11: sku=57412 title='ABS 1mm x 38mm UG 100m Ecru Oak Woodmatt' stock=OK price=OK time=2.65s
2025-08-21 16:06:07,669 INFO range -> Laminate
2025-08-21 16:06:10,322 INFO row 12: sku=56801 title='Laminate Ecru Oak Woodmatt 0.7mm 3650x1360' stock=OK price=OK time=2.65s
2025-08-21 16:06:13,001 INFO row 13: sku=56802 title='Laminate Ecru Oak Woodmatt HL 0.7mm 3650x680' stock=OK price=OK time=2.67s
2025-08-21 16:06:15,682 INFO row 14: sku=56804 title='Laminate Ecru Oak Woodmatt Q 0.7mm 1825x680' stock=OK price=OK time=2.67s
2025-08-21 16:06:18,338 INFO row 15: sku=56803 title='Laminate Ecru Oak Woodmatt HS 0.7mm 1825x1360' stock=OK price=OK time=2.65s
2025-08-21 16:06:18,348 INFO range -> Thermolaminated Doors and Panels
2025-08-21 16:06:24,137 INFO row 16: sku= title='Style 1 - 6' stock=EMPTY price=EMPTY time=5.79s
2025-08-21 16:06:24,150 INFO run end rows=16
2025-08-21 16:06:24,151 INFO csv write: board_decorative.csv sku=57099 colour='Ecru Oak'
2025-08-21 16:06:24,151 INFO csv write: board_decorative.csv sku=57140 colour='Ecru Oak'
2025-08-21 16:06:24,152 INFO csv write: board_decorative.csv sku=57141 colour='Ecru Oak'
2025-08-21 16:06:24,152 INFO csv write: board_decorative.csv sku=58465 colour='Ecru Oak'
2025-08-21 16:06:24,152 INFO csv write: board_decorative.csv sku=58467 colour='Ecru Oak'
2025-08-21 16:06:24,153 INFO csv write: board_decorative.csv sku=58076 colour='Ecru Oak'
2025-08-21 16:06:24,153 INFO csv write: board_decorative.csv sku=58466 colour='Ecru Oak'
2025-08-21 16:06:24,153 INFO csv write: edgetape_decorative.csv sku=56868 colour='Ecru Oak'
2025-08-21 16:06:24,154 INFO csv write: edgetape_decorative.csv sku=56869 colour='Ecru Oak'
2025-08-21 16:06:24,154 INFO csv write: edgetape_decorative.csv sku=56871 colour='Ecru Oak'
2025-08-21 16:06:24,154 INFO csv write: edgetape_decorative.csv sku=57412 colour='Ecru Oak'
2025-08-21 16:06:24,155 INFO csv write: laminate.csv sku=56801 colour='Ecru Oak'
2025-08-21 16:06:24,155 INFO csv write: laminate.csv sku=56802 colour='Ecru Oak'
2025-08-21 16:06:24,155 INFO csv write: laminate.csv sku=56804 colour='Ecru Oak'
2025-08-21 16:06:24,156 INFO csv write: laminate.csv sku=56803 colour='Ecru Oak'
2025-08-21 16:06:24,156 INFO csv write: thermolaminated_doors_and_panels.csv sku= colour='Ecru Oak'
2025-08-21 16:06:24,156 INFO [5/240] Done Ecru Oak, rows=16, ranges=['Board Decorative', 'Edgetape Decorative', 'Laminate', 'Thermolaminated Doors and Panels']
