2025-08-21 17:40:33,861 INFO [205/240] Processing Feldspar Shimmer  https://www.polytec.com.au/colour/feldspar-shimmer/
2025-08-21 17:40:33,861 INFO run start colour=https://www.polytec.com.au/colour/feldspar-shimmer/
2025-08-21 17:40:34,217 INFO colour name: Feldspar Shimmer
2025-08-21 17:40:34,221 INFO finish tabs: 1
2025-08-21 17:40:34,239 INFO tab 1/1 -> Matt
2025-08-21 17:40:34,279 INFO items in finish 'Matt': 8
2025-08-21 17:40:34,279 INFO range -> Board Decorative
2025-08-21 17:40:35,407 INFO row 1: sku=44662 title='MDF 162412 DS Feldspar Shimmer Matt MR E0' stock=OK price=OK qty_used=1 moq_min=1 step=1 time=1.13s
2025-08-21 17:40:35,407 INFO range -> Edgetape Decorative
2025-08-21 17:40:36,438 INFO row 2: sku=27480 title='ABS 1mm x 21mm UG 100m Feldspar Shimmer Matt' stock=OK price=OK qty_used=1 moq_min=1 step=1 time=1.03s
2025-08-21 17:40:37,481 INFO row 3: sku=34189 title='ABS 1mm x 21mm UG 20m Feldspar Shimmer Matt' stock=OK price=OK qty_used=1 moq_min=1 step=1 time=1.04s
2025-08-21 17:40:38,516 INFO row 4: sku=51712 title='ABS 1mm x 29mm UG 100m Feldspar Shimmer Matt' stock=OK price=OK qty_used=1 moq_min=1 step=1 time=1.04s
2025-08-21 17:40:38,517 INFO range -> Laminate
2025-08-21 17:40:39,568 INFO row 5: sku=33481 title='Laminate Feldspar Shimmer Matt 0.7mm 3650x1360' stock=OK price=OK qty_used=1 moq_min=1 step=1 time=1.05s
2025-08-21 17:40:40,617 INFO row 6: sku=33482 title='Laminate Feldspar Shimmer Matt HL 0.7mm 3650x680' stock=OK price=OK qty_used=1 moq_min=1 step=1 time=1.05s
2025-08-21 17:40:41,656 INFO row 7: sku=33484 title='Laminate Feldspar Shimmer Matt Q 0.7mm 1830x680' stock=OK price=OK qty_used=1 moq_min=1 step=1 time=1.04s
2025-08-21 17:40:42,694 INFO row 8: sku=33483 title='Laminate Feldspar Shimmer Matt HS 0.7mm 1830x1360' stock=OK price=OK qty_used=1 moq_min=1 step=1 time=1.04s
2025-08-21 17:40:42,694 INFO run end rows=8
2025-08-21 17:40:42,695 INFO csv write: board_decorative.csv sku=44662 colour='Feldspar Shimmer'
2025-08-21 17:40:42,695 INFO csv write: edgetape_decorative.csv sku=27480 colour='Feldspar Shimmer'
2025-08-21 17:40:42,695 INFO csv write: edgetape_decorative.csv sku=34189 colour='Feldspar Shimmer'
2025-08-21 17:40:42,695 INFO csv write: edgetape_decorative.csv sku=51712 colour='Feldspar Shimmer'
2025-08-21 17:40:42,696 INFO csv write: laminate.csv sku=33481 colour='Feldspar Shimmer'
2025-08-21 17:40:42,696 INFO csv write: laminate.csv sku=33482 colour='Feldspar Shimmer'
2025-08-21 17:40:42,696 INFO csv write: laminate.csv sku=33484 colour='Feldspar Shimmer'
2025-08-21 17:40:42,696 INFO csv write: laminate.csv sku=33483 colour='Feldspar Shimmer'
2025-08-21 17:40:42,697 INFO [205/240] Done Feldspar Shimmer, rows=8, ranges=['Board Decorative', 'Edgetape Decorative', 'Laminate']
