2025-08-21 16:50:27,986 INFO [35/240] Processing Ferro  https://www.polytec.com.au/colour/ferro/
2025-08-21 16:50:27,986 INFO run start colour=https://www.polytec.com.au/colour/ferro/
2025-08-21 16:50:28,447 INFO colour name: Ferro
2025-08-21 16:50:28,458 INFO finish tabs: 3
2025-08-21 16:50:28,480 INFO tab 1/3 -> Matt
2025-08-21 16:50:28,498 INFO items in finish 'Matt': 5
2025-08-21 16:50:28,498 INFO range -> Board Decorative
2025-08-21 16:50:29,620 INFO row 1: sku=50784 title='MDF 162412 DS Ferro Matt MR E0' stock=OK price=OK qty_used=1 moq_min=1 step=1 time=1.12s
2025-08-21 16:50:29,620 INFO range -> Edgetape Decorative
2025-08-21 16:50:30,671 INFO row 2: sku=50782 title='ABS 1mm x 21mm UG 100m Ferro Matt' stock=OK price=OK qty_used=1 moq_min=1 step=1 time=1.05s
2025-08-21 16:50:31,779 INFO row 3: sku=50778 title='ABS 1mm x 21mm UG 20m Ferro Matt' stock=OK price=OK qty_used=1 moq_min=1 step=1 time=1.11s
2025-08-21 16:50:32,840 INFO row 4: sku=50777 title='ABS 1mm x 29mm UG 100m Ferro Matt' stock=OK price=OK qty_used=1 moq_min=1 step=1 time=1.06s
2025-08-21 16:50:32,841 INFO range -> Laminate
2025-08-21 16:50:33,888 INFO row 5: sku=50775 title='Laminate Ferro Matt 0.7mm 3650x1220 - Film' stock=OK price=OK qty_used=1 moq_min=1 step=1 time=1.05s
2025-08-21 16:50:33,912 INFO tab 2/3 -> Smooth
2025-08-21 16:50:33,918 INFO items in finish 'Smooth': 1
2025-08-21 16:50:33,918 INFO range -> Thermolaminated Doors and Panels
2025-08-21 16:50:38,344 INFO row 1: sku= title='Style 1 - 6' stock=EMPTY price=EMPTY qty_used=1 moq_min=1 step=1 time=4.43s
2025-08-21 16:50:38,366 INFO tab 3/3 -> Venette
2025-08-21 16:50:38,385 INFO items in finish 'Venette': 5
2025-08-21 16:50:38,385 INFO range -> Board Decorative
2025-08-21 16:50:39,143 INFO row 1: sku=54752 title='MDF 182412 SS Ferro Venette LMG E0' stock=OK price=OK qty_used=1 moq_min=1 step=1 time=0.76s
2025-08-21 16:50:39,905 INFO row 2: sku=54753 title='MDF 182412 DS Ferro Venette LMG E0' stock=OK price=OK qty_used=1 moq_min=1 step=1 time=0.76s
2025-08-21 16:50:39,905 INFO range -> Edgetape Decorative
2025-08-21 16:50:40,959 INFO row 3: sku=54754 title='ABS 1mm x 21mm UG 100m Ferro Venette' stock=OK price=OK qty_used=1 moq_min=1 step=1 time=1.05s
2025-08-21 16:50:42,008 INFO row 4: sku=54757 title='ABS 1mm x 29mm UG 100m Ferro Venette' stock=OK price=OK qty_used=1 moq_min=1 step=1 time=1.05s
2025-08-21 16:50:43,058 INFO row 5: sku=54755 title='ABS 1mm x 21mm UG 20m Ferro Venette' stock=OK price=OK qty_used=1 moq_min=1 step=1 time=1.05s
2025-08-21 16:50:43,058 INFO run end rows=11
2025-08-21 16:50:43,058 INFO csv write: board_decorative.csv sku=50784 colour='Ferro'
2025-08-21 16:50:43,059 INFO csv write: edgetape_decorative.csv sku=50782 colour='Ferro'
2025-08-21 16:50:43,059 INFO csv write: edgetape_decorative.csv sku=50778 colour='Ferro'
2025-08-21 16:50:43,059 INFO csv write: edgetape_decorative.csv sku=50777 colour='Ferro'
2025-08-21 16:50:43,059 INFO csv write: laminate.csv sku=50775 colour='Ferro'
2025-08-21 16:50:43,060 INFO csv write: thermolaminated_doors_and_panels.csv sku= colour='Ferro'
2025-08-21 16:50:43,060 INFO csv write: board_decorative.csv sku=54752 colour='Ferro'
2025-08-21 16:50:43,060 INFO csv write: board_decorative.csv sku=54753 colour='Ferro'
2025-08-21 16:50:43,060 INFO csv write: edgetape_decorative.csv sku=54754 colour='Ferro'
2025-08-21 16:50:43,061 INFO csv write: edgetape_decorative.csv sku=54757 colour='Ferro'
2025-08-21 16:50:43,061 INFO csv write: edgetape_decorative.csv sku=54755 colour='Ferro'
2025-08-21 16:50:43,061 INFO [35/240] Done Ferro, rows=11, ranges=['Board Decorative', 'Edgetape Decorative', 'Laminate', 'Thermolaminated Doors and Panels']
