2025-08-21 16:47:18,374 INFO [24/240] Processing Gossamer White  https://www.polytec.com.au/colour/gossamer-white/
2025-08-21 16:47:18,374 INFO run start colour=https://www.polytec.com.au/colour/gossamer-white/
2025-08-21 16:47:18,821 INFO colour name: Gossamer White
2025-08-21 16:47:18,830 INFO finish tabs: 2
2025-08-21 16:47:18,857 INFO tab 1/2 -> Ravine
2025-08-21 16:47:18,894 INFO items in finish 'Ravine': 9
2025-08-21 16:47:18,894 INFO range -> Board Decorative
2025-08-21 16:47:20,033 INFO row 1: sku=55474 title='MDF 182412 DS Gossamer White Ravine MR E0' stock=OK price=OK qty_used=1 moq_min=1 step=1 time=1.14s
2025-08-21 16:47:20,799 INFO row 2: sku=55475 title='MDF 183112 DS Gossamer White Ravine MR E0' stock=OK price=OK qty_used=1 moq_min=1 step=1 time=0.77s
2025-08-21 16:47:21,563 INFO row 3: sku=55660 title='MDF 322412 DS Gossamer White Ravine MR E0' stock=OK price=OK qty_used=1 moq_min=1 step=1 time=0.76s
2025-08-21 16:47:22,337 INFO row 4: sku=55476 title='MDF 252412 DS Gossamer White Ravine MR E0' stock=OK price=OK qty_used=1 moq_min=1 step=1 time=0.77s
2025-08-21 16:47:22,338 INFO range -> Edgetape Decorative
2025-08-21 16:47:23,393 INFO row 5: sku=55478 title='ABS 1mm x 22mm UG 100m Gossamer White Ravine' stock=OK price=OK qty_used=1 moq_min=1 step=1 time=1.05s
2025-08-21 16:47:24,445 INFO row 6: sku=55480 title='ABS 1mm x 22mm UG 20m Gossamer White Ravine' stock=OK price=OK qty_used=1 moq_min=1 step=1 time=1.05s
2025-08-21 16:47:25,493 INFO row 7: sku=55481 title='ABS 1mm x 29mm UG 100m Gossamer White Ravine' stock=OK price=OK qty_used=1 moq_min=1 step=1 time=1.05s
2025-08-21 16:47:26,520 INFO row 8: sku=55661 title='ABS 1mm x 38mm UG 100m Gossamer White Ravine' stock=OK price=OK qty_used=1 moq_min=1 step=1 time=1.03s
2025-08-21 16:47:26,521 INFO range -> Laminate
2025-08-21 16:47:27,554 INFO row 9: sku=55482 title='Laminate Gossamer White Ravine 0.7mm 3650x1220' stock=OK price=OK qty_used=1 moq_min=1 step=1 time=1.03s
2025-08-21 16:47:27,582 INFO tab 2/2 -> Smooth
2025-08-21 16:47:27,618 INFO items in finish 'Smooth': 9
2025-08-21 16:47:27,618 INFO range -> Board Decorative
2025-08-21 16:47:28,733 INFO row 1: sku=52854 title='MDF 162412 DS Gossamer White Smooth MR E0 Film' stock=OK price=OK qty_used=1 moq_min=1 step=1 time=1.12s
2025-08-21 16:47:28,733 INFO range -> Edgetape Decorative
2025-08-21 16:47:29,774 INFO row 2: sku=52869 title='ABS 1mm x 21mm UG 100m Gossamer White Smooth' stock=OK price=OK qty_used=1 moq_min=1 step=1 time=1.04s
2025-08-21 16:47:30,810 INFO row 3: sku=52867 title='ABS 1mm x 21mm UG 20m Gossamer White Smooth' stock=OK price=OK qty_used=1 moq_min=1 step=1 time=1.04s
2025-08-21 16:47:31,861 INFO row 4: sku=52870 title='ABS 1mm x 29mm UG 100m Gossamer White Smooth' stock=OK price=OK qty_used=1 moq_min=1 step=1 time=1.05s
2025-08-21 16:47:31,861 INFO range -> Laminate
2025-08-21 16:47:32,905 INFO row 5: sku=57552 title='Laminate Gossamer White Smooth 0.7mm 3650x1360' stock=OK price=OK qty_used=1 moq_min=1 step=1 time=1.04s
2025-08-21 16:47:33,960 INFO row 6: sku=57610 title='Laminate Gossamer White Smooth HL 0.7mm 3650x680' stock=OK price=OK qty_used=1 moq_min=1 step=1 time=1.05s
2025-08-21 16:47:34,992 INFO row 7: sku=57737 title='Laminate Gossamer White Smooth Q 0.7mm 1825x680' stock=OK price=OK qty_used=1 moq_min=1 step=1 time=1.03s
2025-08-21 16:47:36,023 INFO row 8: sku=57735 title='Laminate Gossamer White Smooth HS 0.7mm 1825x1360' stock=OK price=OK qty_used=1 moq_min=1 step=1 time=1.03s
2025-08-21 16:47:36,024 INFO range -> Thermolaminated Doors and Panels
2025-08-21 16:47:40,454 INFO row 9: sku= title='Style 1 - 6' stock=EMPTY price=EMPTY qty_used=1 moq_min=1 step=1 time=4.43s
2025-08-21 16:47:40,454 INFO run end rows=18
2025-08-21 16:47:40,455 INFO csv write: board_decorative.csv sku=55474 colour='Gossamer White'
2025-08-21 16:47:40,456 INFO csv write: board_decorative.csv sku=55475 colour='Gossamer White'
2025-08-21 16:47:40,457 INFO csv write: board_decorative.csv sku=55660 colour='Gossamer White'
2025-08-21 16:47:40,457 INFO csv write: board_decorative.csv sku=55476 colour='Gossamer White'
2025-08-21 16:47:40,457 INFO csv write: edgetape_decorative.csv sku=55478 colour='Gossamer White'
2025-08-21 16:47:40,458 INFO csv write: edgetape_decorative.csv sku=55480 colour='Gossamer White'
2025-08-21 16:47:40,458 INFO csv write: edgetape_decorative.csv sku=55481 colour='Gossamer White'
2025-08-21 16:47:40,458 INFO csv write: edgetape_decorative.csv sku=55661 colour='Gossamer White'
2025-08-21 16:47:40,459 INFO csv write: laminate.csv sku=55482 colour='Gossamer White'
2025-08-21 16:47:40,459 INFO csv write: board_decorative.csv sku=52854 colour='Gossamer White'
2025-08-21 16:47:40,459 INFO csv write: edgetape_decorative.csv sku=52869 colour='Gossamer White'
2025-08-21 16:47:40,460 INFO csv write: edgetape_decorative.csv sku=52867 colour='Gossamer White'
2025-08-21 16:47:40,460 INFO csv write: edgetape_decorative.csv sku=52870 colour='Gossamer White'
2025-08-21 16:47:40,460 INFO csv write: laminate.csv sku=57552 colour='Gossamer White'
2025-08-21 16:47:40,461 INFO csv write: laminate.csv sku=57610 colour='Gossamer White'
2025-08-21 16:47:40,461 INFO csv write: laminate.csv sku=57737 colour='Gossamer White'
2025-08-21 16:47:40,461 INFO csv write: laminate.csv sku=57735 colour='Gossamer White'
2025-08-21 16:47:40,462 INFO csv write: thermolaminated_doors_and_panels.csv sku= colour='Gossamer White'
2025-08-21 16:47:40,463 INFO [24/240] Done Gossamer White, rows=18, ranges=['Board Decorative', 'Edgetape Decorative', 'Laminate', 'Thermolaminated Doors and Panels']
