2025-08-21 17:41:50,179 INFO [210/240] Processing Graphite  https://www.polytec.com.au/colour/graphite/
2025-08-21 17:41:50,179 INFO run start colour=https://www.polytec.com.au/colour/graphite/
2025-08-21 17:41:50,660 INFO colour name: Graphite
2025-08-21 17:41:50,665 INFO finish tabs: 1
2025-08-21 17:41:50,689 INFO tab 1/1 -> Matt
2025-08-21 17:41:50,724 INFO items in finish 'Matt': 8
2025-08-21 17:41:50,724 INFO range -> Board Decorative
2025-08-21 17:41:51,855 INFO row 1: sku=2496 title='MDF 162412 DS Graphite Matt MR E0' stock=OK price=OK qty_used=1 moq_min=1 step=1 time=1.13s
2025-08-21 17:41:51,856 INFO range -> Edgetape Decorative
2025-08-21 17:41:52,898 INFO row 2: sku=43747 title='ABS 1mm x 21mm UG 100m Graphite Matt' stock=OK price=OK qty_used=1 moq_min=1 step=1 time=1.04s
2025-08-21 17:41:53,947 INFO row 3: sku=43724 title='ABS 1mm x 21mm UG 20m Graphite Matt' stock=OK price=OK qty_used=1 moq_min=1 step=1 time=1.05s
2025-08-21 17:41:54,998 INFO row 4: sku=51662 title='ABS 1mm x 29mm UG 100m Graphite Matt' stock=OK price=OK qty_used=1 moq_min=1 step=1 time=1.05s
2025-08-21 17:41:54,998 INFO range -> Laminate
2025-08-21 17:41:56,051 INFO row 5: sku=25008 title='Laminate Graphite Matt 0.7mm 3650x1360 - Film' stock=OK price=OK qty_used=1 moq_min=1 step=1 time=1.05s
2025-08-21 17:41:57,115 INFO row 6: sku=25696 title='Laminate Graphite Matt HL 0.7mm 3650x680 - Film' stock=OK price=OK qty_used=1 moq_min=1 step=1 time=1.06s
2025-08-21 17:41:58,169 INFO row 7: sku=25697 title='Laminate Graphite Matt Q 0.7mm 1830x680' stock=OK price=OK qty_used=1 moq_min=1 step=1 time=1.05s
2025-08-21 17:41:59,208 INFO row 8: sku=25694 title='Laminate Graphite Matt HS 0.7mm 1830x1360' stock=OK price=OK qty_used=1 moq_min=1 step=1 time=1.04s
2025-08-21 17:41:59,208 INFO run end rows=8
2025-08-21 17:41:59,208 INFO csv write: board_decorative.csv sku=2496 colour='Graphite'
2025-08-21 17:41:59,209 INFO csv write: edgetape_decorative.csv sku=43747 colour='Graphite'
2025-08-21 17:41:59,209 INFO csv write: edgetape_decorative.csv sku=43724 colour='Graphite'
2025-08-21 17:41:59,209 INFO csv write: edgetape_decorative.csv sku=51662 colour='Graphite'
2025-08-21 17:41:59,209 INFO csv write: laminate.csv sku=25008 colour='Graphite'
2025-08-21 17:41:59,209 INFO csv write: laminate.csv sku=25696 colour='Graphite'
2025-08-21 17:41:59,210 INFO csv write: laminate.csv sku=25697 colour='Graphite'
2025-08-21 17:41:59,210 INFO csv write: laminate.csv sku=25694 colour='Graphite'
2025-08-21 17:41:59,210 INFO [210/240] Done Graphite, rows=8, ranges=['Board Decorative', 'Edgetape Decorative', 'Laminate']
