2025-08-21 16:44:21,928 INFO [10/240] Processing Hazel Oak  https://www.polytec.com.au/colour/hazel-oak/
2025-08-21 16:44:21,928 INFO run start colour=https://www.polytec.com.au/colour/hazel-oak/
2025-08-21 16:44:22,345 INFO colour name: Hazel Oak
2025-08-21 16:44:22,350 INFO finish tabs: 1
2025-08-21 16:44:22,370 INFO tab 1/1 -> Woodmatt
2025-08-21 16:44:22,430 INFO items in finish 'Woodmatt': 16
2025-08-21 16:44:22,431 INFO range -> Board Decorative
2025-08-21 16:44:23,561 INFO row 1: sku=57163 title='MDF 182412 DS Hazel Oak Woodmatt MR E0' stock=OK price=OK qty_used=1 moq_min=1 step=1 time=1.13s
2025-08-21 16:44:24,322 INFO row 2: sku=57164 title='MDF 183112 DS Hazel Oak Woodmatt MR E0' stock=OK price=OK qty_used=1 moq_min=1 step=1 time=0.76s
2025-08-21 16:44:25,081 INFO row 3: sku=58468 title='MDF 183618 DS Hazel Oak Woodmatt MR E0' stock=OK price=OK qty_used=1 moq_min=1 step=1 time=0.76s
2025-08-21 16:44:25,843 INFO row 4: sku=57165 title='MDF 252412 DS Hazel Oak Woodmatt MR E0' stock=OK price=OK qty_used=1 moq_min=1 step=1 time=0.76s
2025-08-21 16:44:26,611 INFO row 5: sku=58470 title='LDF 333618 DS Hazel Oak Woodmatt MR E0' stock=OK price=OK qty_used=1 moq_min=1 step=1 time=0.77s
2025-08-21 16:44:27,380 INFO row 6: sku=58080 title='MDF 092712 DS Hazel Oak Woodmatt MR E0' stock=OK price=OK qty_used=1 moq_min=1 step=1 time=0.77s
2025-08-21 16:44:28,141 INFO row 7: sku=58469 title='LDF 253618 DS Hazel Oak Woodmatt STD E0' stock=OK price=OK qty_used=1 moq_min=1 step=1 time=0.76s
2025-08-21 16:44:28,141 INFO range -> Edgetape Decorative
2025-08-21 16:44:29,185 INFO row 8: sku=56892 title='ABS 1mm x 21mm UG 100m Hazel Oak Woodmatt' stock=OK price=OK qty_used=1 moq_min=1 step=1 time=1.04s
2025-08-21 16:44:30,212 INFO row 9: sku=56893 title='ABS 1mm x 21mm UG 20m Hazel Oak Woodmatt' stock=OK price=OK qty_used=1 moq_min=1 step=1 time=1.03s
2025-08-21 16:44:31,271 INFO row 10: sku=56895 title='ABS 1mm x 29mm UG 100m Hazel Oak Woodmatt' stock=OK price=OK qty_used=1 moq_min=1 step=1 time=1.06s
2025-08-21 16:44:32,320 INFO row 11: sku=57418 title='ABS 1mm x 38mm UG 100m Hazel Oak Woodmatt' stock=OK price=OK qty_used=1 moq_min=1 step=1 time=1.05s
2025-08-21 16:44:32,320 INFO range -> Laminate
2025-08-21 16:44:33,389 INFO row 12: sku=56848 title='Laminate Hazel Oak Woodmatt 0.7mm 3650x1360' stock=OK price=OK qty_used=1 moq_min=1 step=1 time=1.07s
2025-08-21 16:44:34,419 INFO row 13: sku=56851 title='Laminate Hazel Oak Woodmatt Q 0.7mm 1825x680' stock=OK price=OK qty_used=1 moq_min=1 step=1 time=1.03s
2025-08-21 16:44:35,452 INFO row 14: sku=56849 title='Laminate Hazel Oak Woodmatt HL 0.7mm 3650x680' stock=OK price=OK qty_used=1 moq_min=1 step=1 time=1.03s
2025-08-21 16:44:36,480 INFO row 15: sku=56850 title='Laminate Hazel Oak Woodmatt HS 0.7mm 1825x1360' stock=OK price=OK qty_used=1 moq_min=1 step=1 time=1.03s
2025-08-21 16:44:36,481 INFO range -> Thermolaminated Doors and Panels
2025-08-21 16:44:40,900 INFO row 16: sku= title='Style 1 - 6' stock=EMPTY price=EMPTY qty_used=1 moq_min=1 step=1 time=4.42s
2025-08-21 16:44:40,901 INFO run end rows=16
2025-08-21 16:44:40,902 INFO csv write: board_decorative.csv sku=57163 colour='Hazel Oak'
2025-08-21 16:44:40,902 INFO csv write: board_decorative.csv sku=57164 colour='Hazel Oak'
2025-08-21 16:44:40,903 INFO csv write: board_decorative.csv sku=58468 colour='Hazel Oak'
2025-08-21 16:44:40,903 INFO csv write: board_decorative.csv sku=57165 colour='Hazel Oak'
2025-08-21 16:44:40,903 INFO csv write: board_decorative.csv sku=58470 colour='Hazel Oak'
2025-08-21 16:44:40,904 INFO csv write: board_decorative.csv sku=58080 colour='Hazel Oak'
2025-08-21 16:44:40,904 INFO csv write: board_decorative.csv sku=58469 colour='Hazel Oak'
2025-08-21 16:44:40,904 INFO csv write: edgetape_decorative.csv sku=56892 colour='Hazel Oak'
2025-08-21 16:44:40,904 INFO csv write: edgetape_decorative.csv sku=56893 colour='Hazel Oak'
2025-08-21 16:44:40,905 INFO csv write: edgetape_decorative.csv sku=56895 colour='Hazel Oak'
2025-08-21 16:44:40,905 INFO csv write: edgetape_decorative.csv sku=57418 colour='Hazel Oak'
2025-08-21 16:44:40,906 INFO csv write: laminate.csv sku=56848 colour='Hazel Oak'
2025-08-21 16:44:40,906 INFO csv write: laminate.csv sku=56851 colour='Hazel Oak'
2025-08-21 16:44:40,906 INFO csv write: laminate.csv sku=56849 colour='Hazel Oak'
2025-08-21 16:44:40,906 INFO csv write: laminate.csv sku=56850 colour='Hazel Oak'
2025-08-21 16:44:40,907 INFO csv write: thermolaminated_doors_and_panels.csv sku= colour='Hazel Oak'
2025-08-21 16:44:40,907 INFO [10/240] Done Hazel Oak, rows=16, ranges=['Board Decorative', 'Edgetape Decorative', 'Laminate', 'Thermolaminated Doors and Panels']
