2025-08-21 16:10:43,142 INFO [10/240] Processing Hazel Oak  https://www.polytec.com.au/colour/hazel-oak/
2025-08-21 16:10:43,142 INFO run start colour=https://www.polytec.com.au/colour/hazel-oak/
2025-08-21 16:10:43,444 INFO colour name: Hazel Oak
2025-08-21 16:10:43,464 INFO finish tabs: 1
2025-08-21 16:10:43,578 INFO tab 1/1 -> Woodmatt
2025-08-21 16:10:43,640 INFO items in finish 'Woodmatt': 16
2025-08-21 16:10:43,640 INFO range -> Board Decorative
2025-08-21 16:10:46,795 INFO row 1: sku=57163 title='MDF 182412 DS Hazel Oak Woodmatt MR E0' stock=OK price=OK time=3.15s
2025-08-21 16:10:49,064 INFO row 2: sku=57164 title='MDF 183112 DS Hazel Oak Woodmatt MR E0' stock=OK price=OK time=2.26s
2025-08-21 16:10:51,333 INFO row 3: sku=58468 title='MDF 183618 DS Hazel Oak Woodmatt MR E0' stock=OK price=OK time=2.26s
2025-08-21 16:10:53,617 INFO row 4: sku=57165 title='MDF 252412 DS Hazel Oak Woodmatt MR E0' stock=OK price=OK time=2.28s
2025-08-21 16:10:55,900 INFO row 5: sku=58470 title='LDF 333618 DS Hazel Oak Woodmatt MR E0' stock=OK price=OK time=2.27s
2025-08-21 16:10:58,181 INFO row 6: sku=58080 title='MDF 092712 DS Hazel Oak Woodmatt MR E0' stock=OK price=OK time=2.27s
2025-08-21 16:11:00,481 INFO row 7: sku=58469 title='LDF 253618 DS Hazel Oak Woodmatt STD E0' stock=OK price=OK time=2.29s
2025-08-21 16:11:00,491 INFO range -> Edgetape Decorative
2025-08-21 16:11:03,164 INFO row 8: sku=56892 title='ABS 1mm x 21mm UG 100m Hazel Oak Woodmatt' stock=OK price=OK time=2.67s
2025-08-21 16:11:05,840 INFO row 9: sku=56893 title='ABS 1mm x 21mm UG 20m Hazel Oak Woodmatt' stock=OK price=OK time=2.67s
2025-08-21 16:11:08,520 INFO row 10: sku=56895 title='ABS 1mm x 29mm UG 100m Hazel Oak Woodmatt' stock=OK price=OK time=2.67s
2025-08-21 16:11:11,201 INFO row 11: sku=57418 title='ABS 1mm x 38mm UG 100m Hazel Oak Woodmatt' stock=OK price=OK time=2.67s
2025-08-21 16:11:11,210 INFO range -> Laminate
2025-08-21 16:11:13,858 INFO row 12: sku=56848 title='Laminate Hazel Oak Woodmatt 0.7mm 3650x1360' stock=OK price=OK time=2.65s
2025-08-21 16:11:16,514 INFO row 13: sku=56851 title='Laminate Hazel Oak Woodmatt Q 0.7mm 1825x680' stock=OK price=OK time=2.65s
2025-08-21 16:11:19,167 INFO row 14: sku=56849 title='Laminate Hazel Oak Woodmatt HL 0.7mm 3650x680' stock=OK price=OK time=2.64s
2025-08-21 16:11:21,829 INFO row 15: sku=56850 title='Laminate Hazel Oak Woodmatt HS 0.7mm 1825x1360' stock=OK price=OK time=2.65s
2025-08-21 16:11:21,839 INFO range -> Thermolaminated Doors and Panels
2025-08-21 16:11:27,596 INFO row 16: sku= title='Style 1 - 6' stock=EMPTY price=EMPTY time=5.76s
2025-08-21 16:11:27,607 INFO run end rows=16
2025-08-21 16:11:27,608 INFO csv write: board_decorative.csv sku=57163 colour='Hazel Oak'
2025-08-21 16:11:27,608 INFO csv write: board_decorative.csv sku=57164 colour='Hazel Oak'
2025-08-21 16:11:27,608 INFO csv write: board_decorative.csv sku=58468 colour='Hazel Oak'
2025-08-21 16:11:27,608 INFO csv write: board_decorative.csv sku=57165 colour='Hazel Oak'
2025-08-21 16:11:27,609 INFO csv write: board_decorative.csv sku=58470 colour='Hazel Oak'
2025-08-21 16:11:27,609 INFO csv write: board_decorative.csv sku=58080 colour='Hazel Oak'
2025-08-21 16:11:27,609 INFO csv write: board_decorative.csv sku=58469 colour='Hazel Oak'
2025-08-21 16:11:27,609 INFO csv write: edgetape_decorative.csv sku=56892 colour='Hazel Oak'
2025-08-21 16:11:27,609 INFO csv write: edgetape_decorative.csv sku=56893 colour='Hazel Oak'
2025-08-21 16:11:27,609 INFO csv write: edgetape_decorative.csv sku=56895 colour='Hazel Oak'
2025-08-21 16:11:27,609 INFO csv write: edgetape_decorative.csv sku=57418 colour='Hazel Oak'
2025-08-21 16:11:27,610 INFO csv write: laminate.csv sku=56848 colour='Hazel Oak'
2025-08-21 16:11:27,610 INFO csv write: laminate.csv sku=56851 colour='Hazel Oak'
2025-08-21 16:11:27,610 INFO csv write: laminate.csv sku=56849 colour='Hazel Oak'
2025-08-21 16:11:27,610 INFO csv write: laminate.csv sku=56850 colour='Hazel Oak'
2025-08-21 16:11:27,610 INFO csv write: thermolaminated_doors_and_panels.csv sku= colour='Hazel Oak'
2025-08-21 16:11:27,610 INFO [10/240] Done Hazel Oak, rows=16, ranges=['Board Decorative', 'Edgetape Decorative', 'Laminate', 'Thermolaminated Doors and Panels']
