2025-08-21 17:36:53,187 INFO [184/240] Processing Jamaican Walnut  https://www.polytec.com.au/colour/jamaican-walnut/
2025-08-21 17:36:53,188 INFO run start colour=https://www.polytec.com.au/colour/jamaican-walnut/
2025-08-21 17:36:53,548 INFO colour name: Jamaican Walnut
2025-08-21 17:36:53,556 INFO finish tabs: 2
2025-08-21 17:36:53,579 INFO tab 1/2 -> Gloss
2025-08-21 17:36:53,600 INFO items in finish 'Gloss': 5
2025-08-21 17:36:53,600 INFO range -> Board Decorative
2025-08-21 17:36:54,721 INFO row 1: sku=44952 title='MDF 182412 SS Jamaican Walnut Gloss LMG E0' stock=OK price=OK qty_used=1 moq_min=1 step=1 time=1.12s
2025-08-21 17:36:55,474 INFO row 2: sku=44959 title='MDF 182412 DS Jamaican Walnut Gloss LMG E0' stock=OK price=OK qty_used=1 moq_min=1 step=1 time=0.75s
2025-08-21 17:36:55,474 INFO range -> Edgetape Decorative
2025-08-21 17:36:56,558 INFO row 3: sku=44924 title='ABS 1mm x 21mm UG 100m Jamaican Walnut Gloss' stock=OK price=OK qty_used=1 moq_min=1 step=1 time=1.08s
2025-08-21 17:36:57,604 INFO row 4: sku=44931 title='ABS 1mm x 21mm UG 20m Jamaican Walnut Gloss' stock=OK price=OK qty_used=1 moq_min=1 step=1 time=1.05s
2025-08-21 17:36:58,352 INFO row 5: sku=44945 title='ABS 1mm x 29mm UG 100m Jamaican Walnut Gloss' stock=OK price=OK qty_used=1 moq_min=1 step=1 time=0.75s
2025-08-21 17:36:58,381 INFO tab 2/2 -> Matt
2025-08-21 17:36:58,403 INFO items in finish 'Matt': 5
2025-08-21 17:36:58,403 INFO range -> Board Decorative
2025-08-21 17:36:59,522 INFO row 1: sku=43702 title='MDF 162412 DS Jamaican Walnut Matt MR E0' stock=OK price=OK qty_used=1 moq_min=1 step=1 time=1.12s
2025-08-21 17:36:59,522 INFO range -> Edgetape Decorative
2025-08-21 17:37:00,573 INFO row 2: sku=43751 title='ABS 1mm x 22mm UG 100m Jamaican Walnut Matt' stock=OK price=OK qty_used=1 moq_min=1 step=1 time=1.05s
2025-08-21 17:37:01,620 INFO row 3: sku=43726 title='ABS 1mm x 22mm UG 20m Jamaican Walnut Matt' stock=OK price=OK qty_used=1 moq_min=1 step=1 time=1.05s
2025-08-21 17:37:02,667 INFO row 4: sku=51704 title='ABS 1mm x 29mm UG 100m Jamaican Walnut Matt' stock=OK price=OK qty_used=1 moq_min=1 step=1 time=1.05s
2025-08-21 17:37:02,668 INFO range -> Laminate
2025-08-21 17:37:03,721 INFO row 5: sku=33380 title='Laminate Jamaican Walnut Matt 0.7mm 3650x1220' stock=OK price=OK qty_used=1 moq_min=1 step=1 time=1.05s
2025-08-21 17:37:03,722 INFO run end rows=10
2025-08-21 17:37:03,722 INFO csv write: board_decorative.csv sku=44952 colour='Jamaican Walnut'
2025-08-21 17:37:03,722 INFO csv write: board_decorative.csv sku=44959 colour='Jamaican Walnut'
2025-08-21 17:37:03,723 INFO csv write: edgetape_decorative.csv sku=44924 colour='Jamaican Walnut'
2025-08-21 17:37:03,723 INFO csv write: edgetape_decorative.csv sku=44931 colour='Jamaican Walnut'
2025-08-21 17:37:03,723 INFO csv write: edgetape_decorative.csv sku=44945 colour='Jamaican Walnut'
2025-08-21 17:37:03,723 INFO csv write: board_decorative.csv sku=43702 colour='Jamaican Walnut'
2025-08-21 17:37:03,723 INFO csv write: edgetape_decorative.csv sku=43751 colour='Jamaican Walnut'
2025-08-21 17:37:03,724 INFO csv write: edgetape_decorative.csv sku=43726 colour='Jamaican Walnut'
2025-08-21 17:37:03,724 INFO csv write: edgetape_decorative.csv sku=51704 colour='Jamaican Walnut'
2025-08-21 17:37:03,724 INFO csv write: laminate.csv sku=33380 colour='Jamaican Walnut'
2025-08-21 17:37:03,724 INFO [184/240] Done Jamaican Walnut, rows=10, ranges=['Board Decorative', 'Edgetape Decorative', 'Laminate']
