2025-08-21 16:55:26,976 INFO [61/240] Processing Light Brass Leaf  https://www.polytec.com.au/colour/light-brass-leaf/
2025-08-21 16:55:26,976 INFO run start colour=https://www.polytec.com.au/colour/light-brass-leaf/
2025-08-21 16:55:27,423 INFO colour name: Light Brass Leaf
2025-08-21 16:55:27,427 INFO finish tabs: 1
2025-08-21 16:55:27,455 INFO tab 1/1 -> Matt
2025-08-21 16:55:27,484 INFO items in finish 'Matt': 8
2025-08-21 16:55:27,484 INFO range -> Board Decorative
2025-08-21 16:55:28,590 INFO row 1: sku=46836 title='MDF 162412 DS Light Brass Leaf Matt MR E0' stock=OK price=OK qty_used=1 moq_min=1 step=1 time=1.11s
2025-08-21 16:55:28,590 INFO range -> Edgetape Decorative
2025-08-21 16:55:29,628 INFO row 2: sku=46817 title='ABS 1mm x 22mm UG 100m Light Brass Leaf Matt' stock=OK price=OK qty_used=1 moq_min=1 step=1 time=1.04s
2025-08-21 16:55:30,650 INFO row 3: sku=46813 title='ABS 1mm x 22mm UG 20m Light Brass Leaf Matt' stock=OK price=OK qty_used=1 moq_min=1 step=1 time=1.02s
2025-08-21 16:55:31,697 INFO row 4: sku=51848 title='ABS 1mm x 29mm UG 100m Light Brass Leaf Matt' stock=OK price=OK qty_used=1 moq_min=1 step=1 time=1.05s
2025-08-21 16:55:31,697 INFO range -> Laminate
2025-08-21 16:55:32,743 INFO row 5: sku=47501 title='Laminate Light Brass Leaf Matt HS 1825 x 1360' stock=OK price=OK qty_used=1 moq_min=1 step=1 time=1.05s
2025-08-21 16:55:33,793 INFO row 6: sku=46567 title='Laminate Light Brass Leaf Matt HL 3650 x 680' stock=OK price=OK qty_used=1 moq_min=1 step=1 time=1.05s
2025-08-21 16:55:34,825 INFO row 7: sku=47502 title='Laminate Light Brass Leaf Matt Q 1825 x 680' stock=OK price=OK qty_used=1 moq_min=1 step=1 time=1.03s
2025-08-21 16:55:35,858 INFO row 8: sku=46442 title='Laminate Light Brass Leaf Matt 0.7mm 3650x1360' stock=OK price=OK qty_used=1 moq_min=1 step=1 time=1.03s
2025-08-21 16:55:35,858 INFO run end rows=8
2025-08-21 16:55:35,859 INFO csv write: board_decorative.csv sku=46836 colour='Light Brass Leaf'
2025-08-21 16:55:35,859 INFO csv write: edgetape_decorative.csv sku=46817 colour='Light Brass Leaf'
2025-08-21 16:55:35,859 INFO csv write: edgetape_decorative.csv sku=46813 colour='Light Brass Leaf'
2025-08-21 16:55:35,859 INFO csv write: edgetape_decorative.csv sku=51848 colour='Light Brass Leaf'
2025-08-21 16:55:35,860 INFO csv write: laminate.csv sku=47501 colour='Light Brass Leaf'
2025-08-21 16:55:35,860 INFO csv write: laminate.csv sku=46567 colour='Light Brass Leaf'
2025-08-21 16:55:35,860 INFO csv write: laminate.csv sku=47502 colour='Light Brass Leaf'
2025-08-21 16:55:35,860 INFO csv write: laminate.csv sku=46442 colour='Light Brass Leaf'
2025-08-21 16:55:35,861 INFO [61/240] Done Light Brass Leaf, rows=8, ranges=['Board Decorative', 'Edgetape Decorative', 'Laminate']
