2025-08-21 17:34:39,048 INFO [175/240] Processing Maison Oak  https://www.polytec.com.au/colour/maison-oak/
2025-08-21 17:34:39,048 INFO run start colour=https://www.polytec.com.au/colour/maison-oak/
2025-08-21 17:34:39,581 INFO colour name: Maison Oak
2025-08-21 17:34:39,593 INFO finish tabs: 3
2025-08-21 17:34:39,616 INFO tab 1/3 -> Legato
2025-08-21 17:34:39,662 INFO items in finish 'Legato': 5
2025-08-21 17:34:39,662 INFO range -> Board Decorative
2025-08-21 17:34:40,780 INFO row 1: sku=26744 title='MDF 182412 DS Maison Oak Legato MR E0 Film' stock=OK price=OK qty_used=1 moq_min=1 step=1 time=1.12s
2025-08-21 17:34:41,556 INFO row 2: sku=26745 title='MDF 183112 DS Maison Oak Legato MR E0 Film' stock=OK price=OK qty_used=1 moq_min=1 step=1 time=0.78s
2025-08-21 17:34:41,557 INFO range -> Edgetape Decorative
2025-08-21 17:34:42,609 INFO row 3: sku=26751 title='ABS 1mm x 21mm UG 100m Maison Oak Legato' stock=OK price=OK qty_used=1 moq_min=1 step=1 time=1.05s
2025-08-21 17:34:43,658 INFO row 4: sku=26753 title='ABS 1mm x 21mm UG 20m Maison Oak Legato' stock=OK price=OK qty_used=1 moq_min=1 step=1 time=1.05s
2025-08-21 17:34:44,708 INFO row 5: sku=44249 title='ABS 1mm x 29mm UG 100m Maison Oak Legato' stock=OK price=OK qty_used=1 moq_min=1 step=1 time=1.05s
2025-08-21 17:34:44,736 INFO tab 2/3 -> Matt
2025-08-21 17:34:44,769 INFO items in finish 'Matt': 9
2025-08-21 17:34:44,769 INFO range -> Board Decorative
2025-08-21 17:34:45,903 INFO row 1: sku=45079 title='MDF 162412 DS Maison Oak Matt MR E0' stock=OK price=OK qty_used=1 moq_min=1 step=1 time=1.13s
2025-08-21 17:34:46,666 INFO row 2: sku=47094 title='Particle 183618 DS Maison Oak Matt MR' stock=OK price=OK qty_used=1 moq_min=1 step=1 time=0.76s
2025-08-21 17:34:47,432 INFO row 3: sku=46317 title='LDF 253618 DS Maison Oak Matt STD E0' stock=OK price=OK qty_used=1 moq_min=1 step=1 time=0.77s
2025-08-21 17:34:48,202 INFO row 4: sku=46882 title='LDF 333618 DS Maison Oak Matt MR E0' stock=OK price=OK qty_used=1 moq_min=1 step=1 time=0.77s
2025-08-21 17:34:48,202 INFO range -> Edgetape Decorative
2025-08-21 17:34:49,245 INFO row 5: sku=50538 title='ABS 1mm x 21mm UG 100m Maison Oak Matt' stock=OK price=OK qty_used=1 moq_min=1 step=1 time=1.04s
2025-08-21 17:34:50,294 INFO row 6: sku=50537 title='ABS 1mm x 21mm UG 20m Maison Oak Matt' stock=OK price=OK qty_used=1 moq_min=1 step=1 time=1.05s
2025-08-21 17:34:51,334 INFO row 7: sku=50539 title='ABS 1mm x 29mm UG 100m Maison Oak Matt' stock=OK price=OK qty_used=1 moq_min=1 step=1 time=1.04s
2025-08-21 17:34:52,379 INFO row 8: sku=54000 title='ABS 1mm x 38mm UG 100m Maison Oak Matt' stock=OK price=OK qty_used=1 moq_min=1 step=1 time=1.05s
2025-08-21 17:34:52,379 INFO range -> Laminate
2025-08-21 17:34:53,429 INFO row 9: sku=47124 title='Laminate Maison Oak Matt 0.7mm 3650x1220' stock=OK price=OK qty_used=1 moq_min=1 step=1 time=1.05s
2025-08-21 17:34:53,469 INFO tab 3/3 -> Ravine
2025-08-21 17:34:53,585 INFO items in finish 'Ravine': 25
2025-08-21 17:34:53,585 INFO range -> Board Decorative
2025-08-21 17:34:54,713 INFO row 1: sku=26412 title='MDF 182412 DS Maison Oak Ravine MR E0' stock=OK price=OK qty_used=1 moq_min=1 step=1 time=1.13s
2025-08-21 17:34:55,499 INFO row 2: sku=26424 title='MDF 183112 DS Maison Oak Ravine MR E0' stock=OK price=OK qty_used=1 moq_min=1 step=1 time=0.78s
2025-08-21 17:34:56,261 INFO row 3: sku=43029 title='MDF 183618 DS Maison Oak Ravine MR E0' stock=OK price=OK qty_used=1 moq_min=1 step=1 time=0.76s
2025-08-21 17:34:57,037 INFO row 4: sku=42807 title='MDF 322412 DS Maison Oak Ravine MR E0' stock=OK price=OK qty_used=1 moq_min=1 step=1 time=0.78s
2025-08-21 17:34:57,815 INFO row 5: sku=42795 title='MDF 252412 DS Maison Oak Ravine MR E0' stock=OK price=OK qty_used=1 moq_min=1 step=1 time=0.78s
2025-08-21 17:34:58,595 INFO row 6: sku=43053 title='LDF 333618 DS Maison Oak Ravine MR E0' stock=OK price=OK qty_used=1 moq_min=1 step=1 time=0.78s
2025-08-21 17:34:59,394 INFO row 7: sku=43041 title='LDF 253618 DS Maison Oak Ravine STD E0' stock=OK price=OK qty_used=1 moq_min=1 step=1 time=0.80s
2025-08-21 17:34:59,395 INFO range -> Edgetape Decorative
2025-08-21 17:35:00,466 INFO row 8: sku=26460 title='ABS 1mm x 21mm UG 100m Maison Oak Ravine' stock=OK price=OK qty_used=1 moq_min=1 step=1 time=1.07s
2025-08-21 17:35:01,528 INFO row 9: sku=26462 title='ABS 1mm x 21mm UG 20m Maison Oak Ravine' stock=OK price=OK qty_used=1 moq_min=1 step=1 time=1.06s
2025-08-21 17:35:02,584 INFO row 10: sku=42779 title='ABS 1mm x 38mm UG 100m Maison Oak Ravine' stock=OK price=OK qty_used=1 moq_min=1 step=1 time=1.06s
2025-08-21 17:35:03,629 INFO row 11: sku=42700 title='ABS 1mm x 29mm UG 100m Maison Oak Ravine' stock=OK price=OK qty_used=1 moq_min=1 step=1 time=1.04s
2025-08-21 17:35:04,698 INFO row 12: sku=47632 title='ABS 1mm x 55mm UG 20m Maison Oak Ravine' stock=OK price=OK qty_used=1 moq_min=1 step=1 time=1.07s
2025-08-21 17:35:05,806 INFO row 13: sku=47642 title='ABS 1mm x 55mm UG 100m Maison Oak Ravine' stock=OK price=OK qty_used=1 moq_min=1 step=1 time=1.11s
2025-08-21 17:35:05,806 INFO range -> Laminate
2025-08-21 17:35:06,891 INFO row 14: sku=42712 title='Laminate Maison Oak Ravine 0.7mm 3650x1220' stock=OK price=OK qty_used=1 moq_min=1 step=1 time=1.08s
2025-08-21 17:35:06,892 INFO range -> Architectural
2025-08-21 17:35:06,966 INFO MOQ for SKU 56942 min=5 step=1 qty 1 -> 5
2025-08-21 17:35:06,966 INFO MOQ hint: Ordering details .
2025-08-21 17:35:06,966 INFO MOQ hint: Minimum qty 5
2025-08-21 17:35:07,674 INFO row 15: sku=56942 title='Steccawood 24x34x3600 MDF MR E0 Maison Oak Peak' stock=OK price=OK qty_used=5 moq_min=5 step=1 time=0.78s
2025-08-21 17:35:08,022 INFO MOQ for SKU 51557 min=5 step=1 qty 1 -> 5
2025-08-21 17:35:08,022 INFO MOQ hint: Minimum qty 5
2025-08-21 17:35:08,022 INFO MOQ hint: Limited Stock
2025-08-21 17:35:08,736 INFO row 16: sku=51557 title='Steccawood 31x62x3600 MDF MR E0 Maison Oak Half Round' stock=OK price=OK qty_used=5 moq_min=5 step=1 time=1.06s
2025-08-21 17:35:09,094 INFO MOQ for SKU 46605 min=5 step=1 qty 1 -> 5
2025-08-21 17:35:09,094 INFO MOQ hint: Minimum qty 5
2025-08-21 17:35:09,094 INFO MOQ hint: Limited Stock
2025-08-21 17:35:09,813 INFO row 17: sku=46605 title='Steccawood 50x70x3600 LDF MR E0 Maison Oak' stock=OK price=OK qty_used=5 moq_min=5 step=1 time=1.08s
2025-08-21 17:35:10,158 INFO MOQ for SKU 51556 min=5 step=1 qty 1 -> 5
2025-08-21 17:35:10,159 INFO MOQ hint: Minimum qty 5
2025-08-21 17:35:10,159 INFO MOQ hint: Limited Stock
2025-08-21 17:35:10,875 INFO row 18: sku=51556 title='Steccawood 17x34x3600 MDF MR E0 Maison Oak Half Round' stock=OK price=OK qty_used=5 moq_min=5 step=1 time=1.06s
2025-08-21 17:35:11,224 INFO MOQ for SKU 46599 min=5 step=1 qty 1 -> 5
2025-08-21 17:35:11,225 INFO MOQ hint: Minimum qty 5
2025-08-21 17:35:11,225 INFO MOQ hint: Limited Stock
2025-08-21 17:35:11,942 INFO row 19: sku=46599 title='Steccawood 17x38x3600 MDF MR E0 Maison Oak' stock=OK price=OK qty_used=5 moq_min=5 step=1 time=1.07s
2025-08-21 17:35:12,292 INFO MOQ for SKU 46754 min=5 step=1 qty 1 -> 5
2025-08-21 17:35:12,293 INFO MOQ hint: Minimum qty 5
2025-08-21 17:35:12,293 INFO MOQ hint: Limited Stock
2025-08-21 17:35:13,006 INFO row 20: sku=46754 title='Steccawood 50x100x3600 LDF MR E0 Maison Oak' stock=OK price=OK qty_used=5 moq_min=5 step=1 time=1.06s
2025-08-21 17:35:13,357 INFO MOQ for SKU 46597 min=5 step=1 qty 1 -> 5
2025-08-21 17:35:13,357 INFO MOQ hint: Minimum qty 5
2025-08-21 17:35:13,357 INFO MOQ hint: Limited Stock
2025-08-21 17:35:14,071 INFO row 21: sku=46597 title='Steccawood 31x31x3600 MDF MR E0 Maison Oak' stock=OK price=OK qty_used=5 moq_min=5 step=1 time=1.06s
2025-08-21 17:35:14,450 INFO MOQ for SKU 55180 min=5 step=1 qty 1 -> 5
2025-08-21 17:35:14,450 INFO MOQ hint: Minimum qty 5
2025-08-21 17:35:14,450 INFO MOQ hint: Limited Stock
2025-08-21 17:35:15,162 INFO row 22: sku=55180 title='Steccawood 17x34x3600 MDF MR E0 Maison Oak Cove' stock=OK price=OK qty_used=5 moq_min=5 step=1 time=1.09s
2025-08-21 17:35:15,527 INFO MOQ for SKU 52998 min=5 step=1 qty 1 -> 5
2025-08-21 17:35:15,528 INFO MOQ hint: Minimum qty 5
2025-08-21 17:35:15,528 INFO MOQ hint: Limited Stock
2025-08-21 17:35:16,234 INFO row 23: sku=52998 title='Steccawood 24x48x3600 MDF MR E0 Maison Oak Half Round' stock=OK price=OK qty_used=5 moq_min=5 step=1 time=1.07s
2025-08-21 17:35:16,596 INFO MOQ for SKU 46603 min=5 step=1 qty 1 -> 5
2025-08-21 17:35:16,596 INFO MOQ hint: Minimum qty 5
2025-08-21 17:35:16,596 INFO MOQ hint: Limited Stock
2025-08-21 17:35:17,307 INFO row 24: sku=46603 title='Steccawood 31x65x3600 MDF MR E0 Maison Oak' stock=OK price=OK qty_used=5 moq_min=5 step=1 time=1.07s
2025-08-21 17:35:17,383 INFO MOQ for SKU 48906 min=5 step=1 qty 1 -> 5
2025-08-21 17:35:17,383 INFO MOQ hint: Pack Size: 15 .
2025-08-21 17:35:17,383 INFO MOQ hint: Minimum qty 5
2025-08-21 17:35:18,095 INFO row 25: sku=48906 title='Steccawood 40x100x3600 LDF MR E0 Maison Oak Ravine' stock=OK price=OK qty_used=5 moq_min=5 step=1 time=0.79s
2025-08-21 17:35:18,095 INFO run end rows=39
2025-08-21 17:35:18,098 INFO csv write: board_decorative.csv sku=26744 colour='Maison Oak'
2025-08-21 17:35:18,098 INFO csv write: board_decorative.csv sku=26745 colour='Maison Oak'
2025-08-21 17:35:18,100 INFO csv write: edgetape_decorative.csv sku=26751 colour='Maison Oak'
2025-08-21 17:35:18,100 INFO csv write: edgetape_decorative.csv sku=26753 colour='Maison Oak'
2025-08-21 17:35:18,101 INFO csv write: edgetape_decorative.csv sku=44249 colour='Maison Oak'
2025-08-21 17:35:18,101 INFO csv write: board_decorative.csv sku=45079 colour='Maison Oak'
2025-08-21 17:35:18,101 INFO csv write: board_decorative.csv sku=47094 colour='Maison Oak'
2025-08-21 17:35:18,101 INFO csv write: board_decorative.csv sku=46317 colour='Maison Oak'
2025-08-21 17:35:18,101 INFO csv write: board_decorative.csv sku=46882 colour='Maison Oak'
2025-08-21 17:35:18,102 INFO csv write: edgetape_decorative.csv sku=50538 colour='Maison Oak'
2025-08-21 17:35:18,102 INFO csv write: edgetape_decorative.csv sku=50537 colour='Maison Oak'
2025-08-21 17:35:18,102 INFO csv write: edgetape_decorative.csv sku=50539 colour='Maison Oak'
2025-08-21 17:35:18,102 INFO csv write: edgetape_decorative.csv sku=54000 colour='Maison Oak'
2025-08-21 17:35:18,103 INFO csv write: laminate.csv sku=47124 colour='Maison Oak'
2025-08-21 17:35:18,103 INFO csv write: board_decorative.csv sku=26412 colour='Maison Oak'
2025-08-21 17:35:18,103 INFO csv write: board_decorative.csv sku=26424 colour='Maison Oak'
2025-08-21 17:35:18,103 INFO csv write: board_decorative.csv sku=43029 colour='Maison Oak'
2025-08-21 17:35:18,103 INFO csv write: board_decorative.csv sku=42807 colour='Maison Oak'
2025-08-21 17:35:18,104 INFO csv write: board_decorative.csv sku=42795 colour='Maison Oak'
2025-08-21 17:35:18,104 INFO csv write: board_decorative.csv sku=43053 colour='Maison Oak'
2025-08-21 17:35:18,104 INFO csv write: board_decorative.csv sku=43041 colour='Maison Oak'
2025-08-21 17:35:18,104 INFO csv write: edgetape_decorative.csv sku=26460 colour='Maison Oak'
2025-08-21 17:35:18,104 INFO csv write: edgetape_decorative.csv sku=26462 colour='Maison Oak'
2025-08-21 17:35:18,104 INFO csv write: edgetape_decorative.csv sku=42779 colour='Maison Oak'
2025-08-21 17:35:18,105 INFO csv write: edgetape_decorative.csv sku=42700 colour='Maison Oak'
2025-08-21 17:35:18,105 INFO csv write: edgetape_decorative.csv sku=47632 colour='Maison Oak'
2025-08-21 17:35:18,105 INFO csv write: edgetape_decorative.csv sku=47642 colour='Maison Oak'
2025-08-21 17:35:18,105 INFO csv write: laminate.csv sku=42712 colour='Maison Oak'
2025-08-21 17:35:18,105 INFO csv write: architectural.csv sku=56942 colour='Maison Oak'
2025-08-21 17:35:18,106 INFO csv write: architectural.csv sku=51557 colour='Maison Oak'
2025-08-21 17:35:18,106 INFO csv write: architectural.csv sku=46605 colour='Maison Oak'
2025-08-21 17:35:18,106 INFO csv write: architectural.csv sku=51556 colour='Maison Oak'
2025-08-21 17:35:18,106 INFO csv write: architectural.csv sku=46599 colour='Maison Oak'
2025-08-21 17:35:18,106 INFO csv write: architectural.csv sku=46754 colour='Maison Oak'
2025-08-21 17:35:18,107 INFO csv write: architectural.csv sku=46597 colour='Maison Oak'
2025-08-21 17:35:18,107 INFO csv write: architectural.csv sku=55180 colour='Maison Oak'
2025-08-21 17:35:18,107 INFO csv write: architectural.csv sku=52998 colour='Maison Oak'
2025-08-21 17:35:18,107 INFO csv write: architectural.csv sku=46603 colour='Maison Oak'
2025-08-21 17:35:18,107 INFO csv write: architectural.csv sku=48906 colour='Maison Oak'
2025-08-21 17:35:18,108 INFO [175/240] Done Maison Oak, rows=39, ranges=['Architectural', 'Board Decorative', 'Edgetape Decorative', 'Laminate']
