2025-08-21 16:09:58,995 INFO [9/240] Processing Manor Oak  https://www.polytec.com.au/colour/manor-oak/
2025-08-21 16:09:58,995 INFO run start colour=https://www.polytec.com.au/colour/manor-oak/
2025-08-21 16:09:59,295 INFO colour name: Manor Oak
2025-08-21 16:09:59,316 INFO finish tabs: 1
2025-08-21 16:09:59,421 INFO tab 1/1 -> Woodmatt
2025-08-21 16:09:59,481 INFO items in finish 'Woodmatt': 16
2025-08-21 16:09:59,481 INFO range -> Board Decorative
2025-08-21 16:10:02,086 INFO row 1: sku=57155 title='MDF 182412 DS Manor Oak Woodmatt MR E0' stock=OK price=OK time=2.61s
2025-08-21 16:10:04,368 INFO row 2: sku=57156 title='MDF 183112 DS Manor Oak Woodmatt MR E0' stock=OK price=OK time=2.27s
2025-08-21 16:10:06,651 INFO row 3: sku=57157 title='MDF 252412 DS Manor Oak Woodmatt MR E0' stock=OK price=OK time=2.27s
2025-08-21 16:10:08,919 INFO row 4: sku=58474 title='MDF 183618 DS Manor Oak Woodmatt MR E0' stock=OK price=OK time=2.26s
2025-08-21 16:10:11,198 INFO row 5: sku=58476 title='LDF 333618 DS Manor Oak Woodmatt MR E0' stock=OK price=OK time=2.27s
2025-08-21 16:10:13,494 INFO row 6: sku=58084 title='MDF 092712 DS Manor Oak Woodmatt MR E0' stock=OK price=OK time=2.29s
2025-08-21 16:10:15,775 INFO row 7: sku=58475 title='LDF 253618 DS Manor Oak Woodmatt STD E0' stock=OK price=OK time=2.27s
2025-08-21 16:10:15,785 INFO range -> Edgetape Decorative
2025-08-21 16:10:18,462 INFO row 8: sku=56884 title='ABS 1mm x 21mm UG 100m Manor Oak Woodmatt' stock=OK price=OK time=2.68s
2025-08-21 16:10:21,119 INFO row 9: sku=56885 title='ABS 1mm x 21mm UG 20m Manor Oak Woodmatt' stock=OK price=OK time=2.65s
2025-08-21 16:10:23,793 INFO row 10: sku=56887 title='ABS 1mm x 29mm UG 100m Manor Oak Woodmatt' stock=OK price=OK time=2.66s
2025-08-21 16:10:26,468 INFO row 11: sku=57416 title='ABS 1mm x 38mm UG 100m Manor Oak Woodmatt' stock=OK price=OK time=2.67s
2025-08-21 16:10:26,479 INFO range -> Laminate
2025-08-21 16:10:29,148 INFO row 12: sku=56840 title='Laminate Manor Oak Woodmatt 0.7mm 3650x1360' stock=OK price=OK time=2.67s
2025-08-21 16:10:31,833 INFO row 13: sku=56841 title='Laminate Manor Oak Woodmatt HL 0.7mm 3650x680' stock=OK price=OK time=2.67s
2025-08-21 16:10:34,519 INFO row 14: sku=56842 title='Laminate Manor Oak Woodmatt HS 0.7mm 1825x1360' stock=OK price=OK time=2.68s
2025-08-21 16:10:37,195 INFO row 15: sku=56843 title='Laminate Manor Oak Woodmatt Q 0.7mm 1825x680' stock=OK price=OK time=2.67s
2025-08-21 16:10:37,205 INFO range -> Thermolaminated Doors and Panels
2025-08-21 16:10:42,999 INFO row 16: sku= title='Style 1 - 6' stock=EMPTY price=EMPTY time=5.79s
2025-08-21 16:10:43,011 INFO run end rows=16
2025-08-21 16:10:43,012 INFO csv write: board_decorative.csv sku=57155 colour='Manor Oak'
2025-08-21 16:10:43,012 INFO csv write: board_decorative.csv sku=57156 colour='Manor Oak'
2025-08-21 16:10:43,013 INFO csv write: board_decorative.csv sku=57157 colour='Manor Oak'
2025-08-21 16:10:43,013 INFO csv write: board_decorative.csv sku=58474 colour='Manor Oak'
2025-08-21 16:10:43,013 INFO csv write: board_decorative.csv sku=58476 colour='Manor Oak'
2025-08-21 16:10:43,014 INFO csv write: board_decorative.csv sku=58084 colour='Manor Oak'
2025-08-21 16:10:43,014 INFO csv write: board_decorative.csv sku=58475 colour='Manor Oak'
2025-08-21 16:10:43,014 INFO csv write: edgetape_decorative.csv sku=56884 colour='Manor Oak'
2025-08-21 16:10:43,015 INFO csv write: edgetape_decorative.csv sku=56885 colour='Manor Oak'
2025-08-21 16:10:43,015 INFO csv write: edgetape_decorative.csv sku=56887 colour='Manor Oak'
2025-08-21 16:10:43,015 INFO csv write: edgetape_decorative.csv sku=57416 colour='Manor Oak'
2025-08-21 16:10:43,015 INFO csv write: laminate.csv sku=56840 colour='Manor Oak'
2025-08-21 16:10:43,016 INFO csv write: laminate.csv sku=56841 colour='Manor Oak'
2025-08-21 16:10:43,016 INFO csv write: laminate.csv sku=56842 colour='Manor Oak'
2025-08-21 16:10:43,016 INFO csv write: laminate.csv sku=56843 colour='Manor Oak'
2025-08-21 16:10:43,016 INFO csv write: thermolaminated_doors_and_panels.csv sku= colour='Manor Oak'
2025-08-21 16:10:43,017 INFO [9/240] Done Manor Oak, rows=16, ranges=['Board Decorative', 'Edgetape Decorative', 'Laminate', 'Thermolaminated Doors and Panels']
