2025-08-21 17:39:27,354 INFO [199/240] Processing Maroso Milan  https://www.polytec.com.au/colour/maroso-milan/
2025-08-21 17:39:27,355 INFO run start colour=https://www.polytec.com.au/colour/maroso-milan/
2025-08-21 17:39:27,780 INFO colour name: Maroso Milan
2025-08-21 17:39:27,788 INFO finish tabs: 2
2025-08-21 17:39:27,811 INFO tab 1/2 -> Legato
2025-08-21 17:39:27,832 INFO items in finish 'Legato': 5
2025-08-21 17:39:27,832 INFO range -> Board Decorative
2025-08-21 17:39:28,945 INFO row 1: sku=26742 title='MDF 182412 DS Maroso Milan Legato MR E0 Film' stock=OK price=OK qty_used=1 moq_min=1 step=1 time=1.11s
2025-08-21 17:39:29,701 INFO row 2: sku=26743 title='MDF 183112 DS Maroso Milan Legato MR E0 Film' stock=OK price=OK qty_used=1 moq_min=1 step=1 time=0.76s
2025-08-21 17:39:29,701 INFO range -> Edgetape Decorative
2025-08-21 17:39:30,752 INFO row 3: sku=26748 title='ABS 1mm x 21mm UG 100m Maroso Milan Legato' stock=OK price=OK qty_used=1 moq_min=1 step=1 time=1.05s
2025-08-21 17:39:31,814 INFO row 4: sku=26750 title='ABS 1mm x 21mm UG 20m Maroso Milan Legato' stock=OK price=OK qty_used=1 moq_min=1 step=1 time=1.06s
2025-08-21 17:39:32,845 INFO row 5: sku=44250 title='ABS 1mm x 29mm UG 100m Maroso Milan Legato' stock=OK price=OK qty_used=1 moq_min=1 step=1 time=1.03s
2025-08-21 17:39:32,876 INFO tab 2/2 -> Ravine
2025-08-21 17:39:32,919 INFO items in finish 'Ravine': 12
2025-08-21 17:39:32,919 INFO range -> Board Decorative
2025-08-21 17:39:34,044 INFO row 1: sku=43042 title='LDF 253618 DS Maroso Milan Ravine STD E0' stock=OK price=OK qty_used=1 moq_min=1 step=1 time=1.13s
2025-08-21 17:39:34,810 INFO row 2: sku=43054 title='LDF 333618 DS Maroso Milan Ravine MR E0' stock=OK price=OK qty_used=1 moq_min=1 step=1 time=0.77s
2025-08-21 17:39:35,586 INFO row 3: sku=26407 title='MDF 182412 DS Maroso Milan Ravine MR E0' stock=OK price=OK qty_used=1 moq_min=1 step=1 time=0.78s
2025-08-21 17:39:36,338 INFO row 4: sku=26419 title='MDF 183112 DS Maroso Milan Ravine MR E0' stock=OK price=OK qty_used=1 moq_min=1 step=1 time=0.75s
2025-08-21 17:39:37,110 INFO row 5: sku=43030 title='MDF 183618 DS Maroso Milan Ravine MR E0' stock=OK price=OK qty_used=1 moq_min=1 step=1 time=0.77s
2025-08-21 17:39:37,872 INFO row 6: sku=42808 title='MDF 322412 DS Maroso Milan Ravine MR E0' stock=OK price=OK qty_used=1 moq_min=1 step=1 time=0.76s
2025-08-21 17:39:38,644 INFO row 7: sku=42796 title='MDF 252412 DS Maroso Milan Ravine MR E0' stock=OK price=OK qty_used=1 moq_min=1 step=1 time=0.77s
2025-08-21 17:39:38,644 INFO range -> Edgetape Decorative
2025-08-21 17:39:39,704 INFO row 8: sku=26442 title='ABS 1mm x 21mm UG 100m Maroso Milan Ravine' stock=OK price=OK qty_used=1 moq_min=1 step=1 time=1.06s
2025-08-21 17:39:40,776 INFO row 9: sku=26444 title='ABS 1mm x 21mm UG 20m Maroso Milan Ravine' stock=OK price=OK qty_used=1 moq_min=1 step=1 time=1.07s
2025-08-21 17:39:41,841 INFO row 10: sku=42780 title='ABS 1mm x 38mm UG 100m Maroso Milan Ravine' stock=OK price=OK qty_used=1 moq_min=1 step=1 time=1.07s
2025-08-21 17:39:42,903 INFO row 11: sku=42701 title='ABS 1mm x 29mm UG 100m Maroso Milan Ravine' stock=OK price=OK qty_used=1 moq_min=1 step=1 time=1.06s
2025-08-21 17:39:42,904 INFO range -> Laminate
2025-08-21 17:39:43,950 INFO row 12: sku=42713 title='Laminate Maroso Milan Ravine 0.7mm 3650x1220' stock=OK price=OK qty_used=1 moq_min=1 step=1 time=1.05s
2025-08-21 17:39:43,951 INFO run end rows=17
2025-08-21 17:39:43,951 INFO csv write: board_decorative.csv sku=26742 colour='Maroso Milan'
2025-08-21 17:39:43,951 INFO csv write: board_decorative.csv sku=26743 colour='Maroso Milan'
2025-08-21 17:39:43,952 INFO csv write: edgetape_decorative.csv sku=26748 colour='Maroso Milan'
2025-08-21 17:39:43,952 INFO csv write: edgetape_decorative.csv sku=26750 colour='Maroso Milan'
2025-08-21 17:39:43,952 INFO csv write: edgetape_decorative.csv sku=44250 colour='Maroso Milan'
2025-08-21 17:39:43,952 INFO csv write: board_decorative.csv sku=43042 colour='Maroso Milan'
2025-08-21 17:39:43,952 INFO csv write: board_decorative.csv sku=43054 colour='Maroso Milan'
2025-08-21 17:39:43,953 INFO csv write: board_decorative.csv sku=26407 colour='Maroso Milan'
2025-08-21 17:39:43,953 INFO csv write: board_decorative.csv sku=26419 colour='Maroso Milan'
2025-08-21 17:39:43,953 INFO csv write: board_decorative.csv sku=43030 colour='Maroso Milan'
2025-08-21 17:39:43,953 INFO csv write: board_decorative.csv sku=42808 colour='Maroso Milan'
2025-08-21 17:39:43,953 INFO csv write: board_decorative.csv sku=42796 colour='Maroso Milan'
2025-08-21 17:39:43,953 INFO csv write: edgetape_decorative.csv sku=26442 colour='Maroso Milan'
2025-08-21 17:39:43,954 INFO csv write: edgetape_decorative.csv sku=26444 colour='Maroso Milan'
2025-08-21 17:39:43,954 INFO csv write: edgetape_decorative.csv sku=42780 colour='Maroso Milan'
2025-08-21 17:39:43,954 INFO csv write: edgetape_decorative.csv sku=42701 colour='Maroso Milan'
2025-08-21 17:39:43,954 INFO csv write: laminate.csv sku=42713 colour='Maroso Milan'
2025-08-21 17:39:43,955 INFO [199/240] Done Maroso Milan, rows=17, ranges=['Board Decorative', 'Edgetape Decorative', 'Laminate']
