2025-08-21 16:49:55,038 INFO [33/240] Processing Mercurio Grey  https://www.polytec.com.au/colour/mercurio-grey/
2025-08-21 16:49:55,038 INFO run start colour=https://www.polytec.com.au/colour/mercurio-grey/
2025-08-21 16:49:55,517 INFO colour name: Mercurio Grey
2025-08-21 16:49:55,522 INFO finish tabs: 1
2025-08-21 16:49:55,565 INFO tab 1/1 -> Smooth
2025-08-21 16:49:55,604 INFO items in finish 'Smooth': 10
2025-08-21 16:49:55,604 INFO range -> Board Decorative
2025-08-21 16:49:56,737 INFO row 1: sku=52918 title='MDF 162412 DS Mercurio Grey Smooth MR E0 Film' stock=OK price=OK qty_used=1 moq_min=1 step=1 time=1.13s
2025-08-21 16:49:57,499 INFO row 2: sku=56684 title='MDF 183112 DS Mercurio Grey Smooth MR E0 Film Down' stock=OK price=OK qty_used=1 moq_min=1 step=1 time=0.76s
2025-08-21 16:49:58,261 INFO row 3: sku=56685 title='MDF 253112 DS Mercurio Grey Smooth MR E0 Film Down' stock=OK price=OK qty_used=1 moq_min=1 step=1 time=0.76s
2025-08-21 16:49:59,030 INFO row 4: sku=56686 title='MDF 323112 DS Mercurio Grey Smooth MR E0 Film Down' stock=OK price=OK qty_used=1 moq_min=1 step=1 time=0.77s
2025-08-21 16:49:59,030 INFO range -> Edgetape Decorative
2025-08-21 16:50:00,079 INFO row 5: sku=52921 title='ABS 1mm x 21mm UG 100m Mercurio Grey Smooth' stock=OK price=OK qty_used=1 moq_min=1 step=1 time=1.05s
2025-08-21 16:50:01,112 INFO row 6: sku=52919 title='ABS 1mm x 21mm UG 20m Mercurio Grey Smooth' stock=OK price=OK qty_used=1 moq_min=1 step=1 time=1.03s
2025-08-21 16:50:02,147 INFO row 7: sku=52922 title='ABS 1mm x 29mm UG 100m Mercurio Grey Smooth' stock=OK price=OK qty_used=1 moq_min=1 step=1 time=1.03s
2025-08-21 16:50:03,200 INFO row 8: sku=53488 title='ABS 1mm x 38mm UG 100m Mercurio Grey Smooth' stock=OK price=OK qty_used=1 moq_min=1 step=1 time=1.05s
2025-08-21 16:50:03,200 INFO range -> Laminate
2025-08-21 16:50:04,226 INFO row 9: sku=52805 title='Laminate Mercurio Grey Smooth 0.7mm 3650 x 1220' stock=OK price=OK qty_used=1 moq_min=1 step=1 time=1.03s
2025-08-21 16:50:04,227 INFO range -> Thermolaminated Doors and Panels
2025-08-21 16:50:08,649 INFO row 10: sku= title='Style 1 - 6' stock=EMPTY price=EMPTY qty_used=1 moq_min=1 step=1 time=4.42s
2025-08-21 16:50:08,649 INFO run end rows=10
2025-08-21 16:50:08,649 INFO csv write: board_decorative.csv sku=52918 colour='Mercurio Grey'
2025-08-21 16:50:08,650 INFO csv write: board_decorative.csv sku=56684 colour='Mercurio Grey'
2025-08-21 16:50:08,650 INFO csv write: board_decorative.csv sku=56685 colour='Mercurio Grey'
2025-08-21 16:50:08,650 INFO csv write: board_decorative.csv sku=56686 colour='Mercurio Grey'
2025-08-21 16:50:08,651 INFO csv write: edgetape_decorative.csv sku=52921 colour='Mercurio Grey'
2025-08-21 16:50:08,651 INFO csv write: edgetape_decorative.csv sku=52919 colour='Mercurio Grey'
2025-08-21 16:50:08,651 INFO csv write: edgetape_decorative.csv sku=52922 colour='Mercurio Grey'
2025-08-21 16:50:08,651 INFO csv write: edgetape_decorative.csv sku=53488 colour='Mercurio Grey'
2025-08-21 16:50:08,652 INFO csv write: laminate.csv sku=52805 colour='Mercurio Grey'
2025-08-21 16:50:08,652 INFO csv write: thermolaminated_doors_and_panels.csv sku= colour='Mercurio Grey'
2025-08-21 16:50:08,652 INFO [33/240] Done Mercurio Grey, rows=10, ranges=['Board Decorative', 'Edgetape Decorative', 'Laminate', 'Thermolaminated Doors and Panels']
