2025-08-21 17:15:06,867 INFO [136/240] Processing Moss Grey  https://www.polytec.com.au/colour/moss-grey/
2025-08-21 17:15:06,867 INFO run start colour=https://www.polytec.com.au/colour/moss-grey/
2025-08-21 17:15:07,310 INFO colour name: Moss Grey
2025-08-21 17:15:07,319 INFO finish tabs: 2
2025-08-21 17:15:07,339 INFO tab 1/2 -> Matt
2025-08-21 17:15:07,360 INFO items in finish 'Matt': 5
2025-08-21 17:15:07,360 INFO range -> Board Decorative
2025-08-21 17:15:08,501 INFO row 1: sku=8415 title='MDF 162412 DS Moss Grey Matt MR E0' stock=OK price=OK qty_used=1 moq_min=1 step=1 time=1.14s
2025-08-21 17:15:08,501 INFO range -> Edgetape Decorative
2025-08-21 17:15:09,541 INFO row 2: sku=8071 title='Rigid 1mm x 21mm UG 100m Moss Grey Matt' stock=OK price=OK qty_used=1 moq_min=1 step=1 time=1.04s
2025-08-21 17:15:10,575 INFO row 3: sku=17704 title='Rigid 1mm x 21mm UG 20m Moss Grey Matt' stock=OK price=OK qty_used=1 moq_min=1 step=1 time=1.03s
2025-08-21 17:15:11,601 INFO row 4: sku=44407 title='ABS 1mm x 29mm UG 100m Moss Grey Matt' stock=OK price=OK qty_used=1 moq_min=1 step=1 time=1.03s
2025-08-21 17:15:11,601 INFO range -> Laminate
2025-08-21 17:15:12,642 INFO row 5: sku=8564 title='Laminate Moss Grey Matt 0.7mm 3650x1220' stock=OK price=OK qty_used=1 moq_min=1 step=1 time=1.04s
2025-08-21 17:15:12,667 INFO tab 2/2 -> Sheen
2025-08-21 17:15:12,683 INFO items in finish 'Sheen': 4
2025-08-21 17:15:12,683 INFO range -> Board Decorative
2025-08-21 17:15:14,318 INFO row 1: sku=43704 title='MDF 162412 DS Moss Grey Sheen LMG E0 Film' stock=OK price=OK qty_used=1 moq_min=1 step=1 time=1.63s
2025-08-21 17:15:14,318 INFO range -> Edgetape Decorative
2025-08-21 17:15:15,370 INFO row 2: sku=43755 title='ABS 1mm x 22mm UG 100m Moss Grey Sheen' stock=OK price=OK qty_used=1 moq_min=1 step=1 time=1.05s
2025-08-21 17:15:16,404 INFO row 3: sku=43728 title='ABS 1mm x 22mm UG 20m Moss Grey Sheen' stock=OK price=OK qty_used=1 moq_min=1 step=1 time=1.03s
2025-08-21 17:15:17,439 INFO row 4: sku=51724 title='ABS 1mm x 29mm UG 100m Moss Grey Sheen' stock=OK price=OK qty_used=1 moq_min=1 step=1 time=1.03s
2025-08-21 17:15:17,439 INFO run end rows=9
2025-08-21 17:15:17,439 INFO csv write: board_decorative.csv sku=8415 colour='Moss Grey'
2025-08-21 17:15:17,439 INFO csv write: edgetape_decorative.csv sku=8071 colour='Moss Grey'
2025-08-21 17:15:17,440 INFO csv write: edgetape_decorative.csv sku=17704 colour='Moss Grey'
2025-08-21 17:15:17,440 INFO csv write: edgetape_decorative.csv sku=44407 colour='Moss Grey'
2025-08-21 17:15:17,440 INFO csv write: laminate.csv sku=8564 colour='Moss Grey'
2025-08-21 17:15:17,440 INFO csv write: board_decorative.csv sku=43704 colour='Moss Grey'
2025-08-21 17:15:17,440 INFO csv write: edgetape_decorative.csv sku=43755 colour='Moss Grey'
2025-08-21 17:15:17,441 INFO csv write: edgetape_decorative.csv sku=43728 colour='Moss Grey'
2025-08-21 17:15:17,441 INFO csv write: edgetape_decorative.csv sku=51724 colour='Moss Grey'
2025-08-21 17:15:17,441 INFO [136/240] Done Moss Grey, rows=9, ranges=['Board Decorative', 'Edgetape Decorative', 'Laminate']
