2025-08-21 17:17:29,270 INFO [151/240] Processing Natural Oak  https://www.polytec.com.au/colour/natural-oak/
2025-08-21 17:17:29,270 INFO run start colour=https://www.polytec.com.au/colour/natural-oak/
2025-08-21 17:17:29,742 INFO colour name: Natural Oak
2025-08-21 17:17:29,775 INFO finish tabs: 2
2025-08-21 17:17:29,800 INFO tab 1/2 -> Matt
2025-08-21 17:17:29,881 INFO items in finish 'Matt': 14
2025-08-21 17:17:29,881 INFO range -> Board Decorative
2025-08-21 17:17:31,029 INFO row 1: sku=25691 title='MDF 162412 DS Natural Oak Matt MR E0' stock=OK price=OK qty_used=1 moq_min=1 step=1 time=1.15s
2025-08-21 17:17:31,797 INFO row 2: sku=43203 title='MDF 163112 DS Natural Oak Matt MR E0' stock=OK price=OK qty_used=1 moq_min=1 step=1 time=0.77s
2025-08-21 17:17:32,570 INFO row 3: sku=47516 title='Particle 163618 DS Natural Oak Matt MR' stock=OK price=OK qty_used=1 moq_min=1 step=1 time=0.77s
2025-08-21 17:17:33,334 INFO row 4: sku=43668 title='Particle 183618 DS Natural Oak Matt MR' stock=OK price=OK qty_used=1 moq_min=1 step=1 time=0.76s
2025-08-21 17:17:34,102 INFO row 5: sku=43669 title='LDF 333618 DS Natural Oak Matt MR E0' stock=OK price=OK qty_used=1 moq_min=1 step=1 time=0.77s
2025-08-21 17:17:34,873 INFO row 6: sku=46140 title='LDF 253618 DS Natural Oak Matt STD E0' stock=OK price=OK qty_used=1 moq_min=1 step=1 time=0.77s
2025-08-21 17:17:35,656 INFO row 7: sku=50839 title='Particle 253618 DS Natural Oak Matt MR' stock=OK price=OK qty_used=1 moq_min=1 step=1 time=0.78s
2025-08-21 17:17:35,657 INFO range -> Edgetape Decorative
2025-08-21 17:17:36,422 INFO row 8: sku=19398 title='Rigid 1mm x 21mm UG 100m Natural Oak Matt' stock=OK price=OK qty_used=1 moq_min=1 step=1 time=0.77s
2025-08-21 17:17:37,185 INFO row 9: sku=19502 title='Rigid 1mm x 21mm UG 20m Natural Oak Matt' stock=OK price=OK qty_used=1 moq_min=1 step=1 time=0.76s
2025-08-21 17:17:38,273 INFO row 10: sku=53973 title='ABS 1mm x 38mm UG 100m Natural Oak Matt' stock=OK price=OK qty_used=1 moq_min=1 step=1 time=1.09s
2025-08-21 17:17:39,357 INFO row 11: sku=44409 title='ABS 1mm x 29mm UG 100m Natural Oak Matt' stock=OK price=OK qty_used=1 moq_min=1 step=1 time=1.08s
2025-08-21 17:17:39,357 INFO range -> Laminate
2025-08-21 17:17:40,414 INFO row 12: sku=26179 title='Laminate Natural Oak Matt 0.7mm 3650x1220' stock=OK price=OK qty_used=1 moq_min=1 step=1 time=1.06s
2025-08-21 17:17:40,414 INFO range -> Compact
2025-08-21 17:17:41,187 INFO row 13: sku=49107 title='Compact Laminate Natural Oak Matt BC 3660x1830 13mm' stock=OK price=OK qty_used=1 moq_min=1 step=1 time=0.77s
2025-08-21 17:17:41,955 INFO row 14: sku=55436 title='Compact Laminate Natural Oak Matt BC 3660x1830 5mm' stock=OK price=OK qty_used=1 moq_min=1 step=1 time=0.77s
2025-08-21 17:17:41,990 INFO tab 2/2 -> Ravine
2025-08-21 17:17:42,082 INFO items in finish 'Ravine': 26
2025-08-21 17:17:42,082 INFO range -> Board Decorative
2025-08-21 17:17:43,213 INFO row 1: sku=26402 title='MDF 182412 DS Natural Oak Ravine MR E0' stock=OK price=OK qty_used=1 moq_min=1 step=1 time=1.13s
2025-08-21 17:17:43,991 INFO row 2: sku=26414 title='MDF 183112 DS Natural Oak Ravine MR E0' stock=OK price=OK qty_used=1 moq_min=1 step=1 time=0.78s
2025-08-21 17:17:44,778 INFO row 3: sku=43031 title='MDF 183618 DS Natural Oak Ravine MR E0' stock=OK price=OK qty_used=1 moq_min=1 step=1 time=0.79s
2025-08-21 17:17:45,560 INFO row 4: sku=42797 title='MDF 252412 DS Natural Oak Ravine MR E0' stock=OK price=OK qty_used=1 moq_min=1 step=1 time=0.78s
2025-08-21 17:17:46,344 INFO row 5: sku=42809 title='MDF 322412 DS Natural Oak Ravine MR E0' stock=OK price=OK qty_used=1 moq_min=1 step=1 time=0.78s
2025-08-21 17:17:47,125 INFO row 6: sku=43055 title='LDF 333618 DS Natural Oak Ravine MR E0' stock=OK price=OK qty_used=1 moq_min=1 step=1 time=0.78s
2025-08-21 17:17:47,909 INFO row 7: sku=48328 title='MDF 092712 DS Natural Oak Ravine MR E0' stock=OK price=OK qty_used=1 moq_min=1 step=1 time=0.78s
2025-08-21 17:17:48,697 INFO row 8: sku=43043 title='LDF 253618 DS Natural Oak Ravine STD E0' stock=OK price=OK qty_used=1 moq_min=1 step=1 time=0.79s
2025-08-21 17:17:48,697 INFO range -> Edgetape Decorative
2025-08-21 17:17:49,481 INFO row 9: sku=26428 title='ABS 1mm x 21mm UG 100m Natural Oak Ravine' stock=OK price=OK qty_used=1 moq_min=1 step=1 time=0.78s
2025-08-21 17:17:50,262 INFO row 10: sku=26432 title='ABS 1mm x 21mm UG 20m Natural Oak Ravine' stock=OK price=OK qty_used=1 moq_min=1 step=1 time=0.78s
2025-08-21 17:17:51,322 INFO row 11: sku=42702 title='ABS 1mm x 29mm UG 100m Natural Oak Ravine' stock=OK price=OK qty_used=1 moq_min=1 step=1 time=1.06s
2025-08-21 17:17:52,387 INFO row 12: sku=42781 title='ABS 1mm x 38mm UG 100m Natural Oak Ravine' stock=OK price=OK qty_used=1 moq_min=1 step=1 time=1.06s
2025-08-21 17:17:53,457 INFO row 13: sku=47631 title='ABS 1mm x 55mm UG 20m Natural Oak Ravine' stock=OK price=OK qty_used=1 moq_min=1 step=1 time=1.07s
2025-08-21 17:17:54,543 INFO row 14: sku=47641 title='ABS 1mm x 55mm UG 100m Natural Oak Ravine' stock=OK price=OK qty_used=1 moq_min=1 step=1 time=1.09s
2025-08-21 17:17:54,543 INFO range -> Laminate
2025-08-21 17:17:56,082 INFO row 15: sku=42714 title='Laminate Natural Oak Ravine 0.7mm 3650x1220' stock=OK price=OK qty_used=1 moq_min=1 step=1 time=1.54s
2025-08-21 17:17:56,083 INFO range -> Architectural
2025-08-21 17:17:56,442 INFO MOQ for SKU 51545 min=5 step=1 qty 1 -> 5
2025-08-21 17:17:56,443 INFO MOQ hint: Minimum qty 5
2025-08-21 17:17:57,353 INFO row 16: sku=51545 title='Steccawood 17x34x3600 MDF MR E0 Natural Oak Half Round' stock=OK price=OK qty_used=5 moq_min=5 step=1 time=1.27s
2025-08-21 17:17:57,707 INFO MOQ for SKU 45082 min=5 step=1 qty 1 -> 5
2025-08-21 17:17:57,707 INFO MOQ hint: Minimum qty 5
2025-08-21 17:17:58,421 INFO row 17: sku=45082 title='Steccawood 17x38x3600 MDF MR E0 Natural Oak' stock=OK price=OK qty_used=5 moq_min=5 step=1 time=1.07s
2025-08-21 17:17:58,792 INFO MOQ for SKU 45084 min=5 step=1 qty 1 -> 5
2025-08-21 17:17:58,793 INFO MOQ hint: Minimum qty 5
2025-08-21 17:17:59,505 INFO row 18: sku=45084 title='Steccawood 31x31x3600 MDF MR E0 Natural Oak' stock=OK price=OK qty_used=5 moq_min=5 step=1 time=1.08s
2025-08-21 17:17:59,881 INFO MOQ for SKU 55175 min=5 step=1 qty 1 -> 5
2025-08-21 17:17:59,881 INFO MOQ hint: Minimum qty 5
2025-08-21 17:18:00,598 INFO row 19: sku=55175 title='Steccawood 17x34x3600 MDF MR E0 Natural Oak Cove' stock=OK price=OK qty_used=5 moq_min=5 step=1 time=1.09s
2025-08-21 17:18:00,982 INFO MOQ for SKU 45088 min=5 step=1 qty 1 -> 5
2025-08-21 17:18:00,982 INFO MOQ hint: Minimum qty 5
2025-08-21 17:18:01,698 INFO row 20: sku=45088 title='Steccawood 31x65x3600 MDF MR E0 Natural Oak' stock=OK price=OK qty_used=5 moq_min=5 step=1 time=1.10s
2025-08-21 17:18:02,059 INFO MOQ for SKU 52993 min=5 step=1 qty 1 -> 5
2025-08-21 17:18:02,059 INFO MOQ hint: Minimum qty 5
2025-08-21 17:18:02,772 INFO row 21: sku=52993 title='Steccawood 24x48x3600 MDF MR E0 Natural Oak Half Round' stock=OK price=OK qty_used=5 moq_min=5 step=1 time=1.07s
2025-08-21 17:18:03,138 INFO MOQ for SKU 46755 min=5 step=1 qty 1 -> 5
2025-08-21 17:18:03,138 INFO MOQ hint: Minimum qty 5
2025-08-21 17:18:03,851 INFO row 22: sku=46755 title='Steccawood 50x100x3600 LDF MR E0 Natural Oak' stock=OK price=OK qty_used=5 moq_min=5 step=1 time=1.08s
2025-08-21 17:18:04,263 INFO MOQ for SKU 48095 min=5 step=1 qty 1 -> 5
2025-08-21 17:18:04,263 INFO MOQ hint: Minimum qty 5
2025-08-21 17:18:04,981 INFO row 23: sku=48095 title='Steccawood 40x100x3600 LDF MR E0 Natural Oak' stock=OK price=OK qty_used=5 moq_min=5 step=1 time=1.13s
2025-08-21 17:18:05,355 INFO MOQ for SKU 45091 min=5 step=1 qty 1 -> 5
2025-08-21 17:18:05,356 INFO MOQ hint: Minimum qty 5
2025-08-21 17:18:06,050 INFO row 24: sku=45091 title='Steccawood 50x70x3600 LDF MR E0 Natural Oak' stock=OK price=OK qty_used=5 moq_min=5 step=1 time=1.07s
2025-08-21 17:18:06,389 INFO MOQ for SKU 51546 min=5 step=1 qty 1 -> 5
2025-08-21 17:18:06,389 INFO MOQ hint: Minimum qty 5
2025-08-21 17:18:07,102 INFO row 25: sku=51546 title='Steccawood 31x62x3600 MDF MR E0 Natural Oak Half Round' stock=OK price=OK qty_used=5 moq_min=5 step=1 time=1.05s
2025-08-21 17:18:07,164 INFO MOQ for SKU 56937 min=5 step=1 qty 1 -> 5
2025-08-21 17:18:07,164 INFO MOQ hint: Ordering details .
2025-08-21 17:18:07,164 INFO MOQ hint: Minimum qty 5
2025-08-21 17:18:07,873 INFO row 26: sku=56937 title='Steccawood 24x34x3600 MDF MR E0 Natural Oak Peak' stock=OK price=OK qty_used=5 moq_min=5 step=1 time=0.77s
2025-08-21 17:18:07,874 INFO run end rows=40
2025-08-21 17:18:07,874 INFO csv write: board_decorative.csv sku=25691 colour='Natural Oak'
2025-08-21 17:18:07,874 INFO csv write: board_decorative.csv sku=43203 colour='Natural Oak'
2025-08-21 17:18:07,874 INFO csv write: board_decorative.csv sku=47516 colour='Natural Oak'
2025-08-21 17:18:07,875 INFO csv write: board_decorative.csv sku=43668 colour='Natural Oak'
2025-08-21 17:18:07,875 INFO csv write: board_decorative.csv sku=43669 colour='Natural Oak'
2025-08-21 17:18:07,875 INFO csv write: board_decorative.csv sku=46140 colour='Natural Oak'
2025-08-21 17:18:07,875 INFO csv write: board_decorative.csv sku=50839 colour='Natural Oak'
2025-08-21 17:18:07,875 INFO csv write: edgetape_decorative.csv sku=19398 colour='Natural Oak'
2025-08-21 17:18:07,875 INFO csv write: edgetape_decorative.csv sku=19502 colour='Natural Oak'
2025-08-21 17:18:07,876 INFO csv write: edgetape_decorative.csv sku=53973 colour='Natural Oak'
2025-08-21 17:18:07,876 INFO csv write: edgetape_decorative.csv sku=44409 colour='Natural Oak'
2025-08-21 17:18:07,876 INFO csv write: laminate.csv sku=26179 colour='Natural Oak'
2025-08-21 17:18:07,876 INFO csv write: compact.csv sku=49107 colour='Natural Oak'
2025-08-21 17:18:07,876 INFO csv write: compact.csv sku=55436 colour='Natural Oak'
2025-08-21 17:18:07,876 INFO csv write: board_decorative.csv sku=26402 colour='Natural Oak'
2025-08-21 17:18:07,877 INFO csv write: board_decorative.csv sku=26414 colour='Natural Oak'
2025-08-21 17:18:07,877 INFO csv write: board_decorative.csv sku=43031 colour='Natural Oak'
2025-08-21 17:18:07,877 INFO csv write: board_decorative.csv sku=42797 colour='Natural Oak'
2025-08-21 17:18:07,877 INFO csv write: board_decorative.csv sku=42809 colour='Natural Oak'
2025-08-21 17:18:07,877 INFO csv write: board_decorative.csv sku=43055 colour='Natural Oak'
2025-08-21 17:18:07,878 INFO csv write: board_decorative.csv sku=48328 colour='Natural Oak'
2025-08-21 17:18:07,878 INFO csv write: board_decorative.csv sku=43043 colour='Natural Oak'
2025-08-21 17:18:07,878 INFO csv write: edgetape_decorative.csv sku=26428 colour='Natural Oak'
2025-08-21 17:18:07,878 INFO csv write: edgetape_decorative.csv sku=26432 colour='Natural Oak'
2025-08-21 17:18:07,878 INFO csv write: edgetape_decorative.csv sku=42702 colour='Natural Oak'
2025-08-21 17:18:07,878 INFO csv write: edgetape_decorative.csv sku=42781 colour='Natural Oak'
2025-08-21 17:18:07,878 INFO csv write: edgetape_decorative.csv sku=47631 colour='Natural Oak'
2025-08-21 17:18:07,879 INFO csv write: edgetape_decorative.csv sku=47641 colour='Natural Oak'
2025-08-21 17:18:07,879 INFO csv write: laminate.csv sku=42714 colour='Natural Oak'
2025-08-21 17:18:07,879 INFO csv write: architectural.csv sku=51545 colour='Natural Oak'
2025-08-21 17:18:07,879 INFO csv write: architectural.csv sku=45082 colour='Natural Oak'
2025-08-21 17:18:07,880 INFO csv write: architectural.csv sku=45084 colour='Natural Oak'
2025-08-21 17:18:07,880 INFO csv write: architectural.csv sku=55175 colour='Natural Oak'
2025-08-21 17:18:07,880 INFO csv write: architectural.csv sku=45088 colour='Natural Oak'
2025-08-21 17:18:07,880 INFO csv write: architectural.csv sku=52993 colour='Natural Oak'
2025-08-21 17:18:07,880 INFO csv write: architectural.csv sku=46755 colour='Natural Oak'
2025-08-21 17:18:07,880 INFO csv write: architectural.csv sku=48095 colour='Natural Oak'
2025-08-21 17:18:07,880 INFO csv write: architectural.csv sku=45091 colour='Natural Oak'
2025-08-21 17:18:07,881 INFO csv write: architectural.csv sku=51546 colour='Natural Oak'
2025-08-21 17:18:07,881 INFO csv write: architectural.csv sku=56937 colour='Natural Oak'
2025-08-21 17:18:07,881 INFO [151/240] Done Natural Oak, rows=40, ranges=['Architectural', 'Board Decorative', 'Compact', 'Edgetape Decorative', 'Laminate']
