2025-08-21 17:13:40,706 INFO [128/240] Processing New Antique White  https://www.polytec.com.au/colour/new-antique-white/
2025-08-21 17:13:40,707 INFO run start colour=https://www.polytec.com.au/colour/new-antique-white/
2025-08-21 17:13:41,170 INFO colour name: New Antique White
2025-08-21 17:13:41,179 INFO finish tabs: 3
2025-08-21 17:13:41,198 INFO tab 1/3 -> Gloss
2025-08-21 17:13:41,206 INFO items in finish 'Gloss': 1
2025-08-21 17:13:41,206 INFO range -> Thermolaminated Doors and Panels
2025-08-21 17:13:45,629 INFO row 1: sku= title='Style 1 - 3' stock=EMPTY price=EMPTY qty_used=1 moq_min=1 step=1 time=4.42s
2025-08-21 17:13:45,661 INFO tab 2/3 -> Matt
2025-08-21 17:13:45,700 INFO items in finish 'Matt': 10
2025-08-21 17:13:45,700 INFO range -> Board Decorative
2025-08-21 17:13:46,483 INFO row 1: sku=13281 title='MDF 162412 DS New Antique White Matt MR E0' stock=OK price=OK qty_used=1 moq_min=1 step=1 time=0.78s
2025-08-21 17:13:47,251 INFO row 2: sku=26864 title='MDF 163112 DS New Antique White Matt MR E0' stock=OK price=OK qty_used=1 moq_min=1 step=1 time=0.77s
2025-08-21 17:13:48,014 INFO row 3: sku=48389 title='MDF 092412 DS New Antique White Matt STD' stock=OK price=OK qty_used=1 moq_min=1 step=1 time=0.76s
2025-08-21 17:13:48,783 INFO row 4: sku=48403 title='MDF 092712 DS New Antique White Matt STD' stock=OK price=OK qty_used=1 moq_min=1 step=1 time=0.77s
2025-08-21 17:13:48,783 INFO range -> Edgetape Decorative
2025-08-21 17:13:49,830 INFO row 5: sku=43492 title='Rigid 1mm x 21mm UG 100m New Antique White Matt' stock=OK price=OK qty_used=1 moq_min=1 step=1 time=1.05s
2025-08-21 17:13:50,900 INFO row 6: sku=43493 title='Rigid 1mm x 21mm UG 20m New Antique White Matt' stock=OK price=OK qty_used=1 moq_min=1 step=1 time=1.07s
2025-08-21 17:13:50,900 INFO range -> Laminate
2025-08-21 17:13:51,962 INFO row 7: sku=11171 title='Laminate New Antique White Matt 0.7mm 3650x1360' stock=OK price=OK qty_used=1 moq_min=1 step=1 time=1.06s
2025-08-21 17:13:53,014 INFO row 8: sku=13065 title='Laminate New Antique White Matt HL 0.7mm 3650x680' stock=OK price=OK qty_used=1 moq_min=1 step=1 time=1.05s
2025-08-21 17:13:54,056 INFO row 9: sku=13067 title='Laminate New Antique White Matt Q 0.7mm 1830x680' stock=OK price=OK qty_used=1 moq_min=1 step=1 time=1.04s
2025-08-21 17:13:55,113 INFO row 10: sku=13066 title='Laminate New Antique White Matt HS 0.7mm 1830x1360' stock=OK price=OK qty_used=1 moq_min=1 step=1 time=1.06s
2025-08-21 17:13:55,139 INFO tab 3/3 -> Texture
2025-08-21 17:13:55,144 INFO items in finish 'Texture': 1
2025-08-21 17:13:55,144 INFO range -> Thermolaminated Doors and Panels
2025-08-21 17:13:59,578 INFO row 1: sku= title='Style 1 - 6' stock=EMPTY price=EMPTY qty_used=1 moq_min=1 step=1 time=4.43s
2025-08-21 17:13:59,578 INFO run end rows=12
2025-08-21 17:13:59,579 INFO csv write: thermolaminated_doors_and_panels.csv sku= colour='New Antique White'
2025-08-21 17:13:59,579 INFO csv write: board_decorative.csv sku=13281 colour='New Antique White'
2025-08-21 17:13:59,580 INFO csv write: board_decorative.csv sku=26864 colour='New Antique White'
2025-08-21 17:13:59,580 INFO csv write: board_decorative.csv sku=48389 colour='New Antique White'
2025-08-21 17:13:59,580 INFO csv write: board_decorative.csv sku=48403 colour='New Antique White'
2025-08-21 17:13:59,580 INFO csv write: edgetape_decorative.csv sku=43492 colour='New Antique White'
2025-08-21 17:13:59,581 INFO csv write: edgetape_decorative.csv sku=43493 colour='New Antique White'
2025-08-21 17:13:59,581 INFO csv write: laminate.csv sku=11171 colour='New Antique White'
2025-08-21 17:13:59,581 INFO csv write: laminate.csv sku=13065 colour='New Antique White'
2025-08-21 17:13:59,581 INFO csv write: laminate.csv sku=13067 colour='New Antique White'
2025-08-21 17:13:59,582 INFO csv write: laminate.csv sku=13066 colour='New Antique White'
2025-08-21 17:13:59,582 INFO csv write: thermolaminated_doors_and_panels.csv sku= colour='New Antique White'
2025-08-21 17:13:59,582 INFO [128/240] Done New Antique White, rows=12, ranges=['Board Decorative', 'Edgetape Decorative', 'Laminate', 'Thermolaminated Doors and Panels']
