2025-08-21 17:37:56,433 INFO [189/240] Processing Nickel  https://www.polytec.com.au/colour/nickel/
2025-08-21 17:37:56,434 INFO run start colour=https://www.polytec.com.au/colour/nickel/
2025-08-21 17:37:56,793 INFO colour name: Nickel
2025-08-21 17:37:56,797 INFO finish tabs: 1
2025-08-21 17:37:56,817 INFO tab 1/1 -> Matt
2025-08-21 17:37:56,853 INFO items in finish 'Matt': 10
2025-08-21 17:37:56,853 INFO range -> Board Decorative
2025-08-21 17:37:57,955 INFO row 1: sku=47518 title='LDF 333618 DS Nickel Matt MR E0' stock=OK price=OK qty_used=1 moq_min=1 step=1 time=1.10s
2025-08-21 17:37:58,705 INFO row 2: sku=43705 title='MDF 162412 DS Nickel Matt MR E0' stock=OK price=OK qty_used=1 moq_min=1 step=1 time=0.75s
2025-08-21 17:37:59,472 INFO row 3: sku=47519 title='Particle 183618 DS Nickel Matt MR' stock=OK price=OK qty_used=1 moq_min=1 step=1 time=0.77s
2025-08-21 17:38:00,247 INFO row 4: sku=47517 title='LDF 253618  DS Nickel Matt STD E0' stock=OK price=OK qty_used=1 moq_min=1 step=1 time=0.78s
2025-08-21 17:38:00,248 INFO range -> Edgetape Decorative
2025-08-21 17:38:01,285 INFO row 5: sku=43756 title='ABS 1mm x 22mm UG 100m Nickel Matt' stock=OK price=OK qty_used=1 moq_min=1 step=1 time=1.04s
2025-08-21 17:38:02,338 INFO row 6: sku=43729 title='ABS 1mm x 22mm UG 20m Nickel Matt' stock=OK price=OK qty_used=1 moq_min=1 step=1 time=1.05s
2025-08-21 17:38:03,388 INFO row 7: sku=47525 title='ABS 1mm x 38mm UG 100m Nickel Matt' stock=OK price=OK qty_used=1 moq_min=1 step=1 time=1.05s
2025-08-21 17:38:04,443 INFO row 8: sku=47524 title='ABS 1mm x 29mm UG 100m Nickel Matt' stock=OK price=OK qty_used=1 moq_min=1 step=1 time=1.06s
2025-08-21 17:38:04,444 INFO range -> Laminate
2025-08-21 17:38:05,485 INFO row 9: sku=33393 title='Laminate Nickel Matt 0.7mm 3650x1220' stock=OK price=OK qty_used=1 moq_min=1 step=1 time=1.04s
2025-08-21 17:38:05,485 INFO range -> Compact
2025-08-21 17:38:06,241 INFO row 10: sku=47183 title='Compact Laminate Nickel Matt BC 3660x1830 13mm' stock=OK price=OK qty_used=1 moq_min=1 step=1 time=0.76s
2025-08-21 17:38:06,241 INFO run end rows=10
2025-08-21 17:38:06,242 INFO csv write: board_decorative.csv sku=47518 colour='Nickel'
2025-08-21 17:38:06,242 INFO csv write: board_decorative.csv sku=43705 colour='Nickel'
2025-08-21 17:38:06,242 INFO csv write: board_decorative.csv sku=47519 colour='Nickel'
2025-08-21 17:38:06,243 INFO csv write: board_decorative.csv sku=47517 colour='Nickel'
2025-08-21 17:38:06,243 INFO csv write: edgetape_decorative.csv sku=43756 colour='Nickel'
2025-08-21 17:38:06,243 INFO csv write: edgetape_decorative.csv sku=43729 colour='Nickel'
2025-08-21 17:38:06,243 INFO csv write: edgetape_decorative.csv sku=47525 colour='Nickel'
2025-08-21 17:38:06,243 INFO csv write: edgetape_decorative.csv sku=47524 colour='Nickel'
2025-08-21 17:38:06,244 INFO csv write: laminate.csv sku=33393 colour='Nickel'
2025-08-21 17:38:06,244 INFO csv write: compact.csv sku=47183 colour='Nickel'
2025-08-21 17:38:06,245 INFO [189/240] Done Nickel, rows=10, ranges=['Board Decorative', 'Compact', 'Edgetape Decorative', 'Laminate']
