2025-08-21 16:53:36,213 INFO [48/240] Processing Ochre Figured-Wood  https://www.polytec.com.au/colour/ochre-figured-wood/
2025-08-21 16:53:36,213 INFO run start colour=https://www.polytec.com.au/colour/ochre-figured-wood/
2025-08-21 16:53:36,643 INFO colour name: Ochre Figured-Wood
2025-08-21 16:53:36,649 INFO finish tabs: 2
2025-08-21 16:53:36,667 INFO tab 1/2 -> Gloss
2025-08-21 16:53:36,685 INFO items in finish 'Gloss': 4
2025-08-21 16:53:36,685 INFO range -> Board Decorative
2025-08-21 16:53:37,801 INFO row 1: sku=54997 title='MDF 182412 SS Ochre Figured-Wood Gloss LMG E0' stock=OK price=OK qty_used=1 moq_min=1 step=1 time=1.12s
2025-08-21 16:53:38,554 INFO row 2: sku=54998 title='MDF 182412 DS Ochre Figured-Wood Gloss LMG E0' stock=OK price=OK qty_used=1 moq_min=1 step=1 time=0.75s
2025-08-21 16:53:38,555 INFO range -> Edgetape Decorative
2025-08-21 16:53:39,585 INFO row 3: sku=55000 title='ABS 1mm x 22mm UG 100m Ochre Figured-Wood Gloss' stock=OK price=OK qty_used=1 moq_min=1 step=1 time=1.03s
2025-08-21 16:53:40,595 INFO row 4: sku=55001 title='ABS 1mm x 22mm UG 20m Ochre Figured-Wood Gloss' stock=OK price=OK qty_used=1 moq_min=1 step=1 time=1.01s
2025-08-21 16:53:40,621 INFO tab 2/2 -> Smooth
2025-08-21 16:53:40,653 INFO items in finish 'Smooth': 8
2025-08-21 16:53:40,653 INFO range -> Board Decorative
2025-08-21 16:53:41,759 INFO row 1: sku=52730 title='MDF 162412 DS Ochre Figured-Wood Smooth MR E0 No Film' stock=OK price=OK qty_used=1 moq_min=1 step=1 time=1.11s
2025-08-21 16:53:41,759 INFO range -> Edgetape Decorative
2025-08-21 16:53:42,818 INFO row 2: sku=52733 title='ABS 1mm x 21mm UG 100m Ochre Figured-Wood Smooth' stock=OK price=OK qty_used=1 moq_min=1 step=1 time=1.06s
2025-08-21 16:53:43,978 INFO row 3: sku=52731 title='ABS 1mm x 21mm UG 20m Ochre Figured-Wood Smooth' stock=OK price=OK qty_used=1 moq_min=1 step=1 time=1.16s
2025-08-21 16:53:45,011 INFO row 4: sku=52735 title='ABS 1mm x 29mm UG 100m Ochre Figured-Wood Smooth' stock=OK price=OK qty_used=1 moq_min=1 step=1 time=1.03s
2025-08-21 16:53:45,011 INFO range -> Laminate
2025-08-21 16:53:46,054 INFO row 5: sku=52727 title='Laminate Ochre Figured-Wood Smooth HS 0.7mm 1825x1360' stock=OK price=OK qty_used=1 moq_min=1 step=1 time=1.04s
2025-08-21 16:53:47,123 INFO row 6: sku=52145 title='Laminate Ochre Figured-Wood Smooth 0.7mm 3650x1360' stock=OK price=OK qty_used=1 moq_min=1 step=1 time=1.07s
2025-08-21 16:53:48,187 INFO row 7: sku=52728 title='Laminate Ochre Figured-Wood Smooth Q 0.7mm 1825x680' stock=OK price=OK qty_used=1 moq_min=1 step=1 time=1.06s
2025-08-21 16:53:49,235 INFO row 8: sku=52724 title='Laminate Ochre Figured-Wood Smooth HL 0.7mm 3650x680' stock=OK price=OK qty_used=1 moq_min=1 step=1 time=1.05s
2025-08-21 16:53:49,235 INFO run end rows=12
2025-08-21 16:53:49,235 INFO csv write: board_decorative.csv sku=54997 colour='Ochre Figured-Wood'
2025-08-21 16:53:49,236 INFO csv write: board_decorative.csv sku=54998 colour='Ochre Figured-Wood'
2025-08-21 16:53:49,236 INFO csv write: edgetape_decorative.csv sku=55000 colour='Ochre Figured-Wood'
2025-08-21 16:53:49,236 INFO csv write: edgetape_decorative.csv sku=55001 colour='Ochre Figured-Wood'
2025-08-21 16:53:49,236 INFO csv write: board_decorative.csv sku=52730 colour='Ochre Figured-Wood'
2025-08-21 16:53:49,237 INFO csv write: edgetape_decorative.csv sku=52733 colour='Ochre Figured-Wood'
2025-08-21 16:53:49,237 INFO csv write: edgetape_decorative.csv sku=52731 colour='Ochre Figured-Wood'
2025-08-21 16:53:49,237 INFO csv write: edgetape_decorative.csv sku=52735 colour='Ochre Figured-Wood'
2025-08-21 16:53:49,237 INFO csv write: laminate.csv sku=52727 colour='Ochre Figured-Wood'
2025-08-21 16:53:49,238 INFO csv write: laminate.csv sku=52145 colour='Ochre Figured-Wood'
2025-08-21 16:53:49,238 INFO csv write: laminate.csv sku=52728 colour='Ochre Figured-Wood'
2025-08-21 16:53:49,238 INFO csv write: laminate.csv sku=52724 colour='Ochre Figured-Wood'
2025-08-21 16:53:49,238 INFO [48/240] Done Ochre Figured-Wood, rows=12, ranges=['Board Decorative', 'Edgetape Decorative', 'Laminate']
