2025-08-21 16:54:02,130 INFO [50/240] Processing Onyx Figured-Wood  https://www.polytec.com.au/colour/onyx-figured-wood/
2025-08-21 16:54:02,130 INFO run start colour=https://www.polytec.com.au/colour/onyx-figured-wood/
2025-08-21 16:54:02,534 INFO colour name: Onyx Figured-Wood
2025-08-21 16:54:02,542 INFO finish tabs: 2
2025-08-21 16:54:02,562 INFO tab 1/2 -> Gloss
2025-08-21 16:54:02,579 INFO items in finish 'Gloss': 4
2025-08-21 16:54:02,580 INFO range -> Board Decorative
2025-08-21 16:54:03,705 INFO row 1: sku=55007 title='MDF 182412 SS Onyx Figured-Wood Gloss LMG E0' stock=OK price=OK qty_used=1 moq_min=1 step=1 time=1.13s
2025-08-21 16:54:04,463 INFO row 2: sku=55008 title='MDF 182412 DS Onyx Figured-Wood Gloss LMG E0' stock=OK price=OK qty_used=1 moq_min=1 step=1 time=0.76s
2025-08-21 16:54:04,463 INFO range -> Edgetape Decorative
2025-08-21 16:54:05,505 INFO row 3: sku=55011 title='ABS 1mm x 22mm UG 20m Onyx Figured-Wood Gloss' stock=OK price=OK qty_used=1 moq_min=1 step=1 time=1.04s
2025-08-21 16:54:06,517 INFO row 4: sku=55009 title='ABS 1mm x 22mm UG 100m Onyx Figured-Wood Gloss' stock=OK price=OK qty_used=1 moq_min=1 step=1 time=1.01s
2025-08-21 16:54:06,544 INFO tab 2/2 -> Smooth
2025-08-21 16:54:06,579 INFO items in finish 'Smooth': 8
2025-08-21 16:54:06,579 INFO range -> Board Decorative
2025-08-21 16:54:07,724 INFO row 1: sku=52820 title='MDF 162412 DS Onyx Figured-Wood Smooth MR E0 No Film' stock=OK price=OK qty_used=1 moq_min=1 step=1 time=1.14s
2025-08-21 16:54:07,724 INFO range -> Edgetape Decorative
2025-08-21 16:54:08,764 INFO row 2: sku=52823 title='ABS 1mm x 21mm UG 100m Onyx Figured-Wood Smooth' stock=OK price=OK qty_used=1 moq_min=1 step=1 time=1.04s
2025-08-21 16:54:09,810 INFO row 3: sku=52821 title='ABS 1mm x 21mm UG 20m Onyx Figured-Wood Smooth' stock=OK price=OK qty_used=1 moq_min=1 step=1 time=1.05s
2025-08-21 16:54:10,834 INFO row 4: sku=52824 title='ABS 1mm x 29mm UG 100m Onyx Figured-Wood Smooth' stock=OK price=OK qty_used=1 moq_min=1 step=1 time=1.02s
2025-08-21 16:54:10,835 INFO range -> Laminate
2025-08-21 16:54:11,883 INFO row 5: sku=52827 title='Laminate Onyx Figured-Wood Smooth Q 0.7mm 1825x680' stock=OK price=OK qty_used=1 moq_min=1 step=1 time=1.05s
2025-08-21 16:54:12,932 INFO row 6: sku=52825 title='Laminate Onyx Figured-Wood Smooth HL 0.7mm 3650x680' stock=OK price=OK qty_used=1 moq_min=1 step=1 time=1.05s
2025-08-21 16:54:13,984 INFO row 7: sku=52826 title='Laminate Onyx Figured-Wood Smooth HS 0.7mm 1825x1360' stock=OK price=OK qty_used=1 moq_min=1 step=1 time=1.05s
2025-08-21 16:54:15,051 INFO row 8: sku=52146 title='Laminate Onyx Figured-Wood Smooth 0.7mm 3650x1360' stock=OK price=OK qty_used=1 moq_min=1 step=1 time=1.07s
2025-08-21 16:54:15,051 INFO run end rows=12
2025-08-21 16:54:15,051 INFO csv write: board_decorative.csv sku=55007 colour='Onyx Figured-Wood'
2025-08-21 16:54:15,052 INFO csv write: board_decorative.csv sku=55008 colour='Onyx Figured-Wood'
2025-08-21 16:54:15,052 INFO csv write: edgetape_decorative.csv sku=55011 colour='Onyx Figured-Wood'
2025-08-21 16:54:15,052 INFO csv write: edgetape_decorative.csv sku=55009 colour='Onyx Figured-Wood'
2025-08-21 16:54:15,053 INFO csv write: board_decorative.csv sku=52820 colour='Onyx Figured-Wood'
2025-08-21 16:54:15,053 INFO csv write: edgetape_decorative.csv sku=52823 colour='Onyx Figured-Wood'
2025-08-21 16:54:15,053 INFO csv write: edgetape_decorative.csv sku=52821 colour='Onyx Figured-Wood'
2025-08-21 16:54:15,053 INFO csv write: edgetape_decorative.csv sku=52824 colour='Onyx Figured-Wood'
2025-08-21 16:54:15,054 INFO csv write: laminate.csv sku=52827 colour='Onyx Figured-Wood'
2025-08-21 16:54:15,054 INFO csv write: laminate.csv sku=52825 colour='Onyx Figured-Wood'
2025-08-21 16:54:15,054 INFO csv write: laminate.csv sku=52826 colour='Onyx Figured-Wood'
2025-08-21 16:54:15,054 INFO csv write: laminate.csv sku=52146 colour='Onyx Figured-Wood'
2025-08-21 16:54:15,055 INFO [50/240] Done Onyx Figured-Wood, rows=12, ranges=['Board Decorative', 'Edgetape Decorative', 'Laminate']
