2025-08-21 17:16:16,333 INFO [143/240] Processing Oyster Grey  https://www.polytec.com.au/colour/oyster-grey/
2025-08-21 17:16:16,333 INFO run start colour=https://www.polytec.com.au/colour/oyster-grey/
2025-08-21 17:16:16,816 INFO colour name: Oyster Grey
2025-08-21 17:16:16,824 INFO finish tabs: 2
2025-08-21 17:16:16,872 INFO tab 1/2 -> Matt
2025-08-21 17:16:16,935 INFO items in finish 'Matt': 18
2025-08-21 17:16:16,935 INFO range -> Board Decorative
2025-08-21 17:16:18,075 INFO row 1: sku=472 title='MDF 162412 DS Oyster Grey Matt MR E0' stock=OK price=OK qty_used=1 moq_min=1 step=1 time=1.14s
2025-08-21 17:16:18,852 INFO row 2: sku=15166 title='Particle 162412 DS Oyster Grey Matt MR' stock=OK price=OK qty_used=1 moq_min=1 step=1 time=0.78s
2025-08-21 17:16:19,629 INFO row 3: sku=44160 title='Particle 163618 DS Oyster Grey Matt MR' stock=OK price=OK qty_used=1 moq_min=1 step=1 time=0.78s
2025-08-21 17:16:20,404 INFO row 4: sku=14173 title='Particle 183618 DS Oyster Grey Matt MR' stock=OK price=OK qty_used=1 moq_min=1 step=1 time=0.77s
2025-08-21 17:16:21,171 INFO row 5: sku=44079 title='Particle 253618 DS Oyster Grey Matt MR' stock=OK price=OK qty_used=1 moq_min=1 step=1 time=0.77s
2025-08-21 17:16:21,939 INFO row 6: sku=26522 title='LDF 333618 DS Oyster Grey Matt MR E0' stock=OK price=OK qty_used=1 moq_min=1 step=1 time=0.77s
2025-08-21 17:16:22,705 INFO row 7: sku=58096 title='MDF 092712 DS Oyster Grey Matt MR E0' stock=OK price=OK qty_used=1 moq_min=1 step=1 time=0.77s
2025-08-21 17:16:23,472 INFO row 8: sku=26491 title='LDF 253618  DS Oyster Grey Matt STD E0' stock=OK price=OK qty_used=1 moq_min=1 step=1 time=0.77s
2025-08-21 17:16:23,472 INFO range -> Edgetape Decorative
2025-08-21 17:16:24,240 INFO row 9: sku=49609 title='ABS 1mm x 21mm UG 100m Oyster Grey Matt' stock=OK price=OK qty_used=1 moq_min=1 step=1 time=0.77s
2025-08-21 17:16:25,003 INFO row 10: sku=49610 title='ABS 1mm x 21mm UG 20m Oyster Grey Matt' stock=OK price=OK qty_used=1 moq_min=1 step=1 time=0.76s
2025-08-21 17:16:26,042 INFO row 11: sku=49611 title='ABS 1mm x 29mm UG 100m Oyster Grey Matt' stock=OK price=OK qty_used=1 moq_min=1 step=1 time=1.04s
2025-08-21 17:16:27,099 INFO row 12: sku=54002 title='ABS 1mm x 38mm UG 100m Oyster Grey Matt' stock=OK price=OK qty_used=1 moq_min=1 step=1 time=1.06s
2025-08-21 17:16:27,100 INFO range -> Laminate
2025-08-21 17:16:28,149 INFO row 13: sku=11175 title='Laminate Oyster Grey Matt 0.7mm 3650x1360' stock=OK price=OK qty_used=1 moq_min=1 step=1 time=1.05s
2025-08-21 17:16:29,197 INFO row 14: sku=13068 title='Laminate Oyster Grey Matt HL 0.7mm 3650x680' stock=OK price=OK qty_used=1 moq_min=1 step=1 time=1.05s
2025-08-21 17:16:30,248 INFO row 15: sku=13070 title='Laminate Oyster Grey Matt Q 0.7mm 1830x680' stock=OK price=OK qty_used=1 moq_min=1 step=1 time=1.05s
2025-08-21 17:16:31,295 INFO row 16: sku=13069 title='Laminate Oyster Grey Matt HS 0.7mm 1830x1360' stock=OK price=OK qty_used=1 moq_min=1 step=1 time=1.05s
2025-08-21 17:16:31,296 INFO range -> Compact
2025-08-21 17:16:32,073 INFO row 17: sku=10827 title='Compact Laminate Oyster Grey Matt BC 3660x1830 13mm' stock=OK price=OK qty_used=1 moq_min=1 step=1 time=0.78s
2025-08-21 17:16:32,836 INFO row 18: sku=47610 title='Compact Laminate Oyster Grey BC Matt 3660x1830 18mm' stock=OK price=OK qty_used=1 moq_min=1 step=1 time=0.76s
2025-08-21 17:16:32,862 INFO tab 2/2 -> Smooth
2025-08-21 17:16:32,871 INFO items in finish 'Smooth': 1
2025-08-21 17:16:32,871 INFO range -> Thermolaminated Doors and Panels
2025-08-21 17:16:37,313 INFO row 1: sku= title='Style 1 - 6' stock=EMPTY price=EMPTY qty_used=1 moq_min=1 step=1 time=4.44s
2025-08-21 17:16:37,314 INFO run end rows=19
2025-08-21 17:16:37,314 INFO csv write: board_decorative.csv sku=472 colour='Oyster Grey'
2025-08-21 17:16:37,315 INFO csv write: board_decorative.csv sku=15166 colour='Oyster Grey'
2025-08-21 17:16:37,315 INFO csv write: board_decorative.csv sku=44160 colour='Oyster Grey'
2025-08-21 17:16:37,316 INFO csv write: board_decorative.csv sku=14173 colour='Oyster Grey'
2025-08-21 17:16:37,316 INFO csv write: board_decorative.csv sku=44079 colour='Oyster Grey'
2025-08-21 17:16:37,316 INFO csv write: board_decorative.csv sku=26522 colour='Oyster Grey'
2025-08-21 17:16:37,316 INFO csv write: board_decorative.csv sku=58096 colour='Oyster Grey'
2025-08-21 17:16:37,317 INFO csv write: board_decorative.csv sku=26491 colour='Oyster Grey'
2025-08-21 17:16:37,317 INFO csv write: edgetape_decorative.csv sku=49609 colour='Oyster Grey'
2025-08-21 17:16:37,317 INFO csv write: edgetape_decorative.csv sku=49610 colour='Oyster Grey'
2025-08-21 17:16:37,318 INFO csv write: edgetape_decorative.csv sku=49611 colour='Oyster Grey'
2025-08-21 17:16:37,318 INFO csv write: edgetape_decorative.csv sku=54002 colour='Oyster Grey'
2025-08-21 17:16:37,318 INFO csv write: laminate.csv sku=11175 colour='Oyster Grey'
2025-08-21 17:16:37,318 INFO csv write: laminate.csv sku=13068 colour='Oyster Grey'
2025-08-21 17:16:37,318 INFO csv write: laminate.csv sku=13070 colour='Oyster Grey'
2025-08-21 17:16:37,319 INFO csv write: laminate.csv sku=13069 colour='Oyster Grey'
2025-08-21 17:16:37,319 INFO csv write: compact.csv sku=10827 colour='Oyster Grey'
2025-08-21 17:16:37,319 INFO csv write: compact.csv sku=47610 colour='Oyster Grey'
2025-08-21 17:16:37,320 INFO csv write: thermolaminated_doors_and_panels.csv sku= colour='Oyster Grey'
2025-08-21 17:16:37,320 INFO [143/240] Done Oyster Grey, rows=19, ranges=['Board Decorative', 'Compact', 'Edgetape Decorative', 'Laminate', 'Thermolaminated Doors and Panels']
