2025-08-21 16:47:58,127 INFO [26/240] Processing Pallido  https://www.polytec.com.au/colour/pallido/
2025-08-21 16:47:58,127 INFO run start colour=https://www.polytec.com.au/colour/pallido/
2025-08-21 16:47:58,539 INFO colour name: Pallido
2025-08-21 16:47:58,543 INFO finish tabs: 1
2025-08-21 16:47:58,571 INFO tab 1/1 -> Smooth
2025-08-21 16:47:58,605 INFO items in finish 'Smooth': 9
2025-08-21 16:47:58,605 INFO range -> Board Decorative
2025-08-21 16:47:59,740 INFO row 1: sku=51423 title='MDF 162412 DS Pallido Smooth MR E0 Film' stock=OK price=OK qty_used=1 moq_min=1 step=1 time=1.13s
2025-08-21 16:47:59,740 INFO range -> Edgetape Decorative
2025-08-21 16:48:00,795 INFO row 2: sku=51443 title='ABS 1mm x 21mm UG 100m Pallido Smooth' stock=OK price=OK qty_used=1 moq_min=1 step=1 time=1.06s
2025-08-21 16:48:01,855 INFO row 3: sku=51431 title='ABS 1mm x 21mm UG 20m Pallido Smooth' stock=OK price=OK qty_used=1 moq_min=1 step=1 time=1.06s
2025-08-21 16:48:02,910 INFO row 4: sku=51456 title='ABS 1mm x 29mm UG 100m Pallido Smooth' stock=OK price=OK qty_used=1 moq_min=1 step=1 time=1.05s
2025-08-21 16:48:02,910 INFO range -> Laminate
2025-08-21 16:48:03,965 INFO row 5: sku=57821 title='Laminate Pallido Smooth HS 0.7mm 1825x1360' stock=OK price=OK qty_used=1 moq_min=1 step=1 time=1.05s
2025-08-21 16:48:05,014 INFO row 6: sku=57819 title='Laminate Pallido Smooth 0.7mm 3650x1360' stock=OK price=OK qty_used=1 moq_min=1 step=1 time=1.05s
2025-08-21 16:48:06,064 INFO row 7: sku=57822 title='Laminate Pallido Smooth Q 0.7mm 1825x680' stock=OK price=OK qty_used=1 moq_min=1 step=1 time=1.05s
2025-08-21 16:48:07,111 INFO row 8: sku=57820 title='Laminate Pallido Smooth HL 0.7mm 3650x680' stock=OK price=OK qty_used=1 moq_min=1 step=1 time=1.05s
2025-08-21 16:48:07,111 INFO range -> Thermolaminated Doors and Panels
2025-08-21 16:48:11,556 INFO row 9: sku= title='Style 1 - 6' stock=EMPTY price=EMPTY qty_used=1 moq_min=1 step=1 time=4.45s
2025-08-21 16:48:11,558 INFO run end rows=9
2025-08-21 16:48:11,560 INFO csv write: board_decorative.csv sku=51423 colour='Pallido'
2025-08-21 16:48:11,561 INFO csv write: edgetape_decorative.csv sku=51443 colour='Pallido'
2025-08-21 16:48:11,561 INFO csv write: edgetape_decorative.csv sku=51431 colour='Pallido'
2025-08-21 16:48:11,561 INFO csv write: edgetape_decorative.csv sku=51456 colour='Pallido'
2025-08-21 16:48:11,562 INFO csv write: laminate.csv sku=57821 colour='Pallido'
2025-08-21 16:48:11,562 INFO csv write: laminate.csv sku=57819 colour='Pallido'
2025-08-21 16:48:11,563 INFO csv write: laminate.csv sku=57822 colour='Pallido'
2025-08-21 16:48:11,563 INFO csv write: laminate.csv sku=57820 colour='Pallido'
2025-08-21 16:48:11,564 INFO csv write: thermolaminated_doors_and_panels.csv sku= colour='Pallido'
2025-08-21 16:48:11,564 INFO [26/240] Done Pallido, rows=9, ranges=['Board Decorative', 'Edgetape Decorative', 'Laminate', 'Thermolaminated Doors and Panels']
