2025-08-21 16:52:50,660 INFO [45/240] Processing Palomera Oak  https://www.polytec.com.au/colour/palomera-oak/
2025-08-21 16:52:50,661 INFO run start colour=https://www.polytec.com.au/colour/palomera-oak/
2025-08-21 16:52:51,096 INFO colour name: Palomera Oak
2025-08-21 16:52:51,101 INFO finish tabs: 1
2025-08-21 16:52:51,129 INFO tab 1/1 -> Woodmatt
2025-08-21 16:52:51,184 INFO items in finish 'Woodmatt': 15
2025-08-21 16:52:51,184 INFO range -> Board Decorative
2025-08-21 16:52:52,324 INFO row 1: sku=52574 title='MDF 162412 DS Palomera Oak Woodmatt MR E0' stock=OK price=OK qty_used=1 moq_min=1 step=1 time=1.14s
2025-08-21 16:52:53,096 INFO row 2: sku=54312 title='MDF 163112 DS Palomera Oak Woodmatt MR E0' stock=OK price=OK qty_used=1 moq_min=1 step=1 time=0.77s
2025-08-21 16:52:53,866 INFO row 3: sku=52568 title='MDF 183618 DS Palomera Oak Woodmatt MR E0' stock=OK price=OK qty_used=1 moq_min=1 step=1 time=0.77s
2025-08-21 16:52:54,618 INFO row 4: sku=52577 title='MDF 252412 DS Palomera Oak Woodmatt MR E0' stock=OK price=OK qty_used=1 moq_min=1 step=1 time=0.75s
2025-08-21 16:52:55,385 INFO row 5: sku=52578 title='MDF 322412 DS Palomera Oak Woodmatt MR E0' stock=OK price=OK qty_used=1 moq_min=1 step=1 time=0.77s
2025-08-21 16:52:56,167 INFO row 6: sku=52569 title='LDF 253618 DS Palomera Oak Woodmatt STD E0' stock=OK price=OK qty_used=1 moq_min=1 step=1 time=0.78s
2025-08-21 16:52:56,924 INFO row 7: sku=52571 title='LDF 333618 DS Palomera Oak Woodmatt MR E0' stock=OK price=OK qty_used=1 moq_min=1 step=1 time=0.76s
2025-08-21 16:52:56,924 INFO range -> Edgetape Decorative
2025-08-21 16:52:57,970 INFO row 8: sku=52581 title='ABS 1mm x 21mm UG 100m Palomera Oak Woodmatt' stock=OK price=OK qty_used=1 moq_min=1 step=1 time=1.05s
2025-08-21 16:52:59,014 INFO row 9: sku=52579 title='ABS 1mm x 21mm UG 20m Palomera Oak Woodmatt' stock=OK price=OK qty_used=1 moq_min=1 step=1 time=1.04s
2025-08-21 16:53:00,064 INFO row 10: sku=52590 title='ABS 1mm x 29mm UG 100m Palomera Oak Woodmatt' stock=OK price=OK qty_used=1 moq_min=1 step=1 time=1.05s
2025-08-21 16:53:01,104 INFO row 11: sku=52591 title='ABS 1mm x 38mm UG 100m Palomera Oak Woodmatt' stock=OK price=OK qty_used=1 moq_min=1 step=1 time=1.04s
2025-08-21 16:53:01,104 INFO range -> Laminate
2025-08-21 16:53:02,148 INFO row 12: sku=52134 title='Laminate Palomera Oak Woodmatt 0.7mm 3650x1360' stock=OK price=OK qty_used=1 moq_min=1 step=1 time=1.04s
2025-08-21 16:53:03,195 INFO row 13: sku=52592 title='Laminate Palomera Oak Woodmatt HL 0.7mm 3650x680' stock=OK price=OK qty_used=1 moq_min=1 step=1 time=1.05s
2025-08-21 16:53:04,239 INFO row 14: sku=52594 title='Laminate Palomera Oak Woodmatt Q 0.7mm 1825x680' stock=OK price=OK qty_used=1 moq_min=1 step=1 time=1.04s
2025-08-21 16:53:05,288 INFO row 15: sku=52593 title='Laminate Palomera Oak Woodmatt HS 0.7mm 1825x1360' stock=OK price=OK qty_used=1 moq_min=1 step=1 time=1.05s
2025-08-21 16:53:05,288 INFO run end rows=15
2025-08-21 16:53:05,290 INFO csv write: board_decorative.csv sku=52574 colour='Palomera Oak'
2025-08-21 16:53:05,290 INFO csv write: board_decorative.csv sku=54312 colour='Palomera Oak'
2025-08-21 16:53:05,290 INFO csv write: board_decorative.csv sku=52568 colour='Palomera Oak'
2025-08-21 16:53:05,290 INFO csv write: board_decorative.csv sku=52577 colour='Palomera Oak'
2025-08-21 16:53:05,290 INFO csv write: board_decorative.csv sku=52578 colour='Palomera Oak'
2025-08-21 16:53:05,291 INFO csv write: board_decorative.csv sku=52569 colour='Palomera Oak'
2025-08-21 16:53:05,291 INFO csv write: board_decorative.csv sku=52571 colour='Palomera Oak'
2025-08-21 16:53:05,291 INFO csv write: edgetape_decorative.csv sku=52581 colour='Palomera Oak'
2025-08-21 16:53:05,292 INFO csv write: edgetape_decorative.csv sku=52579 colour='Palomera Oak'
2025-08-21 16:53:05,292 INFO csv write: edgetape_decorative.csv sku=52590 colour='Palomera Oak'
2025-08-21 16:53:05,292 INFO csv write: edgetape_decorative.csv sku=52591 colour='Palomera Oak'
2025-08-21 16:53:05,294 INFO csv write: laminate.csv sku=52134 colour='Palomera Oak'
2025-08-21 16:53:05,294 INFO csv write: laminate.csv sku=52592 colour='Palomera Oak'
2025-08-21 16:53:05,294 INFO csv write: laminate.csv sku=52594 colour='Palomera Oak'
2025-08-21 16:53:05,294 INFO csv write: laminate.csv sku=52593 colour='Palomera Oak'
2025-08-21 16:53:05,295 INFO [45/240] Done Palomera Oak, rows=15, ranges=['Board Decorative', 'Edgetape Decorative', 'Laminate']
