2025-08-21 17:07:11,875 INFO [96/240] Processing Perugian Walnut  https://www.polytec.com.au/colour/perugian-walnut/
2025-08-21 17:07:11,875 INFO run start colour=https://www.polytec.com.au/colour/perugian-walnut/
2025-08-21 17:07:12,324 INFO colour name: Perugian Walnut
2025-08-21 17:07:12,330 INFO finish tabs: 1
2025-08-21 17:07:12,351 INFO tab 1/1 -> Woodmatt
2025-08-21 17:07:12,488 INFO items in finish 'Woodmatt': 31
2025-08-21 17:07:12,488 INFO range -> Board Decorative
2025-08-21 17:07:13,853 INFO row 1: sku=49001 title='MDF 162412 DS Perugian Walnut Woodmatt MR E0' stock=OK price=OK qty_used=1 moq_min=1 step=1 time=1.36s
2025-08-21 17:07:15,134 INFO row 2: sku=49114 title='MDF 163112 DS Perugian Walnut Woodmatt MR E0' stock=OK price=OK qty_used=1 moq_min=1 step=1 time=1.28s
2025-08-21 17:07:16,048 INFO row 3: sku=49005 title='MDF 183618 DS Perugian Walnut Woodmatt MR E0' stock=OK price=OK qty_used=1 moq_min=1 step=1 time=0.91s
2025-08-21 17:07:16,983 INFO row 4: sku=49004 title='MDF 322412 DS Perugian Walnut Woodmatt MR E0' stock=OK price=OK qty_used=1 moq_min=1 step=1 time=0.93s
2025-08-21 17:07:17,753 INFO row 5: sku=49003 title='MDF 252412 DS Perugian Walnut Woodmatt MR E0' stock=OK price=OK qty_used=1 moq_min=1 step=1 time=0.77s
2025-08-21 17:07:18,530 INFO row 6: sku=49006 title='LDF 253618 DS Perugian Walnut Woodmatt STD E0' stock=OK price=OK qty_used=1 moq_min=1 step=1 time=0.78s
2025-08-21 17:07:19,309 INFO row 7: sku=49002 title='LDF 333618 DS Perugian Walnut Woodmatt MR E0' stock=OK price=OK qty_used=1 moq_min=1 step=1 time=0.78s
2025-08-21 17:07:20,090 INFO row 8: sku=58085 title='MDF 092712 DS Perugian Walnut Woodmatt MR E0' stock=OK price=OK qty_used=1 moq_min=1 step=1 time=0.78s
2025-08-21 17:07:20,090 INFO range -> Edgetape Decorative
2025-08-21 17:07:21,189 INFO row 9: sku=49010 title='ABS 1mm x 21mm UG 100m Perugian Walnut Woodmatt' stock=OK price=OK qty_used=1 moq_min=1 step=1 time=1.10s
2025-08-21 17:07:22,272 INFO row 10: sku=49011 title='ABS 1mm x 21mm UG 20m Perugian Walnut Woodmatt' stock=OK price=OK qty_used=1 moq_min=1 step=1 time=1.08s
2025-08-21 17:07:23,349 INFO row 11: sku=49009 title='ABS 1mm x 29mm UG 100m Perugian Walnut Woodmatt' stock=OK price=OK qty_used=1 moq_min=1 step=1 time=1.08s
2025-08-21 17:07:24,415 INFO row 12: sku=49012 title='ABS 1mm x 38mm UG 100m Perugian Walnut Woodmatt' stock=OK price=OK qty_used=1 moq_min=1 step=1 time=1.07s
2025-08-21 17:07:25,471 INFO row 13: sku=53867 title='ABS 1mm x 55mm UG 20m Perugian Walnut Woodmatt' stock=OK price=OK qty_used=1 moq_min=1 step=1 time=1.06s
2025-08-21 17:07:26,513 INFO row 14: sku=53866 title='ABS 1mm x 55mm UG 100m Perugian Walnut Woodmatt' stock=OK price=OK qty_used=1 moq_min=1 step=1 time=1.04s
2025-08-21 17:07:26,513 INFO range -> Laminate
2025-08-21 17:07:27,549 INFO row 15: sku=49013 title='Laminate Perugian Walnut Woodmatt 0.7mm 3650x1360' stock=OK price=OK qty_used=1 moq_min=1 step=1 time=1.04s
2025-08-21 17:07:28,610 INFO row 16: sku=49015 title='Laminate Perugian Walnut Woodmatt HL 0.7mm 3650x680' stock=OK price=OK qty_used=1 moq_min=1 step=1 time=1.06s
2025-08-21 17:07:29,667 INFO row 17: sku=49016 title='Laminate Perugian Walnut Woodmatt Q 0.7mm 1830x680' stock=OK price=OK qty_used=1 moq_min=1 step=1 time=1.06s
2025-08-21 17:07:30,736 INFO row 18: sku=49014 title='Laminate Perugian Walnut Woodmatt HS 0.7mm 1830x1360' stock=OK price=OK qty_used=1 moq_min=1 step=1 time=1.07s
2025-08-21 17:07:30,736 INFO range -> Compact
2025-08-21 17:07:31,523 INFO row 19: sku=50319 title='Compact Laminate Perugian Walnut Woodmatt BC 3660x1830 13mm' stock=OK price=OK qty_used=1 moq_min=1 step=1 time=0.79s
2025-08-21 17:07:31,524 INFO range -> Architectural
2025-08-21 17:07:31,871 INFO MOQ for SKU 54541 min=5 step=1 qty 1 -> 5
2025-08-21 17:07:31,871 INFO MOQ hint: Minimum qty 5
2025-08-21 17:07:32,585 INFO row 20: sku=54541 title='Steccawood 31x62x3600 MDF MR E0 Perugian Walnut Half Round' stock=OK price=OK qty_used=5 moq_min=5 step=1 time=1.06s
2025-08-21 17:07:32,647 INFO MOQ for SKU 54539 min=5 step=1 qty 1 -> 5
2025-08-21 17:07:32,647 INFO MOQ hint: Ordering details .
2025-08-21 17:07:32,647 INFO MOQ hint: Minimum qty 5
2025-08-21 17:07:33,352 INFO row 21: sku=54539 title='Steccawood 17x34x3600 MDF MR E0 Perugian Walnut Half Round' stock=OK price=OK qty_used=5 moq_min=5 step=1 time=0.77s
2025-08-21 17:07:33,732 INFO MOQ for SKU 55188 min=5 step=1 qty 1 -> 5
2025-08-21 17:07:33,732 INFO MOQ hint: Minimum qty 5
2025-08-21 17:07:34,448 INFO row 22: sku=55188 title='Steccawood 17x34x3600 MDF MR E0 Perugian Walnut Cove' stock=OK price=OK qty_used=5 moq_min=5 step=1 time=1.10s
2025-08-21 17:07:34,788 INFO MOQ for SKU 54534 min=5 step=1 qty 1 -> 5
2025-08-21 17:07:34,788 INFO MOQ hint: Minimum qty 5
2025-08-21 17:07:35,489 INFO row 23: sku=54534 title='Steccawood 31x31x3600 MDF MR E0 Perugian Walnut' stock=OK price=OK qty_used=5 moq_min=5 step=1 time=1.04s
2025-08-21 17:07:35,841 INFO MOQ for SKU 54494 min=5 step=1 qty 1 -> 5
2025-08-21 17:07:35,841 INFO MOQ hint: Minimum qty 5
2025-08-21 17:07:36,556 INFO row 24: sku=54494 title='Steccawood 17x38x3600 MDF MR E0 Perugian Walnut' stock=OK price=OK qty_used=5 moq_min=5 step=1 time=1.07s
2025-08-21 17:07:36,909 INFO MOQ for SKU 54540 min=5 step=1 qty 1 -> 5
2025-08-21 17:07:36,910 INFO MOQ hint: Minimum qty 5
2025-08-21 17:07:37,625 INFO row 25: sku=54540 title='Steccawood 24x48x3600 MDF MR E0 Perugian Walnut Half Round' stock=OK price=OK qty_used=5 moq_min=5 step=1 time=1.07s
2025-08-21 17:07:37,699 INFO MOQ for SKU 56949 min=5 step=1 qty 1 -> 5
2025-08-21 17:07:37,699 INFO MOQ hint: Ordering details .
2025-08-21 17:07:37,699 INFO MOQ hint: Minimum qty 5
2025-08-21 17:07:38,410 INFO row 26: sku=56949 title='Steccawood 24x34x3600 MDF MR E0 Perugian Walnut Peak' stock=OK price=OK qty_used=5 moq_min=5 step=1 time=0.78s
2025-08-21 17:07:38,774 INFO MOQ for SKU 54535 min=5 step=1 qty 1 -> 5
2025-08-21 17:07:38,774 INFO MOQ hint: Minimum qty 5
2025-08-21 17:07:39,488 INFO row 27: sku=54535 title='Steccawood 31x65x3600 MDF MR E0 Perugian Walnut' stock=OK price=OK qty_used=5 moq_min=5 step=1 time=1.08s
2025-08-21 17:07:39,861 INFO MOQ for SKU 54538 min=5 step=1 qty 1 -> 5
2025-08-21 17:07:39,861 INFO MOQ hint: Minimum qty 5
2025-08-21 17:07:40,568 INFO row 28: sku=54538 title='Steccawood 50x100x3600 LDF MR E0 Perugian Walnut' stock=OK price=OK qty_used=5 moq_min=5 step=1 time=1.08s
2025-08-21 17:07:40,923 INFO MOQ for SKU 54536 min=5 step=1 qty 1 -> 5
2025-08-21 17:07:40,924 INFO MOQ hint: Minimum qty 5
2025-08-21 17:07:41,642 INFO row 29: sku=54536 title='Steccawood 40x100x3600 LDF MR E0 Perugian Walnut' stock=OK price=OK qty_used=5 moq_min=5 step=1 time=1.07s
2025-08-21 17:07:41,988 INFO MOQ for SKU 54537 min=5 step=1 qty 1 -> 5
2025-08-21 17:07:41,988 INFO MOQ hint: Minimum qty 5
2025-08-21 17:07:42,707 INFO row 30: sku=54537 title='Steccawood 50x70x3600 LDF MR E0 Perugian Walnut' stock=OK price=OK qty_used=5 moq_min=5 step=1 time=1.06s
2025-08-21 17:07:42,707 INFO range -> Architectural Internal Doors
2025-08-21 17:07:47,182 INFO row 31: sku= title='35mm STD LDF E-Zero' stock=EMPTY price=EMPTY qty_used=1 moq_min=1 step=1 time=4.47s
2025-08-21 17:07:47,184 INFO run end rows=31
2025-08-21 17:07:47,186 INFO csv write: board_decorative.csv sku=49001 colour='Perugian Walnut'
2025-08-21 17:07:47,186 INFO csv write: board_decorative.csv sku=49114 colour='Perugian Walnut'
2025-08-21 17:07:47,187 INFO csv write: board_decorative.csv sku=49005 colour='Perugian Walnut'
2025-08-21 17:07:47,187 INFO csv write: board_decorative.csv sku=49004 colour='Perugian Walnut'
2025-08-21 17:07:47,188 INFO csv write: board_decorative.csv sku=49003 colour='Perugian Walnut'
2025-08-21 17:07:47,188 INFO csv write: board_decorative.csv sku=49006 colour='Perugian Walnut'
2025-08-21 17:07:47,188 INFO csv write: board_decorative.csv sku=49002 colour='Perugian Walnut'
2025-08-21 17:07:47,188 INFO csv write: board_decorative.csv sku=58085 colour='Perugian Walnut'
2025-08-21 17:07:47,189 INFO csv write: edgetape_decorative.csv sku=49010 colour='Perugian Walnut'
2025-08-21 17:07:47,190 INFO csv write: edgetape_decorative.csv sku=49011 colour='Perugian Walnut'
2025-08-21 17:07:47,190 INFO csv write: edgetape_decorative.csv sku=49009 colour='Perugian Walnut'
2025-08-21 17:07:47,190 INFO csv write: edgetape_decorative.csv sku=49012 colour='Perugian Walnut'
2025-08-21 17:07:47,190 INFO csv write: edgetape_decorative.csv sku=53867 colour='Perugian Walnut'
2025-08-21 17:07:47,191 INFO csv write: edgetape_decorative.csv sku=53866 colour='Perugian Walnut'
2025-08-21 17:07:47,191 INFO csv write: laminate.csv sku=49013 colour='Perugian Walnut'
2025-08-21 17:07:47,191 INFO csv write: laminate.csv sku=49015 colour='Perugian Walnut'
2025-08-21 17:07:47,192 INFO csv write: laminate.csv sku=49016 colour='Perugian Walnut'
2025-08-21 17:07:47,192 INFO csv write: laminate.csv sku=49014 colour='Perugian Walnut'
2025-08-21 17:07:47,192 INFO csv write: compact.csv sku=50319 colour='Perugian Walnut'
2025-08-21 17:07:47,193 INFO csv write: architectural.csv sku=54541 colour='Perugian Walnut'
2025-08-21 17:07:47,193 INFO csv write: architectural.csv sku=54539 colour='Perugian Walnut'
2025-08-21 17:07:47,193 INFO csv write: architectural.csv sku=55188 colour='Perugian Walnut'
2025-08-21 17:07:47,193 INFO csv write: architectural.csv sku=54534 colour='Perugian Walnut'
2025-08-21 17:07:47,194 INFO csv write: architectural.csv sku=54494 colour='Perugian Walnut'
2025-08-21 17:07:47,194 INFO csv write: architectural.csv sku=54540 colour='Perugian Walnut'
2025-08-21 17:07:47,194 INFO csv write: architectural.csv sku=56949 colour='Perugian Walnut'
2025-08-21 17:07:47,194 INFO csv write: architectural.csv sku=54535 colour='Perugian Walnut'
2025-08-21 17:07:47,195 INFO csv write: architectural.csv sku=54538 colour='Perugian Walnut'
2025-08-21 17:07:47,195 INFO csv write: architectural.csv sku=54536 colour='Perugian Walnut'
2025-08-21 17:07:47,195 INFO csv write: architectural.csv sku=54537 colour='Perugian Walnut'
2025-08-21 17:07:47,196 INFO csv write: architectural_internal_doors.csv sku= colour='Perugian Walnut'
2025-08-21 17:07:47,196 INFO [96/240] Done Perugian Walnut, rows=31, ranges=['Architectural', 'Architectural Internal Doors', 'Board Decorative', 'Compact', 'Edgetape Decorative', 'Laminate']
