2025-08-21 16:52:15,896 INFO [43/240] Processing Plantation Ash  https://www.polytec.com.au/colour/plantation-ash/
2025-08-21 16:52:15,897 INFO run start colour=https://www.polytec.com.au/colour/plantation-ash/
2025-08-21 16:52:16,310 INFO colour name: Plantation Ash
2025-08-21 16:52:16,319 INFO finish tabs: 1
2025-08-21 16:52:16,340 INFO tab 1/1 -> Woodmatt
2025-08-21 16:52:16,417 INFO items in finish 'Woodmatt': 16
2025-08-21 16:52:16,418 INFO range -> Board Decorative
2025-08-21 16:52:17,543 INFO row 1: sku=52661 title='MDF 162412 DS Plantation Ash Woodmatt MR E0' stock=OK price=OK qty_used=1 moq_min=1 step=1 time=1.13s
2025-08-21 16:52:18,312 INFO row 2: sku=54313 title='MDF 163112 DS Plantation Ash Woodmatt MR E0' stock=OK price=OK qty_used=1 moq_min=1 step=1 time=0.77s
2025-08-21 16:52:19,088 INFO row 3: sku=52657 title='MDF 183618 DS Plantation Ash Woodmatt MR E0' stock=OK price=OK qty_used=1 moq_min=1 step=1 time=0.78s
2025-08-21 16:52:19,848 INFO row 4: sku=52663 title='MDF 322412 DS Plantation Ash Woodmatt MR E0' stock=OK price=OK qty_used=1 moq_min=1 step=1 time=0.76s
2025-08-21 16:52:20,608 INFO row 5: sku=52662 title='MDF 252412 DS Plantation Ash Woodmatt MR E0' stock=OK price=OK qty_used=1 moq_min=1 step=1 time=0.76s
2025-08-21 16:52:21,380 INFO row 6: sku=52659 title='LDF 333618 DS Plantation Ash Woodmatt MR E0' stock=OK price=OK qty_used=1 moq_min=1 step=1 time=0.77s
2025-08-21 16:52:22,147 INFO row 7: sku=52658 title='LDF 253618 DS Plantation Ash Woodmatt STD E0' stock=OK price=OK qty_used=1 moq_min=1 step=1 time=0.77s
2025-08-21 16:52:22,912 INFO row 8: sku=58087 title='MDF 092712 DS Plantation Ash Woodmatt MR E0' stock=OK price=OK qty_used=1 moq_min=1 step=1 time=0.76s
2025-08-21 16:52:22,913 INFO range -> Edgetape Decorative
2025-08-21 16:52:23,974 INFO row 9: sku=52688 title='ABS 1mm x 21mm UG 100m Plantation Ash Woodmatt' stock=OK price=OK qty_used=1 moq_min=1 step=1 time=1.06s
2025-08-21 16:52:25,044 INFO row 10: sku=52686 title='ABS 1mm x 21mm UG 20m Plantation Ash Woodmatt' stock=OK price=OK qty_used=1 moq_min=1 step=1 time=1.07s
2025-08-21 16:52:26,090 INFO row 11: sku=52690 title='ABS 1mm x 38mm UG 100m Plantation Ash Woodmatt' stock=OK price=OK qty_used=1 moq_min=1 step=1 time=1.05s
2025-08-21 16:52:27,142 INFO row 12: sku=52689 title='ABS 1mm x 29mm UG 100m Plantation Ash Woodmatt' stock=OK price=OK qty_used=1 moq_min=1 step=1 time=1.05s
2025-08-21 16:52:27,142 INFO range -> Laminate
2025-08-21 16:52:28,209 INFO row 13: sku=52137 title='Laminate Plantation Ash Woodmatt 0.7mm 3650x1360' stock=OK price=OK qty_used=1 moq_min=1 step=1 time=1.07s
2025-08-21 16:52:29,256 INFO row 14: sku=52691 title='Laminate Plantation Ash Woodmatt HL 0.7mm 3650x680' stock=OK price=OK qty_used=1 moq_min=1 step=1 time=1.05s
2025-08-21 16:52:30,330 INFO row 15: sku=52693 title='Laminate Plantation Ash Woodmatt Q 0.7mm 1825x680' stock=OK price=OK qty_used=1 moq_min=1 step=1 time=1.07s
2025-08-21 16:52:31,390 INFO row 16: sku=52692 title='Laminate Plantation Ash Woodmatt HS 0.7mm 1825x1360' stock=OK price=OK qty_used=1 moq_min=1 step=1 time=1.06s
2025-08-21 16:52:31,390 INFO run end rows=16
2025-08-21 16:52:31,391 INFO csv write: board_decorative.csv sku=52661 colour='Plantation Ash'
2025-08-21 16:52:31,391 INFO csv write: board_decorative.csv sku=54313 colour='Plantation Ash'
2025-08-21 16:52:31,391 INFO csv write: board_decorative.csv sku=52657 colour='Plantation Ash'
2025-08-21 16:52:31,392 INFO csv write: board_decorative.csv sku=52663 colour='Plantation Ash'
2025-08-21 16:52:31,392 INFO csv write: board_decorative.csv sku=52662 colour='Plantation Ash'
2025-08-21 16:52:31,392 INFO csv write: board_decorative.csv sku=52659 colour='Plantation Ash'
2025-08-21 16:52:31,392 INFO csv write: board_decorative.csv sku=52658 colour='Plantation Ash'
2025-08-21 16:52:31,393 INFO csv write: board_decorative.csv sku=58087 colour='Plantation Ash'
2025-08-21 16:52:31,393 INFO csv write: edgetape_decorative.csv sku=52688 colour='Plantation Ash'
2025-08-21 16:52:31,393 INFO csv write: edgetape_decorative.csv sku=52686 colour='Plantation Ash'
2025-08-21 16:52:31,393 INFO csv write: edgetape_decorative.csv sku=52690 colour='Plantation Ash'
2025-08-21 16:52:31,393 INFO csv write: edgetape_decorative.csv sku=52689 colour='Plantation Ash'
2025-08-21 16:52:31,393 INFO csv write: laminate.csv sku=52137 colour='Plantation Ash'
2025-08-21 16:52:31,394 INFO csv write: laminate.csv sku=52691 colour='Plantation Ash'
2025-08-21 16:52:31,394 INFO csv write: laminate.csv sku=52693 colour='Plantation Ash'
2025-08-21 16:52:31,394 INFO csv write: laminate.csv sku=52692 colour='Plantation Ash'
2025-08-21 16:52:31,394 INFO [43/240] Done Plantation Ash, rows=16, ranges=['Board Decorative', 'Edgetape Decorative', 'Laminate']
