2025-08-21 17:08:28,760 INFO [101/240] Processing Polar White  https://www.polytec.com.au/colour/polar-white/
2025-08-21 17:08:28,760 INFO run start colour=https://www.polytec.com.au/colour/polar-white/
2025-08-21 17:08:29,222 INFO colour name: Polar White
2025-08-21 17:08:29,231 INFO finish tabs: 2
2025-08-21 17:08:29,255 INFO tab 1/2 -> Matt
2025-08-21 17:08:29,359 INFO items in finish 'Matt': 22
2025-08-21 17:08:29,359 INFO range -> Board Decorative
2025-08-21 17:08:30,487 INFO row 1: sku=25776 title='MDF 162412 DS Polar White Matt MR E0' stock=OK price=OK qty_used=1 moq_min=1 step=1 time=1.13s
2025-08-21 17:08:31,243 INFO row 2: sku=44840 title='MDF 163112 DS Polar White Matt MR E0' stock=OK price=OK qty_used=1 moq_min=1 step=1 time=0.76s
2025-08-21 17:08:32,018 INFO row 3: sku=33293 title='MDF 182412 DS Polar White Matt MR E0' stock=OK price=OK qty_used=1 moq_min=1 step=1 time=0.78s
2025-08-21 17:08:32,778 INFO row 4: sku=48390 title='MDF 092412 DS Polar White Matt MR E0' stock=OK price=OK qty_used=1 moq_min=1 step=1 time=0.76s
2025-08-21 17:08:33,542 INFO row 5: sku=14174 title='Particle 183618 DS Polar White Matt MR' stock=OK price=OK qty_used=1 moq_min=1 step=1 time=0.76s
2025-08-21 17:08:34,310 INFO row 6: sku=48404 title='MDF 092712 DS Polar White Matt STD' stock=OK price=OK qty_used=1 moq_min=1 step=1 time=0.77s
2025-08-21 17:08:35,087 INFO row 7: sku=26524 title='LDF 333618 DS Polar White Matt MR E0' stock=OK price=OK qty_used=1 moq_min=1 step=1 time=0.78s
2025-08-21 17:08:35,864 INFO row 8: sku=26492 title='LDF 253618 DS Polar White Matt STD E0' stock=OK price=OK qty_used=1 moq_min=1 step=1 time=0.78s
2025-08-21 17:08:36,626 INFO row 9: sku=51652 title='Particle 253618 DS Polar White Matt MR' stock=OK price=OK qty_used=1 moq_min=1 step=1 time=0.76s
2025-08-21 17:08:36,698 INFO MOQ for SKU 16853 min=20 step=20 qty 1 -> 20
2025-08-21 17:08:36,698 INFO MOQ hint: Pack Size: 20
2025-08-21 17:08:36,698 INFO MOQ hint: Minimum qty 20, multiples of 20 only.
2025-08-21 17:08:37,398 INFO row 10: sku=16853 title='MDF 252418 DS Polar White Matt MR E0' stock=OK price=OK qty_used=20 moq_min=20 step=20 time=0.77s
2025-08-21 17:08:37,398 INFO range -> Edgetape Decorative
2025-08-21 17:08:38,161 INFO row 11: sku=19495 title='ABS 1mm x 21mm UG 100m Polar White Matt' stock=OK price=OK qty_used=1 moq_min=1 step=1 time=0.76s
2025-08-21 17:08:38,940 INFO row 12: sku=52038 title='ABS 1mm x 21mm UG 20m Polar White Matt' stock=OK price=OK qty_used=1 moq_min=1 step=1 time=0.78s
2025-08-21 17:08:39,986 INFO row 13: sku=53286 title='ABS 1mm x 38mm UG 100m Polar White Matt' stock=OK price=OK qty_used=1 moq_min=1 step=1 time=1.05s
2025-08-21 17:08:41,035 INFO row 14: sku=44412 title='ABS 1mm x 29mm UG 100m Polar White Matt' stock=OK price=OK qty_used=1 moq_min=1 step=1 time=1.05s
2025-08-21 17:08:41,035 INFO range -> Laminate
2025-08-21 17:08:42,079 INFO row 15: sku=11606 title='Laminate Polar White Matt 0.7mm 3650x1360' stock=OK price=OK qty_used=1 moq_min=1 step=1 time=1.04s
2025-08-21 17:08:43,127 INFO row 16: sku=13074 title='Laminate Polar White Matt HL 0.7mm 3650x680' stock=OK price=OK qty_used=1 moq_min=1 step=1 time=1.05s
2025-08-21 17:08:44,184 INFO row 17: sku=13076 title='Laminate Polar White Matt Q 0.7mm 1830x680' stock=OK price=OK qty_used=1 moq_min=1 step=1 time=1.06s
2025-08-21 17:08:45,242 INFO row 18: sku=13075 title='Laminate Polar White Matt HS 0.7mm 1830x1360' stock=OK price=OK qty_used=1 moq_min=1 step=1 time=1.06s
2025-08-21 17:08:45,242 INFO range -> Compact
2025-08-21 17:08:46,022 INFO row 19: sku=11603 title='Compact Laminate Polar White Matt BC 3660x1830 13mm' stock=OK price=OK qty_used=1 moq_min=1 step=1 time=0.78s
2025-08-21 17:08:46,800 INFO row 20: sku=43269 title='Compact Laminate Polar White Matt Black Core 3660x1830 5mm' stock=OK price=OK qty_used=1 moq_min=1 step=1 time=0.78s
2025-08-21 17:08:47,589 INFO row 21: sku=47609 title='Compact Laminate Polar White Matt BC 3660x1830 18mm' stock=OK price=OK qty_used=1 moq_min=1 step=1 time=0.79s
2025-08-21 17:08:47,589 INFO range -> Alfresco Doors
2025-08-21 17:08:52,040 INFO row 22: sku= title='5mm Compact Laminate Insert' stock=EMPTY price=EMPTY qty_used=1 moq_min=1 step=1 time=4.45s
2025-08-21 17:08:52,066 INFO tab 2/2 -> Sheen
2025-08-21 17:08:52,095 INFO items in finish 'Sheen': 7
2025-08-21 17:08:52,095 INFO range -> Board Decorative
2025-08-21 17:08:52,858 INFO row 1: sku=25832 title='MDF 162412 DS Polar White Sheen LMG E0 No Film' stock=OK price=OK qty_used=1 moq_min=1 step=1 time=0.76s
2025-08-21 17:08:53,632 INFO row 2: sku=43159 title='MDF 163112 DS Polar White Sheen LMG E0 No Film' stock=OK price=OK qty_used=1 moq_min=1 step=1 time=0.77s
2025-08-21 17:08:54,397 INFO row 3: sku=34517 title='MDF 182412 DS Polar White Sheen LMG E0 No Film' stock=OK price=OK qty_used=1 moq_min=1 step=1 time=0.76s
2025-08-21 17:08:55,153 INFO row 4: sku=44580 title='MDF 252412 DS Polar White Sheen MR E0 Film' stock=OK price=OK qty_used=1 moq_min=1 step=1 time=0.76s
2025-08-21 17:08:55,153 INFO range -> Edgetape Decorative
2025-08-21 17:08:56,173 INFO row 5: sku=51963 title='ABS 1mm x 21mm UG 100m Polar White Sheen' stock=OK price=OK qty_used=1 moq_min=1 step=1 time=1.02s
2025-08-21 17:08:56,944 INFO row 6: sku=51950 title='ABS 1mm x 21mm UG 20m Polar White Sheen' stock=OK price=OK qty_used=1 moq_min=1 step=1 time=0.77s
2025-08-21 17:08:57,711 INFO row 7: sku=44279 title='ABS 1mm x 29mm UG 100m Polar White Sheen' stock=OK price=OK qty_used=1 moq_min=1 step=1 time=0.77s
2025-08-21 17:08:57,712 INFO run end rows=29
2025-08-21 17:08:57,714 INFO csv write: board_decorative.csv sku=25776 colour='Polar White'
2025-08-21 17:08:57,714 INFO csv write: board_decorative.csv sku=44840 colour='Polar White'
2025-08-21 17:08:57,714 INFO csv write: board_decorative.csv sku=33293 colour='Polar White'
2025-08-21 17:08:57,715 INFO csv write: board_decorative.csv sku=48390 colour='Polar White'
2025-08-21 17:08:57,715 INFO csv write: board_decorative.csv sku=14174 colour='Polar White'
2025-08-21 17:08:57,715 INFO csv write: board_decorative.csv sku=48404 colour='Polar White'
2025-08-21 17:08:57,715 INFO csv write: board_decorative.csv sku=26524 colour='Polar White'
2025-08-21 17:08:57,715 INFO csv write: board_decorative.csv sku=26492 colour='Polar White'
2025-08-21 17:08:57,715 INFO csv write: board_decorative.csv sku=51652 colour='Polar White'
2025-08-21 17:08:57,716 INFO csv write: board_decorative.csv sku=16853 colour='Polar White'
2025-08-21 17:08:57,716 INFO csv write: edgetape_decorative.csv sku=19495 colour='Polar White'
2025-08-21 17:08:57,716 INFO csv write: edgetape_decorative.csv sku=52038 colour='Polar White'
2025-08-21 17:08:57,716 INFO csv write: edgetape_decorative.csv sku=53286 colour='Polar White'
2025-08-21 17:08:57,717 INFO csv write: edgetape_decorative.csv sku=44412 colour='Polar White'
2025-08-21 17:08:57,717 INFO csv write: laminate.csv sku=11606 colour='Polar White'
2025-08-21 17:08:57,717 INFO csv write: laminate.csv sku=13074 colour='Polar White'
2025-08-21 17:08:57,717 INFO csv write: laminate.csv sku=13076 colour='Polar White'
2025-08-21 17:08:57,717 INFO csv write: laminate.csv sku=13075 colour='Polar White'
2025-08-21 17:08:57,719 INFO csv write: compact.csv sku=11603 colour='Polar White'
2025-08-21 17:08:57,719 INFO csv write: compact.csv sku=43269 colour='Polar White'
2025-08-21 17:08:57,719 INFO csv write: compact.csv sku=47609 colour='Polar White'
2025-08-21 17:08:57,720 INFO csv write: alfresco_doors.csv sku= colour='Polar White'
2025-08-21 17:08:57,720 INFO csv write: board_decorative.csv sku=25832 colour='Polar White'
2025-08-21 17:08:57,720 INFO csv write: board_decorative.csv sku=43159 colour='Polar White'
2025-08-21 17:08:57,720 INFO csv write: board_decorative.csv sku=34517 colour='Polar White'
2025-08-21 17:08:57,720 INFO csv write: board_decorative.csv sku=44580 colour='Polar White'
2025-08-21 17:08:57,720 INFO csv write: edgetape_decorative.csv sku=51963 colour='Polar White'
2025-08-21 17:08:57,721 INFO csv write: edgetape_decorative.csv sku=51950 colour='Polar White'
2025-08-21 17:08:57,721 INFO csv write: edgetape_decorative.csv sku=44279 colour='Polar White'
2025-08-21 17:08:57,721 INFO [101/240] Done Polar White, rows=29, ranges=['Alfresco Doors', 'Board Decorative', 'Compact', 'Edgetape Decorative', 'Laminate']
