2025-08-21 17:13:17,233 INFO [127/240] Processing Porcelain  https://www.polytec.com.au/colour/porcelain/
2025-08-21 17:13:17,234 INFO run start colour=https://www.polytec.com.au/colour/porcelain/
2025-08-21 17:13:17,742 INFO colour name: Porcelain
2025-08-21 17:13:17,759 INFO finish tabs: 5
2025-08-21 17:13:17,780 INFO tab 1/5 -> Gloss
2025-08-21 17:13:17,786 INFO items in finish 'Gloss': 1
2025-08-21 17:13:17,786 INFO range -> Thermolaminated Doors and Panels
2025-08-21 17:13:22,213 INFO row 1: sku= title='Style 1 - 3' stock=EMPTY price=EMPTY qty_used=1 moq_min=1 step=1 time=4.43s
2025-08-21 17:13:22,244 INFO tab 2/5 -> Matt
2025-08-21 17:13:22,265 INFO items in finish 'Matt': 5
2025-08-21 17:13:22,266 INFO range -> Board Decorative
2025-08-21 17:13:23,011 INFO row 1: sku=13006 title='MDF 162412 DS Porcelain Matt MR E0' stock=OK price=OK qty_used=1 moq_min=1 step=1 time=0.75s
2025-08-21 17:13:23,764 INFO row 2: sku=43730 title='MDF 163112 DS Porcelain Matt MR E0' stock=OK price=OK qty_used=1 moq_min=1 step=1 time=0.75s
2025-08-21 17:13:23,764 INFO range -> Edgetape Decorative
2025-08-21 17:13:24,807 INFO row 3: sku=11107 title='Rigid 1mm x 21mm UG 100m Porcelain Matt' stock=OK price=OK qty_used=1 moq_min=1 step=1 time=1.04s
2025-08-21 17:13:25,840 INFO row 4: sku=17712 title='Rigid 1mm x 21mm UG 20m Porcelain Matt' stock=OK price=OK qty_used=1 moq_min=1 step=1 time=1.03s
2025-08-21 17:13:26,889 INFO row 5: sku=44413 title='ABS 1mm x 29mm UG 100m Porcelain Matt' stock=OK price=OK qty_used=1 moq_min=1 step=1 time=1.05s
2025-08-21 17:13:26,915 INFO tab 3/5 -> Sheen
2025-08-21 17:13:26,932 INFO items in finish 'Sheen': 4
2025-08-21 17:13:26,933 INFO range -> Board Decorative
2025-08-21 17:13:28,569 INFO row 1: sku=13012 title='MDF 162412 DS Porcelain Sheen LMG E0 No Film' stock=OK price=OK qty_used=1 moq_min=1 step=1 time=1.64s
2025-08-21 17:13:28,569 INFO range -> Edgetape Decorative
2025-08-21 17:13:29,607 INFO row 2: sku=11111 title='Rigid 1mm x 21mm UG 100m Porcelain Sheen' stock=OK price=OK qty_used=1 moq_min=1 step=1 time=1.04s
2025-08-21 17:13:30,640 INFO row 3: sku=17673 title='Rigid 1mm x 21mm UG 20m Porcelain Sheen' stock=OK price=OK qty_used=1 moq_min=1 step=1 time=1.03s
2025-08-21 17:13:31,695 INFO row 4: sku=44280 title='ABS 1mm x 29mm UG 100m Porcelain Sheen' stock=OK price=OK qty_used=1 moq_min=1 step=1 time=1.06s
2025-08-21 17:13:31,725 INFO tab 4/5 -> Smooth
2025-08-21 17:13:31,730 INFO items in finish 'Smooth': 1
2025-08-21 17:13:31,730 INFO range -> Thermolaminated Doors and Panels
2025-08-21 17:13:36,163 INFO row 1: sku= title='Style 1 - 6' stock=EMPTY price=EMPTY qty_used=1 moq_min=1 step=1 time=4.43s
2025-08-21 17:13:36,198 INFO tab 5/5 -> Texture
2025-08-21 17:13:36,205 INFO items in finish 'Texture': 1
2025-08-21 17:13:36,205 INFO range -> Thermolaminated Doors and Panels
2025-08-21 17:13:40,640 INFO row 1: sku= title='Style 1 - 6' stock=EMPTY price=EMPTY qty_used=1 moq_min=1 step=1 time=4.43s
2025-08-21 17:13:40,640 INFO run end rows=12
2025-08-21 17:13:40,641 INFO csv write: thermolaminated_doors_and_panels.csv sku= colour='Porcelain'
2025-08-21 17:13:40,641 INFO csv write: board_decorative.csv sku=13006 colour='Porcelain'
2025-08-21 17:13:40,642 INFO csv write: board_decorative.csv sku=43730 colour='Porcelain'
2025-08-21 17:13:40,642 INFO csv write: edgetape_decorative.csv sku=11107 colour='Porcelain'
2025-08-21 17:13:40,642 INFO csv write: edgetape_decorative.csv sku=17712 colour='Porcelain'
2025-08-21 17:13:40,642 INFO csv write: edgetape_decorative.csv sku=44413 colour='Porcelain'
2025-08-21 17:13:40,642 INFO csv write: board_decorative.csv sku=13012 colour='Porcelain'
2025-08-21 17:13:40,643 INFO csv write: edgetape_decorative.csv sku=11111 colour='Porcelain'
2025-08-21 17:13:40,643 INFO csv write: edgetape_decorative.csv sku=17673 colour='Porcelain'
2025-08-21 17:13:40,643 INFO csv write: edgetape_decorative.csv sku=44280 colour='Porcelain'
2025-08-21 17:13:40,643 INFO csv write: thermolaminated_doors_and_panels.csv sku= colour='Porcelain'
2025-08-21 17:13:40,644 INFO csv write: thermolaminated_doors_and_panels.csv sku= colour='Porcelain'
2025-08-21 17:13:40,644 INFO [127/240] Done Porcelain, rows=12, ranges=['Board Decorative', 'Edgetape Decorative', 'Thermolaminated Doors and Panels']
