2025-08-21 16:58:06,073 INFO [73/240] Processing Portland Stone  https://www.polytec.com.au/colour/portland-stone/
2025-08-21 16:58:06,074 INFO run start colour=https://www.polytec.com.au/colour/portland-stone/
2025-08-21 16:58:06,540 INFO colour name: Portland Stone
2025-08-21 16:58:06,544 INFO finish tabs: 1
2025-08-21 16:58:06,573 INFO tab 1/1 -> Smooth
2025-08-21 16:58:06,629 INFO items in finish 'Smooth': 15
2025-08-21 16:58:06,629 INFO range -> Laminate
2025-08-21 16:58:07,726 INFO row 1: sku=57515 title='Laminate Portland Stone Smooth 0.7mm 3650x1360 - Film' stock=OK price=OK qty_used=1 moq_min=1 step=1 time=1.10s
2025-08-21 16:58:08,779 INFO row 2: sku=57516 title='Laminate Portland Stone Smooth HL 0.7mm 3650x680 - Film' stock=OK price=OK qty_used=1 moq_min=1 step=1 time=1.05s
2025-08-21 16:58:09,829 INFO row 3: sku=57517 title='Laminate Portland Stone Smooth HS 0.7mm 1825x1360 - Film' stock=OK price=OK qty_used=1 moq_min=1 step=1 time=1.05s
2025-08-21 16:58:10,854 INFO row 4: sku=57518 title='Laminate Portland Stone Smooth Q 1825 x 680 - Film' stock=OK price=OK qty_used=1 moq_min=1 step=1 time=1.02s
2025-08-21 16:58:10,854 INFO range -> Compact
2025-08-21 16:58:11,616 INFO row 5: sku=50313 title='Compact Laminate Portland Stone Smooth BC 3660x1830 13mm' stock=OK price=OK qty_used=1 moq_min=1 step=1 time=0.76s
2025-08-21 16:58:12,385 INFO row 6: sku=51881 title='Compact Laminate Portland Stone Smooth BC 2730x1830 5mm' stock=OK price=OK qty_used=1 moq_min=1 step=1 time=0.77s
2025-08-21 16:58:12,385 INFO range -> Architectural
2025-08-21 16:58:12,448 INFO MOQ for SKU 56952 min=5 step=1 qty 1 -> 5
2025-08-21 16:58:12,448 INFO MOQ hint: Ordering details .
2025-08-21 16:58:12,448 INFO MOQ hint: Minimum qty 5
2025-08-21 16:58:13,151 INFO row 7: sku=56952 title='Steccawood 24x34x3600 MDF MR E0 Portland Stone Peak' stock=OK price=OK qty_used=5 moq_min=5 step=1 time=0.77s
2025-08-21 16:58:13,509 INFO MOQ for SKU 56372 min=5 step=1 qty 1 -> 5
2025-08-21 16:58:13,509 INFO MOQ hint: Minimum qty 5
2025-08-21 16:58:14,216 INFO row 8: sku=56372 title='Steccawood 31x62x3600 MDF MR E0 Portland Stone Half Round' stock=OK price=OK qty_used=5 moq_min=5 step=1 time=1.07s
2025-08-21 16:58:14,573 INFO MOQ for SKU 56371 min=5 step=1 qty 1 -> 5
2025-08-21 16:58:14,573 INFO MOQ hint: Minimum qty 5
2025-08-21 16:58:15,280 INFO row 9: sku=56371 title='Steccawood 17x34x3600 MDF MR E0 Portland Stone Half Round' stock=OK price=OK qty_used=5 moq_min=5 step=1 time=1.06s
2025-08-21 16:58:15,638 INFO MOQ for SKU 56374 min=5 step=1 qty 1 -> 5
2025-08-21 16:58:15,638 INFO MOQ hint: Minimum qty 5
2025-08-21 16:58:16,345 INFO row 10: sku=56374 title='Steccawood 17x34x3600 MDF MR E0 Portland Stone Cove' stock=OK price=OK qty_used=5 moq_min=5 step=1 time=1.06s
2025-08-21 16:58:16,709 INFO MOQ for SKU 56373 min=5 step=1 qty 1 -> 5
2025-08-21 16:58:16,709 INFO MOQ hint: Minimum qty 5
2025-08-21 16:58:17,415 INFO row 11: sku=56373 title='Steccawood 24x48x3600 MDF MR E0 Portland Stone Half Round' stock=OK price=OK qty_used=5 moq_min=5 step=1 time=1.07s
2025-08-21 16:58:17,755 INFO MOQ for SKU 56364 min=5 step=1 qty 1 -> 5
2025-08-21 16:58:17,755 INFO MOQ hint: Minimum qty 5
2025-08-21 16:58:18,464 INFO row 12: sku=56364 title='Steccawood 17x38x3600 MDF MR E0 Portland Stone' stock=OK price=OK qty_used=5 moq_min=5 step=1 time=1.05s
2025-08-21 16:58:18,823 INFO MOQ for SKU 56365 min=5 step=1 qty 1 -> 5
2025-08-21 16:58:18,823 INFO MOQ hint: Minimum qty 5
2025-08-21 16:58:19,533 INFO row 13: sku=56365 title='Steccawood 31x31x3600 MDF MR E0 Portland Stone' stock=OK price=OK qty_used=5 moq_min=5 step=1 time=1.07s
2025-08-21 16:58:19,533 INFO range -> Alfresco Doors
2025-08-21 16:58:23,971 INFO row 14: sku= title='5mm Compact Laminate Insert' stock=EMPTY price=EMPTY qty_used=1 moq_min=1 step=1 time=4.44s
2025-08-21 16:58:23,972 INFO range -> Solid Core
2025-08-21 16:58:24,752 INFO row 15: sku=50322 title='Xenolith Portland Stone Smooth Solid Core 3660x1830 15mm' stock=OK price=OK qty_used=1 moq_min=1 step=1 time=0.78s
2025-08-21 16:58:24,753 INFO run end rows=15
2025-08-21 16:58:24,753 INFO csv write: laminate.csv sku=57515 colour='Portland Stone'
2025-08-21 16:58:24,753 INFO csv write: laminate.csv sku=57516 colour='Portland Stone'
2025-08-21 16:58:24,753 INFO csv write: laminate.csv sku=57517 colour='Portland Stone'
2025-08-21 16:58:24,754 INFO csv write: laminate.csv sku=57518 colour='Portland Stone'
2025-08-21 16:58:24,754 INFO csv write: compact.csv sku=50313 colour='Portland Stone'
2025-08-21 16:58:24,754 INFO csv write: compact.csv sku=51881 colour='Portland Stone'
2025-08-21 16:58:24,754 INFO csv write: architectural.csv sku=56952 colour='Portland Stone'
2025-08-21 16:58:24,754 INFO csv write: architectural.csv sku=56372 colour='Portland Stone'
2025-08-21 16:58:24,754 INFO csv write: architectural.csv sku=56371 colour='Portland Stone'
2025-08-21 16:58:24,755 INFO csv write: architectural.csv sku=56374 colour='Portland Stone'
2025-08-21 16:58:24,755 INFO csv write: architectural.csv sku=56373 colour='Portland Stone'
2025-08-21 16:58:24,755 INFO csv write: architectural.csv sku=56364 colour='Portland Stone'
2025-08-21 16:58:24,755 INFO csv write: architectural.csv sku=56365 colour='Portland Stone'
2025-08-21 16:58:24,755 INFO csv write: alfresco_doors.csv sku= colour='Portland Stone'
2025-08-21 16:58:24,755 INFO csv write: solid_core.csv sku=50322 colour='Portland Stone'
2025-08-21 16:58:24,756 INFO [73/240] Done Portland Stone, rows=15, ranges=['Alfresco Doors', 'Architectural', 'Compact', 'Laminate', 'Solid Core']
