2025-08-21 16:51:47,974 INFO [41/240] Processing Quartiera Maple  https://www.polytec.com.au/colour/quartiera-maple/
2025-08-21 16:51:47,974 INFO run start colour=https://www.polytec.com.au/colour/quartiera-maple/
2025-08-21 16:51:48,372 INFO colour name: Quartiera Maple
2025-08-21 16:51:48,377 INFO finish tabs: 1
2025-08-21 16:51:48,399 INFO tab 1/1 -> Woodmatt
2025-08-21 16:51:48,440 INFO items in finish 'Woodmatt': 12
2025-08-21 16:51:48,440 INFO range -> Board Decorative
2025-08-21 16:51:49,584 INFO row 1: sku=51821 title='MDF 162412 DS Quartiera Maple Woodmatt MR E0' stock=OK price=OK qty_used=1 moq_min=1 step=1 time=1.14s
2025-08-21 16:51:50,331 INFO row 2: sku=54314 title='MDF 163112 DS Quartiera Maple Woodmatt MR E0' stock=OK price=OK qty_used=1 moq_min=1 step=1 time=0.75s
2025-08-21 16:51:51,090 INFO row 3: sku=53066 title='MDF 322412 DS Quartiera Maple Woodmatt MR E0' stock=OK price=OK qty_used=1 moq_min=1 step=1 time=0.76s
2025-08-21 16:51:51,864 INFO row 4: sku=53065 title='MDF 252412 DS Quartiera Maple Woodmatt MR E0' stock=OK price=OK qty_used=1 moq_min=1 step=1 time=0.77s
2025-08-21 16:51:51,864 INFO range -> Edgetape Decorative
2025-08-21 16:51:52,908 INFO row 5: sku=51825 title='ABS 1mm x 21mm UG 100m Quartiera Maple Woodmatt' stock=OK price=OK qty_used=1 moq_min=1 step=1 time=1.04s
2025-08-21 16:51:53,948 INFO row 6: sku=51823 title='ABS 1mm x 21mm UG 20m Quartiera Maple Woodmatt' stock=OK price=OK qty_used=1 moq_min=1 step=1 time=1.04s
2025-08-21 16:51:55,004 INFO row 7: sku=53117 title='ABS 1mm x 38mm UG 100m Quartiera Maple Woodmatt' stock=OK price=OK qty_used=1 moq_min=1 step=1 time=1.06s
2025-08-21 16:51:56,046 INFO row 8: sku=51826 title='ABS 1mm x 29mm UG 100m Quartiera Maple Woodmatt' stock=OK price=OK qty_used=1 moq_min=1 step=1 time=1.04s
2025-08-21 16:51:56,046 INFO range -> Laminate
2025-08-21 16:51:57,084 INFO row 9: sku=51827 title='Laminate Quartiera Maple Woodmatt 0.7mm 3650x1360' stock=OK price=OK qty_used=1 moq_min=1 step=1 time=1.04s
2025-08-21 16:51:58,133 INFO row 10: sku=51830 title='Laminate Quartiera Maple Woodmatt Q 0.7mm 1825x680' stock=OK price=OK qty_used=1 moq_min=1 step=1 time=1.05s
2025-08-21 16:51:59,194 INFO row 11: sku=51828 title='Laminate Quartiera Maple Woodmatt HL 0.7mm 3650x680' stock=OK price=OK qty_used=1 moq_min=1 step=1 time=1.06s
2025-08-21 16:52:00,257 INFO row 12: sku=51829 title='Laminate Quartiera Maple Woodmatt HS 0.7mm 1825x1360' stock=OK price=OK qty_used=1 moq_min=1 step=1 time=1.06s
2025-08-21 16:52:00,257 INFO run end rows=12
2025-08-21 16:52:00,257 INFO csv write: board_decorative.csv sku=51821 colour='Quartiera Maple'
2025-08-21 16:52:00,258 INFO csv write: board_decorative.csv sku=54314 colour='Quartiera Maple'
2025-08-21 16:52:00,258 INFO csv write: board_decorative.csv sku=53066 colour='Quartiera Maple'
2025-08-21 16:52:00,258 INFO csv write: board_decorative.csv sku=53065 colour='Quartiera Maple'
2025-08-21 16:52:00,259 INFO csv write: edgetape_decorative.csv sku=51825 colour='Quartiera Maple'
2025-08-21 16:52:00,259 INFO csv write: edgetape_decorative.csv sku=51823 colour='Quartiera Maple'
2025-08-21 16:52:00,259 INFO csv write: edgetape_decorative.csv sku=53117 colour='Quartiera Maple'
2025-08-21 16:52:00,259 INFO csv write: edgetape_decorative.csv sku=51826 colour='Quartiera Maple'
2025-08-21 16:52:00,259 INFO csv write: laminate.csv sku=51827 colour='Quartiera Maple'
2025-08-21 16:52:00,259 INFO csv write: laminate.csv sku=51830 colour='Quartiera Maple'
2025-08-21 16:52:00,260 INFO csv write: laminate.csv sku=51828 colour='Quartiera Maple'
2025-08-21 16:52:00,260 INFO csv write: laminate.csv sku=51829 colour='Quartiera Maple'
2025-08-21 16:52:00,260 INFO [41/240] Done Quartiera Maple, rows=12, ranges=['Board Decorative', 'Edgetape Decorative', 'Laminate']
