2025-08-21 17:35:18,170 INFO [176/240] Processing Rocco Lini  https://www.polytec.com.au/colour/rocco-lini/
2025-08-21 17:35:18,170 INFO run start colour=https://www.polytec.com.au/colour/rocco-lini/
2025-08-21 17:35:18,686 INFO colour name: Rocco Lini
2025-08-21 17:35:18,690 INFO finish tabs: 1
2025-08-21 17:35:18,715 INFO tab 1/1 -> Matt
2025-08-21 17:35:18,753 INFO items in finish 'Matt': 10
2025-08-21 17:35:18,753 INFO range -> Board Decorative
2025-08-21 17:35:19,884 INFO row 1: sku=13016 title='MDF 162412 DS Rocco Lini Matt MR E0' stock=OK price=OK qty_used=1 moq_min=1 step=1 time=1.13s
2025-08-21 17:35:20,650 INFO row 2: sku=26529 title='LDF 333618 DS Rocco Lini Matt MR E0' stock=OK price=OK qty_used=1 moq_min=1 step=1 time=0.76s
2025-08-21 17:35:20,650 INFO range -> Edgetape Decorative
2025-08-21 17:35:21,706 INFO row 3: sku=12714 title='Rigid 1mm x 21mm UG 100m Rocco Lini Matt' stock=OK price=OK qty_used=1 moq_min=1 step=1 time=1.06s
2025-08-21 17:35:22,749 INFO row 4: sku=17717 title='Rigid 1mm x 21mm UG 20m Rocco Lini Matt' stock=OK price=OK qty_used=1 moq_min=1 step=1 time=1.04s
2025-08-21 17:35:23,804 INFO row 5: sku=54004 title='ABS 1mm x 38mm UG 100m Rocco Lini Matt' stock=OK price=OK qty_used=1 moq_min=1 step=1 time=1.05s
2025-08-21 17:35:24,838 INFO row 6: sku=44414 title='ABS 1mm x 29mm UG 100m Rocco Lini Matt' stock=OK price=OK qty_used=1 moq_min=1 step=1 time=1.03s
2025-08-21 17:35:24,838 INFO range -> Laminate
2025-08-21 17:35:25,887 INFO row 7: sku=12469 title='Laminate Rocco Lini Matt 0.7mm 3650x1360' stock=OK price=OK qty_used=1 moq_min=1 step=1 time=1.05s
2025-08-21 17:35:26,924 INFO row 8: sku=13090 title='Laminate Rocco Lini Matt HS 0.7mm 1830x1360' stock=OK price=OK qty_used=1 moq_min=1 step=1 time=1.04s
2025-08-21 17:35:27,972 INFO row 9: sku=13091 title='Laminate Rocco Lini Matt Q 0.7mm 1830x680' stock=OK price=OK qty_used=1 moq_min=1 step=1 time=1.05s
2025-08-21 17:35:29,023 INFO row 10: sku=13089 title='Laminate Rocco Lini Matt HL 0.7mm 3650x680' stock=OK price=OK qty_used=1 moq_min=1 step=1 time=1.05s
2025-08-21 17:35:29,023 INFO run end rows=10
2025-08-21 17:35:29,023 INFO csv write: board_decorative.csv sku=13016 colour='Rocco Lini'
2025-08-21 17:35:29,024 INFO csv write: board_decorative.csv sku=26529 colour='Rocco Lini'
2025-08-21 17:35:29,024 INFO csv write: edgetape_decorative.csv sku=12714 colour='Rocco Lini'
2025-08-21 17:35:29,024 INFO csv write: edgetape_decorative.csv sku=17717 colour='Rocco Lini'
2025-08-21 17:35:29,024 INFO csv write: edgetape_decorative.csv sku=54004 colour='Rocco Lini'
2025-08-21 17:35:29,024 INFO csv write: edgetape_decorative.csv sku=44414 colour='Rocco Lini'
2025-08-21 17:35:29,025 INFO csv write: laminate.csv sku=12469 colour='Rocco Lini'
2025-08-21 17:35:29,025 INFO csv write: laminate.csv sku=13090 colour='Rocco Lini'
2025-08-21 17:35:29,025 INFO csv write: laminate.csv sku=13091 colour='Rocco Lini'
2025-08-21 17:35:29,025 INFO csv write: laminate.csv sku=13089 colour='Rocco Lini'
2025-08-21 17:35:29,026 INFO [176/240] Done Rocco Lini, rows=10, ranges=['Board Decorative', 'Edgetape Decorative', 'Laminate']
