2025-08-21 16:55:44,892 INFO [63/240] Processing Rose Gold Leaf  https://www.polytec.com.au/colour/rose-gold-leaf/
2025-08-21 16:55:44,893 INFO run start colour=https://www.polytec.com.au/colour/rose-gold-leaf/
2025-08-21 16:55:45,323 INFO colour name: Rose Gold Leaf
2025-08-21 16:55:45,327 INFO finish tabs: 1
2025-08-21 16:55:45,347 INFO tab 1/1 -> Matt
2025-08-21 16:55:45,380 INFO items in finish 'Matt': 8
2025-08-21 16:55:45,380 INFO range -> Board Decorative
2025-08-21 16:55:46,513 INFO row 1: sku=46833 title='MDF 162412 DS Rose Gold Leaf Matt MR E0' stock=OK price=OK qty_used=1 moq_min=1 step=1 time=1.13s
2025-08-21 16:55:46,513 INFO range -> Edgetape Decorative
2025-08-21 16:55:47,563 INFO row 2: sku=46814 title='ABS 1mm x 22mm UG 100m Rose Gold Leaf Matt' stock=OK price=OK qty_used=1 moq_min=1 step=1 time=1.05s
2025-08-21 16:55:48,610 INFO row 3: sku=46810 title='ABS 1mm x 22mm UG 20m Rose Gold Leaf Matt' stock=OK price=OK qty_used=1 moq_min=1 step=1 time=1.05s
2025-08-21 16:55:49,662 INFO row 4: sku=51851 title='ABS 1mm x 29mm UG 100m Rose Gold Leaf Matt' stock=OK price=OK qty_used=1 moq_min=1 step=1 time=1.05s
2025-08-21 16:55:49,662 INFO range -> Laminate
2025-08-21 16:55:50,690 INFO row 5: sku=46582 title='Laminate Rose Gold Leaf Matt HS 1825 x 1360' stock=OK price=OK qty_used=1 moq_min=1 step=1 time=1.03s
2025-08-21 16:55:51,746 INFO row 6: sku=46439 title='Laminate Rose Gold Leaf Matt 0.7mm 3650x1360' stock=OK price=OK qty_used=1 moq_min=1 step=1 time=1.06s
2025-08-21 16:55:52,817 INFO row 7: sku=47497 title='Laminate Rose Gold Leaf Matt Q 0.7mm 1830x680' stock=OK price=OK qty_used=1 moq_min=1 step=1 time=1.07s
2025-08-21 16:55:53,865 INFO row 8: sku=46563 title='Laminate Rose Gold Leaf Matt HL 0.7mm 3650x680' stock=OK price=OK qty_used=1 moq_min=1 step=1 time=1.05s
2025-08-21 16:55:53,865 INFO run end rows=8
2025-08-21 16:55:53,865 INFO csv write: board_decorative.csv sku=46833 colour='Rose Gold Leaf'
2025-08-21 16:55:53,865 INFO csv write: edgetape_decorative.csv sku=46814 colour='Rose Gold Leaf'
2025-08-21 16:55:53,866 INFO csv write: edgetape_decorative.csv sku=46810 colour='Rose Gold Leaf'
2025-08-21 16:55:53,866 INFO csv write: edgetape_decorative.csv sku=51851 colour='Rose Gold Leaf'
2025-08-21 16:55:53,866 INFO csv write: laminate.csv sku=46582 colour='Rose Gold Leaf'
2025-08-21 16:55:53,866 INFO csv write: laminate.csv sku=46439 colour='Rose Gold Leaf'
2025-08-21 16:55:53,866 INFO csv write: laminate.csv sku=47497 colour='Rose Gold Leaf'
2025-08-21 16:55:53,867 INFO csv write: laminate.csv sku=46563 colour='Rose Gold Leaf'
2025-08-21 16:55:53,867 INFO [63/240] Done Rose Gold Leaf, rows=8, ranges=['Board Decorative', 'Edgetape Decorative', 'Laminate']
