2025-08-21 16:13:40,268 INFO [14/240] Processing Rubra Oak  https://www.polytec.com.au/colour/rubra-oak/
2025-08-21 16:13:40,269 INFO run start colour=https://www.polytec.com.au/colour/rubra-oak/
2025-08-21 16:13:40,592 INFO colour name: Rubra Oak
2025-08-21 16:13:40,685 INFO finish tabs: 1
2025-08-21 16:13:40,714 INFO tab 1/1 -> Woodmatt
2025-08-21 16:13:40,775 INFO items in finish 'Woodmatt': 16
2025-08-21 16:13:40,775 INFO range -> Board Decorative
2025-08-21 16:13:43,873 INFO row 1: sku=57179 title='MDF 182412 DS Rubra Oak Woodmatt MR E0' stock=OK price=OK time=3.10s
2025-08-21 16:13:46,164 INFO row 2: sku=57180 title='MDF 183112 DS Rubra Oak Woodmatt MR E0' stock=OK price=OK time=2.28s
2025-08-21 16:13:48,449 INFO row 3: sku=57181 title='MDF 252412 DS Rubra Oak Woodmatt MR E0' stock=OK price=OK time=2.27s
2025-08-21 16:13:50,730 INFO row 4: sku=58477 title='MDF 183618 DS Rubra Oak Woodmatt MR E0' stock=OK price=OK time=2.27s
2025-08-21 16:13:53,023 INFO row 5: sku=58090 title='MDF 092712 DS Rubra Oak Woodmatt MR E0' stock=OK price=OK time=2.28s
2025-08-21 16:13:55,289 INFO row 6: sku=58479 title='LDF 333618 DS Rubra Oak Woodmatt MR E0' stock=OK price=OK time=2.26s
2025-08-21 16:13:57,569 INFO row 7: sku=58478 title='LDF 253618 DS Rubra Oak Woodmatt STD E0' stock=OK price=OK time=2.27s
2025-08-21 16:13:57,579 INFO range -> Edgetape Decorative
2025-08-21 16:14:00,256 INFO row 8: sku=56908 title='ABS 1mm x 21mm UG 100m Rubra Oak Woodmatt' stock=OK price=OK time=2.68s
2025-08-21 16:14:02,941 INFO row 9: sku=56909 title='ABS 1mm x 21mm UG 20m Rubra Oak Woodmatt' stock=OK price=OK time=2.67s
2025-08-21 16:14:05,615 INFO row 10: sku=56911 title='ABS 1mm x 29mm UG 100m Rubra Oak Woodmatt' stock=OK price=OK time=2.66s
2025-08-21 16:14:08,299 INFO row 11: sku=57422 title='ABS 1mm x 38mm UG 100m Rubra Oak Woodmatt' stock=OK price=OK time=2.67s
2025-08-21 16:14:08,308 INFO range -> Laminate
2025-08-21 16:14:10,982 INFO row 12: sku=56864 title='Laminate Rubra Oak Woodmatt 0.7mm 3650x1360' stock=OK price=OK time=2.67s
2025-08-21 16:14:13,664 INFO row 13: sku=56865 title='Laminate Rubra Oak Woodmatt HL 0.7mm 3650x680' stock=OK price=OK time=2.67s
2025-08-21 16:14:16,339 INFO row 14: sku=56866 title='Laminate Rubra Oak Woodmatt HS 0.7mm 1825x1360' stock=OK price=OK time=2.66s
2025-08-21 16:14:19,017 INFO row 15: sku=56867 title='Laminate Rubra Oak Woodmatt Q 0.7mm 1825x680' stock=OK price=OK time=2.67s
2025-08-21 16:14:19,027 INFO range -> Thermolaminated Doors and Panels
2025-08-21 16:14:24,809 INFO row 16: sku= title='Style 1 - 6' stock=EMPTY price=EMPTY time=5.78s
2025-08-21 16:14:24,819 INFO run end rows=16
2025-08-21 16:14:24,820 INFO csv write: board_decorative.csv sku=57179 colour='Rubra Oak'
2025-08-21 16:14:24,821 INFO csv write: board_decorative.csv sku=57180 colour='Rubra Oak'
2025-08-21 16:14:24,821 INFO csv write: board_decorative.csv sku=57181 colour='Rubra Oak'
2025-08-21 16:14:24,822 INFO csv write: board_decorative.csv sku=58477 colour='Rubra Oak'
2025-08-21 16:14:24,822 INFO csv write: board_decorative.csv sku=58090 colour='Rubra Oak'
2025-08-21 16:14:24,822 INFO csv write: board_decorative.csv sku=58479 colour='Rubra Oak'
2025-08-21 16:14:24,823 INFO csv write: board_decorative.csv sku=58478 colour='Rubra Oak'
2025-08-21 16:14:24,823 INFO csv write: edgetape_decorative.csv sku=56908 colour='Rubra Oak'
2025-08-21 16:14:24,823 INFO csv write: edgetape_decorative.csv sku=56909 colour='Rubra Oak'
2025-08-21 16:14:24,823 INFO csv write: edgetape_decorative.csv sku=56911 colour='Rubra Oak'
2025-08-21 16:14:24,824 INFO csv write: edgetape_decorative.csv sku=57422 colour='Rubra Oak'
2025-08-21 16:14:24,824 INFO csv write: laminate.csv sku=56864 colour='Rubra Oak'
2025-08-21 16:14:24,824 INFO csv write: laminate.csv sku=56865 colour='Rubra Oak'
2025-08-21 16:14:24,825 INFO csv write: laminate.csv sku=56866 colour='Rubra Oak'
2025-08-21 16:14:24,825 INFO csv write: laminate.csv sku=56867 colour='Rubra Oak'
2025-08-21 16:14:24,825 INFO csv write: thermolaminated_doors_and_panels.csv sku= colour='Rubra Oak'
2025-08-21 16:14:24,825 INFO [14/240] Done Rubra Oak, rows=16, ranges=['Board Decorative', 'Edgetape Decorative', 'Laminate', 'Thermolaminated Doors and Panels']
