2025-08-21 17:17:17,721 INFO [150/240] Processing Satra Wood  https://www.polytec.com.au/colour/satra-wood/
2025-08-21 17:17:17,722 INFO run start colour=https://www.polytec.com.au/colour/satra-wood/
2025-08-21 17:17:18,170 INFO colour name: Satra Wood
2025-08-21 17:17:18,175 INFO finish tabs: 1
2025-08-21 17:17:18,196 INFO tab 1/1 -> Ravine
2025-08-21 17:17:18,253 INFO items in finish 'Ravine': 12
2025-08-21 17:17:18,253 INFO range -> Board Decorative
2025-08-21 17:17:19,386 INFO row 1: sku=43056 title='LDF 333618 DS Satra Wood Ravine MR E0' stock=OK price=OK qty_used=1 moq_min=1 step=1 time=1.13s
2025-08-21 17:17:20,148 INFO row 2: sku=26409 title='MDF 182412 DS Satra Wood Ravine MR E0' stock=OK price=OK qty_used=1 moq_min=1 step=1 time=0.76s
2025-08-21 17:17:20,916 INFO row 3: sku=26421 title='MDF 183112 DS Satra Wood Ravine MR E0' stock=OK price=OK qty_used=1 moq_min=1 step=1 time=0.77s
2025-08-21 17:17:21,676 INFO row 4: sku=43032 title='MDF 183618 DS Satra Wood Ravine MR E0' stock=OK price=OK qty_used=1 moq_min=1 step=1 time=0.76s
2025-08-21 17:17:22,448 INFO row 5: sku=34335 title='MDF 322412 DS Satra Wood Ravine MR E0' stock=OK price=OK qty_used=1 moq_min=1 step=1 time=0.77s
2025-08-21 17:17:23,220 INFO row 6: sku=42798 title='MDF 252412 DS Satra Wood Ravine MR E0' stock=OK price=OK qty_used=1 moq_min=1 step=1 time=0.77s
2025-08-21 17:17:23,979 INFO row 7: sku=43044 title='LDF 253618 DS Satra Wood Ravine STD E0' stock=OK price=OK qty_used=1 moq_min=1 step=1 time=0.76s
2025-08-21 17:17:23,980 INFO range -> Edgetape Decorative
2025-08-21 17:17:25,020 INFO row 8: sku=26451 title='ABS 1mm x 21mm UG 100m Satra Wood Ravine' stock=OK price=OK qty_used=1 moq_min=1 step=1 time=1.04s
2025-08-21 17:17:26,042 INFO row 9: sku=26453 title='ABS 1mm x 21mm UG 20m Satra Wood Ravine' stock=OK price=OK qty_used=1 moq_min=1 step=1 time=1.02s
2025-08-21 17:17:27,097 INFO row 10: sku=42694 title='ABS 1mm x 29mm UG 100m Satra Wood Ravine' stock=OK price=OK qty_used=1 moq_min=1 step=1 time=1.06s
2025-08-21 17:17:28,159 INFO row 11: sku=42782 title='ABS 1mm x 38mm UG 100m Satra Wood Ravine' stock=OK price=OK qty_used=1 moq_min=1 step=1 time=1.06s
2025-08-21 17:17:28,160 INFO range -> Laminate
2025-08-21 17:17:29,204 INFO row 12: sku=42715 title='Laminate Satra Wood Ravine 0.7mm 3650x1220' stock=OK price=OK qty_used=1 moq_min=1 step=1 time=1.04s
2025-08-21 17:17:29,204 INFO run end rows=12
2025-08-21 17:17:29,205 INFO csv write: board_decorative.csv sku=43056 colour='Satra Wood'
2025-08-21 17:17:29,205 INFO csv write: board_decorative.csv sku=26409 colour='Satra Wood'
2025-08-21 17:17:29,205 INFO csv write: board_decorative.csv sku=26421 colour='Satra Wood'
2025-08-21 17:17:29,206 INFO csv write: board_decorative.csv sku=43032 colour='Satra Wood'
2025-08-21 17:17:29,206 INFO csv write: board_decorative.csv sku=34335 colour='Satra Wood'
2025-08-21 17:17:29,206 INFO csv write: board_decorative.csv sku=42798 colour='Satra Wood'
2025-08-21 17:17:29,206 INFO csv write: board_decorative.csv sku=43044 colour='Satra Wood'
2025-08-21 17:17:29,207 INFO csv write: edgetape_decorative.csv sku=26451 colour='Satra Wood'
2025-08-21 17:17:29,207 INFO csv write: edgetape_decorative.csv sku=26453 colour='Satra Wood'
2025-08-21 17:17:29,207 INFO csv write: edgetape_decorative.csv sku=42694 colour='Satra Wood'
2025-08-21 17:17:29,207 INFO csv write: edgetape_decorative.csv sku=42782 colour='Satra Wood'
2025-08-21 17:17:29,207 INFO csv write: laminate.csv sku=42715 colour='Satra Wood'
2025-08-21 17:17:29,208 INFO [150/240] Done Satra Wood, rows=12, ranges=['Board Decorative', 'Edgetape Decorative', 'Laminate']
