2025-08-21 17:42:18,127 INFO [215/240] Processing Shannon Oak  https://www.polytec.com.au/colour/shannon-oak/
2025-08-21 17:42:18,127 INFO run start colour=https://www.polytec.com.au/colour/shannon-oak/
2025-08-21 17:42:18,500 INFO colour name: Shannon Oak
2025-08-21 17:42:18,505 INFO finish tabs: 1
2025-08-21 17:42:18,524 INFO tab 1/1 -> Matt
2025-08-21 17:42:18,582 INFO items in finish 'Matt': 13
2025-08-21 17:42:18,582 INFO range -> Board Decorative
2025-08-21 17:42:19,717 INFO row 1: sku=6079 title='MDF 162412 DS Shannon Oak Matt MR E0' stock=OK price=OK qty_used=1 moq_min=1 step=1 time=1.14s
2025-08-21 17:42:20,493 INFO row 2: sku=26871 title='MDF 163112 DS Shannon Oak Matt MR E0' stock=OK price=OK qty_used=1 moq_min=1 step=1 time=0.78s
2025-08-21 17:42:21,259 INFO row 3: sku=14181 title='Particle 183618 DS Shannon Oak Matt MR' stock=OK price=OK qty_used=1 moq_min=1 step=1 time=0.77s
2025-08-21 17:42:22,025 INFO row 4: sku=26498 title='LDF 253618  DS Shannon Oak Matt STD E0' stock=OK price=OK qty_used=1 moq_min=1 step=1 time=0.76s
2025-08-21 17:42:22,794 INFO row 5: sku=26530 title='LDF 333618 DS Shannon Oak Matt MR E0' stock=OK price=OK qty_used=1 moq_min=1 step=1 time=0.77s
2025-08-21 17:42:22,794 INFO range -> Edgetape Decorative
2025-08-21 17:42:23,851 INFO row 6: sku=8194 title='Rigid 1mm x 21mm UG 100m Shannon Oak Matt' stock=OK price=OK qty_used=1 moq_min=1 step=1 time=1.06s
2025-08-21 17:42:24,899 INFO row 7: sku=17718 title='Rigid 1mm x 21mm UG 20m Shannon Oak Matt' stock=OK price=OK qty_used=1 moq_min=1 step=1 time=1.05s
2025-08-21 17:42:25,952 INFO row 8: sku=44415 title='ABS 1mm x 29mm UG 100m Shannon Oak Matt' stock=OK price=OK qty_used=1 moq_min=1 step=1 time=1.05s
2025-08-21 17:42:27,000 INFO row 9: sku=53287 title='ABS 1mm x 38mm UG 100m Shannon Oak Matt' stock=OK price=OK qty_used=1 moq_min=1 step=1 time=1.05s
2025-08-21 17:42:27,000 INFO range -> Laminate
2025-08-21 17:42:28,073 INFO row 10: sku=14915 title='Laminate Shannon Oak Matt 0.7mm 3650x1360' stock=OK price=OK qty_used=1 moq_min=1 step=1 time=1.07s
2025-08-21 17:42:29,120 INFO row 11: sku=9488 title='Laminate Shannon Oak Matt Q 0.7mm 1825x680' stock=OK price=OK qty_used=1 moq_min=1 step=1 time=1.05s
2025-08-21 17:42:30,173 INFO row 12: sku=9486 title='Laminate Shannon Oak Matt HL 0.7mm 3650x680' stock=OK price=OK qty_used=1 moq_min=1 step=1 time=1.05s
2025-08-21 17:42:31,237 INFO row 13: sku=9487 title='Laminate Shannon Oak Matt HS 0.7mm 1825x1360' stock=OK price=OK qty_used=1 moq_min=1 step=1 time=1.06s
2025-08-21 17:42:31,237 INFO run end rows=13
2025-08-21 17:42:31,238 INFO csv write: board_decorative.csv sku=6079 colour='Shannon Oak'
2025-08-21 17:42:31,238 INFO csv write: board_decorative.csv sku=26871 colour='Shannon Oak'
2025-08-21 17:42:31,238 INFO csv write: board_decorative.csv sku=14181 colour='Shannon Oak'
2025-08-21 17:42:31,238 INFO csv write: board_decorative.csv sku=26498 colour='Shannon Oak'
2025-08-21 17:42:31,239 INFO csv write: board_decorative.csv sku=26530 colour='Shannon Oak'
2025-08-21 17:42:31,239 INFO csv write: edgetape_decorative.csv sku=8194 colour='Shannon Oak'
2025-08-21 17:42:31,239 INFO csv write: edgetape_decorative.csv sku=17718 colour='Shannon Oak'
2025-08-21 17:42:31,239 INFO csv write: edgetape_decorative.csv sku=44415 colour='Shannon Oak'
2025-08-21 17:42:31,239 INFO csv write: edgetape_decorative.csv sku=53287 colour='Shannon Oak'
2025-08-21 17:42:31,240 INFO csv write: laminate.csv sku=14915 colour='Shannon Oak'
2025-08-21 17:42:31,240 INFO csv write: laminate.csv sku=9488 colour='Shannon Oak'
2025-08-21 17:42:31,240 INFO csv write: laminate.csv sku=9486 colour='Shannon Oak'
2025-08-21 17:42:31,240 INFO csv write: laminate.csv sku=9487 colour='Shannon Oak'
2025-08-21 17:42:31,241 INFO [215/240] Done Shannon Oak, rows=13, ranges=['Board Decorative', 'Edgetape Decorative', 'Laminate']
