2025-08-21 16:53:49,301 INFO [49/240] Processing Sienna Figured-Wood  https://www.polytec.com.au/colour/sienna-figured-wood/
2025-08-21 16:53:49,301 INFO run start colour=https://www.polytec.com.au/colour/sienna-figured-wood/
2025-08-21 16:53:49,726 INFO colour name: Sienna Figured-Wood
2025-08-21 16:53:49,733 INFO finish tabs: 2
2025-08-21 16:53:49,752 INFO tab 1/2 -> Gloss
2025-08-21 16:53:49,770 INFO items in finish 'Gloss': 4
2025-08-21 16:53:49,770 INFO range -> Board Decorative
2025-08-21 16:53:50,880 INFO row 1: sku=55002 title='MDF 182412 SS Sienna Figured-Wood Gloss LMG E0' stock=OK price=OK qty_used=1 moq_min=1 step=1 time=1.11s
2025-08-21 16:53:51,635 INFO row 2: sku=55003 title='MDF 182412 DS Sienna Figured-Wood Gloss LMG E0' stock=OK price=OK qty_used=1 moq_min=1 step=1 time=0.75s
2025-08-21 16:53:51,635 INFO range -> Edgetape Decorative
2025-08-21 16:53:52,673 INFO row 3: sku=55004 title='ABS 1mm x 22mm UG 100m Sienna Figured-Wood Gloss' stock=OK price=OK qty_used=1 moq_min=1 step=1 time=1.04s
2025-08-21 16:53:53,692 INFO row 4: sku=55006 title='ABS 1mm x 22mm UG 20m Sienna Figured-Wood Gloss' stock=OK price=OK qty_used=1 moq_min=1 step=1 time=1.02s
2025-08-21 16:53:53,714 INFO tab 2/2 -> Smooth
2025-08-21 16:53:53,743 INFO items in finish 'Smooth': 8
2025-08-21 16:53:53,743 INFO range -> Board Decorative
2025-08-21 16:53:54,845 INFO row 1: sku=52708 title='MDF 162412 DS Sienna Figured-Wood Smooth MR E0 No Film' stock=OK price=OK qty_used=1 moq_min=1 step=1 time=1.10s
2025-08-21 16:53:54,845 INFO range -> Edgetape Decorative
2025-08-21 16:53:55,870 INFO row 2: sku=52718 title='ABS 1mm x 21mm UG 100m Sienna Figured-Wood Smooth' stock=OK price=OK qty_used=1 moq_min=1 step=1 time=1.03s
2025-08-21 16:53:56,914 INFO row 3: sku=52716 title='ABS 1mm x 21mm UG 20m Sienna Figured-Wood Smooth' stock=OK price=OK qty_used=1 moq_min=1 step=1 time=1.04s
2025-08-21 16:53:57,950 INFO row 4: sku=52719 title='ABS 1mm x 29mm UG 100m Sienna Figured-Wood Smooth' stock=OK price=OK qty_used=1 moq_min=1 step=1 time=1.04s
2025-08-21 16:53:57,950 INFO range -> Laminate
2025-08-21 16:53:58,963 INFO row 5: sku=52720 title='Laminate Sienna Figured-Wood Smooth HL 0.7mm 3650x680' stock=OK price=OK qty_used=1 moq_min=1 step=1 time=1.01s
2025-08-21 16:53:59,995 INFO row 6: sku=52144 title='Laminate Sienna Figured-Wood Smooth 0.7mm 3650x1360' stock=OK price=OK qty_used=1 moq_min=1 step=1 time=1.03s
2025-08-21 16:54:01,028 INFO row 7: sku=52722 title='Laminate Sienna Figured-Wood Smooth Q 0.7mm 1825x680' stock=OK price=OK qty_used=1 moq_min=1 step=1 time=1.03s
2025-08-21 16:54:02,065 INFO row 8: sku=52721 title='Laminate Sienna Figured-Wood Smooth HS 0.7mm 1825x1360' stock=OK price=OK qty_used=1 moq_min=1 step=1 time=1.04s
2025-08-21 16:54:02,065 INFO run end rows=12
2025-08-21 16:54:02,066 INFO csv write: board_decorative.csv sku=55002 colour='Sienna Figured-Wood'
2025-08-21 16:54:02,066 INFO csv write: board_decorative.csv sku=55003 colour='Sienna Figured-Wood'
2025-08-21 16:54:02,066 INFO csv write: edgetape_decorative.csv sku=55004 colour='Sienna Figured-Wood'
2025-08-21 16:54:02,066 INFO csv write: edgetape_decorative.csv sku=55006 colour='Sienna Figured-Wood'
2025-08-21 16:54:02,067 INFO csv write: board_decorative.csv sku=52708 colour='Sienna Figured-Wood'
2025-08-21 16:54:02,067 INFO csv write: edgetape_decorative.csv sku=52718 colour='Sienna Figured-Wood'
2025-08-21 16:54:02,067 INFO csv write: edgetape_decorative.csv sku=52716 colour='Sienna Figured-Wood'
2025-08-21 16:54:02,067 INFO csv write: edgetape_decorative.csv sku=52719 colour='Sienna Figured-Wood'
2025-08-21 16:54:02,067 INFO csv write: laminate.csv sku=52720 colour='Sienna Figured-Wood'
2025-08-21 16:54:02,067 INFO csv write: laminate.csv sku=52144 colour='Sienna Figured-Wood'
2025-08-21 16:54:02,068 INFO csv write: laminate.csv sku=52722 colour='Sienna Figured-Wood'
2025-08-21 16:54:02,068 INFO csv write: laminate.csv sku=52721 colour='Sienna Figured-Wood'
2025-08-21 16:54:02,068 INFO [49/240] Done Sienna Figured-Wood, rows=12, ranges=['Board Decorative', 'Edgetape Decorative', 'Laminate']
