2025-08-21 16:44:40,971 INFO [11/240] Processing Society Oak  https://www.polytec.com.au/colour/society-oak/
2025-08-21 16:44:40,972 INFO run start colour=https://www.polytec.com.au/colour/society-oak/
2025-08-21 16:44:41,411 INFO colour name: Society Oak
2025-08-21 16:44:41,415 INFO finish tabs: 1
2025-08-21 16:44:41,436 INFO tab 1/1 -> Woodmatt
2025-08-21 16:44:41,495 INFO items in finish 'Woodmatt': 16
2025-08-21 16:44:41,495 INFO range -> Board Decorative
2025-08-21 16:44:42,633 INFO row 1: sku=58092 title='MDF 092712 DS Society Oak Woodmatt MR E0' stock=OK price=OK qty_used=1 moq_min=1 step=1 time=1.14s
2025-08-21 16:44:43,387 INFO row 2: sku=57159 title='MDF 182412 DS Society Oak Woodmatt MR E0' stock=OK price=OK qty_used=1 moq_min=1 step=1 time=0.75s
2025-08-21 16:44:44,167 INFO row 3: sku=57160 title='MDF 183112 DS Society Oak Woodmatt MR E0' stock=OK price=OK qty_used=1 moq_min=1 step=1 time=0.78s
2025-08-21 16:44:44,942 INFO row 4: sku=57161 title='MDF 252412 DS Society Oak Woodmatt MR E0' stock=OK price=OK qty_used=1 moq_min=1 step=1 time=0.77s
2025-08-21 16:44:45,714 INFO row 5: sku=58480 title='MDF 183618 DS Society Oak Woodmatt MR E0' stock=OK price=OK qty_used=1 moq_min=1 step=1 time=0.77s
2025-08-21 16:44:46,479 INFO row 6: sku=58481 title='LDF 253618 DS Society Oak Woodmatt STD E0' stock=OK price=OK qty_used=1 moq_min=1 step=1 time=0.77s
2025-08-21 16:44:47,245 INFO row 7: sku=58482 title='LDF 333618 DS Society Oak Woodmatt MR E0' stock=OK price=OK qty_used=1 moq_min=1 step=1 time=0.77s
2025-08-21 16:44:47,245 INFO range -> Edgetape Decorative
2025-08-21 16:44:48,295 INFO row 8: sku=56888 title='ABS 1mm x 21mm UG 100m Society Oak Woodmatt' stock=OK price=OK qty_used=1 moq_min=1 step=1 time=1.05s
2025-08-21 16:44:49,352 INFO row 9: sku=56891 title='ABS 1mm x 29mm UG 100m Society Oak Woodmatt' stock=OK price=OK qty_used=1 moq_min=1 step=1 time=1.06s
2025-08-21 16:44:50,405 INFO row 10: sku=56889 title='ABS 1mm x 21mm UG 20m Society Oak Woodmatt' stock=OK price=OK qty_used=1 moq_min=1 step=1 time=1.05s
2025-08-21 16:44:51,472 INFO row 11: sku=57417 title='ABS 1mm x 38mm UG 100m Society Oak Woodmatt' stock=OK price=OK qty_used=1 moq_min=1 step=1 time=1.07s
2025-08-21 16:44:51,472 INFO range -> Laminate
2025-08-21 16:44:52,510 INFO row 12: sku=56844 title='Laminate Society Oak Woodmatt 0.7mm 3650x1360' stock=OK price=OK qty_used=1 moq_min=1 step=1 time=1.04s
2025-08-21 16:44:53,547 INFO row 13: sku=56845 title='Laminate Society Oak Woodmatt HL 0.7mm 3650x680' stock=OK price=OK qty_used=1 moq_min=1 step=1 time=1.04s
2025-08-21 16:44:54,603 INFO row 14: sku=56847 title='Laminate Society Oak Woodmatt Q 0.7mm 1825x680' stock=OK price=OK qty_used=1 moq_min=1 step=1 time=1.05s
2025-08-21 16:44:55,655 INFO row 15: sku=56846 title='Laminate Society Oak Woodmatt HS 0.7mm 1825x1360' stock=OK price=OK qty_used=1 moq_min=1 step=1 time=1.05s
2025-08-21 16:44:55,655 INFO range -> Thermolaminated Doors and Panels
2025-08-21 16:45:00,089 INFO row 16: sku= title='Style 1 - 6' stock=EMPTY price=EMPTY qty_used=1 moq_min=1 step=1 time=4.43s
2025-08-21 16:45:00,089 INFO run end rows=16
2025-08-21 16:45:00,090 INFO csv write: board_decorative.csv sku=58092 colour='Society Oak'
2025-08-21 16:45:00,090 INFO csv write: board_decorative.csv sku=57159 colour='Society Oak'
2025-08-21 16:45:00,091 INFO csv write: board_decorative.csv sku=57160 colour='Society Oak'
2025-08-21 16:45:00,091 INFO csv write: board_decorative.csv sku=57161 colour='Society Oak'
2025-08-21 16:45:00,091 INFO csv write: board_decorative.csv sku=58480 colour='Society Oak'
2025-08-21 16:45:00,092 INFO csv write: board_decorative.csv sku=58481 colour='Society Oak'
2025-08-21 16:45:00,092 INFO csv write: board_decorative.csv sku=58482 colour='Society Oak'
2025-08-21 16:45:00,092 INFO csv write: edgetape_decorative.csv sku=56888 colour='Society Oak'
2025-08-21 16:45:00,092 INFO csv write: edgetape_decorative.csv sku=56891 colour='Society Oak'
2025-08-21 16:45:00,093 INFO csv write: edgetape_decorative.csv sku=56889 colour='Society Oak'
2025-08-21 16:45:00,093 INFO csv write: edgetape_decorative.csv sku=57417 colour='Society Oak'
2025-08-21 16:45:00,093 INFO csv write: laminate.csv sku=56844 colour='Society Oak'
2025-08-21 16:45:00,094 INFO csv write: laminate.csv sku=56845 colour='Society Oak'
2025-08-21 16:45:00,094 INFO csv write: laminate.csv sku=56847 colour='Society Oak'
2025-08-21 16:45:00,094 INFO csv write: laminate.csv sku=56846 colour='Society Oak'
2025-08-21 16:45:00,095 INFO csv write: thermolaminated_doors_and_panels.csv sku= colour='Society Oak'
2025-08-21 16:45:00,095 INFO [11/240] Done Society Oak, rows=16, ranges=['Board Decorative', 'Edgetape Decorative', 'Laminate', 'Thermolaminated Doors and Panels']
