2025-08-21 16:11:27,733 INFO [11/240] Processing Society Oak  https://www.polytec.com.au/colour/society-oak/
2025-08-21 16:11:27,733 INFO run start colour=https://www.polytec.com.au/colour/society-oak/
2025-08-21 16:11:28,066 INFO colour name: Society Oak
2025-08-21 16:11:28,161 INFO finish tabs: 1
2025-08-21 16:11:28,183 INFO tab 1/1 -> Woodmatt
2025-08-21 16:11:28,250 INFO items in finish 'Woodmatt': 16
2025-08-21 16:11:28,250 INFO range -> Board Decorative
2025-08-21 16:11:30,813 INFO row 1: sku=58092 title='MDF 092712 DS Society Oak Woodmatt MR E0' stock=OK price=OK time=2.56s
2025-08-21 16:11:33,069 INFO row 2: sku=57159 title='MDF 182412 DS Society Oak Woodmatt MR E0' stock=OK price=OK time=2.25s
2025-08-21 16:11:35,340 INFO row 3: sku=57160 title='MDF 183112 DS Society Oak Woodmatt MR E0' stock=OK price=OK time=2.26s
2025-08-21 16:11:37,608 INFO row 4: sku=57161 title='MDF 252412 DS Society Oak Woodmatt MR E0' stock=OK price=OK time=2.26s
2025-08-21 16:11:39,868 INFO row 5: sku=58480 title='MDF 183618 DS Society Oak Woodmatt MR E0' stock=OK price=OK time=2.25s
2025-08-21 16:11:42,149 INFO row 6: sku=58481 title='LDF 253618 DS Society Oak Woodmatt STD E0' stock=OK price=OK time=2.27s
2025-08-21 16:11:44,409 INFO row 7: sku=58482 title='LDF 333618 DS Society Oak Woodmatt MR E0' stock=OK price=OK time=2.25s
2025-08-21 16:11:44,419 INFO range -> Edgetape Decorative
2025-08-21 16:11:47,053 INFO row 8: sku=56888 title='ABS 1mm x 21mm UG 100m Society Oak Woodmatt' stock=OK price=OK time=2.63s
2025-08-21 16:11:49,700 INFO row 9: sku=56891 title='ABS 1mm x 29mm UG 100m Society Oak Woodmatt' stock=OK price=OK time=2.64s
2025-08-21 16:11:52,363 INFO row 10: sku=56889 title='ABS 1mm x 21mm UG 20m Society Oak Woodmatt' stock=OK price=OK time=2.65s
2025-08-21 16:11:55,031 INFO row 11: sku=57417 title='ABS 1mm x 38mm UG 100m Society Oak Woodmatt' stock=OK price=OK time=2.66s
2025-08-21 16:11:55,041 INFO range -> Laminate
2025-08-21 16:11:57,696 INFO row 12: sku=56844 title='Laminate Society Oak Woodmatt 0.7mm 3650x1360' stock=OK price=OK time=2.65s
2025-08-21 16:12:00,333 INFO row 13: sku=56845 title='Laminate Society Oak Woodmatt HL 0.7mm 3650x680' stock=OK price=OK time=2.63s
2025-08-21 16:12:03,004 INFO row 14: sku=56847 title='Laminate Society Oak Woodmatt Q 0.7mm 1825x680' stock=OK price=OK time=2.66s
2025-08-21 16:12:05,667 INFO row 15: sku=56846 title='Laminate Society Oak Woodmatt HS 0.7mm 1825x1360' stock=OK price=OK time=2.65s
2025-08-21 16:12:05,678 INFO range -> Thermolaminated Doors and Panels
2025-08-21 16:12:11,427 INFO row 16: sku= title='Style 1 - 6' stock=EMPTY price=EMPTY time=5.75s
2025-08-21 16:12:11,437 INFO run end rows=16
2025-08-21 16:12:11,438 INFO csv write: board_decorative.csv sku=58092 colour='Society Oak'
2025-08-21 16:12:11,438 INFO csv write: board_decorative.csv sku=57159 colour='Society Oak'
2025-08-21 16:12:11,438 INFO csv write: board_decorative.csv sku=57160 colour='Society Oak'
2025-08-21 16:12:11,438 INFO csv write: board_decorative.csv sku=57161 colour='Society Oak'
2025-08-21 16:12:11,438 INFO csv write: board_decorative.csv sku=58480 colour='Society Oak'
2025-08-21 16:12:11,438 INFO csv write: board_decorative.csv sku=58481 colour='Society Oak'
2025-08-21 16:12:11,438 INFO csv write: board_decorative.csv sku=58482 colour='Society Oak'
2025-08-21 16:12:11,439 INFO csv write: edgetape_decorative.csv sku=56888 colour='Society Oak'
2025-08-21 16:12:11,439 INFO csv write: edgetape_decorative.csv sku=56891 colour='Society Oak'
2025-08-21 16:12:11,439 INFO csv write: edgetape_decorative.csv sku=56889 colour='Society Oak'
2025-08-21 16:12:11,439 INFO csv write: edgetape_decorative.csv sku=57417 colour='Society Oak'
2025-08-21 16:12:11,439 INFO csv write: laminate.csv sku=56844 colour='Society Oak'
2025-08-21 16:12:11,439 INFO csv write: laminate.csv sku=56845 colour='Society Oak'
2025-08-21 16:12:11,439 INFO csv write: laminate.csv sku=56847 colour='Society Oak'
2025-08-21 16:12:11,440 INFO csv write: laminate.csv sku=56846 colour='Society Oak'
2025-08-21 16:12:11,440 INFO csv write: thermolaminated_doors_and_panels.csv sku= colour='Society Oak'
2025-08-21 16:12:11,440 INFO [11/240] Done Society Oak, rows=16, ranges=['Board Decorative', 'Edgetape Decorative', 'Laminate', 'Thermolaminated Doors and Panels']
