2025-08-21 17:19:11,533 INFO [156/240] Processing Soft Walnut  https://www.polytec.com.au/colour/soft-walnut/
2025-08-21 17:19:11,533 INFO run start colour=https://www.polytec.com.au/colour/soft-walnut/
2025-08-21 17:19:11,988 INFO colour name: Soft Walnut
2025-08-21 17:19:12,019 INFO finish tabs: 2
2025-08-21 17:19:12,043 INFO tab 1/2 -> Matt
2025-08-21 17:19:12,093 INFO items in finish 'Matt': 9
2025-08-21 17:19:12,093 INFO range -> Board Decorative
2025-08-21 17:19:13,213 INFO row 1: sku=25692 title='MDF 162412 DS Soft Walnut Matt MR E0' stock=OK price=OK qty_used=1 moq_min=1 step=1 time=1.12s
2025-08-21 17:19:13,973 INFO row 2: sku=47101 title='Particle 183618 DS Soft Walnut Matt MR' stock=OK price=OK qty_used=1 moq_min=1 step=1 time=0.76s
2025-08-21 17:19:14,742 INFO row 3: sku=46318 title='LDF 253618 DS Soft Walnut Matt STD E0' stock=OK price=OK qty_used=1 moq_min=1 step=1 time=0.77s
2025-08-21 17:19:15,517 INFO row 4: sku=47053 title='LDF 333618 DS Soft Walnut Matt MR E0' stock=OK price=OK qty_used=1 moq_min=1 step=1 time=0.77s
2025-08-21 17:19:15,517 INFO range -> Edgetape Decorative
2025-08-21 17:19:16,575 INFO row 5: sku=19399 title='Rigid 1mm x 21mm UG 100m Soft Walnut Matt' stock=OK price=OK qty_used=1 moq_min=1 step=1 time=1.06s
2025-08-21 17:19:17,644 INFO row 6: sku=19503 title='Rigid 1mm x 21mm UG 20m Soft Walnut Matt' stock=OK price=OK qty_used=1 moq_min=1 step=1 time=1.07s
2025-08-21 17:19:18,692 INFO row 7: sku=44416 title='ABS 1mm x 29mm UG 100m Soft Walnut Matt' stock=OK price=OK qty_used=1 moq_min=1 step=1 time=1.05s
2025-08-21 17:19:19,756 INFO row 8: sku=54387 title='ABS 1mm x 38mm UG 100m Soft Walnut Matt' stock=OK price=OK qty_used=1 moq_min=1 step=1 time=1.06s
2025-08-21 17:19:19,757 INFO range -> Laminate
2025-08-21 17:19:20,801 INFO row 9: sku=25309 title='Laminate Soft Walnut Matt 0.7mm 3650x1220' stock=OK price=OK qty_used=1 moq_min=1 step=1 time=1.04s
2025-08-21 17:19:20,831 INFO tab 2/2 -> Ravine
2025-08-21 17:19:20,873 INFO items in finish 'Ravine': 12
2025-08-21 17:19:20,873 INFO range -> Board Decorative
2025-08-21 17:19:21,985 INFO row 1: sku=26404 title='MDF 182412 DS Soft Walnut Ravine MR E0' stock=OK price=OK qty_used=1 moq_min=1 step=1 time=1.11s
2025-08-21 17:19:22,741 INFO row 2: sku=26416 title='MDF 183112 DS Soft Walnut Ravine MR E0' stock=OK price=OK qty_used=1 moq_min=1 step=1 time=0.76s
2025-08-21 17:19:23,512 INFO row 3: sku=43034 title='MDF 183618 DS Soft Walnut Ravine MR E0' stock=OK price=OK qty_used=1 moq_min=1 step=1 time=0.77s
2025-08-21 17:19:24,277 INFO row 4: sku=42723 title='MDF 252412 DS Soft Walnut Ravine MR E0' stock=OK price=OK qty_used=1 moq_min=1 step=1 time=0.76s
2025-08-21 17:19:25,046 INFO row 5: sku=42811 title='MDF 322412 DS Soft Walnut Ravine MR E0' stock=OK price=OK qty_used=1 moq_min=1 step=1 time=0.77s
2025-08-21 17:19:25,810 INFO row 6: sku=43058 title='LDF 333618 DS Soft Walnut Ravine MR E0' stock=OK price=OK qty_used=1 moq_min=1 step=1 time=0.76s
2025-08-21 17:19:26,584 INFO row 7: sku=43046 title='LDF 253618 DS Soft Walnut Ravine STD E0' stock=OK price=OK qty_used=1 moq_min=1 step=1 time=0.77s
2025-08-21 17:19:26,584 INFO range -> Edgetape Decorative
2025-08-21 17:19:27,641 INFO row 8: sku=26436 title='ABS 1mm x 21mm UG 100m Soft Walnut Ravine' stock=OK price=OK qty_used=1 moq_min=1 step=1 time=1.06s
2025-08-21 17:19:28,687 INFO row 9: sku=26438 title='ABS 1mm x 21mm UG 20m Soft Walnut Ravine' stock=OK price=OK qty_used=1 moq_min=1 step=1 time=1.04s
2025-08-21 17:19:29,738 INFO row 10: sku=42699 title='ABS 1mm x 29mm UG 100m Soft Walnut Ravine' stock=OK price=OK qty_used=1 moq_min=1 step=1 time=1.05s
2025-08-21 17:19:30,809 INFO row 11: sku=42784 title='ABS 1mm x 38mm UG 100m Soft Walnut Ravine' stock=OK price=OK qty_used=1 moq_min=1 step=1 time=1.07s
2025-08-21 17:19:30,810 INFO range -> Laminate
2025-08-21 17:19:31,844 INFO row 12: sku=42717 title='Laminate Soft Walnut Ravine 0.7mm 3650x1220' stock=OK price=OK qty_used=1 moq_min=1 step=1 time=1.03s
2025-08-21 17:19:31,844 INFO run end rows=21
2025-08-21 17:19:31,844 INFO csv write: board_decorative.csv sku=25692 colour='Soft Walnut'
2025-08-21 17:19:31,845 INFO csv write: board_decorative.csv sku=47101 colour='Soft Walnut'
2025-08-21 17:19:31,845 INFO csv write: board_decorative.csv sku=46318 colour='Soft Walnut'
2025-08-21 17:19:31,845 INFO csv write: board_decorative.csv sku=47053 colour='Soft Walnut'
2025-08-21 17:19:31,845 INFO csv write: edgetape_decorative.csv sku=19399 colour='Soft Walnut'
2025-08-21 17:19:31,845 INFO csv write: edgetape_decorative.csv sku=19503 colour='Soft Walnut'
2025-08-21 17:19:31,846 INFO csv write: edgetape_decorative.csv sku=44416 colour='Soft Walnut'
2025-08-21 17:19:31,846 INFO csv write: edgetape_decorative.csv sku=54387 colour='Soft Walnut'
2025-08-21 17:19:31,846 INFO csv write: laminate.csv sku=25309 colour='Soft Walnut'
2025-08-21 17:19:31,846 INFO csv write: board_decorative.csv sku=26404 colour='Soft Walnut'
2025-08-21 17:19:31,846 INFO csv write: board_decorative.csv sku=26416 colour='Soft Walnut'
2025-08-21 17:19:31,847 INFO csv write: board_decorative.csv sku=43034 colour='Soft Walnut'
2025-08-21 17:19:31,847 INFO csv write: board_decorative.csv sku=42723 colour='Soft Walnut'
2025-08-21 17:19:31,847 INFO csv write: board_decorative.csv sku=42811 colour='Soft Walnut'
2025-08-21 17:19:31,847 INFO csv write: board_decorative.csv sku=43058 colour='Soft Walnut'
2025-08-21 17:19:31,847 INFO csv write: board_decorative.csv sku=43046 colour='Soft Walnut'
2025-08-21 17:19:31,847 INFO csv write: edgetape_decorative.csv sku=26436 colour='Soft Walnut'
2025-08-21 17:19:31,848 INFO csv write: edgetape_decorative.csv sku=26438 colour='Soft Walnut'
2025-08-21 17:19:31,848 INFO csv write: edgetape_decorative.csv sku=42699 colour='Soft Walnut'
2025-08-21 17:19:31,848 INFO csv write: edgetape_decorative.csv sku=42784 colour='Soft Walnut'
2025-08-21 17:19:31,848 INFO csv write: laminate.csv sku=42717 colour='Soft Walnut'
2025-08-21 17:19:31,849 INFO [156/240] Done Soft Walnut, rows=21, ranges=['Board Decorative', 'Edgetape Decorative', 'Laminate']
