2025-08-21 17:38:11,203 INFO [191/240] Processing Stone Grey  https://www.polytec.com.au/colour/stone-grey/
2025-08-21 17:38:11,204 INFO run start colour=https://www.polytec.com.au/colour/stone-grey/
2025-08-21 17:38:11,610 INFO colour name: Stone Grey
2025-08-21 17:38:11,627 INFO finish tabs: 4
2025-08-21 17:38:11,646 INFO tab 1/4 -> Gloss
2025-08-21 17:38:11,651 INFO items in finish 'Gloss': 1
2025-08-21 17:38:11,651 INFO range -> Thermolaminated Doors and Panels
2025-08-21 17:38:16,052 INFO row 1: sku= title='Style 1 - 3' stock=EMPTY price=EMPTY qty_used=1 moq_min=1 step=1 time=4.40s
2025-08-21 17:38:16,088 INFO tab 2/4 -> Matt
2025-08-21 17:38:16,139 INFO items in finish 'Matt': 13
2025-08-21 17:38:16,139 INFO range -> Board Decorative
2025-08-21 17:38:17,110 INFO row 1: sku=25622 title='MDF 162412 DS Stone Grey Matt MR E0' stock=OK price=OK qty_used=1 moq_min=1 step=1 time=0.97s
2025-08-21 17:38:17,880 INFO row 2: sku=48427 title='MDF 163112 DS Stone Grey Matt MR E0' stock=OK price=OK qty_used=1 moq_min=1 step=1 time=0.77s
2025-08-21 17:38:18,647 INFO row 3: sku=46698 title='Particle 183618 DS Stone Grey Matt MR' stock=OK price=OK qty_used=1 moq_min=1 step=1 time=0.77s
2025-08-21 17:38:19,411 INFO row 4: sku=46701 title='LDF 253618  DS Stone Grey Matt STD E0' stock=OK price=OK qty_used=1 moq_min=1 step=1 time=0.76s
2025-08-21 17:38:20,183 INFO row 5: sku=46704 title='LDF 333618 DS Stone Grey Matt MR E0' stock=OK price=OK qty_used=1 moq_min=1 step=1 time=0.77s
2025-08-21 17:38:20,183 INFO range -> Edgetape Decorative
2025-08-21 17:38:21,241 INFO row 6: sku=19347 title='Rigid 1mm x 21mm UG 100m Stone Grey Matt' stock=OK price=OK qty_used=1 moq_min=1 step=1 time=1.06s
2025-08-21 17:38:22,284 INFO row 7: sku=19483 title='Rigid 1mm x 21mm UG 20m Stone Grey Matt' stock=OK price=OK qty_used=1 moq_min=1 step=1 time=1.04s
2025-08-21 17:38:23,344 INFO row 8: sku=44417 title='ABS 1mm x 29mm UG 100m Stone Grey Matt' stock=OK price=OK qty_used=1 moq_min=1 step=1 time=1.06s
2025-08-21 17:38:24,392 INFO row 9: sku=54006 title='ABS 1mm x 38mm UG 100m Stone Grey Matt' stock=OK price=OK qty_used=1 moq_min=1 step=1 time=1.05s
2025-08-21 17:38:24,392 INFO range -> Laminate
2025-08-21 17:38:25,453 INFO row 10: sku=25307 title='Laminate Stone Grey Matt 0.7mm 3650x1220' stock=OK price=OK qty_used=1 moq_min=1 step=1 time=1.06s
2025-08-21 17:38:25,454 INFO range -> Compact
2025-08-21 17:38:26,234 INFO row 11: sku=47181 title='Compact Laminate Stone Grey Matt BC 3660x1830 13mm' stock=OK price=OK qty_used=1 moq_min=1 step=1 time=0.78s
2025-08-21 17:38:26,996 INFO row 12: sku=55431 title='Compact Laminate Stone Grey Matt BC 3660x1830 5mm' stock=OK price=OK qty_used=1 moq_min=1 step=1 time=0.76s
2025-08-21 17:38:26,996 INFO range -> Alfresco Doors
2025-08-21 17:38:31,422 INFO row 13: sku= title='5mm Compact Laminate Insert' stock=EMPTY price=EMPTY qty_used=1 moq_min=1 step=1 time=4.43s
2025-08-21 17:38:31,446 INFO tab 3/4 -> Sheen
2025-08-21 17:38:31,461 INFO items in finish 'Sheen': 4
2025-08-21 17:38:31,461 INFO range -> Board Decorative
2025-08-21 17:38:32,221 INFO row 1: sku=25639 title='MDF 162412 DS Stone Grey Sheen LMG E0 Film' stock=OK price=OK qty_used=1 moq_min=1 step=1 time=0.76s
2025-08-21 17:38:32,221 INFO range -> Edgetape Decorative
2025-08-21 17:38:33,267 INFO row 2: sku=19379 title='Rigid 1mm x 21mm UG 100m Stone Grey Sheen' stock=OK price=OK qty_used=1 moq_min=1 step=1 time=1.05s
2025-08-21 17:38:34,300 INFO row 3: sku=19535 title='Rigid 1mm x 21mm UG 20m Stone Grey Sheen' stock=OK price=OK qty_used=1 moq_min=1 step=1 time=1.03s
2025-08-21 17:38:35,354 INFO row 4: sku=44282 title='ABS 1mm x 29mm UG 100m Stone Grey Sheen' stock=OK price=OK qty_used=1 moq_min=1 step=1 time=1.05s
2025-08-21 17:38:35,380 INFO tab 4/4 -> Smooth
2025-08-21 17:38:35,385 INFO items in finish 'Smooth': 1
2025-08-21 17:38:35,385 INFO range -> Thermolaminated Doors and Panels
2025-08-21 17:38:39,821 INFO row 1: sku= title='Style 1 - 6' stock=EMPTY price=EMPTY qty_used=1 moq_min=1 step=1 time=4.44s
2025-08-21 17:38:39,821 INFO run end rows=19
2025-08-21 17:38:39,823 INFO csv write: thermolaminated_doors_and_panels.csv sku= colour='Stone Grey'
2025-08-21 17:38:39,824 INFO csv write: board_decorative.csv sku=25622 colour='Stone Grey'
2025-08-21 17:38:39,825 INFO csv write: board_decorative.csv sku=48427 colour='Stone Grey'
2025-08-21 17:38:39,825 INFO csv write: board_decorative.csv sku=46698 colour='Stone Grey'
2025-08-21 17:38:39,825 INFO csv write: board_decorative.csv sku=46701 colour='Stone Grey'
2025-08-21 17:38:39,826 INFO csv write: board_decorative.csv sku=46704 colour='Stone Grey'
2025-08-21 17:38:39,826 INFO csv write: edgetape_decorative.csv sku=19347 colour='Stone Grey'
2025-08-21 17:38:39,827 INFO csv write: edgetape_decorative.csv sku=19483 colour='Stone Grey'
2025-08-21 17:38:39,827 INFO csv write: edgetape_decorative.csv sku=44417 colour='Stone Grey'
2025-08-21 17:38:39,827 INFO csv write: edgetape_decorative.csv sku=54006 colour='Stone Grey'
2025-08-21 17:38:39,827 INFO csv write: laminate.csv sku=25307 colour='Stone Grey'
2025-08-21 17:38:39,828 INFO csv write: compact.csv sku=47181 colour='Stone Grey'
2025-08-21 17:38:39,828 INFO csv write: compact.csv sku=55431 colour='Stone Grey'
2025-08-21 17:38:39,829 INFO csv write: alfresco_doors.csv sku= colour='Stone Grey'
2025-08-21 17:38:39,829 INFO csv write: board_decorative.csv sku=25639 colour='Stone Grey'
2025-08-21 17:38:39,829 INFO csv write: edgetape_decorative.csv sku=19379 colour='Stone Grey'
2025-08-21 17:38:39,830 INFO csv write: edgetape_decorative.csv sku=19535 colour='Stone Grey'
2025-08-21 17:38:39,830 INFO csv write: edgetape_decorative.csv sku=44282 colour='Stone Grey'
2025-08-21 17:38:39,830 INFO csv write: thermolaminated_doors_and_panels.csv sku= colour='Stone Grey'
2025-08-21 17:38:39,831 INFO [191/240] Done Stone Grey, rows=19, ranges=['Alfresco Doors', 'Board Decorative', 'Compact', 'Edgetape Decorative', 'Laminate', 'Thermolaminated Doors and Panels']
