2025-08-21 17:34:22,220 INFO [174/240] Processing Tessuto Milan  https://www.polytec.com.au/colour/tessuto-milan/
2025-08-21 17:34:22,220 INFO run start colour=https://www.polytec.com.au/colour/tessuto-milan/
2025-08-21 17:34:22,554 INFO colour name: Tessuto Milan
2025-08-21 17:34:22,562 INFO finish tabs: 2
2025-08-21 17:34:22,584 INFO tab 1/2 -> Matt
2025-08-21 17:34:22,603 INFO items in finish 'Matt': 5
2025-08-21 17:34:22,603 INFO range -> Board Decorative
2025-08-21 17:34:23,725 INFO row 1: sku=25808 title='MDF 162412 DS Tessuto Milan Matt MR E0' stock=OK price=OK qty_used=1 moq_min=1 step=1 time=1.12s
2025-08-21 17:34:23,725 INFO range -> Edgetape Decorative
2025-08-21 17:34:24,756 INFO row 2: sku=19547 title='Rigid 1mm x 21mm UG 100m Tessuto Milan Matt' stock=OK price=OK qty_used=1 moq_min=1 step=1 time=1.03s
2025-08-21 17:34:25,808 INFO row 3: sku=19550 title='Rigid 1mm x 21mm UG 20m Tessuto Milan Matt' stock=OK price=OK qty_used=1 moq_min=1 step=1 time=1.05s
2025-08-21 17:34:26,863 INFO row 4: sku=44420 title='ABS 1mm x 29mm UG 100m Tessuto Milan Matt' stock=OK price=OK qty_used=1 moq_min=1 step=1 time=1.05s
2025-08-21 17:34:26,863 INFO range -> Laminate
2025-08-21 17:34:27,927 INFO row 5: sku=26182 title='Laminate Tessuto Milan Matt 0.7mm 3650x1220' stock=OK price=OK qty_used=1 moq_min=1 step=1 time=1.06s
2025-08-21 17:34:27,955 INFO tab 2/2 -> Ravine
2025-08-21 17:34:27,997 INFO items in finish 'Ravine': 12
2025-08-21 17:34:27,997 INFO range -> Board Decorative
2025-08-21 17:34:29,115 INFO row 1: sku=26408 title='MDF 182412 DS Tessuto Milan Ravine MR E0' stock=OK price=OK qty_used=1 moq_min=1 step=1 time=1.12s
2025-08-21 17:34:29,882 INFO row 2: sku=26420 title='MDF 183112 DS Tessuto Milan Ravine MR E0' stock=OK price=OK qty_used=1 moq_min=1 step=1 time=0.77s
2025-08-21 17:34:30,657 INFO row 3: sku=43035 title='MDF 183618 DS Tessuto Milan Ravine MR E0' stock=OK price=OK qty_used=1 moq_min=1 step=1 time=0.77s
2025-08-21 17:34:31,414 INFO row 4: sku=43047 title='LDF 253618 DS Tessuto Milan Ravine STD E0' stock=OK price=OK qty_used=1 moq_min=1 step=1 time=0.76s
2025-08-21 17:34:32,180 INFO row 5: sku=43059 title='LDF 333618 DS Tessuto Milan Ravine MR E0' stock=OK price=OK qty_used=1 moq_min=1 step=1 time=0.77s
2025-08-21 17:34:32,948 INFO row 6: sku=42812 title='MDF 322412 DS Tessuto Milan Ravine MR E0' stock=OK price=OK qty_used=1 moq_min=1 step=1 time=0.77s
2025-08-21 17:34:33,716 INFO row 7: sku=42800 title='MDF 252412 DS Tessuto Milan Ravine MR E0' stock=OK price=OK qty_used=1 moq_min=1 step=1 time=0.77s
2025-08-21 17:34:33,716 INFO range -> Edgetape Decorative
2025-08-21 17:34:34,758 INFO row 8: sku=26445 title='ABS 1mm x 21mm UG 100m Tessuto Milan Ravine' stock=OK price=OK qty_used=1 moq_min=1 step=1 time=1.04s
2025-08-21 17:34:35,814 INFO row 9: sku=26447 title='ABS 1mm x 21mm UG 20m Tessuto Milan Ravine' stock=OK price=OK qty_used=1 moq_min=1 step=1 time=1.06s
2025-08-21 17:34:36,849 INFO row 10: sku=42704 title='ABS 1mm x 29mm UG 100m Tessuto Milan Ravine' stock=OK price=OK qty_used=1 moq_min=1 step=1 time=1.03s
2025-08-21 17:34:37,913 INFO row 11: sku=42785 title='ABS 1mm x 38mm UG 100m Tessuto Milan Ravine' stock=OK price=OK qty_used=1 moq_min=1 step=1 time=1.06s
2025-08-21 17:34:37,913 INFO range -> Laminate
2025-08-21 17:34:38,977 INFO row 12: sku=42718 title='Laminate Tessuto Milan Ravine 0.7mm 3650x1220' stock=OK price=OK qty_used=1 moq_min=1 step=1 time=1.06s
2025-08-21 17:34:38,979 INFO run end rows=17
2025-08-21 17:34:38,980 INFO csv write: board_decorative.csv sku=25808 colour='Tessuto Milan'
2025-08-21 17:34:38,981 INFO csv write: edgetape_decorative.csv sku=19547 colour='Tessuto Milan'
2025-08-21 17:34:38,981 INFO csv write: edgetape_decorative.csv sku=19550 colour='Tessuto Milan'
2025-08-21 17:34:38,981 INFO csv write: edgetape_decorative.csv sku=44420 colour='Tessuto Milan'
2025-08-21 17:34:38,982 INFO csv write: laminate.csv sku=26182 colour='Tessuto Milan'
2025-08-21 17:34:38,982 INFO csv write: board_decorative.csv sku=26408 colour='Tessuto Milan'
2025-08-21 17:34:38,982 INFO csv write: board_decorative.csv sku=26420 colour='Tessuto Milan'
2025-08-21 17:34:38,982 INFO csv write: board_decorative.csv sku=43035 colour='Tessuto Milan'
2025-08-21 17:34:38,983 INFO csv write: board_decorative.csv sku=43047 colour='Tessuto Milan'
2025-08-21 17:34:38,983 INFO csv write: board_decorative.csv sku=43059 colour='Tessuto Milan'
2025-08-21 17:34:38,983 INFO csv write: board_decorative.csv sku=42812 colour='Tessuto Milan'
2025-08-21 17:34:38,983 INFO csv write: board_decorative.csv sku=42800 colour='Tessuto Milan'
2025-08-21 17:34:38,984 INFO csv write: edgetape_decorative.csv sku=26445 colour='Tessuto Milan'
2025-08-21 17:34:38,984 INFO csv write: edgetape_decorative.csv sku=26447 colour='Tessuto Milan'
2025-08-21 17:34:38,984 INFO csv write: edgetape_decorative.csv sku=42704 colour='Tessuto Milan'
2025-08-21 17:34:38,984 INFO csv write: edgetape_decorative.csv sku=42785 colour='Tessuto Milan'
2025-08-21 17:34:38,984 INFO csv write: laminate.csv sku=42718 colour='Tessuto Milan'
2025-08-21 17:34:38,985 INFO [174/240] Done Tessuto Milan, rows=17, ranges=['Board Decorative', 'Edgetape Decorative', 'Laminate']
