2025-08-21 17:39:16,327 INFO [198/240] Processing Titanium  https://www.polytec.com.au/colour/titanium/
2025-08-21 17:39:16,327 INFO run start colour=https://www.polytec.com.au/colour/titanium/
2025-08-21 17:39:16,680 INFO colour name: Titanium
2025-08-21 17:39:16,684 INFO finish tabs: 1
2025-08-21 17:39:16,704 INFO tab 1/1 -> Matt
2025-08-21 17:39:16,756 INFO items in finish 'Matt': 11
2025-08-21 17:39:16,756 INFO range -> Board Decorative
2025-08-21 17:39:17,887 INFO row 1: sku=43706 title='MDF 162412 DS Titanium Matt MR E0' stock=OK price=OK qty_used=1 moq_min=1 step=1 time=1.13s
2025-08-21 17:39:18,677 INFO row 2: sku=47159 title='Particle 162412 DS Titanium Matt MR' stock=OK price=OK qty_used=1 moq_min=1 step=1 time=0.79s
2025-08-21 17:39:19,528 INFO row 3: sku=41875 title='Particle 183618 DS Titanium Matt MR' stock=OK price=OK qty_used=1 moq_min=1 step=1 time=0.85s
2025-08-21 17:39:20,545 INFO row 4: sku=45425 title='LDF 253618 DS Titanium Matt STD E0' stock=OK price=OK qty_used=1 moq_min=1 step=1 time=1.02s
2025-08-21 17:39:21,510 INFO row 5: sku=41877 title='LDF 333618 DS Titanium Matt MR E0' stock=OK price=OK qty_used=1 moq_min=1 step=1 time=0.96s
2025-08-21 17:39:21,510 INFO range -> Edgetape Decorative
2025-08-21 17:39:22,275 INFO row 6: sku=43757 title='ABS 1mm x 22mm UG 100m Titanium Matt' stock=OK price=OK qty_used=1 moq_min=1 step=1 time=0.77s
2025-08-21 17:39:23,338 INFO row 7: sku=43731 title='ABS 1mm x 22mm UG 20m Titanium Matt' stock=OK price=OK qty_used=1 moq_min=1 step=1 time=1.06s
2025-08-21 17:39:24,403 INFO row 8: sku=51716 title='ABS 1mm x 29mm UG 100m Titanium Matt' stock=OK price=OK qty_used=1 moq_min=1 step=1 time=1.07s
2025-08-21 17:39:25,474 INFO row 9: sku=54007 title='ABS 1mm x 38mm UG 100m Titanium Matt' stock=OK price=OK qty_used=1 moq_min=1 step=1 time=1.07s
2025-08-21 17:39:25,474 INFO range -> Laminate
2025-08-21 17:39:26,528 INFO row 10: sku=42866 title='Laminate Titanium Matt 0.7mm 3650x1220' stock=OK price=OK qty_used=1 moq_min=1 step=1 time=1.05s
2025-08-21 17:39:26,528 INFO range -> Compact
2025-08-21 17:39:27,289 INFO row 11: sku=42868 title='Compact Laminate Titanium Matt BC 3660x1830 13mm' stock=OK price=OK qty_used=1 moq_min=1 step=1 time=0.76s
2025-08-21 17:39:27,289 INFO run end rows=11
2025-08-21 17:39:27,289 INFO csv write: board_decorative.csv sku=43706 colour='Titanium'
2025-08-21 17:39:27,290 INFO csv write: board_decorative.csv sku=47159 colour='Titanium'
2025-08-21 17:39:27,290 INFO csv write: board_decorative.csv sku=41875 colour='Titanium'
2025-08-21 17:39:27,290 INFO csv write: board_decorative.csv sku=45425 colour='Titanium'
2025-08-21 17:39:27,290 INFO csv write: board_decorative.csv sku=41877 colour='Titanium'
2025-08-21 17:39:27,291 INFO csv write: edgetape_decorative.csv sku=43757 colour='Titanium'
2025-08-21 17:39:27,291 INFO csv write: edgetape_decorative.csv sku=43731 colour='Titanium'
2025-08-21 17:39:27,291 INFO csv write: edgetape_decorative.csv sku=51716 colour='Titanium'
2025-08-21 17:39:27,291 INFO csv write: edgetape_decorative.csv sku=54007 colour='Titanium'
2025-08-21 17:39:27,291 INFO csv write: laminate.csv sku=42866 colour='Titanium'
2025-08-21 17:39:27,291 INFO csv write: compact.csv sku=42868 colour='Titanium'
2025-08-21 17:39:27,292 INFO [198/240] Done Titanium, rows=11, ranges=['Board Decorative', 'Compact', 'Edgetape Decorative', 'Laminate']
