2025-08-21 16:54:46,574 INFO [54/240] Processing Tivoli Ceppo  https://www.polytec.com.au/colour/tivoli-ceppo/
2025-08-21 16:54:46,574 INFO run start colour=https://www.polytec.com.au/colour/tivoli-ceppo/
2025-08-21 16:54:46,972 INFO colour name: Tivoli Ceppo
2025-08-21 16:54:46,977 INFO finish tabs: 1
2025-08-21 16:54:46,997 INFO tab 1/1 -> Smooth
2025-08-21 16:54:47,017 INFO items in finish 'Smooth': 5
2025-08-21 16:54:47,017 INFO range -> Laminate
2025-08-21 16:54:48,133 INFO row 1: sku=52110 title='Laminate Tivoli Ceppo Smooth 0.7mm 3650x1360' stock=OK price=OK qty_used=1 moq_min=1 step=1 time=1.12s
2025-08-21 16:54:49,161 INFO row 2: sku=52883 title='Laminate Tivoli Ceppo Smooth HL 0.7mm 3650x680' stock=OK price=OK qty_used=1 moq_min=1 step=1 time=1.03s
2025-08-21 16:54:50,192 INFO row 3: sku=52884 title='Laminate Tivoli Ceppo Smooth HS 0.7mm 1825x1360' stock=OK price=OK qty_used=1 moq_min=1 step=1 time=1.03s
2025-08-21 16:54:51,229 INFO row 4: sku=52885 title='Laminate Tivoli Ceppo Smooth Q 0.7mm 1825x680' stock=OK price=OK qty_used=1 moq_min=1 step=1 time=1.04s
2025-08-21 16:54:51,229 INFO range -> Compact
2025-08-21 16:54:51,983 INFO row 5: sku=52147 title='Compact Laminate Tivoli Ceppo Smooth BC 3660x1830 13mm' stock=OK price=OK qty_used=1 moq_min=1 step=1 time=0.75s
2025-08-21 16:54:51,983 INFO run end rows=5
2025-08-21 16:54:51,983 INFO csv write: laminate.csv sku=52110 colour='Tivoli Ceppo'
2025-08-21 16:54:51,984 INFO csv write: laminate.csv sku=52883 colour='Tivoli Ceppo'
2025-08-21 16:54:51,984 INFO csv write: laminate.csv sku=52884 colour='Tivoli Ceppo'
2025-08-21 16:54:51,984 INFO csv write: laminate.csv sku=52885 colour='Tivoli Ceppo'
2025-08-21 16:54:51,984 INFO csv write: compact.csv sku=52147 colour='Tivoli Ceppo'
2025-08-21 16:54:51,985 INFO [54/240] Done Tivoli Ceppo, rows=5, ranges=['Compact', 'Laminate']
