2025-08-21 16:48:44,826 INFO [29/240] Processing Topiary  https://www.polytec.com.au/colour/topiary/
2025-08-21 16:48:44,826 INFO run start colour=https://www.polytec.com.au/colour/topiary/
2025-08-21 16:48:45,288 INFO colour name: Topiary
2025-08-21 16:48:45,301 INFO finish tabs: 3
2025-08-21 16:48:45,324 INFO tab 1/3 -> Matt
2025-08-21 16:48:45,350 INFO items in finish 'Matt': 6
2025-08-21 16:48:45,350 INFO range -> Board Decorative
2025-08-21 16:48:46,492 INFO row 1: sku=51239 title='Particle 183618 DS Topiary Matt MR' stock=OK price=OK qty_used=1 moq_min=1 step=1 time=1.14s
2025-08-21 16:48:47,245 INFO row 2: sku=57077 title='LDF 333618 DS Topiary Matt MR E0' stock=OK price=OK qty_used=1 moq_min=1 step=1 time=0.75s
2025-08-21 16:48:48,018 INFO row 3: sku=57076 title='LDF 253618 DS Topiary Matt STD E0' stock=OK price=OK qty_used=1 moq_min=1 step=1 time=0.77s
2025-08-21 16:48:48,019 INFO range -> Edgetape Decorative
2025-08-21 16:48:49,060 INFO row 4: sku=57078 title='ABS 1mm x 21mm UG 100m Topiary Matt' stock=OK price=OK qty_used=1 moq_min=1 step=1 time=1.04s
2025-08-21 16:48:50,113 INFO row 5: sku=57079 title='ABS 1mm x 29mm UG 100m Topiary Matt' stock=OK price=OK qty_used=1 moq_min=1 step=1 time=1.05s
2025-08-21 16:48:51,144 INFO row 6: sku=57080 title='ABS 1mm x 38mm UG 100m Topiary Matt' stock=OK price=OK qty_used=1 moq_min=1 step=1 time=1.03s
2025-08-21 16:48:51,177 INFO tab 2/3 -> Smooth
2025-08-21 16:48:51,227 INFO items in finish 'Smooth': 14
2025-08-21 16:48:51,227 INFO range -> Board Decorative
2025-08-21 16:48:52,336 INFO row 1: sku=51424 title='MDF 162412 DS Topiary Smooth MR E0 Film' stock=OK price=OK qty_used=1 moq_min=1 step=1 time=1.11s
2025-08-21 16:48:53,106 INFO row 2: sku=56690 title='MDF 183112 DS Topiary Smooth MR E0 Film Down' stock=OK price=OK qty_used=1 moq_min=1 step=1 time=0.77s
2025-08-21 16:48:53,869 INFO row 3: sku=56691 title='MDF 253112 DS Topiary Smooth MR E0 Film Down' stock=OK price=OK qty_used=1 moq_min=1 step=1 time=0.76s
2025-08-21 16:48:54,619 INFO row 4: sku=56692 title='MDF 323112 DS Topiary Smooth MR E0 Film Down' stock=OK price=OK qty_used=1 moq_min=1 step=1 time=0.75s
2025-08-21 16:48:54,619 INFO range -> Edgetape Decorative
2025-08-21 16:48:55,660 INFO row 5: sku=51444 title='ABS 1mm x 21mm UG 100m Topiary Smooth' stock=OK price=OK qty_used=1 moq_min=1 step=1 time=1.04s
2025-08-21 16:48:56,713 INFO row 6: sku=51432 title='ABS 1mm x 21mm UG 20m Topiary Smooth' stock=OK price=OK qty_used=1 moq_min=1 step=1 time=1.05s
2025-08-21 16:48:57,758 INFO row 7: sku=51457 title='ABS 1mm x 29mm UG 100m Topiary Smooth' stock=OK price=OK qty_used=1 moq_min=1 step=1 time=1.04s
2025-08-21 16:48:58,836 INFO row 8: sku=53910 title='ABS 1mm x 38mm UG 100m Topiary Smooth' stock=OK price=OK qty_used=1 moq_min=1 step=1 time=1.08s
2025-08-21 16:48:58,836 INFO range -> Laminate
2025-08-21 16:48:59,880 INFO row 9: sku=57823 title='Laminate Topiary Smooth 0.7mm 3650x1360' stock=OK price=OK qty_used=1 moq_min=1 step=1 time=1.04s
2025-08-21 16:49:00,953 INFO row 10: sku=57824 title='Laminate Topiary Smooth HL 0.7mm 3650x680' stock=OK price=OK qty_used=1 moq_min=1 step=1 time=1.07s
2025-08-21 16:49:01,992 INFO row 11: sku=57825 title='Laminate Topiary Smooth HS 0.7mm 1825x1360' stock=OK price=OK qty_used=1 moq_min=1 step=1 time=1.04s
2025-08-21 16:49:03,044 INFO row 12: sku=57826 title='Laminate Topiary Smooth Q 0.7mm 1825x680' stock=OK price=OK qty_used=1 moq_min=1 step=1 time=1.05s
2025-08-21 16:49:03,044 INFO range -> Compact
2025-08-21 16:49:03,820 INFO row 13: sku=56205 title='Compact Laminate Topiary Smooth BC 3660x1830 13mm' stock=OK price=OK qty_used=1 moq_min=1 step=1 time=0.78s
2025-08-21 16:49:03,820 INFO range -> Thermolaminated Doors and Panels
2025-08-21 16:49:08,261 INFO row 14: sku= title='Style 1 - 6' stock=EMPTY price=EMPTY qty_used=1 moq_min=1 step=1 time=4.44s
2025-08-21 16:49:08,297 INFO tab 3/3 -> Venette
2025-08-21 16:49:08,318 INFO items in finish 'Venette': 5
2025-08-21 16:49:08,318 INFO range -> Board Decorative
2025-08-21 16:49:09,301 INFO row 1: sku=54716 title='MDF 182412 SS Topiary Venette LMG E0' stock=OK price=OK qty_used=1 moq_min=1 step=1 time=0.98s
2025-08-21 16:49:10,069 INFO row 2: sku=54717 title='MDF 182412 DS Topiary Venette LMG E0' stock=OK price=OK qty_used=1 moq_min=1 step=1 time=0.77s
2025-08-21 16:49:10,069 INFO range -> Edgetape Decorative
2025-08-21 16:49:11,103 INFO row 3: sku=54718 title='ABS 1mm x 21mm UG 100m Topiary Venette' stock=OK price=OK qty_used=1 moq_min=1 step=1 time=1.03s
2025-08-21 16:49:12,138 INFO row 4: sku=54719 title='ABS 1mm x 21mm UG 20m Topiary Venette' stock=OK price=OK qty_used=1 moq_min=1 step=1 time=1.04s
2025-08-21 16:49:13,222 INFO row 5: sku=54721 title='ABS 1mm x 29mm UG 100m Topiary Venette' stock=OK price=OK qty_used=1 moq_min=1 step=1 time=1.08s
2025-08-21 16:49:13,222 INFO run end rows=25
2025-08-21 16:49:13,223 INFO csv write: board_decorative.csv sku=51239 colour='Topiary'
2025-08-21 16:49:13,223 INFO csv write: board_decorative.csv sku=57077 colour='Topiary'
2025-08-21 16:49:13,224 INFO csv write: board_decorative.csv sku=57076 colour='Topiary'
2025-08-21 16:49:13,224 INFO csv write: edgetape_decorative.csv sku=57078 colour='Topiary'
2025-08-21 16:49:13,224 INFO csv write: edgetape_decorative.csv sku=57079 colour='Topiary'
2025-08-21 16:49:13,224 INFO csv write: edgetape_decorative.csv sku=57080 colour='Topiary'
2025-08-21 16:49:13,224 INFO csv write: board_decorative.csv sku=51424 colour='Topiary'
2025-08-21 16:49:13,225 INFO csv write: board_decorative.csv sku=56690 colour='Topiary'
2025-08-21 16:49:13,225 INFO csv write: board_decorative.csv sku=56691 colour='Topiary'
2025-08-21 16:49:13,225 INFO csv write: board_decorative.csv sku=56692 colour='Topiary'
2025-08-21 16:49:13,225 INFO csv write: edgetape_decorative.csv sku=51444 colour='Topiary'
2025-08-21 16:49:13,225 INFO csv write: edgetape_decorative.csv sku=51432 colour='Topiary'
2025-08-21 16:49:13,225 INFO csv write: edgetape_decorative.csv sku=51457 colour='Topiary'
2025-08-21 16:49:13,226 INFO csv write: edgetape_decorative.csv sku=53910 colour='Topiary'
2025-08-21 16:49:13,226 INFO csv write: laminate.csv sku=57823 colour='Topiary'
2025-08-21 16:49:13,226 INFO csv write: laminate.csv sku=57824 colour='Topiary'
2025-08-21 16:49:13,226 INFO csv write: laminate.csv sku=57825 colour='Topiary'
2025-08-21 16:49:13,226 INFO csv write: laminate.csv sku=57826 colour='Topiary'
2025-08-21 16:49:13,227 INFO csv write: compact.csv sku=56205 colour='Topiary'
2025-08-21 16:49:13,227 INFO csv write: thermolaminated_doors_and_panels.csv sku= colour='Topiary'
2025-08-21 16:49:13,227 INFO csv write: board_decorative.csv sku=54716 colour='Topiary'
2025-08-21 16:49:13,227 INFO csv write: board_decorative.csv sku=54717 colour='Topiary'
2025-08-21 16:49:13,227 INFO csv write: edgetape_decorative.csv sku=54718 colour='Topiary'
2025-08-21 16:49:13,227 INFO csv write: edgetape_decorative.csv sku=54719 colour='Topiary'
2025-08-21 16:49:13,228 INFO csv write: edgetape_decorative.csv sku=54721 colour='Topiary'
2025-08-21 16:49:13,228 INFO [29/240] Done Topiary, rows=25, ranges=['Board Decorative', 'Compact', 'Edgetape Decorative', 'Laminate', 'Thermolaminated Doors and Panels']
