2025-08-21 17:17:08,634 INFO [149/240] Processing Tuross Oak  https://www.polytec.com.au/colour/tuross-oak/
2025-08-21 17:17:08,634 INFO run start colour=https://www.polytec.com.au/colour/tuross-oak/
2025-08-21 17:17:08,940 INFO colour name: Tuross Oak
2025-08-21 17:17:08,963 INFO finish tabs: 1
2025-08-21 17:17:08,986 INFO tab 1/1 -> Matt
2025-08-21 17:17:09,018 INFO items in finish 'Matt': 9
2025-08-21 17:17:09,018 INFO range -> Board Decorative
2025-08-21 17:17:10,141 INFO row 1: sku=6101 title='MDF 162412 DS Tuross Oak Matt MR E0' stock=OK price=OK qty_used=1 moq_min=1 step=1 time=1.12s
2025-08-21 17:17:10,910 INFO row 2: sku=26146 title='Particle 183618 DS Tuross Oak Matt MR' stock=OK price=OK qty_used=1 moq_min=1 step=1 time=0.77s
2025-08-21 17:17:11,673 INFO row 3: sku=26579 title='LDF 333618 DS Tuross Oak Matt MR E0' stock=OK price=OK qty_used=1 moq_min=1 step=1 time=0.76s
2025-08-21 17:17:12,427 INFO row 4: sku=26578 title='LDF 253618  DS Tuross Oak Matt STD E0' stock=OK price=OK qty_used=1 moq_min=1 step=1 time=0.75s
2025-08-21 17:17:12,428 INFO range -> Edgetape Decorative
2025-08-21 17:17:13,474 INFO row 5: sku=8188 title='Rigid 1mm x 21mm UG 100m Tuross Oak Matt' stock=OK price=OK qty_used=1 moq_min=1 step=1 time=1.05s
2025-08-21 17:17:14,520 INFO row 6: sku=17722 title='Rigid 1mm x 21mm UG 20m Tuross Oak Matt' stock=OK price=OK qty_used=1 moq_min=1 step=1 time=1.05s
2025-08-21 17:17:15,547 INFO row 7: sku=54009 title='ABS 1mm x 38mm UG 100m Tuross Oak Matt' stock=OK price=OK qty_used=1 moq_min=1 step=1 time=1.03s
2025-08-21 17:17:16,590 INFO row 8: sku=51707 title='ABS 1mm x 29mm UG 100m Tuross Oak Matt' stock=OK price=OK qty_used=1 moq_min=1 step=1 time=1.04s
2025-08-21 17:17:16,590 INFO range -> Laminate
2025-08-21 17:17:17,655 INFO row 9: sku=5544 title='Laminate Tuross Oak Matt 0.7mm 3650x1220' stock=OK price=OK qty_used=1 moq_min=1 step=1 time=1.07s
2025-08-21 17:17:17,656 INFO run end rows=9
2025-08-21 17:17:17,656 INFO csv write: board_decorative.csv sku=6101 colour='Tuross Oak'
2025-08-21 17:17:17,656 INFO csv write: board_decorative.csv sku=26146 colour='Tuross Oak'
2025-08-21 17:17:17,657 INFO csv write: board_decorative.csv sku=26579 colour='Tuross Oak'
2025-08-21 17:17:17,657 INFO csv write: board_decorative.csv sku=26578 colour='Tuross Oak'
2025-08-21 17:17:17,657 INFO csv write: edgetape_decorative.csv sku=8188 colour='Tuross Oak'
2025-08-21 17:17:17,657 INFO csv write: edgetape_decorative.csv sku=17722 colour='Tuross Oak'
2025-08-21 17:17:17,657 INFO csv write: edgetape_decorative.csv sku=54009 colour='Tuross Oak'
2025-08-21 17:17:17,658 INFO csv write: edgetape_decorative.csv sku=51707 colour='Tuross Oak'
2025-08-21 17:17:17,658 INFO csv write: laminate.csv sku=5544 colour='Tuross Oak'
2025-08-21 17:17:17,658 INFO [149/240] Done Tuross Oak, rows=9, ranges=['Board Decorative', 'Edgetape Decorative', 'Laminate']
