2025-08-21 16:47:40,525 INFO [25/240] Processing Verdelho  https://www.polytec.com.au/colour/verdelho/
2025-08-21 16:47:40,526 INFO run start colour=https://www.polytec.com.au/colour/verdelho/
2025-08-21 16:47:40,941 INFO colour name: Verdelho
2025-08-21 16:47:40,946 INFO finish tabs: 1
2025-08-21 16:47:40,971 INFO tab 1/1 -> Smooth
2025-08-21 16:47:41,036 INFO items in finish 'Smooth': 14
2025-08-21 16:47:41,036 INFO range -> Board Decorative
2025-08-21 16:47:42,175 INFO row 1: sku=52828 title='MDF 162412 DS Verdelho Smooth MR E0 Film' stock=OK price=OK qty_used=1 moq_min=1 step=1 time=1.14s
2025-08-21 16:47:42,930 INFO row 2: sku=56693 title='MDF 183112 DS Verdelho Smooth MR E0 Film Down' stock=OK price=OK qty_used=1 moq_min=1 step=1 time=0.76s
2025-08-21 16:47:43,702 INFO row 3: sku=56695 title='MDF 323112 DS Verdelho Smooth MR E0 Film Down' stock=OK price=OK qty_used=1 moq_min=1 step=1 time=0.77s
2025-08-21 16:47:44,465 INFO row 4: sku=56694 title='MDF 253112 DS Verdelho Smooth MR E0 Film Down' stock=OK price=OK qty_used=1 moq_min=1 step=1 time=0.76s
2025-08-21 16:47:44,466 INFO range -> Edgetape Decorative
2025-08-21 16:47:45,512 INFO row 5: sku=52831 title='ABS 1mm x 21mm UG 100m Verdelho Smooth' stock=OK price=OK qty_used=1 moq_min=1 step=1 time=1.05s
2025-08-21 16:47:46,565 INFO row 6: sku=52829 title='ABS 1mm x 21mm UG 20m Verdelho Smooth' stock=OK price=OK qty_used=1 moq_min=1 step=1 time=1.05s
2025-08-21 16:47:47,614 INFO row 7: sku=52832 title='ABS 1mm x 29mm UG 100m Verdelho Smooth' stock=OK price=OK qty_used=1 moq_min=1 step=1 time=1.05s
2025-08-21 16:47:48,665 INFO row 8: sku=53487 title='ABS 1mm x 38mm UG 100m Verdelho Smooth' stock=OK price=OK qty_used=1 moq_min=1 step=1 time=1.05s
2025-08-21 16:47:48,665 INFO range -> Laminate
2025-08-21 16:47:49,707 INFO row 9: sku=57827 title='Laminate Verdelho Smooth 0.7mm 3650x1360' stock=OK price=OK qty_used=1 moq_min=1 step=1 time=1.04s
2025-08-21 16:47:50,733 INFO row 10: sku=57828 title='Laminate Verdelho Smooth HL 0.7mm 3650x680' stock=OK price=OK qty_used=1 moq_min=1 step=1 time=1.03s
2025-08-21 16:47:51,776 INFO row 11: sku=57830 title='Laminate Verdelho Smooth Q 0.7mm 1825x680' stock=OK price=OK qty_used=1 moq_min=1 step=1 time=1.04s
2025-08-21 16:47:52,855 INFO row 12: sku=57829 title='Laminate Verdelho Smooth HS 0.7mm 1825x1360' stock=OK price=OK qty_used=1 moq_min=1 step=1 time=1.08s
2025-08-21 16:47:52,855 INFO range -> Compact
2025-08-21 16:47:53,622 INFO row 13: sku=52503 title='Compact Laminate Verdelho Smooth BC 3660x1830 13mm' stock=OK price=OK qty_used=1 moq_min=1 step=1 time=0.77s
2025-08-21 16:47:53,622 INFO range -> Thermolaminated Doors and Panels
2025-08-21 16:47:58,058 INFO row 14: sku= title='Style 1 - 6' stock=EMPTY price=EMPTY qty_used=1 moq_min=1 step=1 time=4.44s
2025-08-21 16:47:58,059 INFO run end rows=14
2025-08-21 16:47:58,059 INFO csv write: board_decorative.csv sku=52828 colour='Verdelho'
2025-08-21 16:47:58,060 INFO csv write: board_decorative.csv sku=56693 colour='Verdelho'
2025-08-21 16:47:58,060 INFO csv write: board_decorative.csv sku=56695 colour='Verdelho'
2025-08-21 16:47:58,060 INFO csv write: board_decorative.csv sku=56694 colour='Verdelho'
2025-08-21 16:47:58,061 INFO csv write: edgetape_decorative.csv sku=52831 colour='Verdelho'
2025-08-21 16:47:58,061 INFO csv write: edgetape_decorative.csv sku=52829 colour='Verdelho'
2025-08-21 16:47:58,061 INFO csv write: edgetape_decorative.csv sku=52832 colour='Verdelho'
2025-08-21 16:47:58,062 INFO csv write: edgetape_decorative.csv sku=53487 colour='Verdelho'
2025-08-21 16:47:58,062 INFO csv write: laminate.csv sku=57827 colour='Verdelho'
2025-08-21 16:47:58,062 INFO csv write: laminate.csv sku=57828 colour='Verdelho'
2025-08-21 16:47:58,062 INFO csv write: laminate.csv sku=57830 colour='Verdelho'
2025-08-21 16:47:58,063 INFO csv write: laminate.csv sku=57829 colour='Verdelho'
2025-08-21 16:47:58,063 INFO csv write: compact.csv sku=52503 colour='Verdelho'
2025-08-21 16:47:58,063 INFO csv write: thermolaminated_doors_and_panels.csv sku= colour='Verdelho'
2025-08-21 16:47:58,063 INFO [25/240] Done Verdelho, rows=14, ranges=['Board Decorative', 'Compact', 'Edgetape Decorative', 'Laminate', 'Thermolaminated Doors and Panels']
