2025-08-21 17:12:34,249 INFO [123/240] Processing Whitewood  https://www.polytec.com.au/colour/whitewood/
2025-08-21 17:12:34,250 INFO run start colour=https://www.polytec.com.au/colour/whitewood/
2025-08-21 17:12:34,553 INFO colour name: Whitewood
2025-08-21 17:12:34,557 INFO finish tabs: 1
2025-08-21 17:12:34,575 INFO tab 1/1 -> Matt
2025-08-21 17:12:34,593 INFO items in finish 'Matt': 5
2025-08-21 17:12:34,593 INFO range -> Board Decorative
2025-08-21 17:12:35,754 INFO row 1: sku=17445 title='MDF 162412 DS Whitewood Matt MR E0' stock=OK price=OK qty_used=1 moq_min=1 step=1 time=1.16s
2025-08-21 17:12:35,755 INFO range -> Edgetape Decorative
2025-08-21 17:12:36,977 INFO row 2: sku=27502 title='ABS 1mm x 22mm UG 100m Whitewood Matt' stock=OK price=OK qty_used=1 moq_min=1 step=1 time=1.22s
2025-08-21 17:12:38,026 INFO row 3: sku=34199 title='ABS 1mm x 22mm UG 20m Whitewood Matt' stock=OK price=OK qty_used=1 moq_min=1 step=1 time=1.05s
2025-08-21 17:12:39,081 INFO row 4: sku=51708 title='ABS 1mm x 29mm UG 100m Whitewood Matt' stock=OK price=OK qty_used=1 moq_min=1 step=1 time=1.05s
2025-08-21 17:12:39,081 INFO range -> Laminate
2025-08-21 17:12:40,149 INFO row 5: sku=33388 title='Laminate Whitewood Matt 0.7mm 3650x1220' stock=OK price=OK qty_used=1 moq_min=1 step=1 time=1.07s
2025-08-21 17:12:40,149 INFO run end rows=5
2025-08-21 17:12:40,150 INFO csv write: board_decorative.csv sku=17445 colour='Whitewood'
2025-08-21 17:12:40,150 INFO csv write: edgetape_decorative.csv sku=27502 colour='Whitewood'
2025-08-21 17:12:40,150 INFO csv write: edgetape_decorative.csv sku=34199 colour='Whitewood'
2025-08-21 17:12:40,150 INFO csv write: edgetape_decorative.csv sku=51708 colour='Whitewood'
2025-08-21 17:12:40,151 INFO csv write: laminate.csv sku=33388 colour='Whitewood'
2025-08-21 17:12:40,151 INFO [123/240] Done Whitewood, rows=5, ranges=['Board Decorative', 'Edgetape Decorative', 'Laminate']
