2025-08-21 17:12:15,207 INFO [120/240] Processing White Mist  https://www.polytec.com.au/colour/white-mist/
2025-08-21 17:12:15,208 INFO run start colour=https://www.polytec.com.au/colour/white-mist/
2025-08-21 17:12:15,534 INFO colour name: White Mist
2025-08-21 17:12:15,541 INFO finish tabs: 2
2025-08-21 17:12:15,561 INFO tab 1/2 -> Matt
2025-08-21 17:12:15,583 INFO items in finish 'Matt': 5
2025-08-21 17:12:15,583 INFO range -> Board Decorative
2025-08-21 17:12:16,700 INFO row 1: sku=25623 title='MDF 162412 DS White Mist Matt MR E0' stock=OK price=OK qty_used=1 moq_min=1 step=1 time=1.12s
2025-08-21 17:12:16,700 INFO range -> Edgetape Decorative
2025-08-21 17:12:17,755 INFO row 2: sku=19348 title='Rigid 1mm x 21mm UG 100m White Mist Matt' stock=OK price=OK qty_used=1 moq_min=1 step=1 time=1.05s
2025-08-21 17:12:18,796 INFO row 3: sku=19484 title='Rigid 1mm x 21mm UG 20m White Mist Matt' stock=OK price=OK qty_used=1 moq_min=1 step=1 time=1.04s
2025-08-21 17:12:19,848 INFO row 4: sku=44422 title='ABS 1mm x 29mm UG 100m White Mist Matt' stock=OK price=OK qty_used=1 moq_min=1 step=1 time=1.05s
2025-08-21 17:12:19,848 INFO range -> Laminate
2025-08-21 17:12:20,896 INFO row 5: sku=26183 title='Laminate White Mist Matt 0.7mm 3650x1220' stock=OK price=OK qty_used=1 moq_min=1 step=1 time=1.05s
2025-08-21 17:12:20,920 INFO tab 2/2 -> Sheen
2025-08-21 17:12:20,932 INFO items in finish 'Sheen': 3
2025-08-21 17:12:20,933 INFO range -> Board Decorative
2025-08-21 17:12:22,569 INFO row 1: sku=25640 title='MDF 162412 DS White Mist Sheen LMG E0 No Film' stock=OK price=OK qty_used=1 moq_min=1 step=1 time=1.64s
2025-08-21 17:12:22,569 INFO range -> Edgetape Decorative
2025-08-21 17:12:23,610 INFO row 2: sku=19380 title='Rigid 1mm x 21mm UG 100m White Mist Sheen' stock=OK price=OK qty_used=1 moq_min=1 step=1 time=1.04s
2025-08-21 17:12:24,639 INFO row 3: sku=19536 title='Rigid 1mm x 21mm UG 20m White Mist Sheen' stock=OK price=OK qty_used=1 moq_min=1 step=1 time=1.03s
2025-08-21 17:12:24,639 INFO run end rows=8
2025-08-21 17:12:24,640 INFO csv write: board_decorative.csv sku=25623 colour='White Mist'
2025-08-21 17:12:24,640 INFO csv write: edgetape_decorative.csv sku=19348 colour='White Mist'
2025-08-21 17:12:24,640 INFO csv write: edgetape_decorative.csv sku=19484 colour='White Mist'
2025-08-21 17:12:24,640 INFO csv write: edgetape_decorative.csv sku=44422 colour='White Mist'
2025-08-21 17:12:24,641 INFO csv write: laminate.csv sku=26183 colour='White Mist'
2025-08-21 17:12:24,641 INFO csv write: board_decorative.csv sku=25640 colour='White Mist'
2025-08-21 17:12:24,641 INFO csv write: edgetape_decorative.csv sku=19380 colour='White Mist'
2025-08-21 17:12:24,641 INFO csv write: edgetape_decorative.csv sku=19536 colour='White Mist'
2025-08-21 17:12:24,642 INFO [120/240] Done White Mist, rows=8, ranges=['Board Decorative', 'Edgetape Decorative', 'Laminate']
