2025-08-21 16:56:28,036 INFO [68/240] Processing White Cement  https://www.polytec.com.au/colour/white-cement/
2025-08-21 16:56:28,036 INFO run start colour=https://www.polytec.com.au/colour/white-cement/
2025-08-21 16:56:28,514 INFO colour name: White Cement
2025-08-21 16:56:28,526 INFO finish tabs: 3
2025-08-21 16:56:28,552 INFO tab 1/3 -> Legato
2025-08-21 16:56:28,572 INFO items in finish 'Legato': 5
2025-08-21 16:56:28,572 INFO range -> Board Decorative
2025-08-21 16:56:30,247 INFO row 1: sku=48947 title='MDF 182412 DS White Cement Legato MR E0 Film' stock=OK price=EMPTY qty_used=1 moq_min=1 step=1 time=1.67s
2025-08-21 16:56:31,821 INFO row 2: sku=49018 title='MDF 183112 DS White Cement Legato MR E0 Film' stock=OK price=EMPTY qty_used=1 moq_min=1 step=1 time=1.57s
2025-08-21 16:56:31,821 INFO range -> Edgetape Decorative
2025-08-21 16:56:33,699 INFO row 3: sku=48948 title='ABS 1mm x 21mm UG 100m White Cement Legato' stock=OK price=EMPTY qty_used=1 moq_min=1 step=1 time=1.88s
2025-08-21 16:56:34,761 INFO row 4: sku=48949 title='ABS 1mm x 21mm UG 20m White Cement Legato' stock=OK price=OK qty_used=1 moq_min=1 step=1 time=1.06s
2025-08-21 16:56:35,887 INFO row 5: sku=48973 title='ABS 1mm x 29mm UG 100m White Cement Legato' stock=OK price=OK qty_used=1 moq_min=1 step=1 time=1.13s
2025-08-21 16:56:35,920 INFO tab 2/3 -> Matt
2025-08-21 16:56:35,946 INFO items in finish 'Matt': 6
2025-08-21 16:56:35,946 INFO range -> Board Decorative
2025-08-21 16:56:37,065 INFO row 1: sku=51235 title='Particle 183618 DS White Cement Matt MR' stock=OK price=OK qty_used=1 moq_min=1 step=1 time=1.12s
2025-08-21 16:56:37,853 INFO row 2: sku=57064 title='LDF 253618 DS White Cement Matt STD E0' stock=OK price=OK qty_used=1 moq_min=1 step=1 time=0.79s
2025-08-21 16:56:39,424 INFO row 3: sku=57065 title='LDF 333618 DS White Cement Matt MR E0' stock=OK price=EMPTY qty_used=1 moq_min=1 step=1 time=1.57s
2025-08-21 16:56:39,425 INFO range -> Edgetape Decorative
2025-08-21 16:56:40,498 INFO row 4: sku=57066 title='ABS 1mm x 21mm UG 100m White Cement Matt' stock=OK price=OK qty_used=1 moq_min=1 step=1 time=1.07s
2025-08-21 16:56:41,549 INFO row 5: sku=57067 title='ABS 1mm x 29mm UG 100m White Cement Matt' stock=OK price=OK qty_used=1 moq_min=1 step=1 time=1.05s
2025-08-21 16:56:43,399 INFO row 6: sku=57068 title='ABS 1mm x 38mm UG 100m White Cement Matt' stock=OK price=EMPTY qty_used=1 moq_min=1 step=1 time=1.85s
2025-08-21 16:56:43,438 INFO tab 3/3 -> Smooth
2025-08-21 16:56:43,492 INFO items in finish 'Smooth': 14
2025-08-21 16:56:43,492 INFO range -> Board Decorative
2025-08-21 16:56:44,607 INFO row 1: sku=56696 title='MDF 183112 DS White Cement Smooth MR E0 Film Down' stock=OK price=OK qty_used=1 moq_min=1 step=1 time=1.11s
2025-08-21 16:56:45,370 INFO row 2: sku=56697 title='MDF 253112 DS White Cement Smooth MR E0 Film Down' stock=OK price=OK qty_used=1 moq_min=1 step=1 time=0.76s
2025-08-21 16:56:46,135 INFO row 3: sku=56698 title='MDF 323112 DS White Cement Smooth MR E0 Film Down' stock=OK price=OK qty_used=1 moq_min=1 step=1 time=0.76s
2025-08-21 16:56:46,136 INFO range -> Edgetape Decorative
2025-08-21 16:56:47,202 INFO row 4: sku=53971 title='ABS 1mm x 21mm UG 100m White Cement Smooth' stock=OK price=OK qty_used=1 moq_min=1 step=1 time=1.07s
2025-08-21 16:56:48,272 INFO row 5: sku=53935 title='ABS 1mm x 38mm UG 100m White Cement Smooth' stock=OK price=OK qty_used=1 moq_min=1 step=1 time=1.07s
2025-08-21 16:56:49,317 INFO row 6: sku=53972 title='ABS 1mm x 29mm UG 100m White Cement Smooth' stock=OK price=OK qty_used=1 moq_min=1 step=1 time=1.04s
2025-08-21 16:56:49,317 INFO range -> Laminate
2025-08-21 16:56:50,367 INFO row 7: sku=54673 title='Laminate White Cement Smooth 0.7mm 3650x1360' stock=OK price=OK qty_used=1 moq_min=1 step=1 time=1.05s
2025-08-21 16:56:52,238 INFO row 8: sku=54674 title='Laminate White Cement Smooth HL 0.7mm 3650x680' stock=OK price=EMPTY qty_used=1 moq_min=1 step=1 time=1.87s
2025-08-21 16:56:54,125 INFO row 9: sku=54676 title='Laminate White Cement Smooth Q 0.7mm 1825x680' stock=OK price=EMPTY qty_used=1 moq_min=1 step=1 time=1.89s
2025-08-21 16:56:55,205 INFO row 10: sku=54675 title='Laminate White Cement Smooth HS 0.7mm 1825x1360' stock=OK price=OK qty_used=1 moq_min=1 step=1 time=1.08s
2025-08-21 16:56:55,206 INFO range -> Compact
2025-08-21 16:56:55,972 INFO row 11: sku=51879 title='Compact Laminate White Cement Smooth BC 2730x1830 5mm' stock=OK price=OK qty_used=1 moq_min=1 step=1 time=0.77s
2025-08-21 16:56:56,739 INFO row 12: sku=50315 title='Compact Laminate White Cement Smooth BC 3660x1830 13mm' stock=OK price=OK qty_used=1 moq_min=1 step=1 time=0.77s
2025-08-21 16:56:56,739 INFO range -> Alfresco Doors
2025-08-21 16:57:01,211 INFO row 13: sku= title='5mm Compact Laminate Insert' stock=EMPTY price=EMPTY qty_used=1 moq_min=1 step=1 time=4.47s
2025-08-21 16:57:01,211 INFO range -> Solid Core
2025-08-21 16:57:01,991 INFO row 14: sku=51735 title='Xenolith White Cement Smooth Solid Core 3660x1830 15mm' stock=OK price=OK qty_used=1 moq_min=1 step=1 time=0.78s
2025-08-21 16:57:01,991 INFO run end rows=25
2025-08-21 16:57:01,991 INFO csv write: board_decorative.csv sku=48947 colour='White Cement'
2025-08-21 16:57:01,991 INFO csv write: board_decorative.csv sku=49018 colour='White Cement'
2025-08-21 16:57:01,992 INFO csv write: edgetape_decorative.csv sku=48948 colour='White Cement'
2025-08-21 16:57:01,992 INFO csv write: edgetape_decorative.csv sku=48949 colour='White Cement'
2025-08-21 16:57:01,992 INFO csv write: edgetape_decorative.csv sku=48973 colour='White Cement'
2025-08-21 16:57:01,992 INFO csv write: board_decorative.csv sku=51235 colour='White Cement'
2025-08-21 16:57:01,992 INFO csv write: board_decorative.csv sku=57064 colour='White Cement'
2025-08-21 16:57:01,993 INFO csv write: board_decorative.csv sku=57065 colour='White Cement'
2025-08-21 16:57:01,993 INFO csv write: edgetape_decorative.csv sku=57066 colour='White Cement'
2025-08-21 16:57:01,993 INFO csv write: edgetape_decorative.csv sku=57067 colour='White Cement'
2025-08-21 16:57:01,993 INFO csv write: edgetape_decorative.csv sku=57068 colour='White Cement'
2025-08-21 16:57:01,993 INFO csv write: board_decorative.csv sku=56696 colour='White Cement'
2025-08-21 16:57:01,994 INFO csv write: board_decorative.csv sku=56697 colour='White Cement'
2025-08-21 16:57:01,994 INFO csv write: board_decorative.csv sku=56698 colour='White Cement'
2025-08-21 16:57:01,994 INFO csv write: edgetape_decorative.csv sku=53971 colour='White Cement'
2025-08-21 16:57:01,994 INFO csv write: edgetape_decorative.csv sku=53935 colour='White Cement'
2025-08-21 16:57:01,994 INFO csv write: edgetape_decorative.csv sku=53972 colour='White Cement'
2025-08-21 16:57:01,995 INFO csv write: laminate.csv sku=54673 colour='White Cement'
2025-08-21 16:57:01,995 INFO csv write: laminate.csv sku=54674 colour='White Cement'
2025-08-21 16:57:01,995 INFO csv write: laminate.csv sku=54676 colour='White Cement'
2025-08-21 16:57:01,995 INFO csv write: laminate.csv sku=54675 colour='White Cement'
2025-08-21 16:57:01,996 INFO csv write: compact.csv sku=51879 colour='White Cement'
2025-08-21 16:57:01,996 INFO csv write: compact.csv sku=50315 colour='White Cement'
2025-08-21 16:57:01,996 INFO csv write: alfresco_doors.csv sku= colour='White Cement'
2025-08-21 16:57:01,996 INFO csv write: solid_core.csv sku=51735 colour='White Cement'
2025-08-21 16:57:01,996 INFO [68/240] Done White Cement, rows=25, ranges=['Alfresco Doors', 'Board Decorative', 'Compact', 'Edgetape Decorative', 'Laminate', 'Solid Core']
