2025-08-21 17:10:31,981 INFO [110/240] Processing White Cotton  https://www.polytec.com.au/colour/white-cotton/
2025-08-21 17:10:31,981 INFO run start colour=https://www.polytec.com.au/colour/white-cotton/
2025-08-21 17:10:32,282 INFO colour name: White Cotton
2025-08-21 17:10:32,286 INFO finish tabs: 1
2025-08-21 17:10:32,304 INFO tab 1/1 -> Matt
2025-08-21 17:10:32,340 INFO items in finish 'Matt': 8
2025-08-21 17:10:32,340 INFO range -> Board Decorative
2025-08-21 17:10:33,464 INFO row 1: sku=43707 title='MDF 162412 DS White Cotton Matt MR E0' stock=OK price=OK qty_used=1 moq_min=1 step=1 time=1.12s
2025-08-21 17:10:33,464 INFO range -> Edgetape Decorative
2025-08-21 17:10:34,519 INFO row 2: sku=43758 title='ABS 1mm x 22mm UG 100m White Cotton Matt' stock=OK price=OK qty_used=1 moq_min=1 step=1 time=1.05s
2025-08-21 17:10:35,550 INFO row 3: sku=43738 title='ABS 1mm x 22mm UG 20m White Cotton Matt' stock=OK price=OK qty_used=1 moq_min=1 step=1 time=1.03s
2025-08-21 17:10:36,568 INFO row 4: sku=51698 title='ABS 1mm x 29mm UG 100m White Cotton Matt' stock=OK price=OK qty_used=1 moq_min=1 step=1 time=1.02s
2025-08-21 17:10:36,569 INFO range -> Laminate
2025-08-21 17:10:37,605 INFO row 5: sku=33559 title='Laminate White Cotton Matt 0.7mm 3650x1360' stock=OK price=OK qty_used=1 moq_min=1 step=1 time=1.04s
2025-08-21 17:10:38,636 INFO row 6: sku=33560 title='Laminate White Cotton Matt HL 0.7mm 3650x680' stock=OK price=OK qty_used=1 moq_min=1 step=1 time=1.03s
2025-08-21 17:10:39,664 INFO row 7: sku=33562 title='Laminate White Cotton Matt Q 0.7mm 1830x680' stock=OK price=OK qty_used=1 moq_min=1 step=1 time=1.03s
2025-08-21 17:10:40,697 INFO row 8: sku=33561 title='Laminate White Cotton Matt HS 0.7mm 1830x1360' stock=OK price=OK qty_used=1 moq_min=1 step=1 time=1.03s
2025-08-21 17:10:40,698 INFO run end rows=8
2025-08-21 17:10:40,698 INFO csv write: board_decorative.csv sku=43707 colour='White Cotton'
2025-08-21 17:10:40,698 INFO csv write: edgetape_decorative.csv sku=43758 colour='White Cotton'
2025-08-21 17:10:40,698 INFO csv write: edgetape_decorative.csv sku=43738 colour='White Cotton'
2025-08-21 17:10:40,699 INFO csv write: edgetape_decorative.csv sku=51698 colour='White Cotton'
2025-08-21 17:10:40,699 INFO csv write: laminate.csv sku=33559 colour='White Cotton'
2025-08-21 17:10:40,699 INFO csv write: laminate.csv sku=33560 colour='White Cotton'
2025-08-21 17:10:40,699 INFO csv write: laminate.csv sku=33562 colour='White Cotton'
2025-08-21 17:10:40,699 INFO csv write: laminate.csv sku=33561 colour='White Cotton'
2025-08-21 17:10:40,700 INFO [110/240] Done White Cotton, rows=8, ranges=['Board Decorative', 'Edgetape Decorative', 'Laminate']
